-- The C compiler identification is GNU 11.3.0
-- The CXX compiler identification is GNU 11.3.0
-- Detecting C compiler ABI info
-- Detecting C compiler ABI info - done
-- Check for working C compiler: /usr/bin/cc - skipped
-- Detecting C compile features
-- Detecting C compile features - done
-- Detecting CXX compiler ABI info
-- Detecting CXX compiler ABI info - done
-- Check for working CXX compiler: /usr/bin/c++ - skipped
-- Detecting CXX compile features
-- Detecting CXX compile features - done
-- Found ament_cmake: 1.3.3 (/opt/ros/humble/share/ament_cmake/cmake)
-- Found Python3: /usr/bin/python3.10 (found version "3.10.6") found components: Interpreter 
-- Found ament_lint_auto: 0.12.4 (/opt/ros/humble/share/ament_lint_auto/cmake)
-- Added test 'cppcheck' to perform static code analysis on C / C++ code
-- Configured cppcheck include dirs: /home/p3zz/Documents/uni/robot-planning-project/utils/include
-- Configured cppcheck exclude dirs and/or files: 
-- Added test 'lint_cmake' to check CMake code style
-- Added test 'uncrustify' to check C / C++ code style
-- Configured uncrustify additional arguments: 
-- Added test 'xmllint' to check XML markup files
-- Configuring done
-- Generating done
-- Build files have been written to: /home/p3zz/Documents/uni/robot-planning-project/build/utils
[ 50%] [32mBuilding CXX object CMakeFiles/utils.dir/src/utils.cpp.o[0m
[100%] [32m[1mLinking CXX static library libutils.a[0m
[100%] Built target utils
-- Install configuration: ""
-- Installing: /home/p3zz/Documents/uni/robot-planning-project/install/utils/share/utils/environment/library_path.sh
-- Installing: /home/p3zz/Documents/uni/robot-planning-project/install/utils/share/utils/environment/library_path.dsv
-- Installing: /home/p3zz/Documents/uni/robot-planning-project/install/utils/include/utils
-- Installing: /home/p3zz/Documents/uni/robot-planning-project/install/utils/include/utils/utils.h
-- Installing: /home/p3zz/Documents/uni/robot-planning-project/install/utils/lib/libutils.a
-- Installing: /home/p3zz/Documents/uni/robot-planning-project/install/utils/share/ament_index/resource_index/package_run_dependencies/utils
-- Installing: /home/p3zz/Documents/uni/robot-planning-project/install/utils/share/ament_index/resource_index/parent_prefix_path/utils
-- Installing: /home/p3zz/Documents/uni/robot-planning-project/install/utils/share/utils/environment/ament_prefix_path.sh
-- Installing: /home/p3zz/Documents/uni/robot-planning-project/install/utils/share/utils/environment/ament_prefix_path.dsv
-- Installing: /home/p3zz/Documents/uni/robot-planning-project/install/utils/share/utils/environment/path.sh
-- Installing: /home/p3zz/Documents/uni/robot-planning-project/install/utils/share/utils/environment/path.dsv
-- Installing: /home/p3zz/Documents/uni/robot-planning-project/install/utils/share/utils/local_setup.bash
-- Installing: /home/p3zz/Documents/uni/robot-planning-project/install/utils/share/utils/local_setup.sh
-- Installing: /home/p3zz/Documents/uni/robot-planning-project/install/utils/share/utils/local_setup.zsh
-- Installing: /home/p3zz/Documents/uni/robot-planning-project/install/utils/share/utils/local_setup.dsv
-- Installing: /home/p3zz/Documents/uni/robot-planning-project/install/utils/share/utils/package.dsv
-- Installing: /home/p3zz/Documents/uni/robot-planning-project/install/utils/share/ament_index/resource_index/packages/utils
-- Installing: /home/p3zz/Documents/uni/robot-planning-project/install/utils/share/utils/cmake/utilsExport.cmake
-- Installing: /home/p3zz/Documents/uni/robot-planning-project/install/utils/share/utils/cmake/utilsExport-noconfig.cmake
-- Installing: /home/p3zz/Documents/uni/robot-planning-project/install/utils/share/utils/cmake/ament_cmake_export_targets-extras.cmake
-- Installing: /home/p3zz/Documents/uni/robot-planning-project/install/utils/share/utils/cmake/utilsConfig.cmake
-- Installing: /home/p3zz/Documents/uni/robot-planning-project/install/utils/share/utils/cmake/utilsConfig-version.cmake
-- Installing: /home/p3zz/Documents/uni/robot-planning-project/install/utils/share/utils/package.xml
