[0.057s] Invoking command in '/home/p3zz/Documents/uni/robot-planning-project/build/cpp_pubsub': CMAKE_PREFIX_PATH=/opt/ros/humble /usr/bin/cmake /home/p3zz/Documents/uni/robot-planning-project/cpp_pubsub -DCMAKE_INSTALL_PREFIX=/home/p3zz/Documents/uni/robot-planning-project/install/cpp_pubsub
[0.079s] -- Found ament_cmake: 1.3.3 (/opt/ros/humble/share/ament_cmake/cmake)
[0.438s] -- Found Python3: /usr/bin/python3.10 (found version "3.10.6") found components: Interpreter 
[0.717s] -- Found rclcpp: 16.0.2 (/opt/ros/humble/share/rclcpp/cmake)
[0.801s] -- Found rosidl_generator_c: 3.1.4 (/opt/ros/humble/share/rosidl_generator_c/cmake)
[0.808s] -- Found rosidl_adapter: 3.1.4 (/opt/ros/humble/share/rosidl_adapter/cmake)
[0.822s] -- Found rosidl_generator_cpp: 3.1.4 (/opt/ros/humble/share/rosidl_generator_cpp/cmake)
[0.848s] -- Using all available rosidl_typesupport_c: rosidl_typesupport_fastrtps_c;rosidl_typesupport_introspection_c
[0.899s] -- Using all available rosidl_typesupport_cpp: rosidl_typesupport_fastrtps_cpp;rosidl_typesupport_introspection_cpp
[1.053s] -- Found rmw_implementation_cmake: 6.1.1 (/opt/ros/humble/share/rmw_implementation_cmake/cmake)
[1.059s] -- Found rmw_fastrtps_cpp: 6.2.2 (/opt/ros/humble/share/rmw_fastrtps_cpp/cmake)
[1.188s] -- Found OpenSSL: /usr/lib/x86_64-linux-gnu/libcrypto.so (found version "3.0.2")  
[1.222s] -- Found FastRTPS: /opt/ros/humble/include  
[1.280s] -- Using RMW implementation 'rmw_fastrtps_cpp' as default
[1.295s] -- Looking for pthread.h
[1.374s] -- Looking for pthread.h - found
[1.374s] -- Performing Test CMAKE_HAVE_LIBC_PTHREAD
[1.518s] -- Performing Test CMAKE_HAVE_LIBC_PTHREAD - Success
[1.521s] -- Found Threads: TRUE  
[1.894s] -- Found nav_msgs: 4.2.2 (/opt/ros/humble/share/nav_msgs/cmake)
[2.166s] [31mCMake Error at CMakeLists.txt:14 (find_package):
[2.166s]   By not providing "Finddubins.cmake" in CMAKE_MODULE_PATH this project has
[2.166s]   asked CMake to find a package configuration file provided by "dubins", but
[2.167s]   CMake did not find one.
[2.167s] 
[2.167s]   Could not find a package configuration file provided by "dubins" with any
[2.167s]   of the following names:
[2.167s] 
[2.167s]     dubinsConfig.cmake
[2.167s]     dubins-config.cmake
[2.167s] 
[2.168s]   Add the installation prefix of "dubins" to CMAKE_PREFIX_PATH or set
[2.168s]   "dubins_DIR" to a directory containing one of the above files.  If "dubins"
[2.168s]   provides a separate development package or SDK, be sure it has been
[2.168s]   installed.
[2.168s] 
[2.168s] [0m
[2.168s] -- Configuring incomplete, errors occurred!
[2.168s] See also "/home/p3zz/Documents/uni/robot-planning-project/build/cpp_pubsub/CMakeFiles/CMakeOutput.log".
