[0.043s] Invoking command in '/root/ros2_ws/src/robot-planning-project/build/dubins': CMAKE_PREFIX_PATH=${CMAKE_PREFIX_PATH}:/opt/ros/humble /usr/bin/cmake /root/ros2_ws/src/robot-planning-project/dubins -DCMAKE_INSTALL_PREFIX=/root/ros2_ws/src/robot-planning-project/install/dubins
[0.193s] -- The C compiler identification is GNU 11.3.0
[0.268s] -- The CXX compiler identification is GNU 11.3.0
[0.282s] -- Detecting C compiler ABI info
[0.407s] -- Detecting C compiler ABI info - done
[0.431s] -- Check for working C compiler: /usr/bin/cc - skipped
[0.432s] -- Detecting C compile features
[0.432s] -- Detecting C compile features - done
[0.440s] -- Detecting CXX compiler ABI info
[0.579s] -- Detecting CXX compiler ABI info - done
[0.597s] -- Check for working CXX compiler: /usr/bin/c++ - skipped
[0.598s] -- Detecting CXX compile features
[0.598s] -- Detecting CXX compile features - done
[0.603s] -- Found ament_cmake: 1.3.3 (/opt/ros/humble/share/ament_cmake/cmake)
[0.873s] -- Found Python3: /usr/bin/python3.10 (found version "3.10.6") found components: Interpreter 
[1.163s] -- Found utils: 0.0.0 (/root/ros2_ws/install/utils/share/utils/cmake)
[1.181s] -- Found ament_lint_auto: 0.12.4 (/opt/ros/humble/share/ament_lint_auto/cmake)
[1.410s] -- Added test 'cppcheck' to perform static code analysis on C / C++ code
[1.410s] -- Configured cppcheck include dirs: /root/ros2_ws/src/robot-planning-project/dubins/include
[1.410s] -- Configured cppcheck exclude dirs and/or files: 
[1.413s] -- Added test 'lint_cmake' to check CMake code style
[1.420s] -- Added test 'uncrustify' to check C / C++ code style
[1.421s] -- Configured uncrustify additional arguments: 
[1.423s] -- Added test 'xmllint' to check XML markup files
[1.429s] -- Configuring done
[1.446s] -- Generating done
[1.454s] -- Build files have been written to: /root/ros2_ws/src/robot-planning-project/build/dubins
[1.475s] Invoked command in '/root/ros2_ws/src/robot-planning-project/build/dubins' returned '0': CMAKE_PREFIX_PATH=${CMAKE_PREFIX_PATH}:/opt/ros/humble /usr/bin/cmake /root/ros2_ws/src/robot-planning-project/dubins -DCMAKE_INSTALL_PREFIX=/root/ros2_ws/src/robot-planning-project/install/dubins
[1.477s] Invoking command in '/root/ros2_ws/src/robot-planning-project/build/dubins': CMAKE_PREFIX_PATH=${CMAKE_PREFIX_PATH}:/opt/ros/humble /usr/bin/cmake --build /root/ros2_ws/src/robot-planning-project/build/dubins -- -j6 -l6
[1.591s] [ 50%] [32mBuilding CXX object CMakeFiles/dubins.dir/src/dubins.cpp.o[0m
[3.160s] gmake[2]: *** [CMakeFiles/dubins.dir/build.make:76: CMakeFiles/dubins.dir/src/dubins.cpp.o] Interrupt
[3.202s] gmake[1]: *** [CMakeFiles/Makefile2:137: CMakeFiles/dubins.dir/all] Interrupt
[3.203s] gmake: *** [Makefile:146: all] Interrupt
[3.263s] Invoked command in '/root/ros2_ws/src/robot-planning-project/build/dubins' returned '-2': CMAKE_PREFIX_PATH=${CMAKE_PREFIX_PATH}:/opt/ros/humble /usr/bin/cmake --build /root/ros2_ws/src/robot-planning-project/build/dubins -- -j6 -l6
