[0.030s] Invoking command in '/home/p3zz/Documents/uni/robot-planning-project/build/cpp_pubsub': /usr/bin/cmake /home/p3zz/Documents/uni/robot-planning-project/cpp_pubsub -DCMAKE_INSTALL_PREFIX=/home/p3zz/Documents/uni/robot-planning-project/install/cpp_pubsub
[0.227s] -- The C compiler identification is GNU 11.3.0
[0.412s] -- The CXX compiler identification is GNU 11.3.0
[0.433s] -- Detecting C compiler ABI info
[0.595s] -- Detecting C compiler ABI info - done
[0.616s] -- Check for working C compiler: /usr/bin/cc - skipped
[0.616s] -- Detecting C compile features
[0.617s] -- Detecting C compile features - done
[0.630s] -- Detecting CXX compiler ABI info
[0.809s] -- Detecting CXX compiler ABI info - done
[0.832s] -- Check for working CXX compiler: /usr/bin/c++ - skipped
[0.833s] -- Detecting CXX compile features
[0.833s] -- Detecting CXX compile features - done
[0.902s] [31mCMake Error at CMakeLists.txt:9 (find_package):
[0.904s]   By not providing "Findament_cmake.cmake" in CMAKE_MODULE_PATH this project
[0.904s]   has asked CMake to find a package configuration file provided by
[0.904s]   "ament_cmake", but CMake did not find one.
[0.904s] 
[0.904s]   Could not find a package configuration file provided by "ament_cmake" with
[0.904s]   any of the following names:
[0.905s] 
[0.905s]     ament_cmakeConfig.cmake
[0.905s]     ament_cmake-config.cmake
[0.905s] 
[0.907s]   Add the installation prefix of "ament_cmake" to CMAKE_PREFIX_PATH or set
[0.907s]   "ament_cmake_DIR" to a directory containing one of the above files.  If
[0.907s]   "ament_cmake" provides a separate development package or SDK, be sure it
[0.908s]   has been installed.
[0.908s] 
[0.908s] [0m
[0.908s] -- Configuring incomplete, errors occurred!
[0.909s] See also "/home/p3zz/Documents/uni/robot-planning-project/build/cpp_pubsub/CMakeFiles/CMakeOutput.log".
[0.933s] Invoked command in '/home/p3zz/Documents/uni/robot-planning-project/build/cpp_pubsub' returned '1': /usr/bin/cmake /home/p3zz/Documents/uni/robot-planning-project/cpp_pubsub -DCMAKE_INSTALL_PREFIX=/home/p3zz/Documents/uni/robot-planning-project/install/cpp_pubsub
