[0.046s] Invoking command in '/home/p3zz/Documents/uni/robot-planning-project/build/map': CMAKE_PREFIX_PATH=/opt/ros/humble /usr/bin/cmake /home/p3zz/Documents/uni/robot-planning-project/map -DCMAKE_INSTALL_PREFIX=/home/p3zz/Documents/uni/robot-planning-project/install/map
[0.084s] -- Found ament_cmake: 1.3.3 (/opt/ros/humble/share/ament_cmake/cmake)
[0.474s] [31mCMake Error at CMakeLists.txt:9 (find_package):
[0.474s]   By not providing "Findutils.cmake" in CMAKE_MODULE_PATH this project has
[0.475s]   asked CMake to find a package configuration file provided by "utils", but
[0.475s]   CMake did not find one.
[0.475s] 
[0.475s]   Could not find a package configuration file provided by "utils" with any of
[0.475s]   the following names:
[0.476s] 
[0.476s]     utilsConfig.cmake
[0.476s]     utils-config.cmake
[0.476s] 
[0.476s]   Add the installation prefix of "utils" to CMAKE_PREFIX_PATH or set
[0.476s]   "utils_DIR" to a directory containing one of the above files.  If "utils"
[0.477s]   provides a separate development package or SDK, be sure it has been
[0.477s]   installed.
[0.477s] 
[0.477s] [0m
[0.477s] -- Configuring incomplete, errors occurred!
[0.477s] See also "/home/p3zz/Documents/uni/robot-planning-project/build/map/CMakeFiles/CMakeOutput.log".
