[0.029s] Invoking command in '/home/p3zz/Documents/uni/robot-planning-project/build/shapes': /usr/bin/cmake /home/p3zz/Documents/uni/robot-planning-project/shapes -DCMAKE_INSTALL_PREFIX=/home/p3zz/Documents/uni/robot-planning-project/install/shapes
[0.229s] -- The C compiler identification is GNU 11.3.0
[0.414s] -- The CXX compiler identification is GNU 11.3.0
[0.436s] -- Detecting C compiler ABI info
[0.580s] -- Detecting C compiler ABI info - done
[0.603s] -- Check for working C compiler: /usr/bin/cc - skipped
[0.617s] -- Detecting C compile features
[0.617s] -- Detecting C compile features - done
[0.619s] -- Detecting CXX compiler ABI info
[0.793s] -- Detecting CXX compiler ABI info - done
[0.825s] -- Check for working CXX compiler: /usr/bin/c++ - skipped
[0.826s] -- Detecting CXX compile features
[0.827s] -- Detecting CXX compile features - done
[0.881s] [31mCMake Error at CMakeLists.txt:9 (find_package):
[0.881s]   By not providing "Findament_cmake.cmake" in CMAKE_MODULE_PATH this project
[0.881s]   has asked CMake to find a package configuration file provided by
[0.881s]   "ament_cmake", but CMake did not find one.
[0.881s] 
[0.882s]   Could not find a package configuration file provided by "ament_cmake" with
[0.882s]   any of the following names:
[0.883s] 
[0.883s]     ament_cmakeConfig.cmake
[0.884s]     ament_cmake-config.cmake
[0.884s] 
[0.884s]   Add the installation prefix of "ament_cmake" to CMAKE_PREFIX_PATH or set
[0.884s]   "ament_cmake_DIR" to a directory containing one of the above files.  If
[0.884s]   "ament_cmake" provides a separate development package or SDK, be sure it
[0.885s]   has been installed.
[0.885s] 
[0.885s] [0m
[0.893s] -- Configuring incomplete, errors occurred!
[0.893s] See also "/home/p3zz/Documents/uni/robot-planning-project/build/shapes/CMakeFiles/CMakeOutput.log".
[0.936s] Invoked command in '/home/p3zz/Documents/uni/robot-planning-project/build/shapes' returned '1': /usr/bin/cmake /home/p3zz/Documents/uni/robot-planning-project/shapes -DCMAKE_INSTALL_PREFIX=/home/p3zz/Documents/uni/robot-planning-project/install/shapes
