[0.064s] Invoking command in '/home/p3zz/Documents/uni/robot-planning-project/build/custom_msgs': CMAKE_PREFIX_PATH=/opt/ros/humble /usr/bin/cmake --build /home/p3zz/Documents/uni/robot-planning-project/build/custom_msgs -- -j8 -l8
[0.154s] [  1%] [34m[1mGenerating C code for ROS interfaces[0m
[0.173s] [  3%] [34m[1mGenerating C++ code for ROS interfaces[0m
[0.233s] [  3%] Built target ament_cmake_python_copy_custom_msgs
[0.771s] running egg_info
[0.772s] creating custom_msgs.egg-info
[0.773s] writing custom_msgs.egg-info/PKG-INFO
[0.773s] writing dependency_links to custom_msgs.egg-info/dependency_links.txt
[0.773s] writing top-level names to custom_msgs.egg-info/top_level.txt
[0.774s] writing manifest file 'custom_msgs.egg-info/SOURCES.txt'
[0.777s] reading manifest file 'custom_msgs.egg-info/SOURCES.txt'
[0.778s] writing manifest file 'custom_msgs.egg-info/SOURCES.txt'
[0.811s] [  3%] Built target ament_cmake_python_build_custom_msgs_egg
[1.133s] [  5%] [32mBuilding C object CMakeFiles/custom_msgs__rosidl_generator_c.dir/rosidl_generator_c/custom_msgs/msg/detail/edges__functions.c.o[0m
[1.136s] [  7%] [32mBuilding C object CMakeFiles/custom_msgs__rosidl_generator_c.dir/rosidl_generator_c/custom_msgs/msg/detail/obstacle_msg__functions.c.o[0m
[1.137s] [ 10%] [32mBuilding C object CMakeFiles/custom_msgs__rosidl_generator_c.dir/rosidl_generator_c/custom_msgs/msg/detail/geometry_graph__functions.c.o[0m
[1.138s] [  9%] [32mBuilding C object CMakeFiles/custom_msgs__rosidl_generator_c.dir/rosidl_generator_c/custom_msgs/msg/detail/obstacle_array_msg__functions.c.o[0m
[1.227s] [ 10%] Built target custom_msgs__cpp
[1.242s] [ 12%] [34m[1mGenerating C++ introspection for ROS interfaces[0m
[1.243s] [ 14%] [34m[1mGenerating C++ type support dispatch for ROS interfaces[0m
[1.243s] [ 16%] [34m[1mGenerating C++ type support for eProsima Fast-RTPS[0m
[1.256s] [ 18%] [32m[1mLinking C shared library libcustom_msgs__rosidl_generator_c.so[0m
[1.325s] [ 18%] Built target custom_msgs__rosidl_generator_c
[1.342s] [ 20%] [34m[1mGenerating C type support dispatch for ROS interfaces[0m
[1.345s] [ 21%] [34m[1mGenerating C type support for eProsima Fast-RTPS[0m
[1.345s] [ 23%] [34m[1mGenerating C introspection for ROS interfaces[0m
[1.938s] [ 25%] [32mBuilding CXX object CMakeFiles/custom_msgs__rosidl_typesupport_cpp.dir/rosidl_typesupport_cpp/custom_msgs/msg/obstacle_msg__type_support.cpp.o[0m
[1.947s] [ 27%] [32mBuilding CXX object CMakeFiles/custom_msgs__rosidl_typesupport_cpp.dir/rosidl_typesupport_cpp/custom_msgs/msg/obstacle_array_msg__type_support.cpp.o[0m
[1.960s] [ 29%] [32mBuilding CXX object CMakeFiles/custom_msgs__rosidl_typesupport_cpp.dir/rosidl_typesupport_cpp/custom_msgs/msg/edges__type_support.cpp.o[0m
[1.970s] [ 30%] [32mBuilding CXX object CMakeFiles/custom_msgs__rosidl_typesupport_c.dir/rosidl_typesupport_c/custom_msgs/msg/obstacle_msg__type_support.cpp.o[0m
[2.037s] [ 32%] [32mBuilding CXX object CMakeFiles/custom_msgs__rosidl_typesupport_c.dir/rosidl_typesupport_c/custom_msgs/msg/obstacle_array_msg__type_support.cpp.o[0m
[2.089s] [ 34%] [32mBuilding CXX object CMakeFiles/custom_msgs__rosidl_typesupport_c.dir/rosidl_typesupport_c/custom_msgs/msg/edges__type_support.cpp.o[0m
[2.092s] [ 36%] [32mBuilding CXX object CMakeFiles/custom_msgs__rosidl_typesupport_introspection_cpp.dir/rosidl_typesupport_introspection_cpp/custom_msgs/msg/detail/obstacle_msg__type_support.cpp.o[0m
[2.120s] [ 38%] [32mBuilding CXX object CMakeFiles/custom_msgs__rosidl_typesupport_fastrtps_cpp.dir/rosidl_typesupport_fastrtps_cpp/custom_msgs/msg/detail/dds_fastrtps/obstacle_msg__type_support.cpp.o[0m
[2.193s] [ 40%] [32mBuilding C object CMakeFiles/custom_msgs__rosidl_typesupport_introspection_c.dir/rosidl_typesupport_introspection_c/custom_msgs/msg/detail/obstacle_msg__type_support.c.o[0m
[2.212s] [ 41%] [32mBuilding CXX object CMakeFiles/custom_msgs__rosidl_typesupport_c.dir/rosidl_typesupport_c/custom_msgs/msg/geometry_graph__type_support.cpp.o[0m
[2.288s] [ 43%] [32mBuilding CXX object CMakeFiles/custom_msgs__rosidl_typesupport_fastrtps_c.dir/rosidl_typesupport_fastrtps_c/custom_msgs/msg/detail/obstacle_msg__type_support_c.cpp.o[0m
[2.294s] [ 45%] [32m[1mLinking CXX shared library libcustom_msgs__rosidl_typesupport_c.so[0m
[2.426s] [ 47%] [32mBuilding CXX object CMakeFiles/custom_msgs__rosidl_typesupport_cpp.dir/rosidl_typesupport_cpp/custom_msgs/msg/geometry_graph__type_support.cpp.o[0m
[2.447s] [ 49%] [32mBuilding C object CMakeFiles/custom_msgs__rosidl_typesupport_introspection_c.dir/rosidl_typesupport_introspection_c/custom_msgs/msg/detail/obstacle_array_msg__type_support.c.o[0m
[2.451s] [ 49%] Built target custom_msgs__rosidl_typesupport_c
[2.464s] [ 50%] [32mBuilding CXX object CMakeFiles/custom_msgs__rosidl_typesupport_fastrtps_c.dir/rosidl_typesupport_fastrtps_c/custom_msgs/msg/detail/obstacle_array_msg__type_support_c.cpp.o[0m
[2.484s] [ 52%] [32mBuilding CXX object CMakeFiles/custom_msgs__rosidl_typesupport_fastrtps_c.dir/rosidl_typesupport_fastrtps_c/custom_msgs/msg/detail/edges__type_support_c.cpp.o[0m
[2.510s] [ 54%] [32mBuilding CXX object CMakeFiles/custom_msgs__rosidl_typesupport_fastrtps_cpp.dir/rosidl_typesupport_fastrtps_cpp/custom_msgs/msg/detail/dds_fastrtps/obstacle_array_msg__type_support.cpp.o[0m
[2.512s] [ 56%] [32mBuilding C object CMakeFiles/custom_msgs__rosidl_typesupport_introspection_c.dir/rosidl_typesupport_introspection_c/custom_msgs/msg/detail/edges__type_support.c.o[0m
[2.654s] [ 58%] [32mBuilding C object CMakeFiles/custom_msgs__rosidl_typesupport_introspection_c.dir/rosidl_typesupport_introspection_c/custom_msgs/msg/detail/geometry_graph__type_support.c.o[0m
[2.783s] [ 60%] [32m[1mLinking C shared library libcustom_msgs__rosidl_typesupport_introspection_c.so[0m
[2.881s] [ 60%] Built target custom_msgs__rosidl_typesupport_introspection_c
[2.912s] [ 61%] [32mBuilding CXX object CMakeFiles/custom_msgs__rosidl_typesupport_introspection_cpp.dir/rosidl_typesupport_introspection_cpp/custom_msgs/msg/detail/obstacle_array_msg__type_support.cpp.o[0m
[2.986s] [ 63%] [32mBuilding CXX object CMakeFiles/custom_msgs__rosidl_typesupport_fastrtps_c.dir/rosidl_typesupport_fastrtps_c/custom_msgs/msg/detail/geometry_graph__type_support_c.cpp.o[0m
[3.056s] [ 65%] [32mBuilding CXX object CMakeFiles/custom_msgs__rosidl_typesupport_introspection_cpp.dir/rosidl_typesupport_introspection_cpp/custom_msgs/msg/detail/edges__type_support.cpp.o[0m
[3.075s] [ 67%] [32mBuilding CXX object CMakeFiles/custom_msgs__rosidl_typesupport_fastrtps_cpp.dir/rosidl_typesupport_fastrtps_cpp/custom_msgs/msg/detail/dds_fastrtps/edges__type_support.cpp.o[0m
[3.078s] [ 69%] [32m[1mLinking CXX shared library libcustom_msgs__rosidl_typesupport_cpp.so[0m
[3.181s] [ 69%] Built target custom_msgs__rosidl_typesupport_cpp
[3.194s] [ 70%] [32mBuilding CXX object CMakeFiles/custom_msgs__rosidl_typesupport_fastrtps_cpp.dir/rosidl_typesupport_fastrtps_cpp/custom_msgs/msg/detail/dds_fastrtps/geometry_graph__type_support.cpp.o[0m
[3.247s] [ 72%] [32mBuilding CXX object CMakeFiles/custom_msgs__rosidl_typesupport_introspection_cpp.dir/rosidl_typesupport_introspection_cpp/custom_msgs/msg/detail/geometry_graph__type_support.cpp.o[0m
[3.617s] [ 74%] [32m[1mLinking CXX shared library libcustom_msgs__rosidl_typesupport_fastrtps_c.so[0m
[3.780s] [ 74%] Built target custom_msgs__rosidl_typesupport_fastrtps_c
[4.048s] [ 76%] [32m[1mLinking CXX shared library libcustom_msgs__rosidl_typesupport_fastrtps_cpp.so[0m
[4.082s] [ 78%] [32m[1mLinking CXX shared library libcustom_msgs__rosidl_typesupport_introspection_cpp.so[0m
[4.165s] [ 78%] Built target custom_msgs__rosidl_typesupport_fastrtps_cpp
[4.205s] [ 78%] Built target custom_msgs__rosidl_typesupport_introspection_cpp
[4.227s] [ 78%] Built target custom_msgs
[4.253s] [ 80%] [34m[1mGenerating Python code for ROS interfaces[0m
[5.001s] [ 80%] Built target custom_msgs__py
[5.024s] [ 81%] [32mBuilding C object CMakeFiles/custom_msgs__rosidl_generator_py.dir/rosidl_generator_py/custom_msgs/msg/_obstacle_msg_s.c.o[0m
[5.024s] [ 83%] [32mBuilding C object CMakeFiles/custom_msgs__rosidl_generator_py.dir/rosidl_generator_py/custom_msgs/msg/_geometry_graph_s.c.o[0m
[5.024s] [ 85%] [32mBuilding C object CMakeFiles/custom_msgs__rosidl_generator_py.dir/rosidl_generator_py/custom_msgs/msg/_obstacle_array_msg_s.c.o[0m
[5.024s] [ 87%] [32mBuilding C object CMakeFiles/custom_msgs__rosidl_generator_py.dir/rosidl_generator_py/custom_msgs/msg/_edges_s.c.o[0m
[5.176s] [ 89%] [32m[1mLinking C shared library rosidl_generator_py/custom_msgs/libcustom_msgs__rosidl_generator_py.so[0m
[5.226s] [ 89%] Built target custom_msgs__rosidl_generator_py
[5.248s] [ 92%] [32mBuilding C object CMakeFiles/custom_msgs__rosidl_typesupport_introspection_c__pyext.dir/rosidl_generator_py/custom_msgs/_custom_msgs_s.ep.rosidl_typesupport_introspection_c.c.o[0m
[5.248s] [ 92%] [32mBuilding C object CMakeFiles/custom_msgs__rosidl_typesupport_fastrtps_c__pyext.dir/rosidl_generator_py/custom_msgs/_custom_msgs_s.ep.rosidl_typesupport_fastrtps_c.c.o[0m
[5.249s] [ 94%] [32mBuilding C object CMakeFiles/custom_msgs__rosidl_typesupport_c__pyext.dir/rosidl_generator_py/custom_msgs/_custom_msgs_s.ep.rosidl_typesupport_c.c.o[0m
[5.391s] [ 96%] [32m[1mLinking C shared library rosidl_generator_py/custom_msgs/custom_msgs_s__rosidl_typesupport_c.cpython-310-x86_64-linux-gnu.so[0m
[5.394s] [ 98%] [32m[1mLinking C shared library rosidl_generator_py/custom_msgs/custom_msgs_s__rosidl_typesupport_fastrtps_c.cpython-310-x86_64-linux-gnu.so[0m
[5.402s] [100%] [32m[1mLinking C shared library rosidl_generator_py/custom_msgs/custom_msgs_s__rosidl_typesupport_introspection_c.cpython-310-x86_64-linux-gnu.so[0m
[5.437s] [100%] Built target custom_msgs__rosidl_typesupport_fastrtps_c__pyext
[5.437s] [100%] Built target custom_msgs__rosidl_typesupport_c__pyext
[5.451s] [100%] Built target custom_msgs__rosidl_typesupport_introspection_c__pyext
