[0.046s] Invoking command in '/home/p3zz/Documents/uni/robot-planning-project/build/dubins': CMAKE_PREFIX_PATH=/opt/ros/humble /usr/bin/cmake /home/p3zz/Documents/uni/robot-planning-project/dubins -DCMAKE_INSTALL_PREFIX=/home/p3zz/Documents/uni/robot-planning-project/install/dubins
[0.069s] -- Found ament_cmake: 1.3.3 (/opt/ros/humble/share/ament_cmake/cmake)
[0.418s] -- Configuring incomplete, errors occurred!
[0.418s] See also "/home/p3zz/Documents/uni/robot-planning-project/build/dubins/CMakeFiles/CMakeOutput.log".
[0.420s] [31mCMake Error at CMakeLists.txt:9 (find_package):
[0.421s]   By not providing "Findutils.cmake" in CMAKE_MODULE_PATH this project has
[0.421s]   asked CMake to find a package configuration file provided by "utils", but
[0.421s]   CMake did not find one.
[0.421s] 
[0.421s]   Could not find a package configuration file provided by "utils" with any of
[0.422s]   the following names:
[0.422s] 
[0.422s]     utilsConfig.cmake
[0.422s]     utils-config.cmake
[0.422s] 
[0.422s]   Add the installation prefix of "utils" to CMAKE_PREFIX_PATH or set
[0.423s]   "utils_DIR" to a directory containing one of the above files.  If "utils"
[0.423s]   provides a separate development package or SDK, be sure it has been
[0.423s]   installed.
[0.424s] 
[0.431s] [0m
