[0.056s] Invoking command in '/home/p3zz/Documents/uni/robot-planning-project/build/cpp_pubsub': CMAKE_PREFIX_PATH=/opt/ros/humble /usr/bin/cmake /home/p3zz/Documents/uni/robot-planning-project/cpp_pubsub -DCMAKE_INSTALL_PREFIX=/home/p3zz/Documents/uni/robot-planning-project/install/cpp_pubsub
[0.100s] -- Found ament_cmake: 1.3.3 (/opt/ros/humble/share/ament_cmake/cmake)
[0.368s] -- Found rclcpp: 16.0.2 (/opt/ros/humble/share/rclcpp/cmake)
[0.509s] -- Found rosidl_generator_c: 3.1.4 (/opt/ros/humble/share/rosidl_generator_c/cmake)
[0.516s] -- Found rosidl_adapter: 3.1.4 (/opt/ros/humble/share/rosidl_adapter/cmake)
[0.529s] -- Found rosidl_generator_cpp: 3.1.4 (/opt/ros/humble/share/rosidl_generator_cpp/cmake)
[0.558s] -- Using all available rosidl_typesupport_c: rosidl_typesupport_fastrtps_c;rosidl_typesupport_introspection_c
[0.594s] -- Using all available rosidl_typesupport_cpp: rosidl_typesupport_fastrtps_cpp;rosidl_typesupport_introspection_cpp
[0.726s] -- Found rmw_implementation_cmake: 6.1.1 (/opt/ros/humble/share/rmw_implementation_cmake/cmake)
[0.729s] -- Found rmw_fastrtps_cpp: 6.2.2 (/opt/ros/humble/share/rmw_fastrtps_cpp/cmake)
[0.935s] -- Using RMW implementation 'rmw_fastrtps_cpp' as default
[1.276s] -- Found nav_msgs: 4.2.2 (/opt/ros/humble/share/nav_msgs/cmake)
[1.581s] [31mCMake Error at CMakeLists.txt:14 (find_package):
[1.581s]   By not providing "Finddubins.cmake" in CMAKE_MODULE_PATH this project has
[1.581s]   asked CMake to find a package configuration file provided by "dubins", but
[1.581s]   CMake did not find one.
[1.581s] 
[1.582s]   Could not find a package configuration file provided by "dubins" with any
[1.582s]   of the following names:
[1.582s] 
[1.582s]     dubinsConfig.cmake
[1.582s]     dubins-config.cmake
[1.582s] 
[1.582s]   Add the installation prefix of "dubins" to CMAKE_PREFIX_PATH or set
[1.583s]   "dubins_DIR" to a directory containing one of the above files.  If "dubins"
[1.583s]   provides a separate development package or SDK, be sure it has been
[1.583s]   installed.
[1.583s] 
[1.583s] [0m
[1.583s] -- Configuring incomplete, errors occurred!
[1.583s] See also "/home/p3zz/Documents/uni/robot-planning-project/build/cpp_pubsub/CMakeFiles/CMakeOutput.log".
