-- The C compiler identification is GNU 11.3.0
-- The CXX compiler identification is GNU 11.3.0
-- Detecting C compiler ABI info
-- Detecting C compiler ABI info - done
-- Check for working C compiler: /usr/bin/cc - skipped
-- Detecting C compile features
-- Detecting C compile features - done
-- Detecting CXX compiler ABI info
-- Detecting CXX compiler ABI info - done
-- Check for working CXX compiler: /usr/bin/c++ - skipped
-- Detecting CXX compile features
-- Detecting CXX compile features - done
-- Found ament_cmake: 1.3.3 (/opt/ros/humble/share/ament_cmake/cmake)
-- Found Python3: /usr/bin/python3.10 (found version "3.10.6") found components: Interpreter 
-- Found utils: 0.0.0 (/home/p3zz/Documents/uni/robot-planning-project/install/utils/share/utils/cmake)
-- Found shapes: 0.0.0 (/home/p3zz/Documents/uni/robot-planning-project/install/shapes/share/shapes/cmake)
-- Found dubins: 0.0.0 (/home/p3zz/Documents/uni/robot-planning-project/install/dubins/share/dubins/cmake)
-- Found ament_cmake_gtest: 1.3.3 (/opt/ros/humble/share/ament_cmake_gtest/cmake)
-- Found gtest sources under '/opt/ros/humble/src/gtest_vendor': C++ tests using 'Google Test' will be built
-- Looking for pthread.h
-- Looking for pthread.h - found
-- Performing Test CMAKE_HAVE_LIBC_PTHREAD
-- Performing Test CMAKE_HAVE_LIBC_PTHREAD - Success
-- Found Threads: TRUE  
-- Configuring done
-- Generating done
-- Build files have been written to: /home/p3zz/Documents/uni/robot-planning-project/build/map
[ 33%] [32mBuilding CXX object gtest/CMakeFiles/gtest.dir/src/gtest-all.cc.o[0m
[ 33%] [32mBuilding CXX object gtest/CMakeFiles/gtest_main.dir/src/gtest_main.cc.o[0m
[ 33%] [32mBuilding CXX object CMakeFiles/map.dir/src/map.cpp.o[0m
[ 44%] [32m[1mLinking CXX static library libgtest_main.a[0m
[ 44%] Built target gtest_main
[ 55%] [32m[1mLinking CXX static library libmap.a[0m
[ 55%] Built target map
[ 66%] [32m[1mLinking CXX static library libgtest.a[0m
[ 66%] Built target gtest
[ 77%] [32mBuilding CXX object CMakeFiles/test_map.dir/test/performance.cpp.o[0m
[ 88%] [32mBuilding CXX object CMakeFiles/test_map.dir/test/main.cpp.o[0m
[100%] [32m[1mLinking CXX executable test_map[0m
[100%] Built target test_map
-- Install configuration: ""
-- Installing: /home/p3zz/Documents/uni/robot-planning-project/install/map/share/map/environment/library_path.sh
-- Installing: /home/p3zz/Documents/uni/robot-planning-project/install/map/share/map/environment/library_path.dsv
-- Installing: /home/p3zz/Documents/uni/robot-planning-project/install/map/include/map
-- Installing: /home/p3zz/Documents/uni/robot-planning-project/install/map/include/map/map.hpp
-- Installing: /home/p3zz/Documents/uni/robot-planning-project/install/map/lib/libmap.a
-- Installing: /home/p3zz/Documents/uni/robot-planning-project/install/map/lib/map/test_map
-- Installing: /home/p3zz/Documents/uni/robot-planning-project/install/map/share/ament_index/resource_index/package_run_dependencies/map
-- Installing: /home/p3zz/Documents/uni/robot-planning-project/install/map/share/ament_index/resource_index/parent_prefix_path/map
-- Installing: /home/p3zz/Documents/uni/robot-planning-project/install/map/share/map/environment/ament_prefix_path.sh
-- Installing: /home/p3zz/Documents/uni/robot-planning-project/install/map/share/map/environment/ament_prefix_path.dsv
-- Installing: /home/p3zz/Documents/uni/robot-planning-project/install/map/share/map/environment/path.sh
-- Installing: /home/p3zz/Documents/uni/robot-planning-project/install/map/share/map/environment/path.dsv
-- Installing: /home/p3zz/Documents/uni/robot-planning-project/install/map/share/map/local_setup.bash
-- Installing: /home/p3zz/Documents/uni/robot-planning-project/install/map/share/map/local_setup.sh
-- Installing: /home/p3zz/Documents/uni/robot-planning-project/install/map/share/map/local_setup.zsh
-- Installing: /home/p3zz/Documents/uni/robot-planning-project/install/map/share/map/local_setup.dsv
-- Installing: /home/p3zz/Documents/uni/robot-planning-project/install/map/share/map/package.dsv
-- Installing: /home/p3zz/Documents/uni/robot-planning-project/install/map/share/ament_index/resource_index/packages/map
-- Installing: /home/p3zz/Documents/uni/robot-planning-project/install/map/share/map/cmake/mapExport.cmake
-- Installing: /home/p3zz/Documents/uni/robot-planning-project/install/map/share/map/cmake/mapExport-noconfig.cmake
-- Installing: /home/p3zz/Documents/uni/robot-planning-project/install/map/share/map/cmake/ament_cmake_export_targets-extras.cmake
-- Installing: /home/p3zz/Documents/uni/robot-planning-project/install/map/share/map/cmake/mapConfig.cmake
-- Installing: /home/p3zz/Documents/uni/robot-planning-project/install/map/share/map/cmake/mapConfig-version.cmake
-- Installing: /home/p3zz/Documents/uni/robot-planning-project/install/map/share/map/package.xml
