[0.013s] Invoking command in '/home/p3zz/Documents/uni/robot-planning-project/build/map': CMAKE_PREFIX_PATH=${CMAKE_PREFIX_PATH}:/opt/ros/humble /usr/bin/cmake /home/p3zz/Documents/uni/robot-planning-project/map -DCMAKE_INSTALL_PREFIX=/home/p3zz/Documents/uni/robot-planning-project/install/map
[0.080s] -- The C compiler identification is GNU 11.3.0
[0.145s] -- The CXX compiler identification is GNU 11.3.0
[0.154s] -- Detecting C compiler ABI info
[0.235s] -- Detecting C compiler ABI info - done
[0.244s] -- Check for working C compiler: /usr/bin/cc - skipped
[0.244s] -- Detecting C compile features
[0.245s] -- Detecting C compile features - done
[0.250s] -- Detecting CXX compiler ABI info
[0.339s] -- Detecting CXX compiler ABI info - done
[0.350s] -- Check for working CXX compiler: /usr/bin/c++ - skipped
[0.350s] -- Detecting CXX compile features
[0.350s] -- Detecting CXX compile features - done
[0.354s] -- Found ament_cmake: 1.3.3 (/opt/ros/humble/share/ament_cmake/cmake)
[0.543s] -- Found Python3: /usr/bin/python3.10 (found version "3.10.6") found components: Interpreter 
[0.641s] -- Found utils: 0.0.0 (/home/p3zz/Documents/uni/robot-planning-project/install/utils/share/utils/cmake)
[0.642s] -- Found shapes: 0.0.0 (/home/p3zz/Documents/uni/robot-planning-project/install/shapes/share/shapes/cmake)
[0.643s] -- Found dubins: 0.0.0 (/home/p3zz/Documents/uni/robot-planning-project/install/dubins/share/dubins/cmake)
[0.647s] -- Found ament_cmake_gtest: 1.3.3 (/opt/ros/humble/share/ament_cmake_gtest/cmake)
[0.650s] -- Found gtest sources under '/opt/ros/humble/src/gtest_vendor': C++ tests using 'Google Test' will be built
[0.652s] -- Looking for pthread.h
[0.728s] -- Looking for pthread.h - found
[0.728s] -- Performing Test CMAKE_HAVE_LIBC_PTHREAD
[0.811s] -- Performing Test CMAKE_HAVE_LIBC_PTHREAD - Success
[0.812s] -- Found Threads: TRUE  
[0.887s] -- Configuring done
[0.900s] -- Generating done
[0.902s] -- Build files have been written to: /home/p3zz/Documents/uni/robot-planning-project/build/map
[0.908s] Invoked command in '/home/p3zz/Documents/uni/robot-planning-project/build/map' returned '0': CMAKE_PREFIX_PATH=${CMAKE_PREFIX_PATH}:/opt/ros/humble /usr/bin/cmake /home/p3zz/Documents/uni/robot-planning-project/map -DCMAKE_INSTALL_PREFIX=/home/p3zz/Documents/uni/robot-planning-project/install/map
[0.910s] Invoking command in '/home/p3zz/Documents/uni/robot-planning-project/build/map': CMAKE_PREFIX_PATH=${CMAKE_PREFIX_PATH}:/opt/ros/humble /usr/bin/cmake --build /home/p3zz/Documents/uni/robot-planning-project/build/map -- -j8 -l8
[0.963s] [ 33%] [32mBuilding CXX object gtest/CMakeFiles/gtest.dir/src/gtest-all.cc.o[0m
[0.963s] [ 33%] [32mBuilding CXX object gtest/CMakeFiles/gtest_main.dir/src/gtest_main.cc.o[0m
[0.963s] [ 33%] [32mBuilding CXX object CMakeFiles/map.dir/src/map.cpp.o[0m
[2.198s] [ 44%] [32m[1mLinking CXX static library libgtest_main.a[0m
[2.240s] [ 44%] Built target gtest_main
[2.916s] [ 55%] [32m[1mLinking CXX static library libmap.a[0m
[2.960s] [ 55%] Built target map
[4.871s] [ 66%] [32m[1mLinking CXX static library libgtest.a[0m
[4.940s] [ 66%] Built target gtest
[4.964s] [ 77%] [32mBuilding CXX object CMakeFiles/test_map.dir/test/performance.cpp.o[0m
[4.964s] [ 88%] [32mBuilding CXX object CMakeFiles/test_map.dir/test/main.cpp.o[0m
[7.380s] [100%] [32m[1mLinking CXX executable test_map[0m
[7.584s] [100%] Built target test_map
[7.597s] Invoked command in '/home/p3zz/Documents/uni/robot-planning-project/build/map' returned '0': CMAKE_PREFIX_PATH=${CMAKE_PREFIX_PATH}:/opt/ros/humble /usr/bin/cmake --build /home/p3zz/Documents/uni/robot-planning-project/build/map -- -j8 -l8
[7.646s] Invoking command in '/home/p3zz/Documents/uni/robot-planning-project/build/map': CMAKE_PREFIX_PATH=${CMAKE_PREFIX_PATH}:/opt/ros/humble /usr/bin/cmake --install /home/p3zz/Documents/uni/robot-planning-project/build/map
[7.655s] -- Install configuration: ""
[7.656s] -- Installing: /home/p3zz/Documents/uni/robot-planning-project/install/map/share/map/environment/library_path.sh
[7.656s] -- Installing: /home/p3zz/Documents/uni/robot-planning-project/install/map/share/map/environment/library_path.dsv
[7.656s] -- Installing: /home/p3zz/Documents/uni/robot-planning-project/install/map/include/map
[7.656s] -- Installing: /home/p3zz/Documents/uni/robot-planning-project/install/map/include/map/map.hpp
[7.656s] -- Installing: /home/p3zz/Documents/uni/robot-planning-project/install/map/lib/libmap.a
[7.657s] -- Installing: /home/p3zz/Documents/uni/robot-planning-project/install/map/lib/map/test_map
[7.660s] -- Installing: /home/p3zz/Documents/uni/robot-planning-project/install/map/share/ament_index/resource_index/package_run_dependencies/map
[7.660s] -- Installing: /home/p3zz/Documents/uni/robot-planning-project/install/map/share/ament_index/resource_index/parent_prefix_path/map
[7.660s] -- Installing: /home/p3zz/Documents/uni/robot-planning-project/install/map/share/map/environment/ament_prefix_path.sh
[7.660s] -- Installing: /home/p3zz/Documents/uni/robot-planning-project/install/map/share/map/environment/ament_prefix_path.dsv
[7.660s] -- Installing: /home/p3zz/Documents/uni/robot-planning-project/install/map/share/map/environment/path.sh
[7.660s] -- Installing: /home/p3zz/Documents/uni/robot-planning-project/install/map/share/map/environment/path.dsv
[7.661s] -- Installing: /home/p3zz/Documents/uni/robot-planning-project/install/map/share/map/local_setup.bash
[7.661s] -- Installing: /home/p3zz/Documents/uni/robot-planning-project/install/map/share/map/local_setup.sh
[7.661s] -- Installing: /home/p3zz/Documents/uni/robot-planning-project/install/map/share/map/local_setup.zsh
[7.661s] -- Installing: /home/p3zz/Documents/uni/robot-planning-project/install/map/share/map/local_setup.dsv
[7.661s] -- Installing: /home/p3zz/Documents/uni/robot-planning-project/install/map/share/map/package.dsv
[7.662s] -- Installing: /home/p3zz/Documents/uni/robot-planning-project/install/map/share/ament_index/resource_index/packages/map
[7.662s] -- Installing: /home/p3zz/Documents/uni/robot-planning-project/install/map/share/map/cmake/mapExport.cmake
[7.662s] -- Installing: /home/p3zz/Documents/uni/robot-planning-project/install/map/share/map/cmake/mapExport-noconfig.cmake
[7.662s] -- Installing: /home/p3zz/Documents/uni/robot-planning-project/install/map/share/map/cmake/ament_cmake_export_targets-extras.cmake
[7.663s] -- Installing: /home/p3zz/Documents/uni/robot-planning-project/install/map/share/map/cmake/mapConfig.cmake
[7.663s] -- Installing: /home/p3zz/Documents/uni/robot-planning-project/install/map/share/map/cmake/mapConfig-version.cmake
[7.663s] -- Installing: /home/p3zz/Documents/uni/robot-planning-project/install/map/share/map/package.xml
[7.665s] Invoked command in '/home/p3zz/Documents/uni/robot-planning-project/build/map' returned '0': CMAKE_PREFIX_PATH=${CMAKE_PREFIX_PATH}:/opt/ros/humble /usr/bin/cmake --install /home/p3zz/Documents/uni/robot-planning-project/build/map
