[  1%] Built target custom_msgs__cpp
[ 12%] Built target custom_msgs__rosidl_generator_c
[ 12%] Built target ament_cmake_python_copy_custom_msgs
[ 27%] Built target custom_msgs__rosidl_typesupport_cpp
[ 34%] Built target custom_msgs__rosidl_typesupport_introspection_c
[ 61%] Built target custom_msgs__rosidl_typesupport_fastrtps_c
[ 61%] Built target custom_msgs__rosidl_typesupport_fastrtps_cpp
[ 74%] Built target custom_msgs__rosidl_typesupport_c
[ 78%] Built target custom_msgs__rosidl_typesupport_introspection_cpp
[ 78%] Built target custom_msgs
[ 80%] Built target custom_msgs__py
[ 89%] Built target custom_msgs__rosidl_generator_py
[100%] Built target custom_msgs__rosidl_typesupport_introspection_c__pyext
[100%] Built target custom_msgs__rosidl_typesupport_fastrtps_c__pyext
[100%] Built target custom_msgs__rosidl_typesupport_c__pyext
running egg_info
writing custom_msgs.egg-info/PKG-INFO
writing dependency_links to custom_msgs.egg-info/dependency_links.txt
writing top-level names to custom_msgs.egg-info/top_level.txt
reading manifest file 'custom_msgs.egg-info/SOURCES.txt'
writing manifest file 'custom_msgs.egg-info/SOURCES.txt'
[100%] Built target ament_cmake_python_build_custom_msgs_egg
-- Install configuration: ""
-- Installing: /home/p3zz/Documents/uni/robot-planning-project/install/custom_msgs/share/ament_index/resource_index/rosidl_interfaces/custom_msgs
-- Installing: /home/p3zz/Documents/uni/robot-planning-project/install/custom_msgs/include/custom_msgs/custom_msgs
-- Installing: /home/p3zz/Documents/uni/robot-planning-project/install/custom_msgs/include/custom_msgs/custom_msgs/msg
-- Installing: /home/p3zz/Documents/uni/robot-planning-project/install/custom_msgs/include/custom_msgs/custom_msgs/msg/obstacle_array_msg.h
-- Installing: /home/p3zz/Documents/uni/robot-planning-project/install/custom_msgs/include/custom_msgs/custom_msgs/msg/geometry_graph.h
-- Installing: /home/p3zz/Documents/uni/robot-planning-project/install/custom_msgs/include/custom_msgs/custom_msgs/msg/obstacle_msg.h
-- Installing: /home/p3zz/Documents/uni/robot-planning-project/install/custom_msgs/include/custom_msgs/custom_msgs/msg/edges.h
-- Installing: /home/p3zz/Documents/uni/robot-planning-project/install/custom_msgs/include/custom_msgs/custom_msgs/msg/detail
-- Installing: /home/p3zz/Documents/uni/robot-planning-project/install/custom_msgs/include/custom_msgs/custom_msgs/msg/detail/edges__struct.h
-- Installing: /home/p3zz/Documents/uni/robot-planning-project/install/custom_msgs/include/custom_msgs/custom_msgs/msg/detail/obstacle_msg__type_support.h
-- Installing: /home/p3zz/Documents/uni/robot-planning-project/install/custom_msgs/include/custom_msgs/custom_msgs/msg/detail/obstacle_msg__functions.c
-- Installing: /home/p3zz/Documents/uni/robot-planning-project/install/custom_msgs/include/custom_msgs/custom_msgs/msg/detail/obstacle_msg__functions.h
-- Installing: /home/p3zz/Documents/uni/robot-planning-project/install/custom_msgs/include/custom_msgs/custom_msgs/msg/detail/edges__functions.h
-- Installing: /home/p3zz/Documents/uni/robot-planning-project/install/custom_msgs/include/custom_msgs/custom_msgs/msg/detail/obstacle_array_msg__functions.h
-- Installing: /home/p3zz/Documents/uni/robot-planning-project/install/custom_msgs/include/custom_msgs/custom_msgs/msg/detail/geometry_graph__type_support.h
-- Installing: /home/p3zz/Documents/uni/robot-planning-project/install/custom_msgs/include/custom_msgs/custom_msgs/msg/detail/obstacle_array_msg__functions.c
-- Installing: /home/p3zz/Documents/uni/robot-planning-project/install/custom_msgs/include/custom_msgs/custom_msgs/msg/detail/geometry_graph__functions.c
-- Installing: /home/p3zz/Documents/uni/robot-planning-project/install/custom_msgs/include/custom_msgs/custom_msgs/msg/detail/obstacle_array_msg__type_support.h
-- Installing: /home/p3zz/Documents/uni/robot-planning-project/install/custom_msgs/include/custom_msgs/custom_msgs/msg/detail/geometry_graph__functions.h
-- Installing: /home/p3zz/Documents/uni/robot-planning-project/install/custom_msgs/include/custom_msgs/custom_msgs/msg/detail/obstacle_array_msg__struct.h
-- Installing: /home/p3zz/Documents/uni/robot-planning-project/install/custom_msgs/include/custom_msgs/custom_msgs/msg/detail/edges__type_support.h
-- Installing: /home/p3zz/Documents/uni/robot-planning-project/install/custom_msgs/include/custom_msgs/custom_msgs/msg/detail/edges__functions.c
-- Installing: /home/p3zz/Documents/uni/robot-planning-project/install/custom_msgs/include/custom_msgs/custom_msgs/msg/detail/geometry_graph__struct.h
-- Installing: /home/p3zz/Documents/uni/robot-planning-project/install/custom_msgs/include/custom_msgs/custom_msgs/msg/detail/obstacle_msg__struct.h
-- Installing: /home/p3zz/Documents/uni/robot-planning-project/install/custom_msgs/include/custom_msgs/custom_msgs/msg/rosidl_generator_c__visibility_control.h
-- Installing: /home/p3zz/Documents/uni/robot-planning-project/install/custom_msgs/share/custom_msgs/environment/library_path.sh
-- Installing: /home/p3zz/Documents/uni/robot-planning-project/install/custom_msgs/share/custom_msgs/environment/library_path.dsv
-- Installing: /home/p3zz/Documents/uni/robot-planning-project/install/custom_msgs/lib/libcustom_msgs__rosidl_generator_c.so
-- Set runtime path of "/home/p3zz/Documents/uni/robot-planning-project/install/custom_msgs/lib/libcustom_msgs__rosidl_generator_c.so" to ""
-- Up-to-date: /home/p3zz/Documents/uni/robot-planning-project/install/custom_msgs/include/custom_msgs/custom_msgs
-- Up-to-date: /home/p3zz/Documents/uni/robot-planning-project/install/custom_msgs/include/custom_msgs/custom_msgs/msg
-- Installing: /home/p3zz/Documents/uni/robot-planning-project/install/custom_msgs/include/custom_msgs/custom_msgs/msg/rosidl_typesupport_fastrtps_c__visibility_control.h
-- Up-to-date: /home/p3zz/Documents/uni/robot-planning-project/install/custom_msgs/include/custom_msgs/custom_msgs/msg/detail
-- Installing: /home/p3zz/Documents/uni/robot-planning-project/install/custom_msgs/include/custom_msgs/custom_msgs/msg/detail/obstacle_array_msg__rosidl_typesupport_fastrtps_c.h
-- Installing: /home/p3zz/Documents/uni/robot-planning-project/install/custom_msgs/include/custom_msgs/custom_msgs/msg/detail/obstacle_msg__rosidl_typesupport_fastrtps_c.h
-- Installing: /home/p3zz/Documents/uni/robot-planning-project/install/custom_msgs/include/custom_msgs/custom_msgs/msg/detail/geometry_graph__rosidl_typesupport_fastrtps_c.h
-- Installing: /home/p3zz/Documents/uni/robot-planning-project/install/custom_msgs/include/custom_msgs/custom_msgs/msg/detail/edges__rosidl_typesupport_fastrtps_c.h
-- Installing: /home/p3zz/Documents/uni/robot-planning-project/install/custom_msgs/lib/libcustom_msgs__rosidl_typesupport_fastrtps_c.so
-- Set runtime path of "/home/p3zz/Documents/uni/robot-planning-project/install/custom_msgs/lib/libcustom_msgs__rosidl_typesupport_fastrtps_c.so" to ""
-- Up-to-date: /home/p3zz/Documents/uni/robot-planning-project/install/custom_msgs/include/custom_msgs/custom_msgs
-- Up-to-date: /home/p3zz/Documents/uni/robot-planning-project/install/custom_msgs/include/custom_msgs/custom_msgs/msg
-- Installing: /home/p3zz/Documents/uni/robot-planning-project/install/custom_msgs/include/custom_msgs/custom_msgs/msg/obstacle_msg.hpp
-- Installing: /home/p3zz/Documents/uni/robot-planning-project/install/custom_msgs/include/custom_msgs/custom_msgs/msg/edges.hpp
-- Installing: /home/p3zz/Documents/uni/robot-planning-project/install/custom_msgs/include/custom_msgs/custom_msgs/msg/geometry_graph.hpp
-- Installing: /home/p3zz/Documents/uni/robot-planning-project/install/custom_msgs/include/custom_msgs/custom_msgs/msg/obstacle_array_msg.hpp
-- Up-to-date: /home/p3zz/Documents/uni/robot-planning-project/install/custom_msgs/include/custom_msgs/custom_msgs/msg/detail
-- Installing: /home/p3zz/Documents/uni/robot-planning-project/install/custom_msgs/include/custom_msgs/custom_msgs/msg/detail/obstacle_array_msg__builder.hpp
-- Installing: /home/p3zz/Documents/uni/robot-planning-project/install/custom_msgs/include/custom_msgs/custom_msgs/msg/detail/obstacle_array_msg__struct.hpp
-- Installing: /home/p3zz/Documents/uni/robot-planning-project/install/custom_msgs/include/custom_msgs/custom_msgs/msg/detail/obstacle_msg__builder.hpp
-- Installing: /home/p3zz/Documents/uni/robot-planning-project/install/custom_msgs/include/custom_msgs/custom_msgs/msg/detail/obstacle_msg__struct.hpp
-- Installing: /home/p3zz/Documents/uni/robot-planning-project/install/custom_msgs/include/custom_msgs/custom_msgs/msg/detail/geometry_graph__traits.hpp
-- Installing: /home/p3zz/Documents/uni/robot-planning-project/install/custom_msgs/include/custom_msgs/custom_msgs/msg/detail/obstacle_msg__traits.hpp
-- Installing: /home/p3zz/Documents/uni/robot-planning-project/install/custom_msgs/include/custom_msgs/custom_msgs/msg/detail/edges__traits.hpp
-- Installing: /home/p3zz/Documents/uni/robot-planning-project/install/custom_msgs/include/custom_msgs/custom_msgs/msg/detail/geometry_graph__struct.hpp
-- Installing: /home/p3zz/Documents/uni/robot-planning-project/install/custom_msgs/include/custom_msgs/custom_msgs/msg/detail/obstacle_array_msg__traits.hpp
-- Installing: /home/p3zz/Documents/uni/robot-planning-project/install/custom_msgs/include/custom_msgs/custom_msgs/msg/detail/edges__struct.hpp
-- Installing: /home/p3zz/Documents/uni/robot-planning-project/install/custom_msgs/include/custom_msgs/custom_msgs/msg/detail/geometry_graph__builder.hpp
-- Installing: /home/p3zz/Documents/uni/robot-planning-project/install/custom_msgs/include/custom_msgs/custom_msgs/msg/detail/edges__builder.hpp
-- Up-to-date: /home/p3zz/Documents/uni/robot-planning-project/install/custom_msgs/include/custom_msgs/custom_msgs
-- Up-to-date: /home/p3zz/Documents/uni/robot-planning-project/install/custom_msgs/include/custom_msgs/custom_msgs/msg
-- Installing: /home/p3zz/Documents/uni/robot-planning-project/install/custom_msgs/include/custom_msgs/custom_msgs/msg/rosidl_typesupport_fastrtps_cpp__visibility_control.h
-- Up-to-date: /home/p3zz/Documents/uni/robot-planning-project/install/custom_msgs/include/custom_msgs/custom_msgs/msg/detail
-- Installing: /home/p3zz/Documents/uni/robot-planning-project/install/custom_msgs/include/custom_msgs/custom_msgs/msg/detail/obstacle_msg__rosidl_typesupport_fastrtps_cpp.hpp
-- Installing: /home/p3zz/Documents/uni/robot-planning-project/install/custom_msgs/include/custom_msgs/custom_msgs/msg/detail/geometry_graph__rosidl_typesupport_fastrtps_cpp.hpp
-- Installing: /home/p3zz/Documents/uni/robot-planning-project/install/custom_msgs/include/custom_msgs/custom_msgs/msg/detail/edges__rosidl_typesupport_fastrtps_cpp.hpp
-- Installing: /home/p3zz/Documents/uni/robot-planning-project/install/custom_msgs/include/custom_msgs/custom_msgs/msg/detail/dds_fastrtps
-- Installing: /home/p3zz/Documents/uni/robot-planning-project/install/custom_msgs/include/custom_msgs/custom_msgs/msg/detail/obstacle_array_msg__rosidl_typesupport_fastrtps_cpp.hpp
-- Installing: /home/p3zz/Documents/uni/robot-planning-project/install/custom_msgs/lib/libcustom_msgs__rosidl_typesupport_fastrtps_cpp.so
-- Set runtime path of "/home/p3zz/Documents/uni/robot-planning-project/install/custom_msgs/lib/libcustom_msgs__rosidl_typesupport_fastrtps_cpp.so" to ""
-- Up-to-date: /home/p3zz/Documents/uni/robot-planning-project/install/custom_msgs/include/custom_msgs/custom_msgs
-- Up-to-date: /home/p3zz/Documents/uni/robot-planning-project/install/custom_msgs/include/custom_msgs/custom_msgs/msg
-- Installing: /home/p3zz/Documents/uni/robot-planning-project/install/custom_msgs/include/custom_msgs/custom_msgs/msg/rosidl_typesupport_introspection_c__visibility_control.h
-- Up-to-date: /home/p3zz/Documents/uni/robot-planning-project/install/custom_msgs/include/custom_msgs/custom_msgs/msg/detail
-- Installing: /home/p3zz/Documents/uni/robot-planning-project/install/custom_msgs/include/custom_msgs/custom_msgs/msg/detail/obstacle_array_msg__rosidl_typesupport_introspection_c.h
-- Installing: /home/p3zz/Documents/uni/robot-planning-project/install/custom_msgs/include/custom_msgs/custom_msgs/msg/detail/geometry_graph__type_support.c
-- Installing: /home/p3zz/Documents/uni/robot-planning-project/install/custom_msgs/include/custom_msgs/custom_msgs/msg/detail/edges__type_support.c
-- Installing: /home/p3zz/Documents/uni/robot-planning-project/install/custom_msgs/include/custom_msgs/custom_msgs/msg/detail/obstacle_msg__type_support.c
-- Installing: /home/p3zz/Documents/uni/robot-planning-project/install/custom_msgs/include/custom_msgs/custom_msgs/msg/detail/geometry_graph__rosidl_typesupport_introspection_c.h
-- Installing: /home/p3zz/Documents/uni/robot-planning-project/install/custom_msgs/include/custom_msgs/custom_msgs/msg/detail/edges__rosidl_typesupport_introspection_c.h
-- Installing: /home/p3zz/Documents/uni/robot-planning-project/install/custom_msgs/include/custom_msgs/custom_msgs/msg/detail/obstacle_array_msg__type_support.c
-- Installing: /home/p3zz/Documents/uni/robot-planning-project/install/custom_msgs/include/custom_msgs/custom_msgs/msg/detail/obstacle_msg__rosidl_typesupport_introspection_c.h
-- Installing: /home/p3zz/Documents/uni/robot-planning-project/install/custom_msgs/lib/libcustom_msgs__rosidl_typesupport_introspection_c.so
-- Set runtime path of "/home/p3zz/Documents/uni/robot-planning-project/install/custom_msgs/lib/libcustom_msgs__rosidl_typesupport_introspection_c.so" to ""
-- Installing: /home/p3zz/Documents/uni/robot-planning-project/install/custom_msgs/lib/libcustom_msgs__rosidl_typesupport_c.so
-- Set runtime path of "/home/p3zz/Documents/uni/robot-planning-project/install/custom_msgs/lib/libcustom_msgs__rosidl_typesupport_c.so" to ""
-- Up-to-date: /home/p3zz/Documents/uni/robot-planning-project/install/custom_msgs/include/custom_msgs/custom_msgs
-- Up-to-date: /home/p3zz/Documents/uni/robot-planning-project/install/custom_msgs/include/custom_msgs/custom_msgs/msg
-- Up-to-date: /home/p3zz/Documents/uni/robot-planning-project/install/custom_msgs/include/custom_msgs/custom_msgs/msg/detail
-- Installing: /home/p3zz/Documents/uni/robot-planning-project/install/custom_msgs/include/custom_msgs/custom_msgs/msg/detail/edges__type_support.cpp
-- Installing: /home/p3zz/Documents/uni/robot-planning-project/install/custom_msgs/include/custom_msgs/custom_msgs/msg/detail/edges__rosidl_typesupport_introspection_cpp.hpp
-- Installing: /home/p3zz/Documents/uni/robot-planning-project/install/custom_msgs/include/custom_msgs/custom_msgs/msg/detail/geometry_graph__rosidl_typesupport_introspection_cpp.hpp
-- Installing: /home/p3zz/Documents/uni/robot-planning-project/install/custom_msgs/include/custom_msgs/custom_msgs/msg/detail/obstacle_array_msg__rosidl_typesupport_introspection_cpp.hpp
-- Installing: /home/p3zz/Documents/uni/robot-planning-project/install/custom_msgs/include/custom_msgs/custom_msgs/msg/detail/obstacle_array_msg__type_support.cpp
-- Installing: /home/p3zz/Documents/uni/robot-planning-project/install/custom_msgs/include/custom_msgs/custom_msgs/msg/detail/obstacle_msg__type_support.cpp
-- Installing: /home/p3zz/Documents/uni/robot-planning-project/install/custom_msgs/include/custom_msgs/custom_msgs/msg/detail/obstacle_msg__rosidl_typesupport_introspection_cpp.hpp
-- Installing: /home/p3zz/Documents/uni/robot-planning-project/install/custom_msgs/include/custom_msgs/custom_msgs/msg/detail/geometry_graph__type_support.cpp
-- Installing: /home/p3zz/Documents/uni/robot-planning-project/install/custom_msgs/lib/libcustom_msgs__rosidl_typesupport_introspection_cpp.so
-- Set runtime path of "/home/p3zz/Documents/uni/robot-planning-project/install/custom_msgs/lib/libcustom_msgs__rosidl_typesupport_introspection_cpp.so" to ""
-- Installing: /home/p3zz/Documents/uni/robot-planning-project/install/custom_msgs/lib/libcustom_msgs__rosidl_typesupport_cpp.so
-- Set runtime path of "/home/p3zz/Documents/uni/robot-planning-project/install/custom_msgs/lib/libcustom_msgs__rosidl_typesupport_cpp.so" to ""
-- Installing: /home/p3zz/Documents/uni/robot-planning-project/install/custom_msgs/share/custom_msgs/environment/pythonpath.sh
-- Installing: /home/p3zz/Documents/uni/robot-planning-project/install/custom_msgs/share/custom_msgs/environment/pythonpath.dsv
-- Installing: /home/p3zz/Documents/uni/robot-planning-project/install/custom_msgs/local/lib/python3.10/dist-packages/custom_msgs-0.1.2-py3.10.egg-info
-- Installing: /home/p3zz/Documents/uni/robot-planning-project/install/custom_msgs/local/lib/python3.10/dist-packages/custom_msgs-0.1.2-py3.10.egg-info/dependency_links.txt
-- Installing: /home/p3zz/Documents/uni/robot-planning-project/install/custom_msgs/local/lib/python3.10/dist-packages/custom_msgs-0.1.2-py3.10.egg-info/PKG-INFO
-- Installing: /home/p3zz/Documents/uni/robot-planning-project/install/custom_msgs/local/lib/python3.10/dist-packages/custom_msgs-0.1.2-py3.10.egg-info/SOURCES.txt
-- Installing: /home/p3zz/Documents/uni/robot-planning-project/install/custom_msgs/local/lib/python3.10/dist-packages/custom_msgs-0.1.2-py3.10.egg-info/top_level.txt
-- Installing: /home/p3zz/Documents/uni/robot-planning-project/install/custom_msgs/local/lib/python3.10/dist-packages/custom_msgs
-- Installing: /home/p3zz/Documents/uni/robot-planning-project/install/custom_msgs/local/lib/python3.10/dist-packages/custom_msgs/custom_msgs_s__rosidl_typesupport_fastrtps_c.cpython-310-x86_64-linux-gnu.so
-- Installing: /home/p3zz/Documents/uni/robot-planning-project/install/custom_msgs/local/lib/python3.10/dist-packages/custom_msgs/_custom_msgs_s.ep.rosidl_typesupport_c.c
-- Installing: /home/p3zz/Documents/uni/robot-planning-project/install/custom_msgs/local/lib/python3.10/dist-packages/custom_msgs/libcustom_msgs__rosidl_generator_py.so
-- Installing: /home/p3zz/Documents/uni/robot-planning-project/install/custom_msgs/local/lib/python3.10/dist-packages/custom_msgs/msg
-- Installing: /home/p3zz/Documents/uni/robot-planning-project/install/custom_msgs/local/lib/python3.10/dist-packages/custom_msgs/msg/_edges.py
-- Installing: /home/p3zz/Documents/uni/robot-planning-project/install/custom_msgs/local/lib/python3.10/dist-packages/custom_msgs/msg/_obstacle_array_msg.py
-- Installing: /home/p3zz/Documents/uni/robot-planning-project/install/custom_msgs/local/lib/python3.10/dist-packages/custom_msgs/msg/_geometry_graph.py
-- Installing: /home/p3zz/Documents/uni/robot-planning-project/install/custom_msgs/local/lib/python3.10/dist-packages/custom_msgs/msg/_obstacle_msg.py
-- Installing: /home/p3zz/Documents/uni/robot-planning-project/install/custom_msgs/local/lib/python3.10/dist-packages/custom_msgs/msg/_obstacle_array_msg_s.c
-- Installing: /home/p3zz/Documents/uni/robot-planning-project/install/custom_msgs/local/lib/python3.10/dist-packages/custom_msgs/msg/_edges_s.c
-- Installing: /home/p3zz/Documents/uni/robot-planning-project/install/custom_msgs/local/lib/python3.10/dist-packages/custom_msgs/msg/__init__.py
-- Installing: /home/p3zz/Documents/uni/robot-planning-project/install/custom_msgs/local/lib/python3.10/dist-packages/custom_msgs/msg/_geometry_graph_s.c
-- Installing: /home/p3zz/Documents/uni/robot-planning-project/install/custom_msgs/local/lib/python3.10/dist-packages/custom_msgs/msg/_obstacle_msg_s.c
-- Installing: /home/p3zz/Documents/uni/robot-planning-project/install/custom_msgs/local/lib/python3.10/dist-packages/custom_msgs/_custom_msgs_s.ep.rosidl_typesupport_fastrtps_c.c
-- Installing: /home/p3zz/Documents/uni/robot-planning-project/install/custom_msgs/local/lib/python3.10/dist-packages/custom_msgs/_custom_msgs_s.ep.rosidl_typesupport_introspection_c.c
-- Installing: /home/p3zz/Documents/uni/robot-planning-project/install/custom_msgs/local/lib/python3.10/dist-packages/custom_msgs/custom_msgs_s__rosidl_typesupport_c.cpython-310-x86_64-linux-gnu.so
-- Installing: /home/p3zz/Documents/uni/robot-planning-project/install/custom_msgs/local/lib/python3.10/dist-packages/custom_msgs/__init__.py
-- Installing: /home/p3zz/Documents/uni/robot-planning-project/install/custom_msgs/local/lib/python3.10/dist-packages/custom_msgs/custom_msgs_s__rosidl_typesupport_introspection_c.cpython-310-x86_64-linux-gnu.so
Listing '/home/p3zz/Documents/uni/robot-planning-project/install/custom_msgs/local/lib/python3.10/dist-packages/custom_msgs'...
Compiling '/home/p3zz/Documents/uni/robot-planning-project/install/custom_msgs/local/lib/python3.10/dist-packages/custom_msgs/__init__.py'...
Listing '/home/p3zz/Documents/uni/robot-planning-project/install/custom_msgs/local/lib/python3.10/dist-packages/custom_msgs/msg'...
Compiling '/home/p3zz/Documents/uni/robot-planning-project/install/custom_msgs/local/lib/python3.10/dist-packages/custom_msgs/msg/__init__.py'...
Compiling '/home/p3zz/Documents/uni/robot-planning-project/install/custom_msgs/local/lib/python3.10/dist-packages/custom_msgs/msg/_edges.py'...
Compiling '/home/p3zz/Documents/uni/robot-planning-project/install/custom_msgs/local/lib/python3.10/dist-packages/custom_msgs/msg/_geometry_graph.py'...
Compiling '/home/p3zz/Documents/uni/robot-planning-project/install/custom_msgs/local/lib/python3.10/dist-packages/custom_msgs/msg/_obstacle_array_msg.py'...
Compiling '/home/p3zz/Documents/uni/robot-planning-project/install/custom_msgs/local/lib/python3.10/dist-packages/custom_msgs/msg/_obstacle_msg.py'...
-- Installing: /home/p3zz/Documents/uni/robot-planning-project/install/custom_msgs/local/lib/python3.10/dist-packages/custom_msgs/custom_msgs_s__rosidl_typesupport_fastrtps_c.cpython-310-x86_64-linux-gnu.so
-- Set runtime path of "/home/p3zz/Documents/uni/robot-planning-project/install/custom_msgs/local/lib/python3.10/dist-packages/custom_msgs/custom_msgs_s__rosidl_typesupport_fastrtps_c.cpython-310-x86_64-linux-gnu.so" to ""
-- Installing: /home/p3zz/Documents/uni/robot-planning-project/install/custom_msgs/local/lib/python3.10/dist-packages/custom_msgs/custom_msgs_s__rosidl_typesupport_introspection_c.cpython-310-x86_64-linux-gnu.so
-- Set runtime path of "/home/p3zz/Documents/uni/robot-planning-project/install/custom_msgs/local/lib/python3.10/dist-packages/custom_msgs/custom_msgs_s__rosidl_typesupport_introspection_c.cpython-310-x86_64-linux-gnu.so" to ""
-- Installing: /home/p3zz/Documents/uni/robot-planning-project/install/custom_msgs/local/lib/python3.10/dist-packages/custom_msgs/custom_msgs_s__rosidl_typesupport_c.cpython-310-x86_64-linux-gnu.so
-- Set runtime path of "/home/p3zz/Documents/uni/robot-planning-project/install/custom_msgs/local/lib/python3.10/dist-packages/custom_msgs/custom_msgs_s__rosidl_typesupport_c.cpython-310-x86_64-linux-gnu.so" to ""
-- Installing: /home/p3zz/Documents/uni/robot-planning-project/install/custom_msgs/lib/libcustom_msgs__rosidl_generator_py.so
-- Set runtime path of "/home/p3zz/Documents/uni/robot-planning-project/install/custom_msgs/lib/libcustom_msgs__rosidl_generator_py.so" to ""
-- Installing: /home/p3zz/Documents/uni/robot-planning-project/install/custom_msgs/share/custom_msgs/msg/ObstacleMsg.idl
-- Installing: /home/p3zz/Documents/uni/robot-planning-project/install/custom_msgs/share/custom_msgs/msg/ObstacleArrayMsg.idl
-- Installing: /home/p3zz/Documents/uni/robot-planning-project/install/custom_msgs/share/custom_msgs/msg/Edges.idl
-- Installing: /home/p3zz/Documents/uni/robot-planning-project/install/custom_msgs/share/custom_msgs/msg/GeometryGraph.idl
-- Installing: /home/p3zz/Documents/uni/robot-planning-project/install/custom_msgs/share/custom_msgs/msg/ObstacleMsg.msg
-- Installing: /home/p3zz/Documents/uni/robot-planning-project/install/custom_msgs/share/custom_msgs/msg/ObstacleArrayMsg.msg
-- Installing: /home/p3zz/Documents/uni/robot-planning-project/install/custom_msgs/share/custom_msgs/msg/Edges.msg
-- Installing: /home/p3zz/Documents/uni/robot-planning-project/install/custom_msgs/share/custom_msgs/msg/GeometryGraph.msg
-- Installing: /home/p3zz/Documents/uni/robot-planning-project/install/custom_msgs/share/ament_index/resource_index/package_run_dependencies/custom_msgs
-- Installing: /home/p3zz/Documents/uni/robot-planning-project/install/custom_msgs/share/ament_index/resource_index/parent_prefix_path/custom_msgs
-- Installing: /home/p3zz/Documents/uni/robot-planning-project/install/custom_msgs/share/custom_msgs/environment/ament_prefix_path.sh
-- Installing: /home/p3zz/Documents/uni/robot-planning-project/install/custom_msgs/share/custom_msgs/environment/ament_prefix_path.dsv
-- Installing: /home/p3zz/Documents/uni/robot-planning-project/install/custom_msgs/share/custom_msgs/environment/path.sh
-- Installing: /home/p3zz/Documents/uni/robot-planning-project/install/custom_msgs/share/custom_msgs/environment/path.dsv
-- Installing: /home/p3zz/Documents/uni/robot-planning-project/install/custom_msgs/share/custom_msgs/local_setup.bash
-- Installing: /home/p3zz/Documents/uni/robot-planning-project/install/custom_msgs/share/custom_msgs/local_setup.sh
-- Installing: /home/p3zz/Documents/uni/robot-planning-project/install/custom_msgs/share/custom_msgs/local_setup.zsh
-- Installing: /home/p3zz/Documents/uni/robot-planning-project/install/custom_msgs/share/custom_msgs/local_setup.dsv
-- Installing: /home/p3zz/Documents/uni/robot-planning-project/install/custom_msgs/share/custom_msgs/package.dsv
-- Installing: /home/p3zz/Documents/uni/robot-planning-project/install/custom_msgs/share/ament_index/resource_index/packages/custom_msgs
-- Installing: /home/p3zz/Documents/uni/robot-planning-project/install/custom_msgs/share/custom_msgs/cmake/export_custom_msgs__rosidl_generator_cExport.cmake
-- Installing: /home/p3zz/Documents/uni/robot-planning-project/install/custom_msgs/share/custom_msgs/cmake/export_custom_msgs__rosidl_generator_cExport-noconfig.cmake
-- Installing: /home/p3zz/Documents/uni/robot-planning-project/install/custom_msgs/share/custom_msgs/cmake/export_custom_msgs__rosidl_typesupport_fastrtps_cExport.cmake
-- Installing: /home/p3zz/Documents/uni/robot-planning-project/install/custom_msgs/share/custom_msgs/cmake/export_custom_msgs__rosidl_typesupport_fastrtps_cExport-noconfig.cmake
-- Installing: /home/p3zz/Documents/uni/robot-planning-project/install/custom_msgs/share/custom_msgs/cmake/export_custom_msgs__rosidl_generator_cppExport.cmake
-- Installing: /home/p3zz/Documents/uni/robot-planning-project/install/custom_msgs/share/custom_msgs/cmake/export_custom_msgs__rosidl_typesupport_fastrtps_cppExport.cmake
-- Installing: /home/p3zz/Documents/uni/robot-planning-project/install/custom_msgs/share/custom_msgs/cmake/export_custom_msgs__rosidl_typesupport_fastrtps_cppExport-noconfig.cmake
-- Installing: /home/p3zz/Documents/uni/robot-planning-project/install/custom_msgs/share/custom_msgs/cmake/custom_msgs__rosidl_typesupport_introspection_cExport.cmake
-- Installing: /home/p3zz/Documents/uni/robot-planning-project/install/custom_msgs/share/custom_msgs/cmake/custom_msgs__rosidl_typesupport_introspection_cExport-noconfig.cmake
-- Installing: /home/p3zz/Documents/uni/robot-planning-project/install/custom_msgs/share/custom_msgs/cmake/custom_msgs__rosidl_typesupport_cExport.cmake
-- Installing: /home/p3zz/Documents/uni/robot-planning-project/install/custom_msgs/share/custom_msgs/cmake/custom_msgs__rosidl_typesupport_cExport-noconfig.cmake
-- Installing: /home/p3zz/Documents/uni/robot-planning-project/install/custom_msgs/share/custom_msgs/cmake/custom_msgs__rosidl_typesupport_introspection_cppExport.cmake
-- Installing: /home/p3zz/Documents/uni/robot-planning-project/install/custom_msgs/share/custom_msgs/cmake/custom_msgs__rosidl_typesupport_introspection_cppExport-noconfig.cmake
-- Installing: /home/p3zz/Documents/uni/robot-planning-project/install/custom_msgs/share/custom_msgs/cmake/custom_msgs__rosidl_typesupport_cppExport.cmake
-- Installing: /home/p3zz/Documents/uni/robot-planning-project/install/custom_msgs/share/custom_msgs/cmake/custom_msgs__rosidl_typesupport_cppExport-noconfig.cmake
-- Installing: /home/p3zz/Documents/uni/robot-planning-project/install/custom_msgs/share/custom_msgs/cmake/export_custom_msgs__rosidl_generator_pyExport.cmake
-- Installing: /home/p3zz/Documents/uni/robot-planning-project/install/custom_msgs/share/custom_msgs/cmake/export_custom_msgs__rosidl_generator_pyExport-noconfig.cmake
-- Installing: /home/p3zz/Documents/uni/robot-planning-project/install/custom_msgs/share/custom_msgs/cmake/rosidl_cmake-extras.cmake
-- Installing: /home/p3zz/Documents/uni/robot-planning-project/install/custom_msgs/share/custom_msgs/cmake/ament_cmake_export_dependencies-extras.cmake
-- Installing: /home/p3zz/Documents/uni/robot-planning-project/install/custom_msgs/share/custom_msgs/cmake/ament_cmake_export_include_directories-extras.cmake
-- Installing: /home/p3zz/Documents/uni/robot-planning-project/install/custom_msgs/share/custom_msgs/cmake/ament_cmake_export_libraries-extras.cmake
-- Installing: /home/p3zz/Documents/uni/robot-planning-project/install/custom_msgs/share/custom_msgs/cmake/ament_cmake_export_targets-extras.cmake
-- Installing: /home/p3zz/Documents/uni/robot-planning-project/install/custom_msgs/share/custom_msgs/cmake/rosidl_cmake_export_typesupport_targets-extras.cmake
-- Installing: /home/p3zz/Documents/uni/robot-planning-project/install/custom_msgs/share/custom_msgs/cmake/rosidl_cmake_export_typesupport_libraries-extras.cmake
-- Installing: /home/p3zz/Documents/uni/robot-planning-project/install/custom_msgs/share/custom_msgs/cmake/custom_msgsConfig.cmake
-- Installing: /home/p3zz/Documents/uni/robot-planning-project/install/custom_msgs/share/custom_msgs/cmake/custom_msgsConfig-version.cmake
-- Installing: /home/p3zz/Documents/uni/robot-planning-project/install/custom_msgs/share/custom_msgs/package.xml
