[0.014s] Invoking command in '/home/p3zz/Documents/uni/robot-planning-project/build/custom_msgs': CMAKE_PREFIX_PATH=${CMAKE_PREFIX_PATH}:/opt/ros/humble /usr/bin/cmake --build /home/p3zz/Documents/uni/robot-planning-project/build/custom_msgs -- -j8 -l8
[0.066s] [  1%] Built target custom_msgs__cpp
[0.067s] [ 12%] Built target custom_msgs__rosidl_generator_c
[0.079s] [ 12%] Built target ament_cmake_python_copy_custom_msgs
[0.099s] [ 27%] Built target custom_msgs__rosidl_typesupport_cpp
[0.099s] [ 34%] Built target custom_msgs__rosidl_typesupport_introspection_c
[0.101s] [ 61%] Built target custom_msgs__rosidl_typesupport_fastrtps_c
[0.101s] [ 61%] Built target custom_msgs__rosidl_typesupport_fastrtps_cpp
[0.101s] [ 74%] Built target custom_msgs__rosidl_typesupport_c
[0.102s] [ 78%] Built target custom_msgs__rosidl_typesupport_introspection_cpp
[0.123s] [ 78%] Built target custom_msgs
[0.146s] [ 80%] Built target custom_msgs__py
[0.170s] [ 89%] Built target custom_msgs__rosidl_generator_py
[0.192s] [100%] Built target custom_msgs__rosidl_typesupport_introspection_c__pyext
[0.193s] [100%] Built target custom_msgs__rosidl_typesupport_fastrtps_c__pyext
[0.193s] [100%] Built target custom_msgs__rosidl_typesupport_c__pyext
[0.336s] running egg_info
[0.337s] writing custom_msgs.egg-info/PKG-INFO
[0.337s] writing dependency_links to custom_msgs.egg-info/dependency_links.txt
[0.337s] writing top-level names to custom_msgs.egg-info/top_level.txt
[0.340s] reading manifest file 'custom_msgs.egg-info/SOURCES.txt'
[0.343s] writing manifest file 'custom_msgs.egg-info/SOURCES.txt'
[0.369s] [100%] Built target ament_cmake_python_build_custom_msgs_egg
[0.381s] Invoked command in '/home/p3zz/Documents/uni/robot-planning-project/build/custom_msgs' returned '0': CMAKE_PREFIX_PATH=${CMAKE_PREFIX_PATH}:/opt/ros/humble /usr/bin/cmake --build /home/p3zz/Documents/uni/robot-planning-project/build/custom_msgs -- -j8 -l8
[0.519s] Invoking command in '/home/p3zz/Documents/uni/robot-planning-project/build/custom_msgs': CMAKE_PREFIX_PATH=${CMAKE_PREFIX_PATH}:/opt/ros/humble /usr/bin/cmake --install /home/p3zz/Documents/uni/robot-planning-project/build/custom_msgs
[0.529s] -- Install configuration: ""
[0.529s] -- Installing: /home/p3zz/Documents/uni/robot-planning-project/install/custom_msgs/share/ament_index/resource_index/rosidl_interfaces/custom_msgs
[0.529s] -- Installing: /home/p3zz/Documents/uni/robot-planning-project/install/custom_msgs/include/custom_msgs/custom_msgs
[0.529s] -- Installing: /home/p3zz/Documents/uni/robot-planning-project/install/custom_msgs/include/custom_msgs/custom_msgs/msg
[0.529s] -- Installing: /home/p3zz/Documents/uni/robot-planning-project/install/custom_msgs/include/custom_msgs/custom_msgs/msg/obstacle_array_msg.h
[0.530s] -- Installing: /home/p3zz/Documents/uni/robot-planning-project/install/custom_msgs/include/custom_msgs/custom_msgs/msg/geometry_graph.h
[0.530s] -- Installing: /home/p3zz/Documents/uni/robot-planning-project/install/custom_msgs/include/custom_msgs/custom_msgs/msg/obstacle_msg.h
[0.530s] -- Installing: /home/p3zz/Documents/uni/robot-planning-project/install/custom_msgs/include/custom_msgs/custom_msgs/msg/edges.h
[0.530s] -- Installing: /home/p3zz/Documents/uni/robot-planning-project/install/custom_msgs/include/custom_msgs/custom_msgs/msg/detail
[0.530s] -- Installing: /home/p3zz/Documents/uni/robot-planning-project/install/custom_msgs/include/custom_msgs/custom_msgs/msg/detail/edges__struct.h
[0.530s] -- Installing: /home/p3zz/Documents/uni/robot-planning-project/install/custom_msgs/include/custom_msgs/custom_msgs/msg/detail/obstacle_msg__type_support.h
[0.530s] -- Installing: /home/p3zz/Documents/uni/robot-planning-project/install/custom_msgs/include/custom_msgs/custom_msgs/msg/detail/obstacle_msg__functions.c
[0.531s] -- Installing: /home/p3zz/Documents/uni/robot-planning-project/install/custom_msgs/include/custom_msgs/custom_msgs/msg/detail/obstacle_msg__functions.h
[0.531s] -- Installing: /home/p3zz/Documents/uni/robot-planning-project/install/custom_msgs/include/custom_msgs/custom_msgs/msg/detail/edges__functions.h
[0.531s] -- Installing: /home/p3zz/Documents/uni/robot-planning-project/install/custom_msgs/include/custom_msgs/custom_msgs/msg/detail/obstacle_array_msg__functions.h
[0.531s] -- Installing: /home/p3zz/Documents/uni/robot-planning-project/install/custom_msgs/include/custom_msgs/custom_msgs/msg/detail/geometry_graph__type_support.h
[0.531s] -- Installing: /home/p3zz/Documents/uni/robot-planning-project/install/custom_msgs/include/custom_msgs/custom_msgs/msg/detail/obstacle_array_msg__functions.c
[0.532s] -- Installing: /home/p3zz/Documents/uni/robot-planning-project/install/custom_msgs/include/custom_msgs/custom_msgs/msg/detail/geometry_graph__functions.c
[0.532s] -- Installing: /home/p3zz/Documents/uni/robot-planning-project/install/custom_msgs/include/custom_msgs/custom_msgs/msg/detail/obstacle_array_msg__type_support.h
[0.532s] -- Installing: /home/p3zz/Documents/uni/robot-planning-project/install/custom_msgs/include/custom_msgs/custom_msgs/msg/detail/geometry_graph__functions.h
[0.532s] -- Installing: /home/p3zz/Documents/uni/robot-planning-project/install/custom_msgs/include/custom_msgs/custom_msgs/msg/detail/obstacle_array_msg__struct.h
[0.532s] -- Installing: /home/p3zz/Documents/uni/robot-planning-project/install/custom_msgs/include/custom_msgs/custom_msgs/msg/detail/edges__type_support.h
[0.533s] -- Installing: /home/p3zz/Documents/uni/robot-planning-project/install/custom_msgs/include/custom_msgs/custom_msgs/msg/detail/edges__functions.c
[0.533s] -- Installing: /home/p3zz/Documents/uni/robot-planning-project/install/custom_msgs/include/custom_msgs/custom_msgs/msg/detail/geometry_graph__struct.h
[0.533s] -- Installing: /home/p3zz/Documents/uni/robot-planning-project/install/custom_msgs/include/custom_msgs/custom_msgs/msg/detail/obstacle_msg__struct.h
[0.533s] -- Installing: /home/p3zz/Documents/uni/robot-planning-project/install/custom_msgs/include/custom_msgs/custom_msgs/msg/rosidl_generator_c__visibility_control.h
[0.533s] -- Installing: /home/p3zz/Documents/uni/robot-planning-project/install/custom_msgs/share/custom_msgs/environment/library_path.sh
[0.534s] -- Installing: /home/p3zz/Documents/uni/robot-planning-project/install/custom_msgs/share/custom_msgs/environment/library_path.dsv
[0.534s] -- Installing: /home/p3zz/Documents/uni/robot-planning-project/install/custom_msgs/lib/libcustom_msgs__rosidl_generator_c.so
[0.535s] -- Set runtime path of "/home/p3zz/Documents/uni/robot-planning-project/install/custom_msgs/lib/libcustom_msgs__rosidl_generator_c.so" to ""
[0.535s] -- Up-to-date: /home/p3zz/Documents/uni/robot-planning-project/install/custom_msgs/include/custom_msgs/custom_msgs
[0.535s] -- Up-to-date: /home/p3zz/Documents/uni/robot-planning-project/install/custom_msgs/include/custom_msgs/custom_msgs/msg
[0.535s] -- Installing: /home/p3zz/Documents/uni/robot-planning-project/install/custom_msgs/include/custom_msgs/custom_msgs/msg/rosidl_typesupport_fastrtps_c__visibility_control.h
[0.535s] -- Up-to-date: /home/p3zz/Documents/uni/robot-planning-project/install/custom_msgs/include/custom_msgs/custom_msgs/msg/detail
[0.536s] -- Installing: /home/p3zz/Documents/uni/robot-planning-project/install/custom_msgs/include/custom_msgs/custom_msgs/msg/detail/obstacle_array_msg__rosidl_typesupport_fastrtps_c.h
[0.536s] -- Installing: /home/p3zz/Documents/uni/robot-planning-project/install/custom_msgs/include/custom_msgs/custom_msgs/msg/detail/obstacle_msg__rosidl_typesupport_fastrtps_c.h
[0.536s] -- Installing: /home/p3zz/Documents/uni/robot-planning-project/install/custom_msgs/include/custom_msgs/custom_msgs/msg/detail/geometry_graph__rosidl_typesupport_fastrtps_c.h
[0.536s] -- Installing: /home/p3zz/Documents/uni/robot-planning-project/install/custom_msgs/include/custom_msgs/custom_msgs/msg/detail/edges__rosidl_typesupport_fastrtps_c.h
[0.536s] -- Installing: /home/p3zz/Documents/uni/robot-planning-project/install/custom_msgs/lib/libcustom_msgs__rosidl_typesupport_fastrtps_c.so
[0.537s] -- Set runtime path of "/home/p3zz/Documents/uni/robot-planning-project/install/custom_msgs/lib/libcustom_msgs__rosidl_typesupport_fastrtps_c.so" to ""
[0.537s] -- Up-to-date: /home/p3zz/Documents/uni/robot-planning-project/install/custom_msgs/include/custom_msgs/custom_msgs
[0.537s] -- Up-to-date: /home/p3zz/Documents/uni/robot-planning-project/install/custom_msgs/include/custom_msgs/custom_msgs/msg
[0.537s] -- Installing: /home/p3zz/Documents/uni/robot-planning-project/install/custom_msgs/include/custom_msgs/custom_msgs/msg/obstacle_msg.hpp
[0.537s] -- Installing: /home/p3zz/Documents/uni/robot-planning-project/install/custom_msgs/include/custom_msgs/custom_msgs/msg/edges.hpp
[0.537s] -- Installing: /home/p3zz/Documents/uni/robot-planning-project/install/custom_msgs/include/custom_msgs/custom_msgs/msg/geometry_graph.hpp
[0.538s] -- Installing: /home/p3zz/Documents/uni/robot-planning-project/install/custom_msgs/include/custom_msgs/custom_msgs/msg/obstacle_array_msg.hpp
[0.538s] -- Up-to-date: /home/p3zz/Documents/uni/robot-planning-project/install/custom_msgs/include/custom_msgs/custom_msgs/msg/detail
[0.538s] -- Installing: /home/p3zz/Documents/uni/robot-planning-project/install/custom_msgs/include/custom_msgs/custom_msgs/msg/detail/obstacle_array_msg__builder.hpp
[0.538s] -- Installing: /home/p3zz/Documents/uni/robot-planning-project/install/custom_msgs/include/custom_msgs/custom_msgs/msg/detail/obstacle_array_msg__struct.hpp
[0.538s] -- Installing: /home/p3zz/Documents/uni/robot-planning-project/install/custom_msgs/include/custom_msgs/custom_msgs/msg/detail/obstacle_msg__builder.hpp
[0.538s] -- Installing: /home/p3zz/Documents/uni/robot-planning-project/install/custom_msgs/include/custom_msgs/custom_msgs/msg/detail/obstacle_msg__struct.hpp
[0.539s] -- Installing: /home/p3zz/Documents/uni/robot-planning-project/install/custom_msgs/include/custom_msgs/custom_msgs/msg/detail/geometry_graph__traits.hpp
[0.539s] -- Installing: /home/p3zz/Documents/uni/robot-planning-project/install/custom_msgs/include/custom_msgs/custom_msgs/msg/detail/obstacle_msg__traits.hpp
[0.539s] -- Installing: /home/p3zz/Documents/uni/robot-planning-project/install/custom_msgs/include/custom_msgs/custom_msgs/msg/detail/edges__traits.hpp
[0.539s] -- Installing: /home/p3zz/Documents/uni/robot-planning-project/install/custom_msgs/include/custom_msgs/custom_msgs/msg/detail/geometry_graph__struct.hpp
[0.539s] -- Installing: /home/p3zz/Documents/uni/robot-planning-project/install/custom_msgs/include/custom_msgs/custom_msgs/msg/detail/obstacle_array_msg__traits.hpp
[0.540s] -- Installing: /home/p3zz/Documents/uni/robot-planning-project/install/custom_msgs/include/custom_msgs/custom_msgs/msg/detail/edges__struct.hpp
[0.540s] -- Installing: /home/p3zz/Documents/uni/robot-planning-project/install/custom_msgs/include/custom_msgs/custom_msgs/msg/detail/geometry_graph__builder.hpp
[0.540s] -- Installing: /home/p3zz/Documents/uni/robot-planning-project/install/custom_msgs/include/custom_msgs/custom_msgs/msg/detail/edges__builder.hpp
[0.540s] -- Up-to-date: /home/p3zz/Documents/uni/robot-planning-project/install/custom_msgs/include/custom_msgs/custom_msgs
[0.541s] -- Up-to-date: /home/p3zz/Documents/uni/robot-planning-project/install/custom_msgs/include/custom_msgs/custom_msgs/msg
[0.541s] -- Installing: /home/p3zz/Documents/uni/robot-planning-project/install/custom_msgs/include/custom_msgs/custom_msgs/msg/rosidl_typesupport_fastrtps_cpp__visibility_control.h
[0.541s] -- Up-to-date: /home/p3zz/Documents/uni/robot-planning-project/install/custom_msgs/include/custom_msgs/custom_msgs/msg/detail
[0.541s] -- Installing: /home/p3zz/Documents/uni/robot-planning-project/install/custom_msgs/include/custom_msgs/custom_msgs/msg/detail/obstacle_msg__rosidl_typesupport_fastrtps_cpp.hpp
[0.541s] -- Installing: /home/p3zz/Documents/uni/robot-planning-project/install/custom_msgs/include/custom_msgs/custom_msgs/msg/detail/geometry_graph__rosidl_typesupport_fastrtps_cpp.hpp
[0.541s] -- Installing: /home/p3zz/Documents/uni/robot-planning-project/install/custom_msgs/include/custom_msgs/custom_msgs/msg/detail/edges__rosidl_typesupport_fastrtps_cpp.hpp
[0.541s] -- Installing: /home/p3zz/Documents/uni/robot-planning-project/install/custom_msgs/include/custom_msgs/custom_msgs/msg/detail/dds_fastrtps
[0.541s] -- Installing: /home/p3zz/Documents/uni/robot-planning-project/install/custom_msgs/include/custom_msgs/custom_msgs/msg/detail/obstacle_array_msg__rosidl_typesupport_fastrtps_cpp.hpp
[0.541s] -- Installing: /home/p3zz/Documents/uni/robot-planning-project/install/custom_msgs/lib/libcustom_msgs__rosidl_typesupport_fastrtps_cpp.so
[0.542s] -- Set runtime path of "/home/p3zz/Documents/uni/robot-planning-project/install/custom_msgs/lib/libcustom_msgs__rosidl_typesupport_fastrtps_cpp.so" to ""
[0.542s] -- Up-to-date: /home/p3zz/Documents/uni/robot-planning-project/install/custom_msgs/include/custom_msgs/custom_msgs
[0.542s] -- Up-to-date: /home/p3zz/Documents/uni/robot-planning-project/install/custom_msgs/include/custom_msgs/custom_msgs/msg
[0.542s] -- Installing: /home/p3zz/Documents/uni/robot-planning-project/install/custom_msgs/include/custom_msgs/custom_msgs/msg/rosidl_typesupport_introspection_c__visibility_control.h
[0.542s] -- Up-to-date: /home/p3zz/Documents/uni/robot-planning-project/install/custom_msgs/include/custom_msgs/custom_msgs/msg/detail
[0.542s] -- Installing: /home/p3zz/Documents/uni/robot-planning-project/install/custom_msgs/include/custom_msgs/custom_msgs/msg/detail/obstacle_array_msg__rosidl_typesupport_introspection_c.h
[0.543s] -- Installing: /home/p3zz/Documents/uni/robot-planning-project/install/custom_msgs/include/custom_msgs/custom_msgs/msg/detail/geometry_graph__type_support.c
[0.543s] -- Installing: /home/p3zz/Documents/uni/robot-planning-project/install/custom_msgs/include/custom_msgs/custom_msgs/msg/detail/edges__type_support.c
[0.543s] -- Installing: /home/p3zz/Documents/uni/robot-planning-project/install/custom_msgs/include/custom_msgs/custom_msgs/msg/detail/obstacle_msg__type_support.c
[0.543s] -- Installing: /home/p3zz/Documents/uni/robot-planning-project/install/custom_msgs/include/custom_msgs/custom_msgs/msg/detail/geometry_graph__rosidl_typesupport_introspection_c.h
[0.543s] -- Installing: /home/p3zz/Documents/uni/robot-planning-project/install/custom_msgs/include/custom_msgs/custom_msgs/msg/detail/edges__rosidl_typesupport_introspection_c.h
[0.543s] -- Installing: /home/p3zz/Documents/uni/robot-planning-project/install/custom_msgs/include/custom_msgs/custom_msgs/msg/detail/obstacle_array_msg__type_support.c
[0.543s] -- Installing: /home/p3zz/Documents/uni/robot-planning-project/install/custom_msgs/include/custom_msgs/custom_msgs/msg/detail/obstacle_msg__rosidl_typesupport_introspection_c.h
[0.543s] -- Installing: /home/p3zz/Documents/uni/robot-planning-project/install/custom_msgs/lib/libcustom_msgs__rosidl_typesupport_introspection_c.so
[0.544s] -- Set runtime path of "/home/p3zz/Documents/uni/robot-planning-project/install/custom_msgs/lib/libcustom_msgs__rosidl_typesupport_introspection_c.so" to ""
[0.544s] -- Installing: /home/p3zz/Documents/uni/robot-planning-project/install/custom_msgs/lib/libcustom_msgs__rosidl_typesupport_c.so
[0.544s] -- Set runtime path of "/home/p3zz/Documents/uni/robot-planning-project/install/custom_msgs/lib/libcustom_msgs__rosidl_typesupport_c.so" to ""
[0.545s] -- Up-to-date: /home/p3zz/Documents/uni/robot-planning-project/install/custom_msgs/include/custom_msgs/custom_msgs
[0.545s] -- Up-to-date: /home/p3zz/Documents/uni/robot-planning-project/install/custom_msgs/include/custom_msgs/custom_msgs/msg
[0.545s] -- Up-to-date: /home/p3zz/Documents/uni/robot-planning-project/install/custom_msgs/include/custom_msgs/custom_msgs/msg/detail
[0.545s] -- Installing: /home/p3zz/Documents/uni/robot-planning-project/install/custom_msgs/include/custom_msgs/custom_msgs/msg/detail/edges__type_support.cpp
[0.545s] -- Installing: /home/p3zz/Documents/uni/robot-planning-project/install/custom_msgs/include/custom_msgs/custom_msgs/msg/detail/edges__rosidl_typesupport_introspection_cpp.hpp
[0.545s] -- Installing: /home/p3zz/Documents/uni/robot-planning-project/install/custom_msgs/include/custom_msgs/custom_msgs/msg/detail/geometry_graph__rosidl_typesupport_introspection_cpp.hpp
[0.545s] -- Installing: /home/p3zz/Documents/uni/robot-planning-project/install/custom_msgs/include/custom_msgs/custom_msgs/msg/detail/obstacle_array_msg__rosidl_typesupport_introspection_cpp.hpp
[0.545s] -- Installing: /home/p3zz/Documents/uni/robot-planning-project/install/custom_msgs/include/custom_msgs/custom_msgs/msg/detail/obstacle_array_msg__type_support.cpp
[0.545s] -- Installing: /home/p3zz/Documents/uni/robot-planning-project/install/custom_msgs/include/custom_msgs/custom_msgs/msg/detail/obstacle_msg__type_support.cpp
[0.545s] -- Installing: /home/p3zz/Documents/uni/robot-planning-project/install/custom_msgs/include/custom_msgs/custom_msgs/msg/detail/obstacle_msg__rosidl_typesupport_introspection_cpp.hpp
[0.546s] -- Installing: /home/p3zz/Documents/uni/robot-planning-project/install/custom_msgs/include/custom_msgs/custom_msgs/msg/detail/geometry_graph__type_support.cpp
[0.546s] -- Installing: /home/p3zz/Documents/uni/robot-planning-project/install/custom_msgs/lib/libcustom_msgs__rosidl_typesupport_introspection_cpp.so
[0.546s] -- Set runtime path of "/home/p3zz/Documents/uni/robot-planning-project/install/custom_msgs/lib/libcustom_msgs__rosidl_typesupport_introspection_cpp.so" to ""
[0.547s] -- Installing: /home/p3zz/Documents/uni/robot-planning-project/install/custom_msgs/lib/libcustom_msgs__rosidl_typesupport_cpp.so
[0.547s] -- Set runtime path of "/home/p3zz/Documents/uni/robot-planning-project/install/custom_msgs/lib/libcustom_msgs__rosidl_typesupport_cpp.so" to ""
[0.547s] -- Installing: /home/p3zz/Documents/uni/robot-planning-project/install/custom_msgs/share/custom_msgs/environment/pythonpath.sh
[0.547s] -- Installing: /home/p3zz/Documents/uni/robot-planning-project/install/custom_msgs/share/custom_msgs/environment/pythonpath.dsv
[0.547s] -- Installing: /home/p3zz/Documents/uni/robot-planning-project/install/custom_msgs/local/lib/python3.10/dist-packages/custom_msgs-0.1.2-py3.10.egg-info
[0.548s] -- Installing: /home/p3zz/Documents/uni/robot-planning-project/install/custom_msgs/local/lib/python3.10/dist-packages/custom_msgs-0.1.2-py3.10.egg-info/dependency_links.txt
[0.548s] -- Installing: /home/p3zz/Documents/uni/robot-planning-project/install/custom_msgs/local/lib/python3.10/dist-packages/custom_msgs-0.1.2-py3.10.egg-info/PKG-INFO
[0.548s] -- Installing: /home/p3zz/Documents/uni/robot-planning-project/install/custom_msgs/local/lib/python3.10/dist-packages/custom_msgs-0.1.2-py3.10.egg-info/SOURCES.txt
[0.548s] -- Installing: /home/p3zz/Documents/uni/robot-planning-project/install/custom_msgs/local/lib/python3.10/dist-packages/custom_msgs-0.1.2-py3.10.egg-info/top_level.txt
[0.548s] -- Installing: /home/p3zz/Documents/uni/robot-planning-project/install/custom_msgs/local/lib/python3.10/dist-packages/custom_msgs
[0.548s] -- Installing: /home/p3zz/Documents/uni/robot-planning-project/install/custom_msgs/local/lib/python3.10/dist-packages/custom_msgs/custom_msgs_s__rosidl_typesupport_fastrtps_c.cpython-310-x86_64-linux-gnu.so
[0.549s] -- Installing: /home/p3zz/Documents/uni/robot-planning-project/install/custom_msgs/local/lib/python3.10/dist-packages/custom_msgs/_custom_msgs_s.ep.rosidl_typesupport_c.c
[0.549s] -- Installing: /home/p3zz/Documents/uni/robot-planning-project/install/custom_msgs/local/lib/python3.10/dist-packages/custom_msgs/libcustom_msgs__rosidl_generator_py.so
[0.549s] -- Installing: /home/p3zz/Documents/uni/robot-planning-project/install/custom_msgs/local/lib/python3.10/dist-packages/custom_msgs/msg
[0.549s] -- Installing: /home/p3zz/Documents/uni/robot-planning-project/install/custom_msgs/local/lib/python3.10/dist-packages/custom_msgs/msg/_edges.py
[0.549s] -- Installing: /home/p3zz/Documents/uni/robot-planning-project/install/custom_msgs/local/lib/python3.10/dist-packages/custom_msgs/msg/_obstacle_array_msg.py
[0.550s] -- Installing: /home/p3zz/Documents/uni/robot-planning-project/install/custom_msgs/local/lib/python3.10/dist-packages/custom_msgs/msg/_geometry_graph.py
[0.550s] -- Installing: /home/p3zz/Documents/uni/robot-planning-project/install/custom_msgs/local/lib/python3.10/dist-packages/custom_msgs/msg/_obstacle_msg.py
[0.550s] -- Installing: /home/p3zz/Documents/uni/robot-planning-project/install/custom_msgs/local/lib/python3.10/dist-packages/custom_msgs/msg/_obstacle_array_msg_s.c
[0.550s] -- Installing: /home/p3zz/Documents/uni/robot-planning-project/install/custom_msgs/local/lib/python3.10/dist-packages/custom_msgs/msg/_edges_s.c
[0.550s] -- Installing: /home/p3zz/Documents/uni/robot-planning-project/install/custom_msgs/local/lib/python3.10/dist-packages/custom_msgs/msg/__init__.py
[0.550s] -- Installing: /home/p3zz/Documents/uni/robot-planning-project/install/custom_msgs/local/lib/python3.10/dist-packages/custom_msgs/msg/_geometry_graph_s.c
[0.551s] -- Installing: /home/p3zz/Documents/uni/robot-planning-project/install/custom_msgs/local/lib/python3.10/dist-packages/custom_msgs/msg/_obstacle_msg_s.c
[0.551s] -- Installing: /home/p3zz/Documents/uni/robot-planning-project/install/custom_msgs/local/lib/python3.10/dist-packages/custom_msgs/_custom_msgs_s.ep.rosidl_typesupport_fastrtps_c.c
[0.551s] -- Installing: /home/p3zz/Documents/uni/robot-planning-project/install/custom_msgs/local/lib/python3.10/dist-packages/custom_msgs/_custom_msgs_s.ep.rosidl_typesupport_introspection_c.c
[0.551s] -- Installing: /home/p3zz/Documents/uni/robot-planning-project/install/custom_msgs/local/lib/python3.10/dist-packages/custom_msgs/custom_msgs_s__rosidl_typesupport_c.cpython-310-x86_64-linux-gnu.so
[0.551s] -- Installing: /home/p3zz/Documents/uni/robot-planning-project/install/custom_msgs/local/lib/python3.10/dist-packages/custom_msgs/__init__.py
[0.551s] -- Installing: /home/p3zz/Documents/uni/robot-planning-project/install/custom_msgs/local/lib/python3.10/dist-packages/custom_msgs/custom_msgs_s__rosidl_typesupport_introspection_c.cpython-310-x86_64-linux-gnu.so
[0.612s] Listing '/home/p3zz/Documents/uni/robot-planning-project/install/custom_msgs/local/lib/python3.10/dist-packages/custom_msgs'...
[0.613s] Compiling '/home/p3zz/Documents/uni/robot-planning-project/install/custom_msgs/local/lib/python3.10/dist-packages/custom_msgs/__init__.py'...
[0.613s] Listing '/home/p3zz/Documents/uni/robot-planning-project/install/custom_msgs/local/lib/python3.10/dist-packages/custom_msgs/msg'...
[0.613s] Compiling '/home/p3zz/Documents/uni/robot-planning-project/install/custom_msgs/local/lib/python3.10/dist-packages/custom_msgs/msg/__init__.py'...
[0.613s] Compiling '/home/p3zz/Documents/uni/robot-planning-project/install/custom_msgs/local/lib/python3.10/dist-packages/custom_msgs/msg/_edges.py'...
[0.613s] Compiling '/home/p3zz/Documents/uni/robot-planning-project/install/custom_msgs/local/lib/python3.10/dist-packages/custom_msgs/msg/_geometry_graph.py'...
[0.613s] Compiling '/home/p3zz/Documents/uni/robot-planning-project/install/custom_msgs/local/lib/python3.10/dist-packages/custom_msgs/msg/_obstacle_array_msg.py'...
[0.613s] Compiling '/home/p3zz/Documents/uni/robot-planning-project/install/custom_msgs/local/lib/python3.10/dist-packages/custom_msgs/msg/_obstacle_msg.py'...
[0.617s] -- Installing: /home/p3zz/Documents/uni/robot-planning-project/install/custom_msgs/local/lib/python3.10/dist-packages/custom_msgs/custom_msgs_s__rosidl_typesupport_fastrtps_c.cpython-310-x86_64-linux-gnu.so
[0.617s] -- Set runtime path of "/home/p3zz/Documents/uni/robot-planning-project/install/custom_msgs/local/lib/python3.10/dist-packages/custom_msgs/custom_msgs_s__rosidl_typesupport_fastrtps_c.cpython-310-x86_64-linux-gnu.so" to ""
[0.618s] -- Installing: /home/p3zz/Documents/uni/robot-planning-project/install/custom_msgs/local/lib/python3.10/dist-packages/custom_msgs/custom_msgs_s__rosidl_typesupport_introspection_c.cpython-310-x86_64-linux-gnu.so
[0.618s] -- Set runtime path of "/home/p3zz/Documents/uni/robot-planning-project/install/custom_msgs/local/lib/python3.10/dist-packages/custom_msgs/custom_msgs_s__rosidl_typesupport_introspection_c.cpython-310-x86_64-linux-gnu.so" to ""
[0.619s] -- Installing: /home/p3zz/Documents/uni/robot-planning-project/install/custom_msgs/local/lib/python3.10/dist-packages/custom_msgs/custom_msgs_s__rosidl_typesupport_c.cpython-310-x86_64-linux-gnu.so
[0.619s] -- Set runtime path of "/home/p3zz/Documents/uni/robot-planning-project/install/custom_msgs/local/lib/python3.10/dist-packages/custom_msgs/custom_msgs_s__rosidl_typesupport_c.cpython-310-x86_64-linux-gnu.so" to ""
[0.619s] -- Installing: /home/p3zz/Documents/uni/robot-planning-project/install/custom_msgs/lib/libcustom_msgs__rosidl_generator_py.so
[0.620s] -- Set runtime path of "/home/p3zz/Documents/uni/robot-planning-project/install/custom_msgs/lib/libcustom_msgs__rosidl_generator_py.so" to ""
[0.620s] -- Installing: /home/p3zz/Documents/uni/robot-planning-project/install/custom_msgs/share/custom_msgs/msg/ObstacleMsg.idl
[0.620s] -- Installing: /home/p3zz/Documents/uni/robot-planning-project/install/custom_msgs/share/custom_msgs/msg/ObstacleArrayMsg.idl
[0.620s] -- Installing: /home/p3zz/Documents/uni/robot-planning-project/install/custom_msgs/share/custom_msgs/msg/Edges.idl
[0.621s] -- Installing: /home/p3zz/Documents/uni/robot-planning-project/install/custom_msgs/share/custom_msgs/msg/GeometryGraph.idl
[0.621s] -- Installing: /home/p3zz/Documents/uni/robot-planning-project/install/custom_msgs/share/custom_msgs/msg/ObstacleMsg.msg
[0.621s] -- Installing: /home/p3zz/Documents/uni/robot-planning-project/install/custom_msgs/share/custom_msgs/msg/ObstacleArrayMsg.msg
[0.621s] -- Installing: /home/p3zz/Documents/uni/robot-planning-project/install/custom_msgs/share/custom_msgs/msg/Edges.msg
[0.621s] -- Installing: /home/p3zz/Documents/uni/robot-planning-project/install/custom_msgs/share/custom_msgs/msg/GeometryGraph.msg
[0.622s] -- Installing: /home/p3zz/Documents/uni/robot-planning-project/install/custom_msgs/share/ament_index/resource_index/package_run_dependencies/custom_msgs
[0.622s] -- Installing: /home/p3zz/Documents/uni/robot-planning-project/install/custom_msgs/share/ament_index/resource_index/parent_prefix_path/custom_msgs
[0.622s] -- Installing: /home/p3zz/Documents/uni/robot-planning-project/install/custom_msgs/share/custom_msgs/environment/ament_prefix_path.sh
[0.622s] -- Installing: /home/p3zz/Documents/uni/robot-planning-project/install/custom_msgs/share/custom_msgs/environment/ament_prefix_path.dsv
[0.622s] -- Installing: /home/p3zz/Documents/uni/robot-planning-project/install/custom_msgs/share/custom_msgs/environment/path.sh
[0.622s] -- Installing: /home/p3zz/Documents/uni/robot-planning-project/install/custom_msgs/share/custom_msgs/environment/path.dsv
[0.623s] -- Installing: /home/p3zz/Documents/uni/robot-planning-project/install/custom_msgs/share/custom_msgs/local_setup.bash
[0.623s] -- Installing: /home/p3zz/Documents/uni/robot-planning-project/install/custom_msgs/share/custom_msgs/local_setup.sh
[0.623s] -- Installing: /home/p3zz/Documents/uni/robot-planning-project/install/custom_msgs/share/custom_msgs/local_setup.zsh
[0.623s] -- Installing: /home/p3zz/Documents/uni/robot-planning-project/install/custom_msgs/share/custom_msgs/local_setup.dsv
[0.623s] -- Installing: /home/p3zz/Documents/uni/robot-planning-project/install/custom_msgs/share/custom_msgs/package.dsv
[0.624s] -- Installing: /home/p3zz/Documents/uni/robot-planning-project/install/custom_msgs/share/ament_index/resource_index/packages/custom_msgs
[0.624s] -- Installing: /home/p3zz/Documents/uni/robot-planning-project/install/custom_msgs/share/custom_msgs/cmake/export_custom_msgs__rosidl_generator_cExport.cmake
[0.624s] -- Installing: /home/p3zz/Documents/uni/robot-planning-project/install/custom_msgs/share/custom_msgs/cmake/export_custom_msgs__rosidl_generator_cExport-noconfig.cmake
[0.624s] -- Installing: /home/p3zz/Documents/uni/robot-planning-project/install/custom_msgs/share/custom_msgs/cmake/export_custom_msgs__rosidl_typesupport_fastrtps_cExport.cmake
[0.625s] -- Installing: /home/p3zz/Documents/uni/robot-planning-project/install/custom_msgs/share/custom_msgs/cmake/export_custom_msgs__rosidl_typesupport_fastrtps_cExport-noconfig.cmake
[0.625s] -- Installing: /home/p3zz/Documents/uni/robot-planning-project/install/custom_msgs/share/custom_msgs/cmake/export_custom_msgs__rosidl_generator_cppExport.cmake
[0.625s] -- Installing: /home/p3zz/Documents/uni/robot-planning-project/install/custom_msgs/share/custom_msgs/cmake/export_custom_msgs__rosidl_typesupport_fastrtps_cppExport.cmake
[0.625s] -- Installing: /home/p3zz/Documents/uni/robot-planning-project/install/custom_msgs/share/custom_msgs/cmake/export_custom_msgs__rosidl_typesupport_fastrtps_cppExport-noconfig.cmake
[0.625s] -- Installing: /home/p3zz/Documents/uni/robot-planning-project/install/custom_msgs/share/custom_msgs/cmake/custom_msgs__rosidl_typesupport_introspection_cExport.cmake
[0.626s] -- Installing: /home/p3zz/Documents/uni/robot-planning-project/install/custom_msgs/share/custom_msgs/cmake/custom_msgs__rosidl_typesupport_introspection_cExport-noconfig.cmake
[0.626s] -- Installing: /home/p3zz/Documents/uni/robot-planning-project/install/custom_msgs/share/custom_msgs/cmake/custom_msgs__rosidl_typesupport_cExport.cmake
[0.626s] -- Installing: /home/p3zz/Documents/uni/robot-planning-project/install/custom_msgs/share/custom_msgs/cmake/custom_msgs__rosidl_typesupport_cExport-noconfig.cmake
[0.626s] -- Installing: /home/p3zz/Documents/uni/robot-planning-project/install/custom_msgs/share/custom_msgs/cmake/custom_msgs__rosidl_typesupport_introspection_cppExport.cmake
[0.626s] -- Installing: /home/p3zz/Documents/uni/robot-planning-project/install/custom_msgs/share/custom_msgs/cmake/custom_msgs__rosidl_typesupport_introspection_cppExport-noconfig.cmake
[0.627s] -- Installing: /home/p3zz/Documents/uni/robot-planning-project/install/custom_msgs/share/custom_msgs/cmake/custom_msgs__rosidl_typesupport_cppExport.cmake
[0.627s] -- Installing: /home/p3zz/Documents/uni/robot-planning-project/install/custom_msgs/share/custom_msgs/cmake/custom_msgs__rosidl_typesupport_cppExport-noconfig.cmake
[0.627s] -- Installing: /home/p3zz/Documents/uni/robot-planning-project/install/custom_msgs/share/custom_msgs/cmake/export_custom_msgs__rosidl_generator_pyExport.cmake
[0.627s] -- Installing: /home/p3zz/Documents/uni/robot-planning-project/install/custom_msgs/share/custom_msgs/cmake/export_custom_msgs__rosidl_generator_pyExport-noconfig.cmake
[0.627s] -- Installing: /home/p3zz/Documents/uni/robot-planning-project/install/custom_msgs/share/custom_msgs/cmake/rosidl_cmake-extras.cmake
[0.628s] -- Installing: /home/p3zz/Documents/uni/robot-planning-project/install/custom_msgs/share/custom_msgs/cmake/ament_cmake_export_dependencies-extras.cmake
[0.628s] -- Installing: /home/p3zz/Documents/uni/robot-planning-project/install/custom_msgs/share/custom_msgs/cmake/ament_cmake_export_include_directories-extras.cmake
[0.628s] -- Installing: /home/p3zz/Documents/uni/robot-planning-project/install/custom_msgs/share/custom_msgs/cmake/ament_cmake_export_libraries-extras.cmake
[0.628s] -- Installing: /home/p3zz/Documents/uni/robot-planning-project/install/custom_msgs/share/custom_msgs/cmake/ament_cmake_export_targets-extras.cmake
[0.628s] -- Installing: /home/p3zz/Documents/uni/robot-planning-project/install/custom_msgs/share/custom_msgs/cmake/rosidl_cmake_export_typesupport_targets-extras.cmake
[0.629s] -- Installing: /home/p3zz/Documents/uni/robot-planning-project/install/custom_msgs/share/custom_msgs/cmake/rosidl_cmake_export_typesupport_libraries-extras.cmake
[0.629s] -- Installing: /home/p3zz/Documents/uni/robot-planning-project/install/custom_msgs/share/custom_msgs/cmake/custom_msgsConfig.cmake
[0.629s] -- Installing: /home/p3zz/Documents/uni/robot-planning-project/install/custom_msgs/share/custom_msgs/cmake/custom_msgsConfig-version.cmake
[0.629s] -- Installing: /home/p3zz/Documents/uni/robot-planning-project/install/custom_msgs/share/custom_msgs/package.xml
[0.632s] Invoked command in '/home/p3zz/Documents/uni/robot-planning-project/build/custom_msgs' returned '0': CMAKE_PREFIX_PATH=${CMAKE_PREFIX_PATH}:/opt/ros/humble /usr/bin/cmake --install /home/p3zz/Documents/uni/robot-planning-project/build/custom_msgs
