[0.021s] Invoking command in '/home/p3zz/Documents/uni/robot-planning-project/build/shelfino': CMAKE_PREFIX_PATH=/home/p3zz/Documents/uni/robot-planning-project/install/shapes:/home/p3zz/Documents/uni/robot-planning-project/install/custom_msgs:/home/p3zz/Documents/uni/robot-planning-project/install/utils:/home/p3zz/Documents/uni/robot-planning-project/install/shelfino:/home/p3zz/Documents/uni/robot-planning-project/install/map:/home/p3zz/Documents/uni/robot-planning-project/install/dubins:/home/p3zz/Documents/uni/robot-planning-project/install/decisions:/opt/ros/humble LD_LIBRARY_PATH=/home/p3zz/Documents/uni/robot-planning-project/install/custom_msgs/lib:/usr/lib/x86_64-linux-gnu/gazebo-11/plugins:/opt/ros/humble/opt/rviz_ogre_vendor/lib:/opt/ros/humble/lib/x86_64-linux-gnu:/opt/ros/humble/lib:/home/p3zz/Documents/uni/robot-planning-project/install/utils/lib:/home/p3zz/Documents/uni/robot-planning-project/install/shapes/lib:/home/p3zz/Documents/uni/robot-planning-project/install/map/lib:/home/p3zz/Documents/uni/robot-planning-project/install/dubins/lib:/home/p3zz/Documents/uni/robot-planning-project/install/decisions/lib /usr/bin/cmake --build /home/p3zz/Documents/uni/robot-planning-project/build/shelfino -- -j8 -l8
[0.069s] [35m[1mConsolidate compiler generated dependencies of target shelfino[0m
[0.094s] [ 50%] [32mBuilding CXX object CMakeFiles/shelfino.dir/src/main.cpp.o[0m
[4.193s] [01m[K/home/p3zz/Documents/uni/robot-planning-project/communication/shelfino/src/main.cpp:[m[K In function ‘[01m[Kvoid service_body(ShelfinoDto&)[m[K’:
[4.193s] [01m[K/home/p3zz/Documents/uni/robot-planning-project/communication/shelfino/src/main.cpp:27:32:[m[K [01;35m[Kwarning: [m[Kunused parameter ‘[01m[Kdto[m[K’ [[01;35m[K]8;;https://gcc.gnu.org/onlinedocs/gcc/Warning-Options.html#index-Wunused-parameter-Wunused-parameter]8;;[m[K]
[4.193s]    27 | void service_body([01;35m[KShelfinoDto& dto[m[K){
[4.193s]       |                   [01;35m[K~~~~~~~~~~~~~^~~[m[K
[10.455s] In file included from [01m[K/usr/include/x86_64-linux-gnu/c++/11/bits/c++allocator.h:33[m[K,
[10.455s]                  from [01m[K/usr/include/c++/11/bits/allocator.h:46[m[K,
[10.455s]                  from [01m[K/usr/include/c++/11/unordered_map:40[m[K,
[10.455s]                  from [01m[K/usr/include/c++/11/functional:61[m[K,
[10.455s]                  from [01m[K/home/p3zz/Documents/uni/robot-planning-project/communication/shelfino/include/shelfino/shelfino.hpp:1[m[K,
[10.455s]                  from [01m[K/home/p3zz/Documents/uni/robot-planning-project/communication/shelfino/src/main.cpp:1[m[K:
[10.455s] /usr/include/c++/11/ext/new_allocator.h: In instantiation of ‘[01m[Kvoid __gnu_cxx::new_allocator<_Tp>::construct(_Up*, _Args&& ...) [with _Up = FollowPathClient; _Args = {const rclcpp::NodeOptions&}; _Tp = FollowPathClient][m[K’:
[10.455s] [01m[K/usr/include/c++/11/bits/alloc_traits.h:516:17:[m[K   required from ‘[01m[Kstatic void std::allocator_traits<std::allocator<_Tp1> >::construct(std::allocator_traits<std::allocator<_Tp1> >::allocator_type&, _Up*, _Args&& ...) [with _Up = FollowPathClient; _Args = {const rclcpp::NodeOptions&}; _Tp = FollowPathClient; std::allocator_traits<std::allocator<_Tp1> >::allocator_type = std::allocator<FollowPathClient>][m[K’
[10.456s] [01m[K/usr/include/c++/11/bits/shared_ptr_base.h:519:39:[m[K   required from ‘[01m[Kstd::_Sp_counted_ptr_inplace<_Tp, _Alloc, _Lp>::_Sp_counted_ptr_inplace(_Alloc, _Args&& ...) [with _Args = {const rclcpp::NodeOptions&}; _Tp = FollowPathClient; _Alloc = std::allocator<FollowPathClient>; __gnu_cxx::_Lock_policy _Lp = __gnu_cxx::_S_atomic][m[K’
[10.456s] [01m[K/usr/include/c++/11/bits/shared_ptr_base.h:650:16:[m[K   required from ‘[01m[Kstd::__shared_count<_Lp>::__shared_count(_Tp*&, std::_Sp_alloc_shared_tag<_Alloc>, _Args&& ...) [with _Tp = FollowPathClient; _Alloc = std::allocator<FollowPathClient>; _Args = {const rclcpp::NodeOptions&}; __gnu_cxx::_Lock_policy _Lp = __gnu_cxx::_S_atomic][m[K’
[10.456s] [01m[K/usr/include/c++/11/bits/shared_ptr_base.h:1342:14:[m[K   required from ‘[01m[Kstd::__shared_ptr<_Tp, _Lp>::__shared_ptr(std::_Sp_alloc_shared_tag<_Tp>, _Args&& ...) [with _Alloc = std::allocator<FollowPathClient>; _Args = {const rclcpp::NodeOptions&}; _Tp = FollowPathClient; __gnu_cxx::_Lock_policy _Lp = __gnu_cxx::_S_atomic][m[K’
[10.456s] [01m[K/usr/include/c++/11/bits/shared_ptr.h:409:59:[m[K   required from ‘[01m[Kstd::shared_ptr<_Tp>::shared_ptr(std::_Sp_alloc_shared_tag<_Tp>, _Args&& ...) [with _Alloc = std::allocator<FollowPathClient>; _Args = {const rclcpp::NodeOptions&}; _Tp = FollowPathClient][m[K’
[10.456s] [01m[K/usr/include/c++/11/bits/shared_ptr.h:862:14:[m[K   required from ‘[01m[Kstd::shared_ptr<_Tp> std::allocate_shared(const _Alloc&, _Args&& ...) [with _Tp = FollowPathClient; _Alloc = std::allocator<FollowPathClient>; _Args = {const rclcpp::NodeOptions&}][m[K’
[10.456s] [01m[K/usr/include/c++/11/bits/shared_ptr.h:878:39:[m[K   required from ‘[01m[Kstd::shared_ptr<_Tp> std::make_shared(_Args&& ...) [with _Tp = FollowPathClient; _Args = {const rclcpp::NodeOptions&}][m[K’
[10.456s] [01m[K/opt/ros/humble/include/rclcpp_components/rclcpp_components/node_factory_template.hpp:45:40:[m[K   required from ‘[01m[Krclcpp_components::NodeInstanceWrapper rclcpp_components::NodeFactoryTemplate<NodeT>::create_node_instance(const rclcpp::NodeOptions&) [with NodeT = FollowPathClient][m[K’
[10.456s] [01m[K/opt/ros/humble/include/rclcpp_components/rclcpp_components/node_factory_template.hpp:43:3:[m[K   required from here
[10.456s] [01m[K/usr/include/c++/11/ext/new_allocator.h:162:11:[m[K [01;31m[Kerror: [m[Kno matching function for call to ‘[01m[KFollowPathClient::FollowPathClient(const rclcpp::NodeOptions&)[m[K’
[10.456s]   162 |         { [01;31m[K::new((void *)__p) _Up(std::forward<_Args>(__args)...)[m[K; }
[10.456s]       |           [01;31m[K^~~~~~~~~~~~~~~~~~~~~~~~~~~~~~~~~~~~~~~~~~~~~~~~~~~~~~[m[K
[10.456s] In file included from [01m[K/home/p3zz/Documents/uni/robot-planning-project/communication/shelfino/src/main.cpp:1[m[K:
[10.456s] [01m[K/home/p3zz/Documents/uni/robot-planning-project/communication/shelfino/include/shelfino/shelfino.hpp:298:5:[m[K [01;36m[Knote: [m[Kcandidate: ‘[01m[KFollowPathClient::FollowPathClient()[m[K’
[10.457s]   298 |     [01;36m[KFollowPathClient[m[K()
[10.457s]       |     [01;36m[K^~~~~~~~~~~~~~~~[m[K
[10.457s] [01m[K/home/p3zz/Documents/uni/robot-planning-project/communication/shelfino/include/shelfino/shelfino.hpp:298:5:[m[K [01;36m[Knote: [m[K  candidate expects 0 arguments, 1 provided
[11.439s] gmake[2]: *** [CMakeFiles/shelfino.dir/build.make:76: CMakeFiles/shelfino.dir/src/main.cpp.o] Error 1
[11.440s] gmake[1]: *** [CMakeFiles/Makefile2:137: CMakeFiles/shelfino.dir/all] Error 2
[11.440s] gmake: *** [Makefile:146: all] Error 2
[11.442s] Invoked command in '/home/p3zz/Documents/uni/robot-planning-project/build/shelfino' returned '2': CMAKE_PREFIX_PATH=/home/p3zz/Documents/uni/robot-planning-project/install/shapes:/home/p3zz/Documents/uni/robot-planning-project/install/custom_msgs:/home/p3zz/Documents/uni/robot-planning-project/install/utils:/home/p3zz/Documents/uni/robot-planning-project/install/shelfino:/home/p3zz/Documents/uni/robot-planning-project/install/map:/home/p3zz/Documents/uni/robot-planning-project/install/dubins:/home/p3zz/Documents/uni/robot-planning-project/install/decisions:/opt/ros/humble LD_LIBRARY_PATH=/home/p3zz/Documents/uni/robot-planning-project/install/custom_msgs/lib:/usr/lib/x86_64-linux-gnu/gazebo-11/plugins:/opt/ros/humble/opt/rviz_ogre_vendor/lib:/opt/ros/humble/lib/x86_64-linux-gnu:/opt/ros/humble/lib:/home/p3zz/Documents/uni/robot-planning-project/install/utils/lib:/home/p3zz/Documents/uni/robot-planning-project/install/shapes/lib:/home/p3zz/Documents/uni/robot-planning-project/install/map/lib:/home/p3zz/Documents/uni/robot-planning-project/install/dubins/lib:/home/p3zz/Documents/uni/robot-planning-project/install/decisions/lib /usr/bin/cmake --build /home/p3zz/Documents/uni/robot-planning-project/build/shelfino -- -j8 -l8
