[0.035s] Invoking command in '/home/p3zz/Documents/uni/robot-planning-project/build/custom_msgs': /usr/bin/cmake /home/p3zz/Documents/uni/robot-planning-project/communication/custom_msgs -DCMAKE_INSTALL_PREFIX=/home/p3zz/Documents/uni/robot-planning-project/install/custom_msgs
[0.224s] -- The C compiler identification is GNU 11.3.0
[0.409s] -- The CXX compiler identification is GNU 11.3.0
[0.448s] -- Detecting C compiler ABI info
[0.602s] -- Detecting C compiler ABI info - done
[0.624s] -- Check for working C compiler: /usr/bin/cc - skipped
[0.624s] -- Detecting C compile features
[0.625s] -- Detecting C compile features - done
[0.632s] -- Detecting CXX compiler ABI info
[0.815s] -- Detecting CXX compiler ABI info - done
[0.853s] -- Check for working CXX compiler: /usr/bin/c++ - skipped
[0.853s] -- Detecting CXX compile features
[0.854s] -- Detecting CXX compile features - done
[0.871s] [31mCMake Error at CMakeLists.txt:14 (find_package):
[0.876s]   By not providing "Findament_cmake.cmake" in CMAKE_MODULE_PATH this project
[0.877s]   has asked CMake to find a package configuration file provided by
[0.877s]   "ament_cmake", but CMake did not find one.
[0.878s] 
[0.879s]   Could not find a package configuration file provided by "ament_cmake" with
[0.879s]   any of the following names:
[0.879s] 
[0.880s]     ament_cmakeConfig.cmake
[0.881s]     ament_cmake-config.cmake
[0.881s] 
[0.881s]   Add the installation prefix of "ament_cmake" to CMAKE_PREFIX_PATH or set
[0.882s]   "ament_cmake_DIR" to a directory containing one of the above files.  If
[0.883s]   "ament_cmake" provides a separate development package or SDK, be sure it
[0.883s]   has been installed.
[0.884s] 
[0.884s] [0m
[0.885s] -- Configuring incomplete, errors occurred!
[0.893s] See also "/home/p3zz/Documents/uni/robot-planning-project/build/custom_msgs/CMakeFiles/CMakeOutput.log".
[0.946s] Invoked command in '/home/p3zz/Documents/uni/robot-planning-project/build/custom_msgs' returned '1': /usr/bin/cmake /home/p3zz/Documents/uni/robot-planning-project/communication/custom_msgs -DCMAKE_INSTALL_PREFIX=/home/p3zz/Documents/uni/robot-planning-project/install/custom_msgs
