[0.023s] Invoking command in '/home/p3zz/Documents/uni/robot-planning-project/build/shelfino': CMAKE_PREFIX_PATH=/home/p3zz/Documents/uni/robot-planning-project/install/shapes:/home/p3zz/Documents/uni/robot-planning-project/install/custom_msgs:/home/p3zz/Documents/uni/robot-planning-project/install/decisions:/home/p3zz/Documents/uni/robot-planning-project/install/map:/home/p3zz/Documents/uni/robot-planning-project/install/dubins:/home/p3zz/Documents/uni/robot-planning-project/install/utils:/opt/ros/humble /usr/bin/cmake --build /home/p3zz/Documents/uni/robot-planning-project/build/shelfino -- -j8 -l8
[0.074s] [35m[1mConsolidate compiler generated dependencies of target shelfino[0m
[0.103s] [ 50%] [32mBuilding CXX object CMakeFiles/shelfino.dir/src/main.cpp.o[0m
[18.688s] [100%] [32m[1mLinking CXX executable shelfino[0m
[19.899s] [100%] Built target shelfino
[19.911s] Invoked command in '/home/p3zz/Documents/uni/robot-planning-project/build/shelfino' returned '0': CMAKE_PREFIX_PATH=/home/p3zz/Documents/uni/robot-planning-project/install/shapes:/home/p3zz/Documents/uni/robot-planning-project/install/custom_msgs:/home/p3zz/Documents/uni/robot-planning-project/install/decisions:/home/p3zz/Documents/uni/robot-planning-project/install/map:/home/p3zz/Documents/uni/robot-planning-project/install/dubins:/home/p3zz/Documents/uni/robot-planning-project/install/utils:/opt/ros/humble /usr/bin/cmake --build /home/p3zz/Documents/uni/robot-planning-project/build/shelfino -- -j8 -l8
[19.953s] Invoking command in '/home/p3zz/Documents/uni/robot-planning-project/build/shelfino': CMAKE_PREFIX_PATH=/home/p3zz/Documents/uni/robot-planning-project/install/shapes:/home/p3zz/Documents/uni/robot-planning-project/install/custom_msgs:/home/p3zz/Documents/uni/robot-planning-project/install/decisions:/home/p3zz/Documents/uni/robot-planning-project/install/map:/home/p3zz/Documents/uni/robot-planning-project/install/dubins:/home/p3zz/Documents/uni/robot-planning-project/install/utils:/opt/ros/humble /usr/bin/cmake --install /home/p3zz/Documents/uni/robot-planning-project/build/shelfino
[19.960s] -- Install configuration: ""
[19.961s] -- Installing: /home/p3zz/Documents/uni/robot-planning-project/install/shelfino/lib/shelfino/shelfino
[19.970s] -- Set runtime path of "/home/p3zz/Documents/uni/robot-planning-project/install/shelfino/lib/shelfino/shelfino" to ""
[19.970s] -- Installing: /home/p3zz/Documents/uni/robot-planning-project/install/shelfino/share/ament_index/resource_index/package_run_dependencies/shelfino
[19.970s] -- Installing: /home/p3zz/Documents/uni/robot-planning-project/install/shelfino/share/ament_index/resource_index/parent_prefix_path/shelfino
[19.970s] -- Installing: /home/p3zz/Documents/uni/robot-planning-project/install/shelfino/share/shelfino/environment/ament_prefix_path.sh
[19.970s] -- Installing: /home/p3zz/Documents/uni/robot-planning-project/install/shelfino/share/shelfino/environment/ament_prefix_path.dsv
[19.970s] -- Installing: /home/p3zz/Documents/uni/robot-planning-project/install/shelfino/share/shelfino/environment/path.sh
[19.971s] -- Installing: /home/p3zz/Documents/uni/robot-planning-project/install/shelfino/share/shelfino/environment/path.dsv
[19.971s] -- Installing: /home/p3zz/Documents/uni/robot-planning-project/install/shelfino/share/shelfino/local_setup.bash
[19.971s] -- Installing: /home/p3zz/Documents/uni/robot-planning-project/install/shelfino/share/shelfino/local_setup.sh
[19.971s] -- Installing: /home/p3zz/Documents/uni/robot-planning-project/install/shelfino/share/shelfino/local_setup.zsh
[19.972s] -- Installing: /home/p3zz/Documents/uni/robot-planning-project/install/shelfino/share/shelfino/local_setup.dsv
[19.972s] -- Installing: /home/p3zz/Documents/uni/robot-planning-project/install/shelfino/share/shelfino/package.dsv
[19.972s] -- Installing: /home/p3zz/Documents/uni/robot-planning-project/install/shelfino/share/ament_index/resource_index/packages/shelfino
[19.972s] -- Installing: /home/p3zz/Documents/uni/robot-planning-project/install/shelfino/share/shelfino/cmake/shelfinoConfig.cmake
[19.972s] -- Installing: /home/p3zz/Documents/uni/robot-planning-project/install/shelfino/share/shelfino/cmake/shelfinoConfig-version.cmake
[19.972s] -- Installing: /home/p3zz/Documents/uni/robot-planning-project/install/shelfino/share/shelfino/package.xml
[19.975s] Invoked command in '/home/p3zz/Documents/uni/robot-planning-project/build/shelfino' returned '0': CMAKE_PREFIX_PATH=/home/p3zz/Documents/uni/robot-planning-project/install/shapes:/home/p3zz/Documents/uni/robot-planning-project/install/custom_msgs:/home/p3zz/Documents/uni/robot-planning-project/install/decisions:/home/p3zz/Documents/uni/robot-planning-project/install/map:/home/p3zz/Documents/uni/robot-planning-project/install/dubins:/home/p3zz/Documents/uni/robot-planning-project/install/utils:/opt/ros/humble /usr/bin/cmake --install /home/p3zz/Documents/uni/robot-planning-project/build/shelfino
