[0.047s] Invoking command in '/home/p3zz/Documents/uni/robot-planning-project/build/decisions': CMAKE_PREFIX_PATH=/opt/ros/humble /usr/bin/cmake /home/p3zz/Documents/uni/robot-planning-project/decisions -DCMAKE_INSTALL_PREFIX=/home/p3zz/Documents/uni/robot-planning-project/install/decisions
[0.073s] -- Found ament_cmake: 1.3.3 (/opt/ros/humble/share/ament_cmake/cmake)
[0.363s] [31mCMake Error at CMakeLists.txt:10 (find_package):
[0.364s]   By not providing "Findutils.cmake" in CMAKE_MODULE_PATH this project has
[0.364s]   asked CMake to find a package configuration file provided by "utils", but
[0.364s]   CMake did not find one.
[0.365s] 
[0.365s]   Could not find a package configuration file provided by "utils" with any of
[0.365s]   the following names:
[0.366s] 
[0.366s]     utilsConfig.cmake
[0.366s]     utils-config.cmake
[0.366s] 
[0.367s]   Add the installation prefix of "utils" to CMAKE_PREFIX_PATH or set
[0.367s]   "utils_DIR" to a directory containing one of the above files.  If "utils"
[0.367s]   provides a separate development package or SDK, be sure it has been
[0.368s]   installed.
[0.368s] 
[0.368s] [0m
[0.369s] -- Configuring incomplete, errors occurred!
[0.369s] See also "/home/p3zz/Documents/uni/robot-planning-project/build/decisions/CMakeFiles/CMakeOutput.log".
[0.381s] Invoked command in '/home/p3zz/Documents/uni/robot-planning-project/build/decisions' returned '1': CMAKE_PREFIX_PATH=/opt/ros/humble /usr/bin/cmake /home/p3zz/Documents/uni/robot-planning-project/decisions -DCMAKE_INSTALL_PREFIX=/home/p3zz/Documents/uni/robot-planning-project/install/decisions
