[0.052s] Invoking command in '/home/p3zz/Documents/uni/robot-planning-project/build/shapes': CMAKE_PREFIX_PATH=/opt/ros/humble /usr/bin/cmake /home/p3zz/Documents/uni/robot-planning-project/shapes -DCMAKE_INSTALL_PREFIX=/home/p3zz/Documents/uni/robot-planning-project/install/shapes
[0.077s] -- Found ament_cmake: 1.3.3 (/opt/ros/humble/share/ament_cmake/cmake)
[0.404s] [31mCMake Error at CMakeLists.txt:10 (find_package):
[0.405s]   By not providing "Findutils.cmake" in CMAKE_MODULE_PATH this project has
[0.405s]   asked CMake to find a package configuration file provided by "utils", but
[0.405s]   CMake did not find one.
[0.406s] 
[0.406s]   Could not find a package configuration file provided by "utils" with any of
[0.406s]   the following names:
[0.406s] 
[0.407s]     utilsConfig.cmake
[0.407s]     utils-config.cmake
[0.407s] 
[0.408s]   Add the installation prefix of "utils" to CMAKE_PREFIX_PATH or set
[0.408s]   "utils_DIR" to a directory containing one of the above files.  If "utils"
[0.408s]   provides a separate development package or SDK, be sure it has been
[0.408s]   installed.
[0.409s] 
[0.409s] [0m
[0.409s] -- Configuring incomplete, errors occurred!
[0.409s] See also "/home/p3zz/Documents/uni/robot-planning-project/build/shapes/CMakeFiles/CMakeOutput.log".
[0.420s] Invoked command in '/home/p3zz/Documents/uni/robot-planning-project/build/shapes' returned '1': CMAKE_PREFIX_PATH=/opt/ros/humble /usr/bin/cmake /home/p3zz/Documents/uni/robot-planning-project/shapes -DCMAKE_INSTALL_PREFIX=/home/p3zz/Documents/uni/robot-planning-project/install/shapes
