[0.324s] DEBUG:colcon:Command line arguments: ['/usr/bin/colcon', 'build', '--packages-select', 'shelfino']
[0.324s] DEBUG:colcon:Parsed command line arguments: Namespace(log_base=None, log_level=None, verb_name='build', build_base='build', install_base='install', merge_install=False, symlink_install=False, test_result_base=None, continue_on_error=False, executor='parallel', parallel_workers=8, event_handlers=None, ignore_user_meta=False, metas=['./colcon.meta'], base_paths=['.'], packages_ignore=None, packages_ignore_regex=None, paths=None, packages_up_to=None, packages_up_to_regex=None, packages_above=None, packages_above_and_dependencies=None, packages_above_depth=None, packages_select_by_dep=None, packages_skip_by_dep=None, packages_skip_up_to=None, packages_select_build_failed=False, packages_skip_build_finished=False, packages_select_test_failures=False, packages_skip_test_passed=False, packages_select=['shelfino'], packages_skip=None, packages_select_regex=None, packages_skip_regex=None, packages_start=None, packages_end=None, allow_overriding=[], cmake_args=None, cmake_target=None, cmake_target_skip_unavailable=False, cmake_clean_cache=False, cmake_clean_first=False, cmake_force_configure=False, ament_cmake_args=None, catkin_cmake_args=None, catkin_skip_building_tests=False, verb_parser=<colcon_defaults.argument_parser.defaults.DefaultArgumentsDecorator object at 0x7faae9057bb0>, verb_extension=<colcon_core.verb.build.BuildVerb object at 0x7faae99ec910>, main=<bound method BuildVerb.main of <colcon_core.verb.build.BuildVerb object at 0x7faae99ec910>>)
[0.350s] Level 1:colcon.colcon_core.package_discovery:discover_packages(colcon_meta) check parameters
[0.351s] Level 1:colcon.colcon_core.package_discovery:discover_packages(recursive) check parameters
[0.351s] Level 1:colcon.colcon_core.package_discovery:discover_packages(ignore) check parameters
[0.351s] Level 1:colcon.colcon_core.package_discovery:discover_packages(path) check parameters
[0.351s] Level 1:colcon.colcon_core.package_discovery:discover_packages(colcon_meta) discover
[0.351s] Level 1:colcon.colcon_core.package_discovery:discover_packages(recursive) discover
[0.351s] INFO:colcon.colcon_core.package_discovery:Crawling recursively for packages in '/home/p3zz/Documents/uni/robot-planning-project'
[0.351s] Level 1:colcon.colcon_core.package_identification:_identify(.) by extensions ['ignore', 'ignore_ament_install']
[0.351s] Level 1:colcon.colcon_core.package_identification:_identify(.) by extension 'ignore'
[0.351s] Level 1:colcon.colcon_core.package_identification:_identify(.) by extension 'ignore_ament_install'
[0.351s] Level 1:colcon.colcon_core.package_identification:_identify(.) by extensions ['colcon_pkg']
[0.351s] Level 1:colcon.colcon_core.package_identification:_identify(.) by extension 'colcon_pkg'
[0.351s] Level 1:colcon.colcon_core.package_identification:_identify(.) by extensions ['colcon_meta']
[0.351s] Level 1:colcon.colcon_core.package_identification:_identify(.) by extension 'colcon_meta'
[0.351s] Level 1:colcon.colcon_core.package_identification:_identify(.) by extensions ['ros']
[0.351s] Level 1:colcon.colcon_core.package_identification:_identify(.) by extension 'ros'
[0.372s] Level 1:colcon.colcon_core.package_identification:_identify(.) by extensions ['cmake', 'python']
[0.372s] Level 1:colcon.colcon_core.package_identification:_identify(.) by extension 'cmake'
[0.372s] Level 1:colcon.colcon_core.package_identification:_identify(.) by extension 'python'
[0.372s] Level 1:colcon.colcon_core.package_identification:_identify(.) by extensions ['python_setup_py']
[0.372s] Level 1:colcon.colcon_core.package_identification:_identify(.) by extension 'python_setup_py'
[0.372s] Level 1:colcon.colcon_core.package_identification:_identify(build) by extensions ['ignore', 'ignore_ament_install']
[0.372s] Level 1:colcon.colcon_core.package_identification:_identify(build) by extension 'ignore'
[0.372s] Level 1:colcon.colcon_core.package_identification:_identify(build) ignored
[0.373s] Level 1:colcon.colcon_core.package_identification:_identify(communication) by extensions ['ignore', 'ignore_ament_install']
[0.373s] Level 1:colcon.colcon_core.package_identification:_identify(communication) by extension 'ignore'
[0.373s] Level 1:colcon.colcon_core.package_identification:_identify(communication) by extension 'ignore_ament_install'
[0.373s] Level 1:colcon.colcon_core.package_identification:_identify(communication) by extensions ['colcon_pkg']
[0.373s] Level 1:colcon.colcon_core.package_identification:_identify(communication) by extension 'colcon_pkg'
[0.373s] Level 1:colcon.colcon_core.package_identification:_identify(communication) by extensions ['colcon_meta']
[0.373s] Level 1:colcon.colcon_core.package_identification:_identify(communication) by extension 'colcon_meta'
[0.373s] Level 1:colcon.colcon_core.package_identification:_identify(communication) by extensions ['ros']
[0.373s] Level 1:colcon.colcon_core.package_identification:_identify(communication) by extension 'ros'
[0.373s] Level 1:colcon.colcon_core.package_identification:_identify(communication) by extensions ['cmake', 'python']
[0.373s] Level 1:colcon.colcon_core.package_identification:_identify(communication) by extension 'cmake'
[0.373s] Level 1:colcon.colcon_core.package_identification:_identify(communication) by extension 'python'
[0.373s] Level 1:colcon.colcon_core.package_identification:_identify(communication) by extensions ['python_setup_py']
[0.373s] Level 1:colcon.colcon_core.package_identification:_identify(communication) by extension 'python_setup_py'
[0.373s] Level 1:colcon.colcon_core.package_identification:_identify(communication/custom_msgs) by extensions ['ignore', 'ignore_ament_install']
[0.374s] Level 1:colcon.colcon_core.package_identification:_identify(communication/custom_msgs) by extension 'ignore'
[0.374s] Level 1:colcon.colcon_core.package_identification:_identify(communication/custom_msgs) by extension 'ignore_ament_install'
[0.374s] Level 1:colcon.colcon_core.package_identification:_identify(communication/custom_msgs) by extensions ['colcon_pkg']
[0.374s] Level 1:colcon.colcon_core.package_identification:_identify(communication/custom_msgs) by extension 'colcon_pkg'
[0.374s] Level 1:colcon.colcon_core.package_identification:_identify(communication/custom_msgs) by extensions ['colcon_meta']
[0.374s] Level 1:colcon.colcon_core.package_identification:_identify(communication/custom_msgs) by extension 'colcon_meta'
[0.374s] Level 1:colcon.colcon_core.package_identification:_identify(communication/custom_msgs) by extensions ['ros']
[0.374s] Level 1:colcon.colcon_core.package_identification:_identify(communication/custom_msgs) by extension 'ros'
[0.377s] DEBUG:colcon.colcon_core.package_identification:Package 'communication/custom_msgs' with type 'ros.ament_cmake' and name 'custom_msgs'
[0.377s] Level 1:colcon.colcon_core.package_identification:_identify(communication/shelfino) by extensions ['ignore', 'ignore_ament_install']
[0.377s] Level 1:colcon.colcon_core.package_identification:_identify(communication/shelfino) by extension 'ignore'
[0.377s] Level 1:colcon.colcon_core.package_identification:_identify(communication/shelfino) by extension 'ignore_ament_install'
[0.377s] Level 1:colcon.colcon_core.package_identification:_identify(communication/shelfino) by extensions ['colcon_pkg']
[0.377s] Level 1:colcon.colcon_core.package_identification:_identify(communication/shelfino) by extension 'colcon_pkg'
[0.377s] Level 1:colcon.colcon_core.package_identification:_identify(communication/shelfino) by extensions ['colcon_meta']
[0.377s] Level 1:colcon.colcon_core.package_identification:_identify(communication/shelfino) by extension 'colcon_meta'
[0.377s] Level 1:colcon.colcon_core.package_identification:_identify(communication/shelfino) by extensions ['ros']
[0.377s] Level 1:colcon.colcon_core.package_identification:_identify(communication/shelfino) by extension 'ros'
[0.378s] DEBUG:colcon.colcon_core.package_identification:Package 'communication/shelfino' with type 'ros.ament_cmake' and name 'shelfino'
[0.378s] Level 1:colcon.colcon_core.package_identification:_identify(cpp_pubsub) by extensions ['ignore', 'ignore_ament_install']
[0.378s] Level 1:colcon.colcon_core.package_identification:_identify(cpp_pubsub) by extension 'ignore'
[0.378s] Level 1:colcon.colcon_core.package_identification:_identify(cpp_pubsub) by extension 'ignore_ament_install'
[0.378s] Level 1:colcon.colcon_core.package_identification:_identify(cpp_pubsub) by extensions ['colcon_pkg']
[0.378s] Level 1:colcon.colcon_core.package_identification:_identify(cpp_pubsub) by extension 'colcon_pkg'
[0.378s] Level 1:colcon.colcon_core.package_identification:_identify(cpp_pubsub) by extensions ['colcon_meta']
[0.378s] Level 1:colcon.colcon_core.package_identification:_identify(cpp_pubsub) by extension 'colcon_meta'
[0.379s] Level 1:colcon.colcon_core.package_identification:_identify(cpp_pubsub) by extensions ['ros']
[0.379s] Level 1:colcon.colcon_core.package_identification:_identify(cpp_pubsub) by extension 'ros'
[0.380s] DEBUG:colcon.colcon_core.package_identification:Package 'cpp_pubsub' with type 'ros.ament_cmake' and name 'cpp_pubsub'
[0.380s] Level 1:colcon.colcon_core.package_identification:_identify(decisions) by extensions ['ignore', 'ignore_ament_install']
[0.380s] Level 1:colcon.colcon_core.package_identification:_identify(decisions) by extension 'ignore'
[0.380s] Level 1:colcon.colcon_core.package_identification:_identify(decisions) by extension 'ignore_ament_install'
[0.380s] Level 1:colcon.colcon_core.package_identification:_identify(decisions) by extensions ['colcon_pkg']
[0.380s] Level 1:colcon.colcon_core.package_identification:_identify(decisions) by extension 'colcon_pkg'
[0.380s] Level 1:colcon.colcon_core.package_identification:_identify(decisions) by extensions ['colcon_meta']
[0.380s] Level 1:colcon.colcon_core.package_identification:_identify(decisions) by extension 'colcon_meta'
[0.381s] Level 1:colcon.colcon_core.package_identification:_identify(decisions) by extensions ['ros']
[0.381s] Level 1:colcon.colcon_core.package_identification:_identify(decisions) by extension 'ros'
[0.381s] DEBUG:colcon.colcon_core.package_identification:Package 'decisions' with type 'ros.ament_cmake' and name 'decisions'
[0.382s] Level 1:colcon.colcon_core.package_identification:_identify(disegnino) by extensions ['ignore', 'ignore_ament_install']
[0.382s] Level 1:colcon.colcon_core.package_identification:_identify(disegnino) by extension 'ignore'
[0.382s] Level 1:colcon.colcon_core.package_identification:_identify(disegnino) by extension 'ignore_ament_install'
[0.382s] Level 1:colcon.colcon_core.package_identification:_identify(disegnino) by extensions ['colcon_pkg']
[0.382s] Level 1:colcon.colcon_core.package_identification:_identify(disegnino) by extension 'colcon_pkg'
[0.382s] Level 1:colcon.colcon_core.package_identification:_identify(disegnino) by extensions ['colcon_meta']
[0.382s] Level 1:colcon.colcon_core.package_identification:_identify(disegnino) by extension 'colcon_meta'
[0.382s] Level 1:colcon.colcon_core.package_identification:_identify(disegnino) by extensions ['ros']
[0.382s] Level 1:colcon.colcon_core.package_identification:_identify(disegnino) by extension 'ros'
[0.382s] Level 1:colcon.colcon_core.package_identification:_identify(disegnino) by extensions ['cmake', 'python']
[0.382s] Level 1:colcon.colcon_core.package_identification:_identify(disegnino) by extension 'cmake'
[0.382s] Level 1:colcon.colcon_core.package_identification:_identify(disegnino) by extension 'python'
[0.382s] Level 1:colcon.colcon_core.package_identification:_identify(disegnino) by extensions ['python_setup_py']
[0.382s] Level 1:colcon.colcon_core.package_identification:_identify(disegnino) by extension 'python_setup_py'
[0.383s] Level 1:colcon.colcon_core.package_identification:_identify(dubins) by extensions ['ignore', 'ignore_ament_install']
[0.383s] Level 1:colcon.colcon_core.package_identification:_identify(dubins) by extension 'ignore'
[0.383s] Level 1:colcon.colcon_core.package_identification:_identify(dubins) by extension 'ignore_ament_install'
[0.383s] Level 1:colcon.colcon_core.package_identification:_identify(dubins) by extensions ['colcon_pkg']
[0.383s] Level 1:colcon.colcon_core.package_identification:_identify(dubins) by extension 'colcon_pkg'
[0.383s] Level 1:colcon.colcon_core.package_identification:_identify(dubins) by extensions ['colcon_meta']
[0.383s] Level 1:colcon.colcon_core.package_identification:_identify(dubins) by extension 'colcon_meta'
[0.383s] Level 1:colcon.colcon_core.package_identification:_identify(dubins) by extensions ['ros']
[0.383s] Level 1:colcon.colcon_core.package_identification:_identify(dubins) by extension 'ros'
[0.384s] DEBUG:colcon.colcon_core.package_identification:Package 'dubins' with type 'ros.ament_cmake' and name 'dubins'
[0.384s] Level 1:colcon.colcon_core.package_identification:_identify(install) by extensions ['ignore', 'ignore_ament_install']
[0.384s] Level 1:colcon.colcon_core.package_identification:_identify(install) by extension 'ignore'
[0.384s] Level 1:colcon.colcon_core.package_identification:_identify(install) ignored
[0.384s] Level 1:colcon.colcon_core.package_identification:_identify(log) by extensions ['ignore', 'ignore_ament_install']
[0.385s] Level 1:colcon.colcon_core.package_identification:_identify(log) by extension 'ignore'
[0.385s] Level 1:colcon.colcon_core.package_identification:_identify(log) ignored
[0.385s] Level 1:colcon.colcon_core.package_identification:_identify(map) by extensions ['ignore', 'ignore_ament_install']
[0.385s] Level 1:colcon.colcon_core.package_identification:_identify(map) by extension 'ignore'
[0.385s] Level 1:colcon.colcon_core.package_identification:_identify(map) by extension 'ignore_ament_install'
[0.385s] Level 1:colcon.colcon_core.package_identification:_identify(map) by extensions ['colcon_pkg']
[0.385s] Level 1:colcon.colcon_core.package_identification:_identify(map) by extension 'colcon_pkg'
[0.385s] Level 1:colcon.colcon_core.package_identification:_identify(map) by extensions ['colcon_meta']
[0.385s] Level 1:colcon.colcon_core.package_identification:_identify(map) by extension 'colcon_meta'
[0.385s] Level 1:colcon.colcon_core.package_identification:_identify(map) by extensions ['ros']
[0.385s] Level 1:colcon.colcon_core.package_identification:_identify(map) by extension 'ros'
[0.386s] DEBUG:colcon.colcon_core.package_identification:Package 'map' with type 'ros.ament_cmake' and name 'map'
[0.386s] Level 1:colcon.colcon_core.package_identification:_identify(shapes) by extensions ['ignore', 'ignore_ament_install']
[0.386s] Level 1:colcon.colcon_core.package_identification:_identify(shapes) by extension 'ignore'
[0.386s] Level 1:colcon.colcon_core.package_identification:_identify(shapes) by extension 'ignore_ament_install'
[0.386s] Level 1:colcon.colcon_core.package_identification:_identify(shapes) by extensions ['colcon_pkg']
[0.386s] Level 1:colcon.colcon_core.package_identification:_identify(shapes) by extension 'colcon_pkg'
[0.387s] Level 1:colcon.colcon_core.package_identification:_identify(shapes) by extensions ['colcon_meta']
[0.387s] Level 1:colcon.colcon_core.package_identification:_identify(shapes) by extension 'colcon_meta'
[0.387s] Level 1:colcon.colcon_core.package_identification:_identify(shapes) by extensions ['ros']
[0.387s] Level 1:colcon.colcon_core.package_identification:_identify(shapes) by extension 'ros'
[0.387s] DEBUG:colcon.colcon_core.package_identification:Package 'shapes' with type 'ros.ament_cmake' and name 'shapes'
[0.387s] Level 1:colcon.colcon_core.package_identification:_identify(utils) by extensions ['ignore', 'ignore_ament_install']
[0.387s] Level 1:colcon.colcon_core.package_identification:_identify(utils) by extension 'ignore'
[0.387s] Level 1:colcon.colcon_core.package_identification:_identify(utils) by extension 'ignore_ament_install'
[0.387s] Level 1:colcon.colcon_core.package_identification:_identify(utils) by extensions ['colcon_pkg']
[0.388s] Level 1:colcon.colcon_core.package_identification:_identify(utils) by extension 'colcon_pkg'
[0.388s] Level 1:colcon.colcon_core.package_identification:_identify(utils) by extensions ['colcon_meta']
[0.388s] Level 1:colcon.colcon_core.package_identification:_identify(utils) by extension 'colcon_meta'
[0.388s] Level 1:colcon.colcon_core.package_identification:_identify(utils) by extensions ['ros']
[0.388s] Level 1:colcon.colcon_core.package_identification:_identify(utils) by extension 'ros'
[0.388s] DEBUG:colcon.colcon_core.package_identification:Package 'utils' with type 'ros.ament_cmake' and name 'utils'
[0.389s] Level 1:colcon.colcon_core.package_discovery:discover_packages(recursive) using defaults
[0.389s] Level 1:colcon.colcon_core.package_discovery:discover_packages(ignore) discover
[0.389s] Level 1:colcon.colcon_core.package_discovery:discover_packages(ignore) using defaults
[0.389s] Level 1:colcon.colcon_core.package_discovery:discover_packages(path) discover
[0.389s] Level 1:colcon.colcon_core.package_discovery:discover_packages(path) using defaults
[0.415s] INFO:colcon.colcon_core.package_selection:Skipping not selected package 'cpp_pubsub' in 'cpp_pubsub'
[0.415s] INFO:colcon.colcon_core.package_selection:Skipping not selected package 'custom_msgs' in 'communication/custom_msgs'
[0.415s] INFO:colcon.colcon_core.package_selection:Skipping not selected package 'decisions' in 'decisions'
[0.415s] INFO:colcon.colcon_core.package_selection:Skipping not selected package 'dubins' in 'dubins'
[0.415s] INFO:colcon.colcon_core.package_selection:Skipping not selected package 'map' in 'map'
[0.415s] INFO:colcon.colcon_core.package_selection:Skipping not selected package 'shapes' in 'shapes'
[0.415s] INFO:colcon.colcon_core.package_selection:Skipping not selected package 'utils' in 'utils'
[0.416s] Level 1:colcon.colcon_core.package_discovery:discover_packages(prefix_path) check parameters
[0.416s] Level 1:colcon.colcon_core.package_discovery:discover_packages(prefix_path) discover
[0.419s] DEBUG:colcon.colcon_installed_package_information.package_discovery:Found 7 installed packages in /home/p3zz/Documents/uni/robot-planning-project/install
[0.420s] DEBUG:colcon.colcon_installed_package_information.package_discovery:Found 322 installed packages in /opt/ros/humble
[0.422s] Level 1:colcon.colcon_core.package_discovery:discover_packages(prefix_path) using defaults
[0.484s] Level 5:colcon.colcon_core.verb:set package 'shelfino' build argument 'cmake_args' from command line to 'None'
[0.484s] Level 5:colcon.colcon_core.verb:set package 'shelfino' build argument 'cmake_target' from command line to 'None'
[0.484s] Level 5:colcon.colcon_core.verb:set package 'shelfino' build argument 'cmake_target_skip_unavailable' from command line to 'False'
[0.484s] Level 5:colcon.colcon_core.verb:set package 'shelfino' build argument 'cmake_clean_cache' from command line to 'False'
[0.484s] Level 5:colcon.colcon_core.verb:set package 'shelfino' build argument 'cmake_clean_first' from command line to 'False'
[0.484s] Level 5:colcon.colcon_core.verb:set package 'shelfino' build argument 'cmake_force_configure' from command line to 'False'
[0.484s] Level 5:colcon.colcon_core.verb:set package 'shelfino' build argument 'ament_cmake_args' from command line to 'None'
[0.485s] Level 5:colcon.colcon_core.verb:set package 'shelfino' build argument 'catkin_cmake_args' from command line to 'None'
[0.485s] Level 5:colcon.colcon_core.verb:set package 'shelfino' build argument 'catkin_skip_building_tests' from command line to 'False'
[0.485s] DEBUG:colcon.colcon_core.verb:Building package 'shelfino' with the following arguments: {'ament_cmake_args': None, 'build_base': '/home/p3zz/Documents/uni/robot-planning-project/build/shelfino', 'catkin_cmake_args': None, 'catkin_skip_building_tests': False, 'cmake_args': None, 'cmake_clean_cache': False, 'cmake_clean_first': False, 'cmake_force_configure': False, 'cmake_target': None, 'cmake_target_skip_unavailable': False, 'install_base': '/home/p3zz/Documents/uni/robot-planning-project/install/shelfino', 'merge_install': False, 'path': '/home/p3zz/Documents/uni/robot-planning-project/communication/shelfino', 'symlink_install': False, 'test_result_base': None}
[0.486s] INFO:colcon.colcon_core.executor:Executing jobs using 'parallel' executor
[0.491s] DEBUG:colcon.colcon_parallel_executor.executor.parallel:run_until_complete
[0.491s] INFO:colcon.colcon_ros.task.ament_cmake.build:Building ROS package in '/home/p3zz/Documents/uni/robot-planning-project/communication/shelfino' with build type 'ament_cmake'
[0.491s] INFO:colcon.colcon_cmake.task.cmake.build:Building CMake package in '/home/p3zz/Documents/uni/robot-planning-project/communication/shelfino'
[0.497s] INFO:colcon.colcon_core.plugin_system:Skipping extension 'colcon_core.shell.bat': Not used on non-Windows systems
[0.497s] INFO:colcon.colcon_core.shell:Skip shell extension 'powershell' for command environment: Not usable outside of PowerShell
[0.497s] DEBUG:colcon.colcon_core.shell:Skip shell extension 'dsv' for command environment
[0.513s] DEBUG:colcon.colcon_core.event_handler.log_command:Invoking command in '/home/p3zz/Documents/uni/robot-planning-project/build/shelfino': CMAKE_PREFIX_PATH=/home/p3zz/Documents/uni/robot-planning-project/install/shapes:/home/p3zz/Documents/uni/robot-planning-project/install/custom_msgs:/home/p3zz/Documents/uni/robot-planning-project/install/decisions:/home/p3zz/Documents/uni/robot-planning-project/install/map:/home/p3zz/Documents/uni/robot-planning-project/install/dubins:/home/p3zz/Documents/uni/robot-planning-project/install/utils:/opt/ros/humble /usr/bin/cmake --build /home/p3zz/Documents/uni/robot-planning-project/build/shelfino -- -j8 -l8
[11.990s] DEBUG:colcon.colcon_core.event_handler.log_command:Invoked command in '/home/p3zz/Documents/uni/robot-planning-project/build/shelfino' returned '2': CMAKE_PREFIX_PATH=/home/p3zz/Documents/uni/robot-planning-project/install/shapes:/home/p3zz/Documents/uni/robot-planning-project/install/custom_msgs:/home/p3zz/Documents/uni/robot-planning-project/install/decisions:/home/p3zz/Documents/uni/robot-planning-project/install/map:/home/p3zz/Documents/uni/robot-planning-project/install/dubins:/home/p3zz/Documents/uni/robot-planning-project/install/utils:/opt/ros/humble /usr/bin/cmake --build /home/p3zz/Documents/uni/robot-planning-project/build/shelfino -- -j8 -l8
[12.023s] Level 1:colcon.colcon_core.environment:create_environment_scripts_only(shelfino)
[12.028s] Level 1:colcon.colcon_core.environment:checking '/home/p3zz/Documents/uni/robot-planning-project/install/shelfino' for CMake module files
[12.028s] Level 1:colcon.colcon_core.environment:checking '/home/p3zz/Documents/uni/robot-planning-project/install/shelfino' for CMake config files
[12.029s] Level 1:colcon.colcon_core.environment:checking '/home/p3zz/Documents/uni/robot-planning-project/install/shelfino/bin'
[12.029s] Level 1:colcon.colcon_core.environment:checking '/home/p3zz/Documents/uni/robot-planning-project/install/shelfino/lib/pkgconfig/shelfino.pc'
[12.029s] Level 1:colcon.colcon_core.environment:checking '/home/p3zz/Documents/uni/robot-planning-project/install/shelfino/lib/python3.10/site-packages'
[12.029s] Level 1:colcon.colcon_core.environment:checking '/home/p3zz/Documents/uni/robot-planning-project/install/shelfino/bin'
[12.031s] INFO:colcon.colcon_core.shell:Creating package script '/home/p3zz/Documents/uni/robot-planning-project/install/shelfino/share/shelfino/package.ps1'
[12.032s] INFO:colcon.colcon_core.shell:Creating package descriptor '/home/p3zz/Documents/uni/robot-planning-project/install/shelfino/share/shelfino/package.dsv'
[12.032s] INFO:colcon.colcon_core.shell:Creating package script '/home/p3zz/Documents/uni/robot-planning-project/install/shelfino/share/shelfino/package.sh'
[12.033s] INFO:colcon.colcon_core.shell:Creating package script '/home/p3zz/Documents/uni/robot-planning-project/install/shelfino/share/shelfino/package.bash'
[12.034s] INFO:colcon.colcon_core.shell:Creating package script '/home/p3zz/Documents/uni/robot-planning-project/install/shelfino/share/shelfino/package.zsh'
[12.034s] Level 1:colcon.colcon_core.environment:create_file_with_runtime_dependencies(/home/p3zz/Documents/uni/robot-planning-project/install/shelfino/share/colcon-core/packages/shelfino)
[12.045s] DEBUG:colcon.colcon_parallel_executor.executor.parallel:closing loop
[12.045s] DEBUG:colcon.colcon_parallel_executor.executor.parallel:loop closed
[12.045s] DEBUG:colcon.colcon_parallel_executor.executor.parallel:run_until_complete finished with '2'
[12.045s] DEBUG:colcon.colcon_core.event_reactor:joining thread
[12.052s] INFO:colcon.colcon_core.plugin_system:Skipping extension 'colcon_notification.desktop_notification.terminal_notifier': Not used on non-Darwin systems
[12.052s] INFO:colcon.colcon_core.plugin_system:Skipping extension 'colcon_notification.desktop_notification.win32': Not used on non-Windows systems
[12.052s] INFO:colcon.colcon_notification.desktop_notification:Sending desktop notification using 'notify2'
[12.065s] DEBUG:colcon.colcon_core.event_reactor:joined thread
[12.067s] INFO:colcon.colcon_core.shell:Creating prefix script '/home/p3zz/Documents/uni/robot-planning-project/install/local_setup.ps1'
[12.068s] INFO:colcon.colcon_core.shell:Creating prefix util module '/home/p3zz/Documents/uni/robot-planning-project/install/_local_setup_util_ps1.py'
[12.069s] INFO:colcon.colcon_core.shell:Creating prefix chain script '/home/p3zz/Documents/uni/robot-planning-project/install/setup.ps1'
[12.071s] INFO:colcon.colcon_core.shell:Creating prefix script '/home/p3zz/Documents/uni/robot-planning-project/install/local_setup.sh'
[12.072s] INFO:colcon.colcon_core.shell:Creating prefix util module '/home/p3zz/Documents/uni/robot-planning-project/install/_local_setup_util_sh.py'
[12.072s] INFO:colcon.colcon_core.shell:Creating prefix chain script '/home/p3zz/Documents/uni/robot-planning-project/install/setup.sh'
[12.074s] INFO:colcon.colcon_core.shell:Creating prefix script '/home/p3zz/Documents/uni/robot-planning-project/install/local_setup.bash'
[12.075s] INFO:colcon.colcon_core.shell:Creating prefix chain script '/home/p3zz/Documents/uni/robot-planning-project/install/setup.bash'
[12.076s] INFO:colcon.colcon_core.shell:Creating prefix script '/home/p3zz/Documents/uni/robot-planning-project/install/local_setup.zsh'
[12.077s] INFO:colcon.colcon_core.shell:Creating prefix chain script '/home/p3zz/Documents/uni/robot-planning-project/install/setup.zsh'
