[0.019s] Invoking command in '/home/p3zz/Documents/uni/robot-planning-project/build/shelfino': CMAKE_PREFIX_PATH=/home/p3zz/Documents/uni/robot-planning-project/install/shapes:/home/p3zz/Documents/uni/robot-planning-project/install/custom_msgs:/home/p3zz/Documents/uni/robot-planning-project/install/shelfino:/home/p3zz/Documents/uni/robot-planning-project/install/decisions:/home/p3zz/Documents/uni/robot-planning-project/install/map:/home/p3zz/Documents/uni/robot-planning-project/install/dubins:/home/p3zz/Documents/uni/robot-planning-project/install/utils:/opt/ros/humble /usr/bin/cmake --build /home/p3zz/Documents/uni/robot-planning-project/build/shelfino -- -j8 -l8
[0.068s] [35m[1mConsolidate compiler generated dependencies of target shelfino[0m
[0.096s] [ 50%] [32mBuilding CXX object CMakeFiles/shelfino.dir/src/main.cpp.o[0m
[4.114s] In file included from [01m[K/home/p3zz/Documents/uni/robot-planning-project/communication/shelfino/include/shelfino/shelfino.hpp:1[m[K,
[4.114s]                  from [01m[K/home/p3zz/Documents/uni/robot-planning-project/communication/shelfino/src/main.cpp:1[m[K:
[4.114s] /usr/include/c++/11/functional: In instantiation of ‘[01m[Kstruct std::_Bind_check_arity<void (FollowPathClient::*)(nav2_msgs::action::FollowPath_Feedback_<std::allocator<void> >), FollowPathClient*, const std::_Placeholder<1>&, const std::_Placeholder<2>&>[m[K’:
[4.114s] [01m[K/usr/include/c++/11/functional:768:12:[m[K   required from ‘[01m[Kstruct std::_Bind_helper<false, void (FollowPathClient::*)(nav2_msgs::action::FollowPath_Feedback_<std::allocator<void> >), FollowPathClient*, const std::_Placeholder<1>&, const std::_Placeholder<2>&>[m[K’
[4.114s] [01m[K/usr/include/c++/11/functional:789:5:[m[K   required by substitution of ‘[01m[Ktemplate<class _Func, class ... _BoundArgs> typename std::_Bind_helper<std::__is_socketlike<_Func>::value, _Func, _BoundArgs ...>::type std::bind(_Func&&, _BoundArgs&& ...) [with _Func = void (FollowPathClient::*)(nav2_msgs::action::FollowPath_Feedback_<std::allocator<void> >); _BoundArgs = {FollowPathClient*, const std::_Placeholder<1>&, const std::_Placeholder<2>&}][m[K’
[4.114s] [01m[K/home/p3zz/Documents/uni/robot-planning-project/communication/shelfino/include/shelfino/shelfino.hpp:258:54:[m[K   required from here
[4.114s] [01m[K/usr/include/c++/11/functional:756:21:[m[K [01;31m[Kerror: [m[Kstatic assertion failed: Wrong number of arguments for pointer-to-member
[4.115s]   755 |       static_assert(_Varargs::[01;31m[Kvalue[m[K
[4.115s]       |                               [01;31m[K~~~~~[m[K
[4.115s]   756 | [01;31m[K                    ? sizeof...(_BoundArgs) >= _Arity::value + 1[m[K
[4.115s]       |                     [01;31m[K^~~~~~~~~~~~~~~~~~~~~~~~~~~~~~~~~~~~~~~~~~~~[m[K
[4.115s]   757 | [01;31m[K                    : sizeof...(_BoundArgs) == _Arity::value + 1[m[K,
[4.115s]       |                     [01;31m[K~~~~~~~~~~~~~~~~~~~~~~~~~~~~~~~~~~~~~~~~~~~~[m[K
[4.115s] [01m[K/usr/include/c++/11/functional:756:21:[m[K [01;36m[Knote: [m[K‘[01m[K(false ? (3 >= (((long unsigned int)std::integral_constant<long unsigned int, 1>::value) + 1)) : (3 == (((long unsigned int)std::integral_constant<long unsigned int, 1>::value) + 1)))[m[K’ evaluates to false
[4.125s] In file included from [01m[K/home/p3zz/Documents/uni/robot-planning-project/communication/shelfino/src/main.cpp:1[m[K:
[4.125s] [01m[K/home/p3zz/Documents/uni/robot-planning-project/communication/shelfino/include/shelfino/shelfino.hpp:[m[K In member function ‘[01m[Kvoid FollowPathClient::send_goal()[m[K’:
[4.126s] [01m[K/home/p3zz/Documents/uni/robot-planning-project/communication/shelfino/include/shelfino/shelfino.hpp:258:105:[m[K [01;31m[Kerror: [m[Kno match for ‘[01m[Koperator=[m[K’ (operand types are ‘[01m[Krclcpp_action::Client<nav2_msgs::action::FollowPath>::FeedbackCallback[m[K’ {aka ‘[01m[Kstd::function<void(std::shared_ptr<rclcpp_action::ClientGoalHandle<nav2_msgs::action::FollowPath> >, std::shared_ptr<const nav2_msgs::action::FollowPath_Feedback_<std::allocator<void> > >)>[m[K’} and ‘[01m[Kstd::_Bind_helper<false, void (FollowPathClient::*)(nav2_msgs::action::FollowPath_Feedback_<std::allocator<void> >), FollowPathClient*, const std::_Placeholder<1>&, const std::_Placeholder<2>&>::type[m[K’)
[4.126s]   258 |      send_goal_options.feedback_callback = std::bind(&FollowPathClient::feedback_callback, this, _1, _2[01;31m[K)[m[K;
[4.126s]       |                                                                                                        [01;31m[K^[m[K
[4.126s] 
[4.126s] In file included from [01m[K/usr/include/c++/11/functional:59[m[K,
[4.127s]                  from [01m[K/home/p3zz/Documents/uni/robot-planning-project/communication/shelfino/include/shelfino/shelfino.hpp:1[m[K,
[4.127s]                  from [01m[K/home/p3zz/Documents/uni/robot-planning-project/communication/shelfino/src/main.cpp:1[m[K:
[4.127s] [01m[K/usr/include/c++/11/bits/std_function.h:530:9:[m[K [01;36m[Knote: [m[Kcandidate: ‘[01m[Ktemplate<class _Functor> std::function<_Res(_ArgTypes ...)>::_Requires<std::function<_Res(_ArgTypes ...)>::_Callable<_Functor>, std::function<_Res(_ArgTypes ...)>&> std::function<_Res(_ArgTypes ...)>::operator=(_Functor&&) [with _Functor = _Functor; _Res = void; _ArgTypes = {std::shared_ptr<rclcpp_action::ClientGoalHandle<nav2_msgs::action::FollowPath> >, std::shared_ptr<const nav2_msgs::action::FollowPath_Feedback_<std::allocator<void> > >}][m[K’
[4.127s]   530 |         [01;36m[Koperator[m[K=(_Functor&& __f)
[4.127s]       |         [01;36m[K^~~~~~~~[m[K
[4.127s] [01m[K/usr/include/c++/11/bits/std_function.h:530:9:[m[K [01;36m[Knote: [m[K  template argument deduction/substitution failed:
[4.127s] In file included from [01m[K/usr/include/c++/11/bits/move.h:57[m[K,
[4.127s]                  from [01m[K/usr/include/c++/11/bits/stl_function.h:60[m[K,
[4.127s]                  from [01m[K/usr/include/c++/11/functional:49[m[K,
[4.127s]                  from [01m[K/home/p3zz/Documents/uni/robot-planning-project/communication/shelfino/include/shelfino/shelfino.hpp:1[m[K,
[4.128s]                  from [01m[K/home/p3zz/Documents/uni/robot-planning-project/communication/shelfino/src/main.cpp:1[m[K:
[4.128s] /usr/include/c++/11/type_traits: In substitution of ‘[01m[Ktemplate<bool _Cond, class _Tp> using __enable_if_t = typename std::enable_if::type [with bool _Cond = false; _Tp = std::function<void(std::shared_ptr<rclcpp_action::ClientGoalHandle<nav2_msgs::action::FollowPath> >, std::shared_ptr<const nav2_msgs::action::FollowPath_Feedback_<std::allocator<void> > >)>&][m[K’:
[4.128s] [01m[K/usr/include/c++/11/bits/std_function.h:353:8:[m[K   required by substitution of ‘[01m[Ktemplate<class _Res, class ... _ArgTypes> template<class _Cond, class _Tp> using _Requires = std::__enable_if_t<_Cond::value, _Tp> [with _Cond = std::function<void(std::shared_ptr<rclcpp_action::ClientGoalHandle<nav2_msgs::action::FollowPath> >, std::shared_ptr<const nav2_msgs::action::FollowPath_Feedback_<std::allocator<void> > >)>::_Callable<std::_Bind<void (FollowPathClient::*(FollowPathClient*, std::_Placeholder<1>, std::_Placeholder<2>))(nav2_msgs::action::FollowPath_Feedback_<std::allocator<void> >)>, std::_Bind<void (FollowPathClient::*(FollowPathClient*, std::_Placeholder<1>, std::_Placeholder<2>))(nav2_msgs::action::FollowPath_Feedback_<std::allocator<void> >)>, std::__invoke_result<std::_Bind<void (FollowPathClient::*(FollowPathClient*, std::_Placeholder<1>, std::_Placeholder<2>))(nav2_msgs::action::FollowPath_Feedback_<std::allocator<void> >)>&, std::shared_ptr<rclcpp_action::ClientGoalHandle<nav2_msgs::action::FollowPath> >, std::shared_ptr<const nav2_msgs::action::FollowPath_Feedback_<std::allocator<void> > > > >; _Tp = std::function<void(std::shared_ptr<rclcpp_action::ClientGoalHandle<nav2_msgs::action::FollowPath> >, std::shared_ptr<const nav2_msgs::action::FollowPath_Feedback_<std::allocator<void> > >)>&; _Res = void; _ArgTypes = {std::shared_ptr<rclcpp_action::ClientGoalHandle<nav2_msgs::action::FollowPath> >, std::shared_ptr<const nav2_msgs::action::FollowPath_Feedback_<std::allocator<void> > >}][m[K’
[4.128s] [01m[K/usr/include/c++/11/bits/std_function.h:530:2:[m[K   required by substitution of ‘[01m[Ktemplate<class _Functor> std::function<void(std::shared_ptr<rclcpp_action::ClientGoalHandle<nav2_msgs::action::FollowPath> >, std::shared_ptr<const nav2_msgs::action::FollowPath_Feedback_<std::allocator<void> > >)>::_Requires<std::function<void(std::shared_ptr<rclcpp_action::ClientGoalHandle<nav2_msgs::action::FollowPath> >, std::shared_ptr<const nav2_msgs::action::FollowPath_Feedback_<std::allocator<void> > >)>::_Callable<_Functor, typename std::enable_if<(! std::is_same<typename std::remove_cv<typename std::remove_reference<_Tp>::type>::type, std::function<void(std::shared_ptr<rclcpp_action::ClientGoalHandle<nav2_msgs::action::FollowPath> >, std::shared_ptr<const nav2_msgs::action::FollowPath_Feedback_<std::allocator<void> > >)> >::value), std::decay<_Tp> >::type::type, std::__invoke_result<typename std::enable_if<(! std::is_same<typename std::remove_cv<typename std::remove_reference<_Tp>::type>::type, std::function<void(std::shared_ptr<rclcpp_action::ClientGoalHandle<nav2_msgs::action::FollowPath> >, std::shared_ptr<const nav2_msgs::action::FollowPath_Feedback_<std::allocator<void> > >)> >::value), std::decay<_Tp> >::type::type&, std::shared_ptr<rclcpp_action::ClientGoalHandle<nav2_msgs::action::FollowPath> >, std::shared_ptr<const nav2_msgs::action::FollowPath_Feedback_<std::allocator<void> > > > >, std::function<void(std::shared_ptr<rclcpp_action::ClientGoalHandle<nav2_msgs::action::FollowPath> >, std::shared_ptr<const nav2_msgs::action::FollowPath_Feedback_<std::allocator<void> > >)>&> std::function<void(std::shared_ptr<rclcpp_action::ClientGoalHandle<nav2_msgs::action::FollowPath> >, std::shared_ptr<const nav2_msgs::action::FollowPath_Feedback_<std::allocator<void> > >)>::operator=<_Functor>(_Functor&&) [with _Functor = std::_Bind<void (FollowPathClient::*(FollowPathClient*, std::_Placeholder<1>, std::_Placeholder<2>))(nav2_msgs::action::FollowPath_Feedback_<std::allocator<void> >)>][m[K’
[4.128s] [01m[K/home/p3zz/Documents/uni/robot-planning-project/communication/shelfino/include/shelfino/shelfino.hpp:258:105:[m[K   required from here
[4.128s] [01m[K/usr/include/c++/11/type_traits:2211:11:[m[K [01;31m[Kerror: [m[Kno type named ‘[01m[Ktype[m[K’ in ‘[01m[Kstruct std::enable_if<false, std::function<void(std::shared_ptr<rclcpp_action::ClientGoalHandle<nav2_msgs::action::FollowPath> >, std::shared_ptr<const nav2_msgs::action::FollowPath_Feedback_<std::allocator<void> > >)>&>[m[K’
[4.128s]  2211 |     using [01;31m[K__enable_if_t[m[K = typename enable_if<_Cond, _Tp>::type;
[4.128s]       |           [01;31m[K^~~~~~~~~~~~~[m[K
[4.128s] In file included from [01m[K/usr/include/c++/11/functional:59[m[K,
[4.128s]                  from [01m[K/home/p3zz/Documents/uni/robot-planning-project/communication/shelfino/include/shelfino/shelfino.hpp:1[m[K,
[4.128s]                  from [01m[K/home/p3zz/Documents/uni/robot-planning-project/communication/shelfino/src/main.cpp:1[m[K:
[4.129s] [01m[K/usr/include/c++/11/bits/std_function.h:540:9:[m[K [01;36m[Knote: [m[Kcandidate: ‘[01m[Ktemplate<class _Functor> std::function<_Res(_ArgTypes ...)>& std::function<_Res(_ArgTypes ...)>::operator=(std::reference_wrapper<_Functor>) [with _Functor = _Functor; _Res = void; _ArgTypes = {std::shared_ptr<rclcpp_action::ClientGoalHandle<nav2_msgs::action::FollowPath> >, std::shared_ptr<const nav2_msgs::action::FollowPath_Feedback_<std::allocator<void> > >}][m[K’
[4.129s]   540 |         [01;36m[Koperator[m[K=(reference_wrapper<_Functor> __f) noexcept
[4.129s]       |         [01;36m[K^~~~~~~~[m[K
[4.129s] [01m[K/usr/include/c++/11/bits/std_function.h:540:9:[m[K [01;36m[Knote: [m[K  template argument deduction/substitution failed:
[4.129s] In file included from [01m[K/home/p3zz/Documents/uni/robot-planning-project/communication/shelfino/src/main.cpp:1[m[K:
[4.129s] [01m[K/home/p3zz/Documents/uni/robot-planning-project/communication/shelfino/include/shelfino/shelfino.hpp:258:105:[m[K [01;36m[Knote: [m[K  ‘[01m[Kstd::_Bind<void (FollowPathClient::*(FollowPathClient*, std::_Placeholder<1>, std::_Placeholder<2>))(nav2_msgs::action::FollowPath_Feedback_<std::allocator<void> >)>[m[K’ is not derived from ‘[01m[Kstd::reference_wrapper<_Tp>[m[K’
[4.129s]   258 |      send_goal_options.feedback_callback = std::bind(&FollowPathClient::feedback_callback, this, _1, _2[01;36m[K)[m[K;
[4.129s]       |                                                                                                        [01;36m[K^[m[K
[4.129s] 
[4.129s] In file included from [01m[K/usr/include/c++/11/functional:59[m[K,
[4.129s]                  from [01m[K/home/p3zz/Documents/uni/robot-planning-project/communication/shelfino/include/shelfino/shelfino.hpp:1[m[K,
[4.129s]                  from [01m[K/home/p3zz/Documents/uni/robot-planning-project/communication/shelfino/src/main.cpp:1[m[K:
[4.129s] [01m[K/usr/include/c++/11/bits/std_function.h:469:7:[m[K [01;36m[Knote: [m[Kcandidate: ‘[01m[Kstd::function<_Res(_ArgTypes ...)>& std::function<_Res(_ArgTypes ...)>::operator=(const std::function<_Res(_ArgTypes ...)>&) [with _Res = void; _ArgTypes = {std::shared_ptr<rclcpp_action::ClientGoalHandle<nav2_msgs::action::FollowPath> >, std::shared_ptr<const nav2_msgs::action::FollowPath_Feedback_<std::allocator<void> > >}][m[K’
[4.129s]   469 |       [01;36m[Koperator[m[K=(const function& __x)
[4.130s]       |       [01;36m[K^~~~~~~~[m[K
[4.130s] [01m[K/usr/include/c++/11/bits/std_function.h:469:33:[m[K [01;36m[Knote: [m[K  no known conversion for argument 1 from ‘[01m[Kstd::_Bind_helper<false, void (FollowPathClient::*)(nav2_msgs::action::FollowPath_Feedback_<std::allocator<void> >), FollowPathClient*, const std::_Placeholder<1>&, const std::_Placeholder<2>&>::type[m[K’ to ‘[01m[Kconst std::function<void(std::shared_ptr<rclcpp_action::ClientGoalHandle<nav2_msgs::action::FollowPath> >, std::shared_ptr<const nav2_msgs::action::FollowPath_Feedback_<std::allocator<void> > >)>&[m[K’
[4.130s]   469 |       operator=([01;36m[Kconst function& __x[m[K)
[4.130s]       |                 [01;36m[K~~~~~~~~~~~~~~~~^~~[m[K
[4.130s] [01m[K/usr/include/c++/11/bits/std_function.h:487:7:[m[K [01;36m[Knote: [m[Kcandidate: ‘[01m[Kstd::function<_Res(_ArgTypes ...)>& std::function<_Res(_ArgTypes ...)>::operator=(std::function<_Res(_ArgTypes ...)>&&) [with _Res = void; _ArgTypes = {std::shared_ptr<rclcpp_action::ClientGoalHandle<nav2_msgs::action::FollowPath> >, std::shared_ptr<const nav2_msgs::action::FollowPath_Feedback_<std::allocator<void> > >}][m[K’
[4.130s]   487 |       [01;36m[Koperator[m[K=(function&& __x) noexcept
[4.130s]       |       [01;36m[K^~~~~~~~[m[K
[4.130s] [01m[K/usr/include/c++/11/bits/std_function.h:487:28:[m[K [01;36m[Knote: [m[K  no known conversion for argument 1 from ‘[01m[Kstd::_Bind_helper<false, void (FollowPathClient::*)(nav2_msgs::action::FollowPath_Feedback_<std::allocator<void> >), FollowPathClient*, const std::_Placeholder<1>&, const std::_Placeholder<2>&>::type[m[K’ to ‘[01m[Kstd::function<void(std::shared_ptr<rclcpp_action::ClientGoalHandle<nav2_msgs::action::FollowPath> >, std::shared_ptr<const nav2_msgs::action::FollowPath_Feedback_<std::allocator<void> > >)>&&[m[K’
[4.130s]   487 |       operator=([01;36m[Kfunction&& __x[m[K) noexcept
[4.130s]       |                 [01;36m[K~~~~~~~~~~~^~~[m[K
[4.130s] [01m[K/usr/include/c++/11/bits/std_function.h:501:7:[m[K [01;36m[Knote: [m[Kcandidate: ‘[01m[Kstd::function<_Res(_ArgTypes ...)>& std::function<_Res(_ArgTypes ...)>::operator=(std::nullptr_t) [with _Res = void; _ArgTypes = {std::shared_ptr<rclcpp_action::ClientGoalHandle<nav2_msgs::action::FollowPath> >, std::shared_ptr<const nav2_msgs::action::FollowPath_Feedback_<std::allocator<void> > >}; std::nullptr_t = std::nullptr_t][m[K’
[4.130s]   501 |       [01;36m[Koperator[m[K=(nullptr_t) noexcept
[4.130s]       |       [01;36m[K^~~~~~~~[m[K
[4.130s] [01m[K/usr/include/c++/11/bits/std_function.h:501:17:[m[K [01;36m[Knote: [m[K  no known conversion for argument 1 from ‘[01m[Kstd::_Bind_helper<false, void (FollowPathClient::*)(nav2_msgs::action::FollowPath_Feedback_<std::allocator<void> >), FollowPathClient*, const std::_Placeholder<1>&, const std::_Placeholder<2>&>::type[m[K’ to ‘[01m[Kstd::nullptr_t[m[K’
[4.131s]   501 |       operator=([01;36m[Knullptr_t[m[K) noexcept
[4.131s]       |                 [01;36m[K^~~~~~~~~[m[K
[4.136s] In file included from [01m[K/home/p3zz/Documents/uni/robot-planning-project/communication/shelfino/src/main.cpp:1[m[K:
[4.137s] [01m[K/home/p3zz/Documents/uni/robot-planning-project/communication/shelfino/include/shelfino/shelfino.hpp:259:97:[m[K [01;31m[Kerror: [m[Kno match for ‘[01m[Koperator=[m[K’ (operand types are ‘[01m[Krclcpp_action::Client<nav2_msgs::action::FollowPath>::ResultCallback[m[K’ {aka ‘[01m[Kstd::function<void(const rclcpp_action::ClientGoalHandle<nav2_msgs::action::FollowPath>::WrappedResult&)>[m[K’} and ‘[01m[Kstd::_Bind_helper<false, void (FollowPathClient::*)(const nav2_msgs::action::FollowPath_Result_<std::allocator<void> >&), FollowPathClient*, const std::_Placeholder<1>&>::type[m[K’)
[4.137s]   259 |       send_goal_options.result_callback = std::bind(&FollowPathClient::result_callback, this, _1[01;31m[K)[m[K;
[4.137s]       |                                                                                                 [01;31m[K^[m[K
[4.137s] In file included from [01m[K/usr/include/c++/11/functional:59[m[K,
[4.137s]                  from [01m[K/home/p3zz/Documents/uni/robot-planning-project/communication/shelfino/include/shelfino/shelfino.hpp:1[m[K,
[4.138s]                  from [01m[K/home/p3zz/Documents/uni/robot-planning-project/communication/shelfino/src/main.cpp:1[m[K:
[4.138s] [01m[K/usr/include/c++/11/bits/std_function.h:530:9:[m[K [01;36m[Knote: [m[Kcandidate: ‘[01m[Ktemplate<class _Functor> std::function<_Res(_ArgTypes ...)>::_Requires<std::function<_Res(_ArgTypes ...)>::_Callable<_Functor>, std::function<_Res(_ArgTypes ...)>&> std::function<_Res(_ArgTypes ...)>::operator=(_Functor&&) [with _Functor = _Functor; _Res = void; _ArgTypes = {const rclcpp_action::ClientGoalHandle<nav2_msgs::action::FollowPath>::WrappedResult&}][m[K’
[4.138s]   530 |         [01;36m[Koperator[m[K=(_Functor&& __f)
[4.138s]       |         [01;36m[K^~~~~~~~[m[K
[4.138s] [01m[K/usr/include/c++/11/bits/std_function.h:530:9:[m[K [01;36m[Knote: [m[K  template argument deduction/substitution failed:
[4.138s] In file included from [01m[K/usr/include/c++/11/bits/move.h:57[m[K,
[4.138s]                  from [01m[K/usr/include/c++/11/bits/stl_function.h:60[m[K,
[4.138s]                  from [01m[K/usr/include/c++/11/functional:49[m[K,
[4.139s]                  from [01m[K/home/p3zz/Documents/uni/robot-planning-project/communication/shelfino/include/shelfino/shelfino.hpp:1[m[K,
[4.139s]                  from [01m[K/home/p3zz/Documents/uni/robot-planning-project/communication/shelfino/src/main.cpp:1[m[K:
[4.139s] /usr/include/c++/11/type_traits: In substitution of ‘[01m[Ktemplate<bool _Cond, class _Tp> using __enable_if_t = typename std::enable_if::type [with bool _Cond = false; _Tp = std::function<void(const rclcpp_action::ClientGoalHandle<nav2_msgs::action::FollowPath>::WrappedResult&)>&][m[K’:
[4.139s] [01m[K/usr/include/c++/11/bits/std_function.h:353:8:[m[K   required by substitution of ‘[01m[Ktemplate<class _Res, class ... _ArgTypes> template<class _Cond, class _Tp> using _Requires = std::__enable_if_t<_Cond::value, _Tp> [with _Cond = std::function<void(const rclcpp_action::ClientGoalHandle<nav2_msgs::action::FollowPath>::WrappedResult&)>::_Callable<std::_Bind<void (FollowPathClient::*(FollowPathClient*, std::_Placeholder<1>))(const nav2_msgs::action::FollowPath_Result_<std::allocator<void> >&)>, std::_Bind<void (FollowPathClient::*(FollowPathClient*, std::_Placeholder<1>))(const nav2_msgs::action::FollowPath_Result_<std::allocator<void> >&)>, std::__invoke_result<std::_Bind<void (FollowPathClient::*(FollowPathClient*, std::_Placeholder<1>))(const nav2_msgs::action::FollowPath_Result_<std::allocator<void> >&)>&, const rclcpp_action::ClientGoalHandle<nav2_msgs::action::FollowPath>::WrappedResult&> >; _Tp = std::function<void(const rclcpp_action::ClientGoalHandle<nav2_msgs::action::FollowPath>::WrappedResult&)>&; _Res = void; _ArgTypes = {const rclcpp_action::ClientGoalHandle<nav2_msgs::action::FollowPath>::WrappedResult&}][m[K’
[4.139s] [01m[K/usr/include/c++/11/bits/std_function.h:530:2:[m[K   required by substitution of ‘[01m[Ktemplate<class _Functor> std::function<void(const rclcpp_action::ClientGoalHandle<nav2_msgs::action::FollowPath>::WrappedResult&)>::_Requires<std::function<void(const rclcpp_action::ClientGoalHandle<nav2_msgs::action::FollowPath>::WrappedResult&)>::_Callable<_Functor, typename std::enable_if<(! std::is_same<typename std::remove_cv<typename std::remove_reference<_Tp>::type>::type, std::function<void(const rclcpp_action::ClientGoalHandle<nav2_msgs::action::FollowPath>::WrappedResult&)> >::value), std::decay<_Tp> >::type::type, std::__invoke_result<typename std::enable_if<(! std::is_same<typename std::remove_cv<typename std::remove_reference<_Tp>::type>::type, std::function<void(const rclcpp_action::ClientGoalHandle<nav2_msgs::action::FollowPath>::WrappedResult&)> >::value), std::decay<_Tp> >::type::type&, const rclcpp_action::ClientGoalHandle<nav2_msgs::action::FollowPath>::WrappedResult&> >, std::function<void(const rclcpp_action::ClientGoalHandle<nav2_msgs::action::FollowPath>::WrappedResult&)>&> std::function<void(const rclcpp_action::ClientGoalHandle<nav2_msgs::action::FollowPath>::WrappedResult&)>::operator=<_Functor>(_Functor&&) [with _Functor = std::_Bind<void (FollowPathClient::*(FollowPathClient*, std::_Placeholder<1>))(const nav2_msgs::action::FollowPath_Result_<std::allocator<void> >&)>][m[K’
[4.139s] [01m[K/home/p3zz/Documents/uni/robot-planning-project/communication/shelfino/include/shelfino/shelfino.hpp:259:97:[m[K   required from here
[4.139s] [01m[K/usr/include/c++/11/type_traits:2211:11:[m[K [01;31m[Kerror: [m[Kno type named ‘[01m[Ktype[m[K’ in ‘[01m[Kstruct std::enable_if<false, std::function<void(const rclcpp_action::ClientGoalHandle<nav2_msgs::action::FollowPath>::WrappedResult&)>&>[m[K’
[4.140s]  2211 |     using [01;31m[K__enable_if_t[m[K = typename enable_if<_Cond, _Tp>::type;
[4.140s]       |           [01;31m[K^~~~~~~~~~~~~[m[K
[4.140s] In file included from [01m[K/usr/include/c++/11/functional:59[m[K,
[4.140s]                  from [01m[K/home/p3zz/Documents/uni/robot-planning-project/communication/shelfino/include/shelfino/shelfino.hpp:1[m[K,
[4.140s]                  from [01m[K/home/p3zz/Documents/uni/robot-planning-project/communication/shelfino/src/main.cpp:1[m[K:
[4.140s] [01m[K/usr/include/c++/11/bits/std_function.h:540:9:[m[K [01;36m[Knote: [m[Kcandidate: ‘[01m[Ktemplate<class _Functor> std::function<_Res(_ArgTypes ...)>& std::function<_Res(_ArgTypes ...)>::operator=(std::reference_wrapper<_Functor>) [with _Functor = _Functor; _Res = void; _ArgTypes = {const rclcpp_action::ClientGoalHandle<nav2_msgs::action::FollowPath>::WrappedResult&}][m[K’
[4.140s]   540 |         [01;36m[Koperator[m[K=(reference_wrapper<_Functor> __f) noexcept
[4.140s]       |         [01;36m[K^~~~~~~~[m[K
[4.140s] [01m[K/usr/include/c++/11/bits/std_function.h:540:9:[m[K [01;36m[Knote: [m[K  template argument deduction/substitution failed:
[4.141s] In file included from [01m[K/home/p3zz/Documents/uni/robot-planning-project/communication/shelfino/src/main.cpp:1[m[K:
[4.141s] [01m[K/home/p3zz/Documents/uni/robot-planning-project/communication/shelfino/include/shelfino/shelfino.hpp:259:97:[m[K [01;36m[Knote: [m[K  ‘[01m[Kstd::_Bind<void (FollowPathClient::*(FollowPathClient*, std::_Placeholder<1>))(const nav2_msgs::action::FollowPath_Result_<std::allocator<void> >&)>[m[K’ is not derived from ‘[01m[Kstd::reference_wrapper<_Tp>[m[K’
[4.141s]   259 |       send_goal_options.result_callback = std::bind(&FollowPathClient::result_callback, this, _1[01;36m[K)[m[K;
[4.141s]       |                                                                                                 [01;36m[K^[m[K
[4.141s] In file included from [01m[K/usr/include/c++/11/functional:59[m[K,
[4.141s]                  from [01m[K/home/p3zz/Documents/uni/robot-planning-project/communication/shelfino/include/shelfino/shelfino.hpp:1[m[K,
[4.141s]                  from [01m[K/home/p3zz/Documents/uni/robot-planning-project/communication/shelfino/src/main.cpp:1[m[K:
[4.141s] [01m[K/usr/include/c++/11/bits/std_function.h:469:7:[m[K [01;36m[Knote: [m[Kcandidate: ‘[01m[Kstd::function<_Res(_ArgTypes ...)>& std::function<_Res(_ArgTypes ...)>::operator=(const std::function<_Res(_ArgTypes ...)>&) [with _Res = void; _ArgTypes = {const rclcpp_action::ClientGoalHandle<nav2_msgs::action::FollowPath>::WrappedResult&}][m[K’
[4.142s]   469 |       [01;36m[Koperator[m[K=(const function& __x)
[4.142s]       |       [01;36m[K^~~~~~~~[m[K
[4.142s] [01m[K/usr/include/c++/11/bits/std_function.h:469:33:[m[K [01;36m[Knote: [m[K  no known conversion for argument 1 from ‘[01m[Kstd::_Bind_helper<false, void (FollowPathClient::*)(const nav2_msgs::action::FollowPath_Result_<std::allocator<void> >&), FollowPathClient*, const std::_Placeholder<1>&>::type[m[K’ to ‘[01m[Kconst std::function<void(const rclcpp_action::ClientGoalHandle<nav2_msgs::action::FollowPath>::WrappedResult&)>&[m[K’
[4.142s]   469 |       operator=([01;36m[Kconst function& __x[m[K)
[4.142s]       |                 [01;36m[K~~~~~~~~~~~~~~~~^~~[m[K
[4.142s] [01m[K/usr/include/c++/11/bits/std_function.h:487:7:[m[K [01;36m[Knote: [m[Kcandidate: ‘[01m[Kstd::function<_Res(_ArgTypes ...)>& std::function<_Res(_ArgTypes ...)>::operator=(std::function<_Res(_ArgTypes ...)>&&) [with _Res = void; _ArgTypes = {const rclcpp_action::ClientGoalHandle<nav2_msgs::action::FollowPath>::WrappedResult&}][m[K’
[4.142s]   487 |       [01;36m[Koperator[m[K=(function&& __x) noexcept
[4.142s]       |       [01;36m[K^~~~~~~~[m[K
[4.142s] [01m[K/usr/include/c++/11/bits/std_function.h:487:28:[m[K [01;36m[Knote: [m[K  no known conversion for argument 1 from ‘[01m[Kstd::_Bind_helper<false, void (FollowPathClient::*)(const nav2_msgs::action::FollowPath_Result_<std::allocator<void> >&), FollowPathClient*, const std::_Placeholder<1>&>::type[m[K’ to ‘[01m[Kstd::function<void(const rclcpp_action::ClientGoalHandle<nav2_msgs::action::FollowPath>::WrappedResult&)>&&[m[K’
[4.143s]   487 |       operator=([01;36m[Kfunction&& __x[m[K) noexcept
[4.143s]       |                 [01;36m[K~~~~~~~~~~~^~~[m[K
[4.143s] [01m[K/usr/include/c++/11/bits/std_function.h:501:7:[m[K [01;36m[Knote: [m[Kcandidate: ‘[01m[Kstd::function<_Res(_ArgTypes ...)>& std::function<_Res(_ArgTypes ...)>::operator=(std::nullptr_t) [with _Res = void; _ArgTypes = {const rclcpp_action::ClientGoalHandle<nav2_msgs::action::FollowPath>::WrappedResult&}; std::nullptr_t = std::nullptr_t][m[K’
[4.143s]   501 |       [01;36m[Koperator[m[K=(nullptr_t) noexcept
[4.143s]       |       [01;36m[K^~~~~~~~[m[K
[4.143s] [01m[K/usr/include/c++/11/bits/std_function.h:501:17:[m[K [01;36m[Knote: [m[K  no known conversion for argument 1 from ‘[01m[Kstd::_Bind_helper<false, void (FollowPathClient::*)(const nav2_msgs::action::FollowPath_Result_<std::allocator<void> >&), FollowPathClient*, const std::_Placeholder<1>&>::type[m[K’ to ‘[01m[Kstd::nullptr_t[m[K’
[4.143s]   501 |       operator=([01;36m[Knullptr_t[m[K) noexcept
[4.143s]       |                 [01;36m[K^~~~~~~~~[m[K
[4.143s] In file included from [01m[K/home/p3zz/Documents/uni/robot-planning-project/communication/shelfino/src/main.cpp:1[m[K:
[4.143s] [01m[K/home/p3zz/Documents/uni/robot-planning-project/communication/shelfino/include/shelfino/shelfino.hpp:[m[K In member function ‘[01m[Kvoid FollowPathClient::feedback_callback(nav2_msgs::action::FollowPath::Feedback)[m[K’:
[4.144s] [01m[K/home/p3zz/Documents/uni/robot-planning-project/communication/shelfino/include/shelfino/shelfino.hpp:267:24:[m[K [01;31m[Kerror: [m[Kbase operand of ‘[01m[K->[m[K’ has non-pointer type ‘[01m[Kconst Feedback[m[K’ {aka ‘[01m[Kconst nav2_msgs::action::FollowPath_Feedback_<std::allocator<void> >[m[K’}
[4.144s]   267 |     std::cout<<feedback[01;31m[K->[m[Kdistance_to_goal<<std::endl;
[4.144s]       |                        [01;31m[K^~[m[K
[4.144s] [01m[K/home/p3zz/Documents/uni/robot-planning-project/communication/shelfino/include/shelfino/shelfino.hpp:268:24:[m[K [01;31m[Kerror: [m[Kbase operand of ‘[01m[K->[m[K’ has non-pointer type ‘[01m[Kconst Feedback[m[K’ {aka ‘[01m[Kconst nav2_msgs::action::FollowPath_Feedback_<std::allocator<void> >[m[K’}
[4.144s]   268 |     std::cout<<feedback[01;31m[K->[m[Kspeed<<std::endl;
[4.144s]       |                        [01;31m[K^~[m[K
[4.144s] [01m[K/home/p3zz/Documents/uni/robot-planning-project/communication/shelfino/include/shelfino/shelfino.hpp:[m[K In member function ‘[01m[Kvoid FollowPathClient::result_callback(const Result&)[m[K’:
[4.144s] [01m[K/home/p3zz/Documents/uni/robot-planning-project/communication/shelfino/include/shelfino/shelfino.hpp:273:20:[m[K [01;31m[Kerror: [m[Kswitch quantity not an integer
[4.144s]   273 |     switch ([01;31m[Kresult.result[m[K) {
[4.145s]       |             [01;31m[K~~~~~~~^~~~~~[m[K
[10.920s] gmake[2]: *** [CMakeFiles/shelfino.dir/build.make:76: CMakeFiles/shelfino.dir/src/main.cpp.o] Error 1
[10.920s] gmake[1]: *** [CMakeFiles/Makefile2:137: CMakeFiles/shelfino.dir/all] Error 2
[10.921s] gmake: *** [Makefile:146: all] Error 2
[10.923s] Invoked command in '/home/p3zz/Documents/uni/robot-planning-project/build/shelfino' returned '2': CMAKE_PREFIX_PATH=/home/p3zz/Documents/uni/robot-planning-project/install/shapes:/home/p3zz/Documents/uni/robot-planning-project/install/custom_msgs:/home/p3zz/Documents/uni/robot-planning-project/install/shelfino:/home/p3zz/Documents/uni/robot-planning-project/install/decisions:/home/p3zz/Documents/uni/robot-planning-project/install/map:/home/p3zz/Documents/uni/robot-planning-project/install/dubins:/home/p3zz/Documents/uni/robot-planning-project/install/utils:/opt/ros/humble /usr/bin/cmake --build /home/p3zz/Documents/uni/robot-planning-project/build/shelfino -- -j8 -l8
