[0.022s] Invoking command in '/home/p3zz/Documents/uni/robot-planning-project/build/shelfino': CMAKE_PREFIX_PATH=/home/p3zz/Documents/uni/robot-planning-project/install/shapes:/home/p3zz/Documents/uni/robot-planning-project/install/custom_msgs:/home/p3zz/Documents/uni/robot-planning-project/install/shelfino:/home/p3zz/Documents/uni/robot-planning-project/install/decisions:/home/p3zz/Documents/uni/robot-planning-project/install/map:/home/p3zz/Documents/uni/robot-planning-project/install/dubins:/home/p3zz/Documents/uni/robot-planning-project/install/utils:/opt/ros/humble /usr/bin/cmake --build /home/p3zz/Documents/uni/robot-planning-project/build/shelfino -- -j8 -l8
[0.068s] [35m[1mConsolidate compiler generated dependencies of target shelfino[0m
[0.097s] [ 50%] [32mBuilding CXX object CMakeFiles/shelfino.dir/src/main.cpp.o[0m
[17.554s] [100%] [32m[1mLinking CXX executable shelfino[0m
[18.640s] [100%] Built target shelfino
[18.652s] Invoked command in '/home/p3zz/Documents/uni/robot-planning-project/build/shelfino' returned '0': CMAKE_PREFIX_PATH=/home/p3zz/Documents/uni/robot-planning-project/install/shapes:/home/p3zz/Documents/uni/robot-planning-project/install/custom_msgs:/home/p3zz/Documents/uni/robot-planning-project/install/shelfino:/home/p3zz/Documents/uni/robot-planning-project/install/decisions:/home/p3zz/Documents/uni/robot-planning-project/install/map:/home/p3zz/Documents/uni/robot-planning-project/install/dubins:/home/p3zz/Documents/uni/robot-planning-project/install/utils:/opt/ros/humble /usr/bin/cmake --build /home/p3zz/Documents/uni/robot-planning-project/build/shelfino -- -j8 -l8
[18.693s] Invoking command in '/home/p3zz/Documents/uni/robot-planning-project/build/shelfino': CMAKE_PREFIX_PATH=/home/p3zz/Documents/uni/robot-planning-project/install/shapes:/home/p3zz/Documents/uni/robot-planning-project/install/custom_msgs:/home/p3zz/Documents/uni/robot-planning-project/install/shelfino:/home/p3zz/Documents/uni/robot-planning-project/install/decisions:/home/p3zz/Documents/uni/robot-planning-project/install/map:/home/p3zz/Documents/uni/robot-planning-project/install/dubins:/home/p3zz/Documents/uni/robot-planning-project/install/utils:/opt/ros/humble /usr/bin/cmake --install /home/p3zz/Documents/uni/robot-planning-project/build/shelfino
[18.701s] -- Install configuration: ""
[18.701s] -- Installing: /home/p3zz/Documents/uni/robot-planning-project/install/shelfino/lib/shelfino/shelfino
[18.711s] -- Set runtime path of "/home/p3zz/Documents/uni/robot-planning-project/install/shelfino/lib/shelfino/shelfino" to ""
[18.711s] -- Up-to-date: /home/p3zz/Documents/uni/robot-planning-project/install/shelfino/share/ament_index/resource_index/package_run_dependencies/shelfino
[18.711s] -- Installing: /home/p3zz/Documents/uni/robot-planning-project/install/shelfino/share/ament_index/resource_index/parent_prefix_path/shelfino
[18.712s] -- Up-to-date: /home/p3zz/Documents/uni/robot-planning-project/install/shelfino/share/shelfino/environment/ament_prefix_path.sh
[18.712s] -- Installing: /home/p3zz/Documents/uni/robot-planning-project/install/shelfino/share/shelfino/environment/ament_prefix_path.dsv
[18.712s] -- Up-to-date: /home/p3zz/Documents/uni/robot-planning-project/install/shelfino/share/shelfino/environment/path.sh
[18.712s] -- Installing: /home/p3zz/Documents/uni/robot-planning-project/install/shelfino/share/shelfino/environment/path.dsv
[18.712s] -- Up-to-date: /home/p3zz/Documents/uni/robot-planning-project/install/shelfino/share/shelfino/local_setup.bash
[18.713s] -- Up-to-date: /home/p3zz/Documents/uni/robot-planning-project/install/shelfino/share/shelfino/local_setup.sh
[18.713s] -- Up-to-date: /home/p3zz/Documents/uni/robot-planning-project/install/shelfino/share/shelfino/local_setup.zsh
[18.713s] -- Installing: /home/p3zz/Documents/uni/robot-planning-project/install/shelfino/share/shelfino/local_setup.dsv
[18.713s] -- Installing: /home/p3zz/Documents/uni/robot-planning-project/install/shelfino/share/shelfino/package.dsv
[18.713s] -- Up-to-date: /home/p3zz/Documents/uni/robot-planning-project/install/shelfino/share/ament_index/resource_index/packages/shelfino
[18.713s] -- Up-to-date: /home/p3zz/Documents/uni/robot-planning-project/install/shelfino/share/shelfino/cmake/shelfinoConfig.cmake
[18.713s] -- Up-to-date: /home/p3zz/Documents/uni/robot-planning-project/install/shelfino/share/shelfino/cmake/shelfinoConfig-version.cmake
[18.714s] -- Up-to-date: /home/p3zz/Documents/uni/robot-planning-project/install/shelfino/share/shelfino/package.xml
[18.715s] Invoked command in '/home/p3zz/Documents/uni/robot-planning-project/build/shelfino' returned '0': CMAKE_PREFIX_PATH=/home/p3zz/Documents/uni/robot-planning-project/install/shapes:/home/p3zz/Documents/uni/robot-planning-project/install/custom_msgs:/home/p3zz/Documents/uni/robot-planning-project/install/shelfino:/home/p3zz/Documents/uni/robot-planning-project/install/decisions:/home/p3zz/Documents/uni/robot-planning-project/install/map:/home/p3zz/Documents/uni/robot-planning-project/install/dubins:/home/p3zz/Documents/uni/robot-planning-project/install/utils:/opt/ros/humble /usr/bin/cmake --install /home/p3zz/Documents/uni/robot-planning-project/build/shelfino
