[0.014s] Invoking command in '/home/p3zz/Documents/uni/robot-planning-project/build/shapes': CMAKE_PREFIX_PATH=${CMAKE_PREFIX_PATH}:/opt/ros/humble /usr/bin/cmake /home/p3zz/Documents/uni/robot-planning-project/shapes -DCMAKE_INSTALL_PREFIX=/home/p3zz/Documents/uni/robot-planning-project/install/shapes
[0.026s] -- Found ament_cmake: 1.3.3 (/opt/ros/humble/share/ament_cmake/cmake)
[0.187s] -- Found utils: 0.0.0 (/home/p3zz/Documents/uni/robot-planning-project/install/utils/share/utils/cmake)
[0.192s] -- Found ament_cmake_gtest: 1.3.3 (/opt/ros/humble/share/ament_cmake_gtest/cmake)
[0.195s] -- Found gtest sources under '/opt/ros/humble/src/gtest_vendor': C++ tests using 'Google Test' will be built
[0.198s] -- Looking for pthread.h
[0.281s] -- Looking for pthread.h - found
[0.281s] -- Performing Test CMAKE_HAVE_LIBC_PTHREAD
[0.358s] -- Performing Test CMAKE_HAVE_LIBC_PTHREAD - Success
[0.359s] -- Found Threads: TRUE  
[0.436s] -- Configuring done
[0.450s] -- Generating done
[0.452s] -- Build files have been written to: /home/p3zz/Documents/uni/robot-planning-project/build/shapes
[0.457s] Invoked command in '/home/p3zz/Documents/uni/robot-planning-project/build/shapes' returned '0': CMAKE_PREFIX_PATH=${CMAKE_PREFIX_PATH}:/opt/ros/humble /usr/bin/cmake /home/p3zz/Documents/uni/robot-planning-project/shapes -DCMAKE_INSTALL_PREFIX=/home/p3zz/Documents/uni/robot-planning-project/install/shapes
[0.458s] Invoking command in '/home/p3zz/Documents/uni/robot-planning-project/build/shapes': CMAKE_PREFIX_PATH=${CMAKE_PREFIX_PATH}:/opt/ros/humble /usr/bin/cmake --build /home/p3zz/Documents/uni/robot-planning-project/build/shapes -- -j8 -l8
[0.513s] [  9%] [32mBuilding CXX object gtest/CMakeFiles/gtest.dir/src/gtest-all.cc.o[0m
[0.514s] [ 18%] [32mBuilding CXX object CMakeFiles/shapes.dir/src/shapes.cpp.o[0m
[0.516s] [ 27%] [32mBuilding CXX object gtest/CMakeFiles/gtest_main.dir/src/gtest_main.cc.o[0m
[1.228s] [ 36%] [32m[1mLinking CXX static library libshapes.a[0m
[1.259s] [ 36%] Built target shapes
[1.678s] [ 45%] [32m[1mLinking CXX static library libgtest_main.a[0m
[1.713s] [ 45%] Built target gtest_main
[4.088s] [ 54%] [32m[1mLinking CXX static library libgtest.a[0m
[4.162s] [ 54%] Built target gtest
[4.183s] [ 72%] [32mBuilding CXX object CMakeFiles/test_shapes.dir/test/circle.cpp.o[0m
[4.183s] [ 72%] [32mBuilding CXX object CMakeFiles/test_shapes.dir/test/polygon.cpp.o[0m
[4.183s] [ 81%] [32mBuilding CXX object CMakeFiles/test_shapes.dir/test/segment.cpp.o[0m
[4.183s] [ 90%] [32mBuilding CXX object CMakeFiles/test_shapes.dir/test/main.cpp.o[0m
[5.837s] [100%] [32m[1mLinking CXX executable test_shapes[0m
[6.039s] [100%] Built target test_shapes
[6.051s] Invoked command in '/home/p3zz/Documents/uni/robot-planning-project/build/shapes' returned '0': CMAKE_PREFIX_PATH=${CMAKE_PREFIX_PATH}:/opt/ros/humble /usr/bin/cmake --build /home/p3zz/Documents/uni/robot-planning-project/build/shapes -- -j8 -l8
[6.099s] Invoking command in '/home/p3zz/Documents/uni/robot-planning-project/build/shapes': CMAKE_PREFIX_PATH=${CMAKE_PREFIX_PATH}:/opt/ros/humble /usr/bin/cmake --install /home/p3zz/Documents/uni/robot-planning-project/build/shapes
[6.107s] -- Install configuration: ""
[6.107s] -- Installing: /home/p3zz/Documents/uni/robot-planning-project/install/shapes/share/shapes/environment/library_path.sh
[6.107s] -- Installing: /home/p3zz/Documents/uni/robot-planning-project/install/shapes/share/shapes/environment/library_path.dsv
[6.107s] -- Installing: /home/p3zz/Documents/uni/robot-planning-project/install/shapes/include/shapes
[6.108s] -- Installing: /home/p3zz/Documents/uni/robot-planning-project/install/shapes/include/shapes/shapes.hpp
[6.108s] -- Installing: /home/p3zz/Documents/uni/robot-planning-project/install/shapes/lib/libshapes.a
[6.108s] -- Installing: /home/p3zz/Documents/uni/robot-planning-project/install/shapes/lib/shapes/test_shapes
[6.110s] -- Installing: /home/p3zz/Documents/uni/robot-planning-project/install/shapes/share/ament_index/resource_index/package_run_dependencies/shapes
[6.110s] -- Installing: /home/p3zz/Documents/uni/robot-planning-project/install/shapes/share/ament_index/resource_index/parent_prefix_path/shapes
[6.111s] -- Installing: /home/p3zz/Documents/uni/robot-planning-project/install/shapes/share/shapes/environment/ament_prefix_path.sh
[6.111s] -- Installing: /home/p3zz/Documents/uni/robot-planning-project/install/shapes/share/shapes/environment/ament_prefix_path.dsv
[6.111s] -- Installing: /home/p3zz/Documents/uni/robot-planning-project/install/shapes/share/shapes/environment/path.sh
[6.111s] -- Installing: /home/p3zz/Documents/uni/robot-planning-project/install/shapes/share/shapes/environment/path.dsv
[6.111s] -- Installing: /home/p3zz/Documents/uni/robot-planning-project/install/shapes/share/shapes/local_setup.bash
[6.112s] -- Installing: /home/p3zz/Documents/uni/robot-planning-project/install/shapes/share/shapes/local_setup.sh
[6.112s] -- Installing: /home/p3zz/Documents/uni/robot-planning-project/install/shapes/share/shapes/local_setup.zsh
[6.112s] -- Installing: /home/p3zz/Documents/uni/robot-planning-project/install/shapes/share/shapes/local_setup.dsv
[6.112s] -- Installing: /home/p3zz/Documents/uni/robot-planning-project/install/shapes/share/shapes/package.dsv
[6.112s] -- Installing: /home/p3zz/Documents/uni/robot-planning-project/install/shapes/share/ament_index/resource_index/packages/shapes
[6.113s] -- Installing: /home/p3zz/Documents/uni/robot-planning-project/install/shapes/share/shapes/cmake/shapesExport.cmake
[6.113s] -- Installing: /home/p3zz/Documents/uni/robot-planning-project/install/shapes/share/shapes/cmake/shapesExport-noconfig.cmake
[6.113s] -- Installing: /home/p3zz/Documents/uni/robot-planning-project/install/shapes/share/shapes/cmake/ament_cmake_export_targets-extras.cmake
[6.113s] -- Installing: /home/p3zz/Documents/uni/robot-planning-project/install/shapes/share/shapes/cmake/shapesConfig.cmake
[6.113s] -- Installing: /home/p3zz/Documents/uni/robot-planning-project/install/shapes/share/shapes/cmake/shapesConfig-version.cmake
[6.113s] -- Installing: /home/p3zz/Documents/uni/robot-planning-project/install/shapes/share/shapes/package.xml
[6.117s] Invoked command in '/home/p3zz/Documents/uni/robot-planning-project/build/shapes' returned '0': CMAKE_PREFIX_PATH=${CMAKE_PREFIX_PATH}:/opt/ros/humble /usr/bin/cmake --install /home/p3zz/Documents/uni/robot-planning-project/build/shapes
