[0.033s] Invoking command in '/root/ros2_ws/src/robot-planning-project/build/utils': CMAKE_PREFIX_PATH=${CMAKE_PREFIX_PATH}:/opt/ros/humble /usr/bin/cmake /root/ros2_ws/src/robot-planning-project/utils -DCMAKE_INSTALL_PREFIX=/root/ros2_ws/src/robot-planning-project/install/utils
[1.437s] -- The C compiler identification is GNU 11.3.0
[1.437s] -- The CXX compiler identification is GNU 11.3.0
[1.438s] -- Detecting C compiler ABI info
[1.438s] -- Detecting C compiler ABI info - done
[1.438s] -- Check for working C compiler: /usr/bin/cc - skipped
[1.438s] -- Detecting C compile features
[1.439s] -- Detecting C compile features - done
[1.439s] -- Detecting CXX compiler ABI info
[1.439s] -- Detecting CXX compiler ABI info - done
[1.439s] -- Check for working CXX compiler: /usr/bin/c++ - skipped
[1.439s] -- Detecting CXX compile features
[1.439s] -- Detecting CXX compile features - done
[1.440s] -- Found ament_cmake: 1.3.3 (/opt/ros/humble/share/ament_cmake/cmake)
[1.442s] -- Found Python3: /usr/bin/python3.10 (found version "3.10.6") found components: Interpreter 
[1.442s] -- Found ament_lint_auto: 0.12.4 (/opt/ros/humble/share/ament_lint_auto/cmake)
[1.442s] -- Added test 'cppcheck' to perform static code analysis on C / C++ code
[1.443s] -- Configured cppcheck include dirs: /root/ros2_ws/src/robot-planning-project/utils/include
[1.443s] -- Configured cppcheck exclude dirs and/or files: 
[1.443s] -- Added test 'lint_cmake' to check CMake code style
[1.443s] -- Added test 'uncrustify' to check C / C++ code style
[1.443s] -- Configured uncrustify additional arguments: 
[1.443s] -- Added test 'xmllint' to check XML markup files
[1.444s] -- Configuring done
[1.444s] -- Generating done
[1.445s] -- Build files have been written to: /root/ros2_ws/src/robot-planning-project/build/utils
[1.462s] Invoked command in '/root/ros2_ws/src/robot-planning-project/build/utils' returned '0': CMAKE_PREFIX_PATH=${CMAKE_PREFIX_PATH}:/opt/ros/humble /usr/bin/cmake /root/ros2_ws/src/robot-planning-project/utils -DCMAKE_INSTALL_PREFIX=/root/ros2_ws/src/robot-planning-project/install/utils
[1.465s] Invoking command in '/root/ros2_ws/src/robot-planning-project/build/utils': CMAKE_PREFIX_PATH=${CMAKE_PREFIX_PATH}:/opt/ros/humble /usr/bin/cmake --build /root/ros2_ws/src/robot-planning-project/build/utils -- -j6 -l6
[1.575s] [ 50%] [32mBuilding CXX object CMakeFiles/utils.dir/src/utils.cpp.o[0m
[1.883s] [100%] [32m[1mLinking CXX static library libutils.a[0m
[1.973s] [100%] Built target utils
[2.013s] Invoked command in '/root/ros2_ws/src/robot-planning-project/build/utils' returned '0': CMAKE_PREFIX_PATH=${CMAKE_PREFIX_PATH}:/opt/ros/humble /usr/bin/cmake --build /root/ros2_ws/src/robot-planning-project/build/utils -- -j6 -l6
[2.171s] Invoking command in '/root/ros2_ws/src/robot-planning-project/build/utils': CMAKE_PREFIX_PATH=${CMAKE_PREFIX_PATH}:/opt/ros/humble /usr/bin/cmake --install /root/ros2_ws/src/robot-planning-project/build/utils
[3.164s] -- Install configuration: ""
[3.164s] -- Installing: /root/ros2_ws/src/robot-planning-project/install/utils/share/utils/environment/library_path.sh
[3.165s] -- Installing: /root/ros2_ws/src/robot-planning-project/install/utils/share/utils/environment/library_path.dsv
[3.165s] -- Installing: /root/ros2_ws/src/robot-planning-project/install/utils/include/utils
[3.165s] -- Installing: /root/ros2_ws/src/robot-planning-project/install/utils/include/utils/utils.h
[3.166s] -- Installing: /root/ros2_ws/src/robot-planning-project/install/utils/lib/libutils.a
[3.166s] -- Installing: /root/ros2_ws/src/robot-planning-project/install/utils/share/ament_index/resource_index/package_run_dependencies/utils
[3.167s] -- Installing: /root/ros2_ws/src/robot-planning-project/install/utils/share/ament_index/resource_index/parent_prefix_path/utils
[3.167s] -- Installing: /root/ros2_ws/src/robot-planning-project/install/utils/share/utils/environment/ament_prefix_path.sh
[3.167s] -- Installing: /root/ros2_ws/src/robot-planning-project/install/utils/share/utils/environment/ament_prefix_path.dsv
[3.168s] -- Installing: /root/ros2_ws/src/robot-planning-project/install/utils/share/utils/environment/path.sh
[3.169s] -- Installing: /root/ros2_ws/src/robot-planning-project/install/utils/share/utils/environment/path.dsv
[3.171s] -- Installing: /root/ros2_ws/src/robot-planning-project/install/utils/share/utils/local_setup.bash
[3.171s] -- Installing: /root/ros2_ws/src/robot-planning-project/install/utils/share/utils/local_setup.sh
[3.171s] -- Installing: /root/ros2_ws/src/robot-planning-project/install/utils/share/utils/local_setup.zsh
[3.174s] -- Installing: /root/ros2_ws/src/robot-planning-project/install/utils/share/utils/local_setup.dsv
[3.174s] -- Installing: /root/ros2_ws/src/robot-planning-project/install/utils/share/utils/package.dsv
[3.174s] -- Installing: /root/ros2_ws/src/robot-planning-project/install/utils/share/ament_index/resource_index/packages/utils
[3.174s] -- Installing: /root/ros2_ws/src/robot-planning-project/install/utils/share/utils/cmake/utilsExport.cmake
[3.175s] -- Installing: /root/ros2_ws/src/robot-planning-project/install/utils/share/utils/cmake/utilsExport-noconfig.cmake
[3.175s] -- Installing: /root/ros2_ws/src/robot-planning-project/install/utils/share/utils/cmake/ament_cmake_export_targets-extras.cmake
[3.175s] -- Installing: /root/ros2_ws/src/robot-planning-project/install/utils/share/utils/cmake/utilsConfig.cmake
[3.175s] -- Installing: /root/ros2_ws/src/robot-planning-project/install/utils/share/utils/cmake/utilsConfig-version.cmake
[3.176s] -- Installing: /root/ros2_ws/src/robot-planning-project/install/utils/share/utils/package.xml
[3.184s] Invoked command in '/root/ros2_ws/src/robot-planning-project/build/utils' returned '0': CMAKE_PREFIX_PATH=${CMAKE_PREFIX_PATH}:/opt/ros/humble /usr/bin/cmake --install /root/ros2_ws/src/robot-planning-project/build/utils
