[0.061s] Invoking command in '/home/p3zz/Documents/uni/robot-planning-project/build/shapes': CMAKE_PREFIX_PATH=/opt/ros/humble /usr/bin/cmake /home/p3zz/Documents/uni/robot-planning-project/shapes -DCMAKE_INSTALL_PREFIX=/home/p3zz/Documents/uni/robot-planning-project/install/shapes
[0.105s] -- Found ament_cmake: 1.3.3 (/opt/ros/humble/share/ament_cmake/cmake)
[0.431s] [31mCMake Error at CMakeLists.txt:10 (find_package):
[0.431s]   By not providing "Findutils.cmake" in CMAKE_MODULE_PATH this project has
[0.431s]   asked CMake to find a package configuration file provided by "utils", but
[0.432s]   CMake did not find one.
[0.432s] 
[0.433s]   Could not find a package configuration file provided by "utils" with any of
[0.433s]   the following names:
[0.433s] 
[0.434s]     utilsConfig.cmake
[0.434s]     utils-config.cmake
[0.434s] 
[0.435s]   Add the installation prefix of "utils" to CMAKE_PREFIX_PATH or set
[0.435s]   "utils_DIR" to a directory containing one of the above files.  If "utils"
[0.435s]   provides a separate development package or SDK, be sure it has been
[0.436s]   installed.
[0.436s] 
[0.436s] [0m
[0.437s] -- Configuring incomplete, errors occurred!
[0.437s] See also "/home/p3zz/Documents/uni/robot-planning-project/build/shapes/CMakeFiles/CMakeOutput.log".
[0.452s] Invoked command in '/home/p3zz/Documents/uni/robot-planning-project/build/shapes' returned '1': CMAKE_PREFIX_PATH=/opt/ros/humble /usr/bin/cmake /home/p3zz/Documents/uni/robot-planning-project/shapes -DCMAKE_INSTALL_PREFIX=/home/p3zz/Documents/uni/robot-planning-project/install/shapes
