-- Found ament_cmake: 1.3.3 (/opt/ros/humble/share/ament_cmake/cmake)
-- Found utils: 0.0.0 (/home/p3zz/Documents/uni/robot-planning-project/install/utils/share/utils/cmake)
-- Found map: 0.0.0 (/home/p3zz/Documents/uni/robot-planning-project/install/map/share/map/cmake)
-- Found dubins: 0.0.0 (/home/p3zz/Documents/uni/robot-planning-project/install/dubins/share/dubins/cmake)
-- Found shapes: 0.0.0 (/home/p3zz/Documents/uni/robot-planning-project/install/shapes/share/shapes/cmake)
-- Found ament_lint_auto: 0.12.4 (/opt/ros/humble/share/ament_lint_auto/cmake)
-- Added test 'cppcheck' to perform static code analysis on C / C++ code
-- Configured cppcheck include dirs: /home/p3zz/Documents/uni/robot-planning-project/decisions/include
-- Configured cppcheck exclude dirs and/or files: 
-- Added test 'lint_cmake' to check CMake code style
-- Added test 'uncrustify' to check C / C++ code style
-- Configured uncrustify additional arguments: 
-- Added test 'xmllint' to check XML markup files
-- Configuring done
-- Generating done
-- Build files have been written to: /home/p3zz/Documents/uni/robot-planning-project/build/decisions
[ 50%] [32mBuilding CXX object CMakeFiles/decisions.dir/src/decisions.cpp.o[0m
[100%] [32m[1mLinking CXX static library libdecisions.a[0m
[100%] Built target decisions
-- Install configuration: ""
-- Installing: /home/p3zz/Documents/uni/robot-planning-project/install/decisions/share/decisions/environment/library_path.sh
-- Installing: /home/p3zz/Documents/uni/robot-planning-project/install/decisions/share/decisions/environment/library_path.dsv
-- Installing: /home/p3zz/Documents/uni/robot-planning-project/install/decisions/include/decisions
-- Installing: /home/p3zz/Documents/uni/robot-planning-project/install/decisions/include/decisions/decisions.hpp
-- Installing: /home/p3zz/Documents/uni/robot-planning-project/install/decisions/lib/libdecisions.a
-- Installing: /home/p3zz/Documents/uni/robot-planning-project/install/decisions/share/ament_index/resource_index/package_run_dependencies/decisions
-- Installing: /home/p3zz/Documents/uni/robot-planning-project/install/decisions/share/ament_index/resource_index/parent_prefix_path/decisions
-- Installing: /home/p3zz/Documents/uni/robot-planning-project/install/decisions/share/decisions/environment/ament_prefix_path.sh
-- Installing: /home/p3zz/Documents/uni/robot-planning-project/install/decisions/share/decisions/environment/ament_prefix_path.dsv
-- Installing: /home/p3zz/Documents/uni/robot-planning-project/install/decisions/share/decisions/environment/path.sh
-- Installing: /home/p3zz/Documents/uni/robot-planning-project/install/decisions/share/decisions/environment/path.dsv
-- Installing: /home/p3zz/Documents/uni/robot-planning-project/install/decisions/share/decisions/local_setup.bash
-- Installing: /home/p3zz/Documents/uni/robot-planning-project/install/decisions/share/decisions/local_setup.sh
-- Installing: /home/p3zz/Documents/uni/robot-planning-project/install/decisions/share/decisions/local_setup.zsh
-- Installing: /home/p3zz/Documents/uni/robot-planning-project/install/decisions/share/decisions/local_setup.dsv
-- Installing: /home/p3zz/Documents/uni/robot-planning-project/install/decisions/share/decisions/package.dsv
-- Installing: /home/p3zz/Documents/uni/robot-planning-project/install/decisions/share/ament_index/resource_index/packages/decisions
-- Installing: /home/p3zz/Documents/uni/robot-planning-project/install/decisions/share/decisions/cmake/decisionsExport.cmake
-- Installing: /home/p3zz/Documents/uni/robot-planning-project/install/decisions/share/decisions/cmake/decisionsExport-noconfig.cmake
-- Installing: /home/p3zz/Documents/uni/robot-planning-project/install/decisions/share/decisions/cmake/ament_cmake_export_targets-extras.cmake
-- Installing: /home/p3zz/Documents/uni/robot-planning-project/install/decisions/share/decisions/cmake/decisionsConfig.cmake
-- Installing: /home/p3zz/Documents/uni/robot-planning-project/install/decisions/share/decisions/cmake/decisionsConfig-version.cmake
-- Installing: /home/p3zz/Documents/uni/robot-planning-project/install/decisions/share/decisions/package.xml
