[0.026s] Invoking command in '/home/p3zz/Documents/uni/robot-planning-project/build/decisions': CMAKE_PREFIX_PATH=${CMAKE_PREFIX_PATH}:/opt/ros/humble /usr/bin/cmake /home/p3zz/Documents/uni/robot-planning-project/decisions -DCMAKE_INSTALL_PREFIX=/home/p3zz/Documents/uni/robot-planning-project/install/decisions
[0.039s] -- Found ament_cmake: 1.3.3 (/opt/ros/humble/share/ament_cmake/cmake)
[0.199s] -- Found utils: 0.0.0 (/home/p3zz/Documents/uni/robot-planning-project/install/utils/share/utils/cmake)
[0.200s] -- Found map: 0.0.0 (/home/p3zz/Documents/uni/robot-planning-project/install/map/share/map/cmake)
[0.201s] -- Found dubins: 0.0.0 (/home/p3zz/Documents/uni/robot-planning-project/install/dubins/share/dubins/cmake)
[0.203s] -- Found shapes: 0.0.0 (/home/p3zz/Documents/uni/robot-planning-project/install/shapes/share/shapes/cmake)
[0.208s] -- Found ament_lint_auto: 0.12.4 (/opt/ros/humble/share/ament_lint_auto/cmake)
[0.290s] -- Added test 'cppcheck' to perform static code analysis on C / C++ code
[0.290s] -- Configured cppcheck include dirs: /home/p3zz/Documents/uni/robot-planning-project/decisions/include
[0.290s] -- Configured cppcheck exclude dirs and/or files: 
[0.291s] -- Added test 'lint_cmake' to check CMake code style
[0.292s] -- Added test 'uncrustify' to check C / C++ code style
[0.292s] -- Configured uncrustify additional arguments: 
[0.292s] -- Added test 'xmllint' to check XML markup files
[0.294s] -- Configuring done
[0.298s] -- Generating done
[0.299s] -- Build files have been written to: /home/p3zz/Documents/uni/robot-planning-project/build/decisions
[0.302s] Invoked command in '/home/p3zz/Documents/uni/robot-planning-project/build/decisions' returned '0': CMAKE_PREFIX_PATH=${CMAKE_PREFIX_PATH}:/opt/ros/humble /usr/bin/cmake /home/p3zz/Documents/uni/robot-planning-project/decisions -DCMAKE_INSTALL_PREFIX=/home/p3zz/Documents/uni/robot-planning-project/install/decisions
[0.304s] Invoking command in '/home/p3zz/Documents/uni/robot-planning-project/build/decisions': CMAKE_PREFIX_PATH=${CMAKE_PREFIX_PATH}:/opt/ros/humble /usr/bin/cmake --build /home/p3zz/Documents/uni/robot-planning-project/build/decisions -- -j8 -l8
[0.355s] [ 50%] [32mBuilding CXX object CMakeFiles/decisions.dir/src/decisions.cpp.o[0m
[1.847s] [100%] [32m[1mLinking CXX static library libdecisions.a[0m
[1.882s] [100%] Built target decisions
[1.894s] Invoked command in '/home/p3zz/Documents/uni/robot-planning-project/build/decisions' returned '0': CMAKE_PREFIX_PATH=${CMAKE_PREFIX_PATH}:/opt/ros/humble /usr/bin/cmake --build /home/p3zz/Documents/uni/robot-planning-project/build/decisions -- -j8 -l8
[1.933s] Invoking command in '/home/p3zz/Documents/uni/robot-planning-project/build/decisions': CMAKE_PREFIX_PATH=${CMAKE_PREFIX_PATH}:/opt/ros/humble /usr/bin/cmake --install /home/p3zz/Documents/uni/robot-planning-project/build/decisions
[1.941s] -- Install configuration: ""
[1.941s] -- Installing: /home/p3zz/Documents/uni/robot-planning-project/install/decisions/share/decisions/environment/library_path.sh
[1.941s] -- Installing: /home/p3zz/Documents/uni/robot-planning-project/install/decisions/share/decisions/environment/library_path.dsv
[1.942s] -- Installing: /home/p3zz/Documents/uni/robot-planning-project/install/decisions/include/decisions
[1.942s] -- Installing: /home/p3zz/Documents/uni/robot-planning-project/install/decisions/include/decisions/decisions.hpp
[1.942s] -- Installing: /home/p3zz/Documents/uni/robot-planning-project/install/decisions/lib/libdecisions.a
[1.943s] -- Installing: /home/p3zz/Documents/uni/robot-planning-project/install/decisions/share/ament_index/resource_index/package_run_dependencies/decisions
[1.943s] -- Installing: /home/p3zz/Documents/uni/robot-planning-project/install/decisions/share/ament_index/resource_index/parent_prefix_path/decisions
[1.943s] -- Installing: /home/p3zz/Documents/uni/robot-planning-project/install/decisions/share/decisions/environment/ament_prefix_path.sh
[1.943s] -- Installing: /home/p3zz/Documents/uni/robot-planning-project/install/decisions/share/decisions/environment/ament_prefix_path.dsv
[1.944s] -- Installing: /home/p3zz/Documents/uni/robot-planning-project/install/decisions/share/decisions/environment/path.sh
[1.944s] -- Installing: /home/p3zz/Documents/uni/robot-planning-project/install/decisions/share/decisions/environment/path.dsv
[1.944s] -- Installing: /home/p3zz/Documents/uni/robot-planning-project/install/decisions/share/decisions/local_setup.bash
[1.944s] -- Installing: /home/p3zz/Documents/uni/robot-planning-project/install/decisions/share/decisions/local_setup.sh
[1.944s] -- Installing: /home/p3zz/Documents/uni/robot-planning-project/install/decisions/share/decisions/local_setup.zsh
[1.945s] -- Installing: /home/p3zz/Documents/uni/robot-planning-project/install/decisions/share/decisions/local_setup.dsv
[1.945s] -- Installing: /home/p3zz/Documents/uni/robot-planning-project/install/decisions/share/decisions/package.dsv
[1.945s] -- Installing: /home/p3zz/Documents/uni/robot-planning-project/install/decisions/share/ament_index/resource_index/packages/decisions
[1.945s] -- Installing: /home/p3zz/Documents/uni/robot-planning-project/install/decisions/share/decisions/cmake/decisionsExport.cmake
[1.946s] -- Installing: /home/p3zz/Documents/uni/robot-planning-project/install/decisions/share/decisions/cmake/decisionsExport-noconfig.cmake
[1.946s] -- Installing: /home/p3zz/Documents/uni/robot-planning-project/install/decisions/share/decisions/cmake/ament_cmake_export_targets-extras.cmake
[1.946s] -- Installing: /home/p3zz/Documents/uni/robot-planning-project/install/decisions/share/decisions/cmake/decisionsConfig.cmake
[1.946s] -- Installing: /home/p3zz/Documents/uni/robot-planning-project/install/decisions/share/decisions/cmake/decisionsConfig-version.cmake
[1.946s] -- Installing: /home/p3zz/Documents/uni/robot-planning-project/install/decisions/share/decisions/package.xml
[1.949s] Invoked command in '/home/p3zz/Documents/uni/robot-planning-project/build/decisions' returned '0': CMAKE_PREFIX_PATH=${CMAKE_PREFIX_PATH}:/opt/ros/humble /usr/bin/cmake --install /home/p3zz/Documents/uni/robot-planning-project/build/decisions
