[100%] Built target utils
-- Install configuration: ""
-- Up-to-date: /home/p3zz/Documents/uni/robot-planning-project/install/utils/share/utils/environment/library_path.sh
-- Up-to-date: /home/p3zz/Documents/uni/robot-planning-project/install/utils/share/utils/environment/library_path.dsv
-- Up-to-date: /home/p3zz/Documents/uni/robot-planning-project/install/utils/include/utils
-- Up-to-date: /home/p3zz/Documents/uni/robot-planning-project/install/utils/include/utils/utils.h
-- Up-to-date: /home/p3zz/Documents/uni/robot-planning-project/install/utils/lib/libutils.a
-- Up-to-date: /home/p3zz/Documents/uni/robot-planning-project/install/utils/share/ament_index/resource_index/package_run_dependencies/utils
-- Up-to-date: /home/p3zz/Documents/uni/robot-planning-project/install/utils/share/ament_index/resource_index/parent_prefix_path/utils
-- Up-to-date: /home/p3zz/Documents/uni/robot-planning-project/install/utils/share/utils/environment/ament_prefix_path.sh
-- Up-to-date: /home/p3zz/Documents/uni/robot-planning-project/install/utils/share/utils/environment/ament_prefix_path.dsv
-- Up-to-date: /home/p3zz/Documents/uni/robot-planning-project/install/utils/share/utils/environment/path.sh
-- Up-to-date: /home/p3zz/Documents/uni/robot-planning-project/install/utils/share/utils/environment/path.dsv
-- Up-to-date: /home/p3zz/Documents/uni/robot-planning-project/install/utils/share/utils/local_setup.bash
-- Up-to-date: /home/p3zz/Documents/uni/robot-planning-project/install/utils/share/utils/local_setup.sh
-- Up-to-date: /home/p3zz/Documents/uni/robot-planning-project/install/utils/share/utils/local_setup.zsh
-- Up-to-date: /home/p3zz/Documents/uni/robot-planning-project/install/utils/share/utils/local_setup.dsv
-- Installing: /home/p3zz/Documents/uni/robot-planning-project/install/utils/share/utils/package.dsv
-- Up-to-date: /home/p3zz/Documents/uni/robot-planning-project/install/utils/share/ament_index/resource_index/packages/utils
-- Up-to-date: /home/p3zz/Documents/uni/robot-planning-project/install/utils/share/utils/cmake/utilsExport.cmake
-- Up-to-date: /home/p3zz/Documents/uni/robot-planning-project/install/utils/share/utils/cmake/utilsExport-noconfig.cmake
-- Up-to-date: /home/p3zz/Documents/uni/robot-planning-project/install/utils/share/utils/cmake/ament_cmake_export_targets-extras.cmake
-- Up-to-date: /home/p3zz/Documents/uni/robot-planning-project/install/utils/share/utils/cmake/utilsConfig.cmake
-- Up-to-date: /home/p3zz/Documents/uni/robot-planning-project/install/utils/share/utils/cmake/utilsConfig-version.cmake
-- Up-to-date: /home/p3zz/Documents/uni/robot-planning-project/install/utils/share/utils/package.xml
