[0.060s] Invoking command in '/home/p3zz/Documents/uni/robot-planning-project/build/shapes': CMAKE_PREFIX_PATH=/opt/ros/humble /usr/bin/cmake /home/p3zz/Documents/uni/robot-planning-project/shapes -DCMAKE_INSTALL_PREFIX=/home/p3zz/Documents/uni/robot-planning-project/install/shapes
[0.079s] -- Found ament_cmake: 1.3.3 (/opt/ros/humble/share/ament_cmake/cmake)
[0.417s] -- Found Python3: /usr/bin/python3.10 (found version "3.10.6") found components: Interpreter 
[0.716s] [31mCMake Error at CMakeLists.txt:10 (find_package):
[0.716s]   By not providing "Findutils.cmake" in CMAKE_MODULE_PATH this project has
[0.716s]   asked CMake to find a package configuration file provided by "utils", but
[0.716s]   CMake did not find one.
[0.716s] 
[0.716s]   Could not find a package configuration file provided by "utils" with any of
[0.717s]   the following names:
[0.718s] 
[0.719s]     utilsConfig.cmake
[0.719s]     utils-config.cmake
[0.719s] 
[0.719s]   Add the installation prefix of "utils" to CMAKE_PREFIX_PATH or set
[0.719s]   "utils_DIR" to a directory containing one of the above files.  If "utils"
[0.720s]   provides a separate development package or SDK, be sure it has been
[0.720s]   installed.
[0.720s] 
[0.720s] [0m
[0.721s] -- Configuring incomplete, errors occurred!
[0.721s] See also "/home/p3zz/Documents/uni/robot-planning-project/build/shapes/CMakeFiles/CMakeOutput.log".
[0.725s] Invoked command in '/home/p3zz/Documents/uni/robot-planning-project/build/shapes' returned '1': CMAKE_PREFIX_PATH=/opt/ros/humble /usr/bin/cmake /home/p3zz/Documents/uni/robot-planning-project/shapes -DCMAKE_INSTALL_PREFIX=/home/p3zz/Documents/uni/robot-planning-project/install/shapes
