[35m[1mConsolidate compiler generated dependencies of target shelfino[0m
[ 50%] [32mBuilding CXX object CMakeFiles/shelfino.dir/src/main.cpp.o[0m
In file included from [01m[K/home/p3zz/Documents/uni/robot-planning-project/communication/shelfino/src/main.cpp:1[m[K:
[01m[K/home/p3zz/Documents/uni/robot-planning-project/communication/shelfino/include/shelfino/shelfino.hpp:[m[K In constructor ‘[01m[KPoseSubscriber::PoseSubscriber(SafeValue<DubinPoint>&, std::string)[m[K’:
[01m[K/home/p3zz/Documents/uni/robot-planning-project/communication/shelfino/include/shelfino/shelfino.hpp:245:74:[m[K [01;31m[Kerror: [m[Kno match for ‘[01m[Koperator=[m[K’ (operand types are ‘[01m[Krclcpp::Subscription<geometry_msgs::msg::TransformStamped_<std::allocator<void> > >::SharedPtr[m[K’ {aka ‘[01m[Kstd::shared_ptr<rclcpp::Subscription<geometry_msgs::msg::TransformStamped_<std::allocator<void> > > >[m[K’} and ‘[01m[Kstd::shared_ptr<rclcpp::Subscription<geometry_msgs::msg::Pose_<std::allocator<void> >, std::allocator<void>, geometry_msgs::msg::Pose_<std::allocator<void> >, geometry_msgs::msg::Pose_<std::allocator<void> >, rclcpp::message_memory_strategy::MessageMemoryStrategy<geometry_msgs::msg::Pose_<std::allocator<void> >, std::allocator<void> > > >[m[K’)
  245 |           topic, 10, std::bind(&PoseSubscriber::topic_callback, this, _1)[01;31m[K)[m[K;
      |                                                                          [01;31m[K^[m[K
In file included from [01m[K/usr/include/c++/11/memory:77[m[K,
                 from [01m[K/home/p3zz/Documents/uni/robot-planning-project/communication/shelfino/include/shelfino/shelfino.hpp:2[m[K,
                 from [01m[K/home/p3zz/Documents/uni/robot-planning-project/communication/shelfino/src/main.cpp:1[m[K:
[01m[K/usr/include/c++/11/bits/shared_ptr.h:363:9:[m[K [01;36m[Knote: [m[Kcandidate: ‘[01m[Ktemplate<class _Yp> std::shared_ptr<_Tp>::_Assignable<const std::shared_ptr<_Yp>&> std::shared_ptr<_Tp>::operator=(const std::shared_ptr<_Yp>&) [with _Yp = _Yp; _Tp = rclcpp::Subscription<geometry_msgs::msg::TransformStamped_<std::allocator<void> > >][m[K’
  363 |         [01;36m[Koperator[m[K=(const shared_ptr<_Yp>& __r) noexcept
      |         [01;36m[K^~~~~~~~[m[K
[01m[K/usr/include/c++/11/bits/shared_ptr.h:363:9:[m[K [01;36m[Knote: [m[K  template argument deduction/substitution failed:
/usr/include/c++/11/bits/shared_ptr.h: In substitution of ‘[01m[Ktemplate<class _Tp> template<class _Arg> using _Assignable = typename std::enable_if<std::is_assignable<std::__shared_ptr<_Tp>&, _Arg>::value, std::shared_ptr<_Tp>&>::type [with _Arg = const std::shared_ptr<rclcpp::Subscription<geometry_msgs::msg::Pose_<std::allocator<void> >, std::allocator<void>, geometry_msgs::msg::Pose_<std::allocator<void> >, geometry_msgs::msg::Pose_<std::allocator<void> >, rclcpp::message_memory_strategy::MessageMemoryStrategy<geometry_msgs::msg::Pose_<std::allocator<void> >, std::allocator<void> > > >&; _Tp = rclcpp::Subscription<geometry_msgs::msg::TransformStamped_<std::allocator<void> > >][m[K’:
[01m[K/usr/include/c++/11/bits/shared_ptr.h:363:2:[m[K   required by substitution of ‘[01m[Ktemplate<class _Yp> std::shared_ptr<rclcpp::Subscription<geometry_msgs::msg::TransformStamped_<std::allocator<void> > > >::_Assignable<const std::shared_ptr<_Tp>&> std::shared_ptr<rclcpp::Subscription<geometry_msgs::msg::TransformStamped_<std::allocator<void> > > >::operator=<_Yp>(const std::shared_ptr<_Tp>&) [with _Yp = rclcpp::Subscription<geometry_msgs::msg::Pose_<std::allocator<void> >, std::allocator<void>, geometry_msgs::msg::Pose_<std::allocator<void> >, geometry_msgs::msg::Pose_<std::allocator<void> >, rclcpp::message_memory_strategy::MessageMemoryStrategy<geometry_msgs::msg::Pose_<std::allocator<void> >, std::allocator<void> > >][m[K’
[01m[K/home/p3zz/Documents/uni/robot-planning-project/communication/shelfino/include/shelfino/shelfino.hpp:245:74:[m[K   required from here
[01m[K/usr/include/c++/11/bits/shared_ptr.h:130:15:[m[K [01;31m[Kerror: [m[Kno type named ‘[01m[Ktype[m[K’ in ‘[01m[Kstruct std::enable_if<false, std::shared_ptr<rclcpp::Subscription<geometry_msgs::msg::TransformStamped_<std::allocator<void> > > >&>[m[K’
  130 |         using [01;31m[K_Assignable[m[K = typename enable_if<
      |               [01;31m[K^~~~~~~~~~~[m[K
[01m[K/usr/include/c++/11/bits/shared_ptr.h:374:9:[m[K [01;36m[Knote: [m[Kcandidate: ‘[01m[Ktemplate<class _Yp> std::shared_ptr<_Tp>::_Assignable<std::auto_ptr<_Up> > std::shared_ptr<_Tp>::operator=(std::auto_ptr<_Up>&&) [with _Yp = _Yp; _Tp = rclcpp::Subscription<geometry_msgs::msg::TransformStamped_<std::allocator<void> > >][m[K’
  374 |         [01;36m[Koperator[m[K=(auto_ptr<_Yp>&& __r)
      |         [01;36m[K^~~~~~~~[m[K
[01m[K/usr/include/c++/11/bits/shared_ptr.h:374:9:[m[K [01;36m[Knote: [m[K  template argument deduction/substitution failed:
In file included from [01m[K/home/p3zz/Documents/uni/robot-planning-project/communication/shelfino/src/main.cpp:1[m[K:
[01m[K/home/p3zz/Documents/uni/robot-planning-project/communication/shelfino/include/shelfino/shelfino.hpp:245:74:[m[K [01;36m[Knote: [m[K  ‘[01m[Kstd::shared_ptr<rclcpp::Subscription<geometry_msgs::msg::Pose_<std::allocator<void> >, std::allocator<void>, geometry_msgs::msg::Pose_<std::allocator<void> >, geometry_msgs::msg::Pose_<std::allocator<void> >, rclcpp::message_memory_strategy::MessageMemoryStrategy<geometry_msgs::msg::Pose_<std::allocator<void> >, std::allocator<void> > > >[m[K’ is not derived from ‘[01m[Kstd::auto_ptr<_Up>[m[K’
  245 |           topic, 10, std::bind(&PoseSubscriber::topic_callback, this, _1)[01;36m[K)[m[K;
      |                                                                          [01;36m[K^[m[K
In file included from [01m[K/usr/include/c++/11/memory:77[m[K,
                 from [01m[K/home/p3zz/Documents/uni/robot-planning-project/communication/shelfino/include/shelfino/shelfino.hpp:2[m[K,
                 from [01m[K/home/p3zz/Documents/uni/robot-planning-project/communication/shelfino/src/main.cpp:1[m[K:
[01m[K/usr/include/c++/11/bits/shared_ptr.h:391:9:[m[K [01;36m[Knote: [m[Kcandidate: ‘[01m[Ktemplate<class _Yp> std::shared_ptr<_Tp>::_Assignable<std::shared_ptr<_Yp> > std::shared_ptr<_Tp>::operator=(std::shared_ptr<_Yp>&&) [with _Yp = _Yp; _Tp = rclcpp::Subscription<geometry_msgs::msg::TransformStamped_<std::allocator<void> > >][m[K’
  391 |         [01;36m[Koperator[m[K=(shared_ptr<_Yp>&& __r) noexcept
      |         [01;36m[K^~~~~~~~[m[K
[01m[K/usr/include/c++/11/bits/shared_ptr.h:391:9:[m[K [01;36m[Knote: [m[K  template argument deduction/substitution failed:
/usr/include/c++/11/bits/shared_ptr.h: In substitution of ‘[01m[Ktemplate<class _Tp> template<class _Arg> using _Assignable = typename std::enable_if<std::is_assignable<std::__shared_ptr<_Tp>&, _Arg>::value, std::shared_ptr<_Tp>&>::type [with _Arg = std::shared_ptr<rclcpp::Subscription<geometry_msgs::msg::Pose_<std::allocator<void> >, std::allocator<void>, geometry_msgs::msg::Pose_<std::allocator<void> >, geometry_msgs::msg::Pose_<std::allocator<void> >, rclcpp::message_memory_strategy::MessageMemoryStrategy<geometry_msgs::msg::Pose_<std::allocator<void> >, std::allocator<void> > > >; _Tp = rclcpp::Subscription<geometry_msgs::msg::TransformStamped_<std::allocator<void> > >][m[K’:
[01m[K/usr/include/c++/11/bits/shared_ptr.h:391:2:[m[K   required by substitution of ‘[01m[Ktemplate<class _Yp> std::shared_ptr<rclcpp::Subscription<geometry_msgs::msg::TransformStamped_<std::allocator<void> > > >::_Assignable<std::shared_ptr<_Tp> > std::shared_ptr<rclcpp::Subscription<geometry_msgs::msg::TransformStamped_<std::allocator<void> > > >::operator=<_Yp>(std::shared_ptr<_Tp>&&) [with _Yp = rclcpp::Subscription<geometry_msgs::msg::Pose_<std::allocator<void> >, std::allocator<void>, geometry_msgs::msg::Pose_<std::allocator<void> >, geometry_msgs::msg::Pose_<std::allocator<void> >, rclcpp::message_memory_strategy::MessageMemoryStrategy<geometry_msgs::msg::Pose_<std::allocator<void> >, std::allocator<void> > >][m[K’
[01m[K/home/p3zz/Documents/uni/robot-planning-project/communication/shelfino/include/shelfino/shelfino.hpp:245:74:[m[K   required from here
[01m[K/usr/include/c++/11/bits/shared_ptr.h:130:15:[m[K [01;31m[Kerror: [m[Kno type named ‘[01m[Ktype[m[K’ in ‘[01m[Kstruct std::enable_if<false, std::shared_ptr<rclcpp::Subscription<geometry_msgs::msg::TransformStamped_<std::allocator<void> > > >&>[m[K’
  130 |         using [01;31m[K_Assignable[m[K = typename enable_if<
      |               [01;31m[K^~~~~~~~~~~[m[K
[01m[K/usr/include/c++/11/bits/shared_ptr.h:399:9:[m[K [01;36m[Knote: [m[Kcandidate: ‘[01m[Ktemplate<class _Yp, class _Del> std::shared_ptr<_Tp>::_Assignable<std::unique_ptr<_Up, _Ep> > std::shared_ptr<_Tp>::operator=(std::unique_ptr<_Up, _Ep>&&) [with _Yp = _Yp; _Del = _Del; _Tp = rclcpp::Subscription<geometry_msgs::msg::TransformStamped_<std::allocator<void> > >][m[K’
  399 |         [01;36m[Koperator[m[K=(unique_ptr<_Yp, _Del>&& __r)
      |         [01;36m[K^~~~~~~~[m[K
[01m[K/usr/include/c++/11/bits/shared_ptr.h:399:9:[m[K [01;36m[Knote: [m[K  template argument deduction/substitution failed:
In file included from [01m[K/home/p3zz/Documents/uni/robot-planning-project/communication/shelfino/src/main.cpp:1[m[K:
[01m[K/home/p3zz/Documents/uni/robot-planning-project/communication/shelfino/include/shelfino/shelfino.hpp:245:74:[m[K [01;36m[Knote: [m[K  ‘[01m[Kstd::shared_ptr<rclcpp::Subscription<geometry_msgs::msg::Pose_<std::allocator<void> >, std::allocator<void>, geometry_msgs::msg::Pose_<std::allocator<void> >, geometry_msgs::msg::Pose_<std::allocator<void> >, rclcpp::message_memory_strategy::MessageMemoryStrategy<geometry_msgs::msg::Pose_<std::allocator<void> >, std::allocator<void> > > >[m[K’ is not derived from ‘[01m[Kstd::unique_ptr<_Tp, _Dp>[m[K’
  245 |           topic, 10, std::bind(&PoseSubscriber::topic_callback, this, _1)[01;36m[K)[m[K;
      |                                                                          [01;36m[K^[m[K
In file included from [01m[K/usr/include/c++/11/memory:77[m[K,
                 from [01m[K/home/p3zz/Documents/uni/robot-planning-project/communication/shelfino/include/shelfino/shelfino.hpp:2[m[K,
                 from [01m[K/home/p3zz/Documents/uni/robot-planning-project/communication/shelfino/src/main.cpp:1[m[K:
[01m[K/usr/include/c++/11/bits/shared_ptr.h:359:19:[m[K [01;36m[Knote: [m[Kcandidate: ‘[01m[Kstd::shared_ptr<_Tp>& std::shared_ptr<_Tp>::operator=(const std::shared_ptr<_Tp>&) [with _Tp = rclcpp::Subscription<geometry_msgs::msg::TransformStamped_<std::allocator<void> > >][m[K’
  359 |       shared_ptr& [01;36m[Koperator[m[K=(const shared_ptr&) noexcept = default;
      |                   [01;36m[K^~~~~~~~[m[K
[01m[K/usr/include/c++/11/bits/shared_ptr.h:359:29:[m[K [01;36m[Knote: [m[K  no known conversion for argument 1 from ‘[01m[Kstd::shared_ptr<rclcpp::Subscription<geometry_msgs::msg::Pose_<std::allocator<void> >, std::allocator<void>, geometry_msgs::msg::Pose_<std::allocator<void> >, geometry_msgs::msg::Pose_<std::allocator<void> >, rclcpp::message_memory_strategy::MessageMemoryStrategy<geometry_msgs::msg::Pose_<std::allocator<void> >, std::allocator<void> > > >[m[K’ to ‘[01m[Kconst std::shared_ptr<rclcpp::Subscription<geometry_msgs::msg::TransformStamped_<std::allocator<void> > > >&[m[K’
  359 |       shared_ptr& operator=([01;36m[Kconst shared_ptr&[m[K) noexcept = default;
      |                             [01;36m[K^~~~~~~~~~~~~~~~~[m[K
[01m[K/usr/include/c++/11/bits/shared_ptr.h:383:7:[m[K [01;36m[Knote: [m[Kcandidate: ‘[01m[Kstd::shared_ptr<_Tp>& std::shared_ptr<_Tp>::operator=(std::shared_ptr<_Tp>&&) [with _Tp = rclcpp::Subscription<geometry_msgs::msg::TransformStamped_<std::allocator<void> > >][m[K’
  383 |       [01;36m[Koperator[m[K=(shared_ptr&& __r) noexcept
      |       [01;36m[K^~~~~~~~[m[K
[01m[K/usr/include/c++/11/bits/shared_ptr.h:383:30:[m[K [01;36m[Knote: [m[K  no known conversion for argument 1 from ‘[01m[Kstd::shared_ptr<rclcpp::Subscription<geometry_msgs::msg::Pose_<std::allocator<void> >, std::allocator<void>, geometry_msgs::msg::Pose_<std::allocator<void> >, geometry_msgs::msg::Pose_<std::allocator<void> >, rclcpp::message_memory_strategy::MessageMemoryStrategy<geometry_msgs::msg::Pose_<std::allocator<void> >, std::allocator<void> > > >[m[K’ to ‘[01m[Kstd::shared_ptr<rclcpp::Subscription<geometry_msgs::msg::TransformStamped_<std::allocator<void> > > >&&[m[K’
  383 |       operator=([01;36m[Kshared_ptr&& __r[m[K) noexcept
      |                 [01;36m[K~~~~~~~~~~~~~^~~[m[K
In file included from [01m[K/home/p3zz/Documents/uni/robot-planning-project/communication/shelfino/src/main.cpp:1[m[K:
/home/p3zz/Documents/uni/robot-planning-project/communication/shelfino/include/shelfino/shelfino.hpp: In instantiation of ‘[01m[KSafeValue<T>::SafeValue() [with T = RoadMap][m[K’:
[01m[K/home/p3zz/Documents/uni/robot-planning-project/communication/shelfino/include/shelfino/shelfino.hpp:157:22:[m[K   required from here
[01m[K/home/p3zz/Documents/uni/robot-planning-project/communication/shelfino/include/shelfino/shelfino.hpp:137:20:[m[K [01;31m[Kerror: [m[Kno matching function for call to ‘[01m[KRoadMap::RoadMap()[m[K’
  137 |         SafeValue()[01;31m[K{[m[K}
      |                    [01;31m[K^[m[K
In file included from [01m[K/home/p3zz/Documents/uni/robot-planning-project/communication/shelfino/include/shelfino/shelfino.hpp:28[m[K,
                 from [01m[K/home/p3zz/Documents/uni/robot-planning-project/communication/shelfino/src/main.cpp:1[m[K:
[01m[K/home/p3zz/Documents/uni/robot-planning-project/install/map/include/map/map.hpp:74:9:[m[K [01;36m[Knote: [m[Kcandidate: ‘[01m[KRoadMap::RoadMap(Room)[m[K’
   74 |         [01;36m[KRoadMap[m[K(Room r):r{r}{}
      |         [01;36m[K^~~~~~~[m[K
[01m[K/home/p3zz/Documents/uni/robot-planning-project/install/map/include/map/map.hpp:74:9:[m[K [01;36m[Knote: [m[K  candidate expects 1 argument, 0 provided
[01m[K/home/p3zz/Documents/uni/robot-planning-project/install/map/include/map/map.hpp:66:7:[m[K [01;36m[Knote: [m[Kcandidate: ‘[01m[KRoadMap::RoadMap(const RoadMap&)[m[K’
   66 | class [01;36m[KRoadMap[m[K
      |       [01;36m[K^~~~~~~[m[K
[01m[K/home/p3zz/Documents/uni/robot-planning-project/install/map/include/map/map.hpp:66:7:[m[K [01;36m[Knote: [m[K  candidate expects 1 argument, 0 provided
[01m[K/home/p3zz/Documents/uni/robot-planning-project/install/map/include/map/map.hpp:66:7:[m[K [01;36m[Knote: [m[Kcandidate: ‘[01m[KRoadMap::RoadMap(RoadMap&&)[m[K’
[01m[K/home/p3zz/Documents/uni/robot-planning-project/install/map/include/map/map.hpp:66:7:[m[K [01;36m[Knote: [m[K  candidate expects 1 argument, 0 provided
In file included from [01m[K/usr/include/x86_64-linux-gnu/c++/11/bits/c++allocator.h:33[m[K,
                 from [01m[K/usr/include/c++/11/bits/allocator.h:46[m[K,
                 from [01m[K/usr/include/c++/11/unordered_map:40[m[K,
                 from [01m[K/usr/include/c++/11/functional:61[m[K,
                 from [01m[K/home/p3zz/Documents/uni/robot-planning-project/communication/shelfino/include/shelfino/shelfino.hpp:1[m[K,
                 from [01m[K/home/p3zz/Documents/uni/robot-planning-project/communication/shelfino/src/main.cpp:1[m[K:
/usr/include/c++/11/ext/new_allocator.h: In instantiation of ‘[01m[Kvoid __gnu_cxx::new_allocator<_Tp>::construct(_Up*, _Args&& ...) [with _Up = FollowPathClient; _Args = {SafeValue<RoadMap>&}; _Tp = FollowPathClient][m[K’:
[01m[K/usr/include/c++/11/bits/alloc_traits.h:516:17:[m[K   required from ‘[01m[Kstatic void std::allocator_traits<std::allocator<_Tp1> >::construct(std::allocator_traits<std::allocator<_Tp1> >::allocator_type&, _Up*, _Args&& ...) [with _Up = FollowPathClient; _Args = {SafeValue<RoadMap>&}; _Tp = FollowPathClient; std::allocator_traits<std::allocator<_Tp1> >::allocator_type = std::allocator<FollowPathClient>][m[K’
[01m[K/usr/include/c++/11/bits/shared_ptr_base.h:519:39:[m[K   required from ‘[01m[Kstd::_Sp_counted_ptr_inplace<_Tp, _Alloc, _Lp>::_Sp_counted_ptr_inplace(_Alloc, _Args&& ...) [with _Args = {SafeValue<RoadMap>&}; _Tp = FollowPathClient; _Alloc = std::allocator<FollowPathClient>; __gnu_cxx::_Lock_policy _Lp = __gnu_cxx::_S_atomic][m[K’
[01m[K/usr/include/c++/11/bits/shared_ptr_base.h:650:16:[m[K   required from ‘[01m[Kstd::__shared_count<_Lp>::__shared_count(_Tp*&, std::_Sp_alloc_shared_tag<_Alloc>, _Args&& ...) [with _Tp = FollowPathClient; _Alloc = std::allocator<FollowPathClient>; _Args = {SafeValue<RoadMap>&}; __gnu_cxx::_Lock_policy _Lp = __gnu_cxx::_S_atomic][m[K’
[01m[K/usr/include/c++/11/bits/shared_ptr_base.h:1342:14:[m[K   required from ‘[01m[Kstd::__shared_ptr<_Tp, _Lp>::__shared_ptr(std::_Sp_alloc_shared_tag<_Tp>, _Args&& ...) [with _Alloc = std::allocator<FollowPathClient>; _Args = {SafeValue<RoadMap>&}; _Tp = FollowPathClient; __gnu_cxx::_Lock_policy _Lp = __gnu_cxx::_S_atomic][m[K’
[01m[K/usr/include/c++/11/bits/shared_ptr.h:409:59:[m[K   required from ‘[01m[Kstd::shared_ptr<_Tp>::shared_ptr(std::_Sp_alloc_shared_tag<_Tp>, _Args&& ...) [with _Alloc = std::allocator<FollowPathClient>; _Args = {SafeValue<RoadMap>&}; _Tp = FollowPathClient][m[K’
[01m[K/usr/include/c++/11/bits/shared_ptr.h:862:14:[m[K   required from ‘[01m[Kstd::shared_ptr<_Tp> std::allocate_shared(const _Alloc&, _Args&& ...) [with _Tp = FollowPathClient; _Alloc = std::allocator<FollowPathClient>; _Args = {SafeValue<RoadMap>&}][m[K’
[01m[K/usr/include/c++/11/bits/shared_ptr.h:878:39:[m[K   required from ‘[01m[Kstd::shared_ptr<_Tp> std::make_shared(_Args&& ...) [with _Tp = FollowPathClient; _Args = {SafeValue<RoadMap>&}][m[K’
[01m[K/home/p3zz/Documents/uni/robot-planning-project/communication/shelfino/src/main.cpp:29:65:[m[K   required from here
[01m[K/usr/include/c++/11/ext/new_allocator.h:162:11:[m[K [01;31m[Kerror: [m[Kno matching function for call to ‘[01m[KFollowPathClient::FollowPathClient(SafeValue<RoadMap>&)[m[K’
  162 |         { [01;31m[K::new((void *)__p) _Up(std::forward<_Args>(__args)...)[m[K; }
      |           [01;31m[K^~~~~~~~~~~~~~~~~~~~~~~~~~~~~~~~~~~~~~~~~~~~~~~~~~~~~~[m[K
In file included from [01m[K/home/p3zz/Documents/uni/robot-planning-project/communication/shelfino/src/main.cpp:1[m[K:
[01m[K/home/p3zz/Documents/uni/robot-planning-project/communication/shelfino/include/shelfino/shelfino.hpp:320:5:[m[K [01;36m[Knote: [m[Kcandidate: ‘[01m[KFollowPathClient::FollowPathClient(SafeValue<DubinCurve>&)[m[K’
  320 |     [01;36m[KFollowPathClient[m[K(SafeValue<DubinCurve>& curve) : Node("follow_path_client"), curve{curve} {
      |     [01;36m[K^~~~~~~~~~~~~~~~[m[K
[01m[K/home/p3zz/Documents/uni/robot-planning-project/communication/shelfino/include/shelfino/shelfino.hpp:320:45:[m[K [01;36m[Knote: [m[K  no known conversion for argument 1 from ‘[01m[KSafeValue<RoadMap>[m[K’ to ‘[01m[KSafeValue<DubinCurve>&[m[K’
  320 |     FollowPathClient([01;36m[KSafeValue<DubinCurve>& curve[m[K) : Node("follow_path_client"), curve{curve} {
      |                      [01;36m[K~~~~~~~~~~~~~~~~~~~~~~~^~~~~[m[K
gmake[2]: *** [CMakeFiles/shelfino.dir/build.make:76: CMakeFiles/shelfino.dir/src/main.cpp.o] Error 1
gmake[1]: *** [CMakeFiles/Makefile2:137: CMakeFiles/shelfino.dir/all] Error 2
gmake: *** [Makefile:146: all] Error 2
