[0.043s] Invoking command in '/home/p3zz/Documents/uni/robot-planning-project/build/map': CMAKE_PREFIX_PATH=/opt/ros/humble /usr/bin/cmake /home/p3zz/Documents/uni/robot-planning-project/map -DCMAKE_INSTALL_PREFIX=/home/p3zz/Documents/uni/robot-planning-project/install/map
[0.062s] -- Found ament_cmake: 1.3.3 (/opt/ros/humble/share/ament_cmake/cmake)
[0.387s] -- Found Python3: /usr/bin/python3.10 (found version "3.10.6") found components: Interpreter 
[0.677s] [31mCMake Error at CMakeLists.txt:9 (find_package):
[0.677s]   By not providing "Findutils.cmake" in CMAKE_MODULE_PATH this project has
[0.677s]   asked CMake to find a package configuration file provided by "utils", but
[0.677s]   CMake did not find one.
[0.679s] 
[0.679s]   Could not find a package configuration file provided by "utils" with any of
[0.680s]   the following names:
[0.680s] 
[0.681s]     utilsConfig.cmake
[0.681s]     utils-config.cmake
[0.682s] 
[0.682s]   Add the installation prefix of "utils" to CMAKE_PREFIX_PATH or set
[0.682s]   "utils_DIR" to a directory containing one of the above files.  If "utils"
[0.682s]   provides a separate development package or SDK, be sure it has been
[0.683s]   installed.
[0.683s] 
[0.683s] [0m
[0.688s] -- Configuring incomplete, errors occurred!
[0.688s] See also "/home/p3zz/Documents/uni/robot-planning-project/build/map/CMakeFiles/CMakeOutput.log".
[0.695s] Invoked command in '/home/p3zz/Documents/uni/robot-planning-project/build/map' returned '1': CMAKE_PREFIX_PATH=/opt/ros/humble /usr/bin/cmake /home/p3zz/Documents/uni/robot-planning-project/map -DCMAKE_INSTALL_PREFIX=/home/p3zz/Documents/uni/robot-planning-project/install/map
