[0.028s] Invoking command in '/home/p3zz/Documents/uni/robot-planning-project/build/map': /usr/bin/cmake /home/p3zz/Documents/uni/robot-planning-project/map -DCMAKE_INSTALL_PREFIX=/home/p3zz/Documents/uni/robot-planning-project/install/map
[0.202s] -- The C compiler identification is GNU 11.3.0
[0.403s] -- The CXX compiler identification is GNU 11.3.0
[0.422s] -- Detecting C compiler ABI info
[0.587s] -- Detecting C compiler ABI info - done
[0.599s] -- Check for working C compiler: /usr/bin/cc - skipped
[0.600s] -- Detecting C compile features
[0.600s] -- Detecting C compile features - done
[0.608s] -- Detecting CXX compiler ABI info
[0.785s] -- Detecting CXX compiler ABI info - done
[0.807s] -- Check for working CXX compiler: /usr/bin/c++ - skipped
[0.807s] -- Detecting CXX compile features
[0.807s] -- Detecting CXX compile features - done
[0.880s] [31mCMake Error at CMakeLists.txt:8 (find_package):
[0.880s]   By not providing "Findament_cmake.cmake" in CMAKE_MODULE_PATH this project
[0.880s]   has asked CMake to find a package configuration file provided by
[0.881s]   "ament_cmake", but CMake did not find one.
[0.881s] 
[0.881s]   Could not find a package configuration file provided by "ament_cmake" with
[0.881s]   any of the following names:
[0.881s] 
[0.881s]     ament_cmakeConfig.cmake
[0.882s]     ament_cmake-config.cmake
[0.882s] 
[0.882s]   Add the installation prefix of "ament_cmake" to CMAKE_PREFIX_PATH or set
[0.882s]   "ament_cmake_DIR" to a directory containing one of the above files.  If
[0.882s]   "ament_cmake" provides a separate development package or SDK, be sure it
[0.883s]   has been installed.
[0.884s] 
[0.890s] [0m
[0.897s] -- Configuring incomplete, errors occurred!
[0.898s] See also "/home/p3zz/Documents/uni/robot-planning-project/build/map/CMakeFiles/CMakeOutput.log".
[0.924s] Invoked command in '/home/p3zz/Documents/uni/robot-planning-project/build/map' returned '1': /usr/bin/cmake /home/p3zz/Documents/uni/robot-planning-project/map -DCMAKE_INSTALL_PREFIX=/home/p3zz/Documents/uni/robot-planning-project/install/map
