[0.277s] DEBUG:colcon:Command line arguments: ['/usr/bin/colcon', 'build', '--packages-select', 'map']
[0.277s] DEBUG:colcon:Parsed command line arguments: Namespace(log_base=None, log_level=None, verb_name='build', build_base='build', install_base='install', merge_install=False, symlink_install=False, test_result_base=None, continue_on_error=False, executor='parallel', parallel_workers=8, event_handlers=None, ignore_user_meta=False, metas=['./colcon.meta'], base_paths=['.'], packages_ignore=None, packages_ignore_regex=None, paths=None, packages_up_to=None, packages_up_to_regex=None, packages_above=None, packages_above_and_dependencies=None, packages_above_depth=None, packages_select_by_dep=None, packages_skip_by_dep=None, packages_skip_up_to=None, packages_select_build_failed=False, packages_skip_build_finished=False, packages_select_test_failures=False, packages_skip_test_passed=False, packages_select=['map'], packages_skip=None, packages_select_regex=None, packages_skip_regex=None, packages_start=None, packages_end=None, allow_overriding=[], cmake_args=None, cmake_target=None, cmake_target_skip_unavailable=False, cmake_clean_cache=False, cmake_clean_first=False, cmake_force_configure=False, ament_cmake_args=None, catkin_cmake_args=None, catkin_skip_building_tests=False, verb_parser=<colcon_defaults.argument_parser.defaults.DefaultArgumentsDecorator object at 0x7fdf082cbbe0>, verb_extension=<colcon_core.verb.build.BuildVerb object at 0x7fdf08c635e0>, main=<bound method BuildVerb.main of <colcon_core.verb.build.BuildVerb object at 0x7fdf08c635e0>>)
[0.297s] Level 1:colcon.colcon_core.package_discovery:discover_packages(colcon_meta) check parameters
[0.297s] Level 1:colcon.colcon_core.package_discovery:discover_packages(recursive) check parameters
[0.297s] Level 1:colcon.colcon_core.package_discovery:discover_packages(ignore) check parameters
[0.297s] Level 1:colcon.colcon_core.package_discovery:discover_packages(path) check parameters
[0.297s] Level 1:colcon.colcon_core.package_discovery:discover_packages(colcon_meta) discover
[0.297s] Level 1:colcon.colcon_core.package_discovery:discover_packages(recursive) discover
[0.297s] INFO:colcon.colcon_core.package_discovery:Crawling recursively for packages in '/home/p3zz/Documents/uni/robot-planning-project'
[0.297s] Level 1:colcon.colcon_core.package_identification:_identify(.) by extensions ['ignore', 'ignore_ament_install']
[0.298s] Level 1:colcon.colcon_core.package_identification:_identify(.) by extension 'ignore'
[0.298s] Level 1:colcon.colcon_core.package_identification:_identify(.) by extension 'ignore_ament_install'
[0.298s] Level 1:colcon.colcon_core.package_identification:_identify(.) by extensions ['colcon_pkg']
[0.298s] Level 1:colcon.colcon_core.package_identification:_identify(.) by extension 'colcon_pkg'
[0.298s] Level 1:colcon.colcon_core.package_identification:_identify(.) by extensions ['colcon_meta']
[0.298s] Level 1:colcon.colcon_core.package_identification:_identify(.) by extension 'colcon_meta'
[0.298s] Level 1:colcon.colcon_core.package_identification:_identify(.) by extensions ['ros']
[0.298s] Level 1:colcon.colcon_core.package_identification:_identify(.) by extension 'ros'
[0.320s] Level 1:colcon.colcon_core.package_identification:_identify(.) by extensions ['cmake', 'python']
[0.320s] Level 1:colcon.colcon_core.package_identification:_identify(.) by extension 'cmake'
[0.320s] Level 1:colcon.colcon_core.package_identification:_identify(.) by extension 'python'
[0.320s] Level 1:colcon.colcon_core.package_identification:_identify(.) by extensions ['python_setup_py']
[0.320s] Level 1:colcon.colcon_core.package_identification:_identify(.) by extension 'python_setup_py'
[0.321s] Level 1:colcon.colcon_core.package_identification:_identify(build) by extensions ['ignore', 'ignore_ament_install']
[0.321s] Level 1:colcon.colcon_core.package_identification:_identify(build) by extension 'ignore'
[0.321s] Level 1:colcon.colcon_core.package_identification:_identify(build) ignored
[0.321s] Level 1:colcon.colcon_core.package_identification:_identify(communication) by extensions ['ignore', 'ignore_ament_install']
[0.321s] Level 1:colcon.colcon_core.package_identification:_identify(communication) by extension 'ignore'
[0.321s] Level 1:colcon.colcon_core.package_identification:_identify(communication) by extension 'ignore_ament_install'
[0.321s] Level 1:colcon.colcon_core.package_identification:_identify(communication) by extensions ['colcon_pkg']
[0.321s] Level 1:colcon.colcon_core.package_identification:_identify(communication) by extension 'colcon_pkg'
[0.321s] Level 1:colcon.colcon_core.package_identification:_identify(communication) by extensions ['colcon_meta']
[0.321s] Level 1:colcon.colcon_core.package_identification:_identify(communication) by extension 'colcon_meta'
[0.321s] Level 1:colcon.colcon_core.package_identification:_identify(communication) by extensions ['ros']
[0.322s] Level 1:colcon.colcon_core.package_identification:_identify(communication) by extension 'ros'
[0.322s] Level 1:colcon.colcon_core.package_identification:_identify(communication) by extensions ['cmake', 'python']
[0.322s] Level 1:colcon.colcon_core.package_identification:_identify(communication) by extension 'cmake'
[0.322s] Level 1:colcon.colcon_core.package_identification:_identify(communication) by extension 'python'
[0.322s] Level 1:colcon.colcon_core.package_identification:_identify(communication) by extensions ['python_setup_py']
[0.322s] Level 1:colcon.colcon_core.package_identification:_identify(communication) by extension 'python_setup_py'
[0.322s] Level 1:colcon.colcon_core.package_identification:_identify(communication/custom_msgs) by extensions ['ignore', 'ignore_ament_install']
[0.322s] Level 1:colcon.colcon_core.package_identification:_identify(communication/custom_msgs) by extension 'ignore'
[0.322s] Level 1:colcon.colcon_core.package_identification:_identify(communication/custom_msgs) by extension 'ignore_ament_install'
[0.322s] Level 1:colcon.colcon_core.package_identification:_identify(communication/custom_msgs) by extensions ['colcon_pkg']
[0.322s] Level 1:colcon.colcon_core.package_identification:_identify(communication/custom_msgs) by extension 'colcon_pkg'
[0.323s] Level 1:colcon.colcon_core.package_identification:_identify(communication/custom_msgs) by extensions ['colcon_meta']
[0.323s] Level 1:colcon.colcon_core.package_identification:_identify(communication/custom_msgs) by extension 'colcon_meta'
[0.323s] Level 1:colcon.colcon_core.package_identification:_identify(communication/custom_msgs) by extensions ['ros']
[0.323s] Level 1:colcon.colcon_core.package_identification:_identify(communication/custom_msgs) by extension 'ros'
[0.327s] DEBUG:colcon.colcon_core.package_identification:Package 'communication/custom_msgs' with type 'ros.ament_cmake' and name 'custom_msgs'
[0.327s] Level 1:colcon.colcon_core.package_identification:_identify(communication/shelfino) by extensions ['ignore', 'ignore_ament_install']
[0.327s] Level 1:colcon.colcon_core.package_identification:_identify(communication/shelfino) by extension 'ignore'
[0.327s] Level 1:colcon.colcon_core.package_identification:_identify(communication/shelfino) by extension 'ignore_ament_install'
[0.327s] Level 1:colcon.colcon_core.package_identification:_identify(communication/shelfino) by extensions ['colcon_pkg']
[0.327s] Level 1:colcon.colcon_core.package_identification:_identify(communication/shelfino) by extension 'colcon_pkg'
[0.327s] Level 1:colcon.colcon_core.package_identification:_identify(communication/shelfino) by extensions ['colcon_meta']
[0.327s] Level 1:colcon.colcon_core.package_identification:_identify(communication/shelfino) by extension 'colcon_meta'
[0.327s] Level 1:colcon.colcon_core.package_identification:_identify(communication/shelfino) by extensions ['ros']
[0.327s] Level 1:colcon.colcon_core.package_identification:_identify(communication/shelfino) by extension 'ros'
[0.328s] DEBUG:colcon.colcon_core.package_identification:Package 'communication/shelfino' with type 'ros.ament_cmake' and name 'shelfino'
[0.329s] Level 1:colcon.colcon_core.package_identification:_identify(cpp_pubsub) by extensions ['ignore', 'ignore_ament_install']
[0.329s] Level 1:colcon.colcon_core.package_identification:_identify(cpp_pubsub) by extension 'ignore'
[0.329s] Level 1:colcon.colcon_core.package_identification:_identify(cpp_pubsub) by extension 'ignore_ament_install'
[0.329s] Level 1:colcon.colcon_core.package_identification:_identify(cpp_pubsub) by extensions ['colcon_pkg']
[0.329s] Level 1:colcon.colcon_core.package_identification:_identify(cpp_pubsub) by extension 'colcon_pkg'
[0.329s] Level 1:colcon.colcon_core.package_identification:_identify(cpp_pubsub) by extensions ['colcon_meta']
[0.329s] Level 1:colcon.colcon_core.package_identification:_identify(cpp_pubsub) by extension 'colcon_meta'
[0.329s] Level 1:colcon.colcon_core.package_identification:_identify(cpp_pubsub) by extensions ['ros']
[0.329s] Level 1:colcon.colcon_core.package_identification:_identify(cpp_pubsub) by extension 'ros'
[0.331s] DEBUG:colcon.colcon_core.package_identification:Package 'cpp_pubsub' with type 'ros.ament_cmake' and name 'cpp_pubsub'
[0.331s] Level 1:colcon.colcon_core.package_identification:_identify(decisions) by extensions ['ignore', 'ignore_ament_install']
[0.331s] Level 1:colcon.colcon_core.package_identification:_identify(decisions) by extension 'ignore'
[0.331s] Level 1:colcon.colcon_core.package_identification:_identify(decisions) by extension 'ignore_ament_install'
[0.331s] Level 1:colcon.colcon_core.package_identification:_identify(decisions) by extensions ['colcon_pkg']
[0.331s] Level 1:colcon.colcon_core.package_identification:_identify(decisions) by extension 'colcon_pkg'
[0.331s] Level 1:colcon.colcon_core.package_identification:_identify(decisions) by extensions ['colcon_meta']
[0.331s] Level 1:colcon.colcon_core.package_identification:_identify(decisions) by extension 'colcon_meta'
[0.331s] Level 1:colcon.colcon_core.package_identification:_identify(decisions) by extensions ['ros']
[0.332s] Level 1:colcon.colcon_core.package_identification:_identify(decisions) by extension 'ros'
[0.332s] DEBUG:colcon.colcon_core.package_identification:Package 'decisions' with type 'ros.ament_cmake' and name 'decisions'
[0.332s] Level 1:colcon.colcon_core.package_identification:_identify(disegnino) by extensions ['ignore', 'ignore_ament_install']
[0.333s] Level 1:colcon.colcon_core.package_identification:_identify(disegnino) by extension 'ignore'
[0.333s] Level 1:colcon.colcon_core.package_identification:_identify(disegnino) by extension 'ignore_ament_install'
[0.333s] Level 1:colcon.colcon_core.package_identification:_identify(disegnino) by extensions ['colcon_pkg']
[0.333s] Level 1:colcon.colcon_core.package_identification:_identify(disegnino) by extension 'colcon_pkg'
[0.333s] Level 1:colcon.colcon_core.package_identification:_identify(disegnino) by extensions ['colcon_meta']
[0.333s] Level 1:colcon.colcon_core.package_identification:_identify(disegnino) by extension 'colcon_meta'
[0.333s] Level 1:colcon.colcon_core.package_identification:_identify(disegnino) by extensions ['ros']
[0.333s] Level 1:colcon.colcon_core.package_identification:_identify(disegnino) by extension 'ros'
[0.333s] Level 1:colcon.colcon_core.package_identification:_identify(disegnino) by extensions ['cmake', 'python']
[0.333s] Level 1:colcon.colcon_core.package_identification:_identify(disegnino) by extension 'cmake'
[0.333s] Level 1:colcon.colcon_core.package_identification:_identify(disegnino) by extension 'python'
[0.333s] Level 1:colcon.colcon_core.package_identification:_identify(disegnino) by extensions ['python_setup_py']
[0.333s] Level 1:colcon.colcon_core.package_identification:_identify(disegnino) by extension 'python_setup_py'
[0.333s] Level 1:colcon.colcon_core.package_identification:_identify(dubins) by extensions ['ignore', 'ignore_ament_install']
[0.334s] Level 1:colcon.colcon_core.package_identification:_identify(dubins) by extension 'ignore'
[0.334s] Level 1:colcon.colcon_core.package_identification:_identify(dubins) by extension 'ignore_ament_install'
[0.334s] Level 1:colcon.colcon_core.package_identification:_identify(dubins) by extensions ['colcon_pkg']
[0.334s] Level 1:colcon.colcon_core.package_identification:_identify(dubins) by extension 'colcon_pkg'
[0.334s] Level 1:colcon.colcon_core.package_identification:_identify(dubins) by extensions ['colcon_meta']
[0.334s] Level 1:colcon.colcon_core.package_identification:_identify(dubins) by extension 'colcon_meta'
[0.334s] Level 1:colcon.colcon_core.package_identification:_identify(dubins) by extensions ['ros']
[0.334s] Level 1:colcon.colcon_core.package_identification:_identify(dubins) by extension 'ros'
[0.334s] DEBUG:colcon.colcon_core.package_identification:Package 'dubins' with type 'ros.ament_cmake' and name 'dubins'
[0.334s] Level 1:colcon.colcon_core.package_identification:_identify(install) by extensions ['ignore', 'ignore_ament_install']
[0.334s] Level 1:colcon.colcon_core.package_identification:_identify(install) by extension 'ignore'
[0.334s] Level 1:colcon.colcon_core.package_identification:_identify(install) ignored
[0.335s] Level 1:colcon.colcon_core.package_identification:_identify(log) by extensions ['ignore', 'ignore_ament_install']
[0.335s] Level 1:colcon.colcon_core.package_identification:_identify(log) by extension 'ignore'
[0.335s] Level 1:colcon.colcon_core.package_identification:_identify(log) ignored
[0.335s] Level 1:colcon.colcon_core.package_identification:_identify(map) by extensions ['ignore', 'ignore_ament_install']
[0.335s] Level 1:colcon.colcon_core.package_identification:_identify(map) by extension 'ignore'
[0.335s] Level 1:colcon.colcon_core.package_identification:_identify(map) by extension 'ignore_ament_install'
[0.335s] Level 1:colcon.colcon_core.package_identification:_identify(map) by extensions ['colcon_pkg']
[0.335s] Level 1:colcon.colcon_core.package_identification:_identify(map) by extension 'colcon_pkg'
[0.335s] Level 1:colcon.colcon_core.package_identification:_identify(map) by extensions ['colcon_meta']
[0.335s] Level 1:colcon.colcon_core.package_identification:_identify(map) by extension 'colcon_meta'
[0.335s] Level 1:colcon.colcon_core.package_identification:_identify(map) by extensions ['ros']
[0.335s] Level 1:colcon.colcon_core.package_identification:_identify(map) by extension 'ros'
[0.336s] DEBUG:colcon.colcon_core.package_identification:Package 'map' with type 'ros.ament_cmake' and name 'map'
[0.336s] Level 1:colcon.colcon_core.package_identification:_identify(shapes) by extensions ['ignore', 'ignore_ament_install']
[0.336s] Level 1:colcon.colcon_core.package_identification:_identify(shapes) by extension 'ignore'
[0.336s] Level 1:colcon.colcon_core.package_identification:_identify(shapes) by extension 'ignore_ament_install'
[0.336s] Level 1:colcon.colcon_core.package_identification:_identify(shapes) by extensions ['colcon_pkg']
[0.336s] Level 1:colcon.colcon_core.package_identification:_identify(shapes) by extension 'colcon_pkg'
[0.336s] Level 1:colcon.colcon_core.package_identification:_identify(shapes) by extensions ['colcon_meta']
[0.336s] Level 1:colcon.colcon_core.package_identification:_identify(shapes) by extension 'colcon_meta'
[0.336s] Level 1:colcon.colcon_core.package_identification:_identify(shapes) by extensions ['ros']
[0.336s] Level 1:colcon.colcon_core.package_identification:_identify(shapes) by extension 'ros'
[0.337s] DEBUG:colcon.colcon_core.package_identification:Package 'shapes' with type 'ros.ament_cmake' and name 'shapes'
[0.337s] Level 1:colcon.colcon_core.package_identification:_identify(utils) by extensions ['ignore', 'ignore_ament_install']
[0.337s] Level 1:colcon.colcon_core.package_identification:_identify(utils) by extension 'ignore'
[0.337s] Level 1:colcon.colcon_core.package_identification:_identify(utils) by extension 'ignore_ament_install'
[0.337s] Level 1:colcon.colcon_core.package_identification:_identify(utils) by extensions ['colcon_pkg']
[0.337s] Level 1:colcon.colcon_core.package_identification:_identify(utils) by extension 'colcon_pkg'
[0.337s] Level 1:colcon.colcon_core.package_identification:_identify(utils) by extensions ['colcon_meta']
[0.337s] Level 1:colcon.colcon_core.package_identification:_identify(utils) by extension 'colcon_meta'
[0.337s] Level 1:colcon.colcon_core.package_identification:_identify(utils) by extensions ['ros']
[0.337s] Level 1:colcon.colcon_core.package_identification:_identify(utils) by extension 'ros'
[0.337s] DEBUG:colcon.colcon_core.package_identification:Package 'utils' with type 'ros.ament_cmake' and name 'utils'
[0.338s] Level 1:colcon.colcon_core.package_discovery:discover_packages(recursive) using defaults
[0.338s] Level 1:colcon.colcon_core.package_discovery:discover_packages(ignore) discover
[0.338s] Level 1:colcon.colcon_core.package_discovery:discover_packages(ignore) using defaults
[0.338s] Level 1:colcon.colcon_core.package_discovery:discover_packages(path) discover
[0.338s] Level 1:colcon.colcon_core.package_discovery:discover_packages(path) using defaults
[0.361s] INFO:colcon.colcon_core.package_selection:Skipping not selected package 'cpp_pubsub' in 'cpp_pubsub'
[0.361s] INFO:colcon.colcon_core.package_selection:Skipping not selected package 'custom_msgs' in 'communication/custom_msgs'
[0.361s] INFO:colcon.colcon_core.package_selection:Skipping not selected package 'decisions' in 'decisions'
[0.361s] INFO:colcon.colcon_core.package_selection:Skipping not selected package 'dubins' in 'dubins'
[0.361s] INFO:colcon.colcon_core.package_selection:Skipping not selected package 'shapes' in 'shapes'
[0.361s] INFO:colcon.colcon_core.package_selection:Skipping not selected package 'utils' in 'utils'
[0.361s] INFO:colcon.colcon_core.package_selection:Skipping not selected package 'shelfino' in 'communication/shelfino'
[0.362s] Level 1:colcon.colcon_core.package_discovery:discover_packages(prefix_path) check parameters
[0.362s] Level 1:colcon.colcon_core.package_discovery:discover_packages(prefix_path) discover
[0.364s] DEBUG:colcon.colcon_installed_package_information.package_discovery:Found 5 installed packages in /home/p3zz/Documents/uni/robot-planning-project/install
[0.366s] DEBUG:colcon.colcon_installed_package_information.package_discovery:Found 322 installed packages in /opt/ros/humble
[0.368s] Level 1:colcon.colcon_core.package_discovery:discover_packages(prefix_path) using defaults
[0.430s] Level 5:colcon.colcon_core.verb:set package 'map' build argument 'cmake_args' from command line to 'None'
[0.430s] Level 5:colcon.colcon_core.verb:set package 'map' build argument 'cmake_target' from command line to 'None'
[0.430s] Level 5:colcon.colcon_core.verb:set package 'map' build argument 'cmake_target_skip_unavailable' from command line to 'False'
[0.430s] Level 5:colcon.colcon_core.verb:set package 'map' build argument 'cmake_clean_cache' from command line to 'False'
[0.430s] Level 5:colcon.colcon_core.verb:set package 'map' build argument 'cmake_clean_first' from command line to 'False'
[0.430s] Level 5:colcon.colcon_core.verb:set package 'map' build argument 'cmake_force_configure' from command line to 'False'
[0.430s] Level 5:colcon.colcon_core.verb:set package 'map' build argument 'ament_cmake_args' from command line to 'None'
[0.430s] Level 5:colcon.colcon_core.verb:set package 'map' build argument 'catkin_cmake_args' from command line to 'None'
[0.430s] Level 5:colcon.colcon_core.verb:set package 'map' build argument 'catkin_skip_building_tests' from command line to 'False'
[0.430s] DEBUG:colcon.colcon_core.verb:Building package 'map' with the following arguments: {'ament_cmake_args': None, 'build_base': '/home/p3zz/Documents/uni/robot-planning-project/build/map', 'catkin_cmake_args': None, 'catkin_skip_building_tests': False, 'cmake_args': None, 'cmake_clean_cache': False, 'cmake_clean_first': False, 'cmake_force_configure': False, 'cmake_target': None, 'cmake_target_skip_unavailable': False, 'install_base': '/home/p3zz/Documents/uni/robot-planning-project/install/map', 'merge_install': False, 'path': '/home/p3zz/Documents/uni/robot-planning-project/map', 'symlink_install': False, 'test_result_base': None}
[0.431s] INFO:colcon.colcon_core.executor:Executing jobs using 'parallel' executor
[0.434s] DEBUG:colcon.colcon_parallel_executor.executor.parallel:run_until_complete
[0.435s] INFO:colcon.colcon_ros.task.ament_cmake.build:Building ROS package in '/home/p3zz/Documents/uni/robot-planning-project/map' with build type 'ament_cmake'
[0.435s] INFO:colcon.colcon_cmake.task.cmake.build:Building CMake package in '/home/p3zz/Documents/uni/robot-planning-project/map'
[0.440s] INFO:colcon.colcon_core.plugin_system:Skipping extension 'colcon_core.shell.bat': Not used on non-Windows systems
[0.440s] INFO:colcon.colcon_core.shell:Skip shell extension 'powershell' for command environment: Not usable outside of PowerShell
[0.440s] DEBUG:colcon.colcon_core.shell:Skip shell extension 'dsv' for command environment
[0.451s] DEBUG:colcon.colcon_core.event_handler.log_command:Invoking command in '/home/p3zz/Documents/uni/robot-planning-project/build/map': CMAKE_PREFIX_PATH=${CMAKE_PREFIX_PATH}:/opt/ros/humble /usr/bin/cmake /home/p3zz/Documents/uni/robot-planning-project/map -DCMAKE_INSTALL_PREFIX=/home/p3zz/Documents/uni/robot-planning-project/install/map
[0.845s] DEBUG:colcon.colcon_core.event_handler.log_command:Invoked command in '/home/p3zz/Documents/uni/robot-planning-project/build/map' returned '0': CMAKE_PREFIX_PATH=${CMAKE_PREFIX_PATH}:/opt/ros/humble /usr/bin/cmake /home/p3zz/Documents/uni/robot-planning-project/map -DCMAKE_INSTALL_PREFIX=/home/p3zz/Documents/uni/robot-planning-project/install/map
[0.847s] DEBUG:colcon.colcon_core.event_handler.log_command:Invoking command in '/home/p3zz/Documents/uni/robot-planning-project/build/map': CMAKE_PREFIX_PATH=${CMAKE_PREFIX_PATH}:/opt/ros/humble /usr/bin/cmake --build /home/p3zz/Documents/uni/robot-planning-project/build/map -- -j8 -l8
[6.634s] DEBUG:colcon.colcon_core.event_handler.log_command:Invoked command in '/home/p3zz/Documents/uni/robot-planning-project/build/map' returned '0': CMAKE_PREFIX_PATH=${CMAKE_PREFIX_PATH}:/opt/ros/humble /usr/bin/cmake --build /home/p3zz/Documents/uni/robot-planning-project/build/map -- -j8 -l8
[6.682s] DEBUG:colcon.colcon_core.event_handler.log_command:Invoking command in '/home/p3zz/Documents/uni/robot-planning-project/build/map': CMAKE_PREFIX_PATH=${CMAKE_PREFIX_PATH}:/opt/ros/humble /usr/bin/cmake --install /home/p3zz/Documents/uni/robot-planning-project/build/map
[6.698s] Level 1:colcon.colcon_core.environment:create_environment_scripts_only(map)
[6.700s] DEBUG:colcon.colcon_core.event_handler.log_command:Invoked command in '/home/p3zz/Documents/uni/robot-planning-project/build/map' returned '0': CMAKE_PREFIX_PATH=${CMAKE_PREFIX_PATH}:/opt/ros/humble /usr/bin/cmake --install /home/p3zz/Documents/uni/robot-planning-project/build/map
[6.704s] Level 1:colcon.colcon_core.environment:checking '/home/p3zz/Documents/uni/robot-planning-project/install/map' for CMake module files
[6.705s] Level 1:colcon.colcon_core.environment:checking '/home/p3zz/Documents/uni/robot-planning-project/install/map' for CMake config files
[6.705s] Level 1:colcon.colcon_core.shell:create_environment_hook('map', 'cmake_prefix_path')
[6.706s] INFO:colcon.colcon_core.shell:Creating environment hook '/home/p3zz/Documents/uni/robot-planning-project/install/map/share/map/hook/cmake_prefix_path.ps1'
[6.707s] INFO:colcon.colcon_core.shell:Creating environment descriptor '/home/p3zz/Documents/uni/robot-planning-project/install/map/share/map/hook/cmake_prefix_path.dsv'
[6.707s] INFO:colcon.colcon_core.shell:Creating environment hook '/home/p3zz/Documents/uni/robot-planning-project/install/map/share/map/hook/cmake_prefix_path.sh'
[6.708s] Level 1:colcon.colcon_core.environment:checking '/home/p3zz/Documents/uni/robot-planning-project/install/map/lib'
[6.708s] Level 1:colcon.colcon_core.environment:checking '/home/p3zz/Documents/uni/robot-planning-project/install/map/bin'
[6.708s] Level 1:colcon.colcon_core.environment:checking '/home/p3zz/Documents/uni/robot-planning-project/install/map/lib/pkgconfig/map.pc'
[6.709s] Level 1:colcon.colcon_core.environment:checking '/home/p3zz/Documents/uni/robot-planning-project/install/map/lib/python3.10/site-packages'
[6.709s] Level 1:colcon.colcon_core.environment:checking '/home/p3zz/Documents/uni/robot-planning-project/install/map/bin'
[6.710s] INFO:colcon.colcon_core.shell:Creating package script '/home/p3zz/Documents/uni/robot-planning-project/install/map/share/map/package.ps1'
[6.711s] INFO:colcon.colcon_core.shell:Creating package descriptor '/home/p3zz/Documents/uni/robot-planning-project/install/map/share/map/package.dsv'
[6.711s] INFO:colcon.colcon_core.shell:Creating package script '/home/p3zz/Documents/uni/robot-planning-project/install/map/share/map/package.sh'
[6.712s] INFO:colcon.colcon_core.shell:Creating package script '/home/p3zz/Documents/uni/robot-planning-project/install/map/share/map/package.bash'
[6.713s] INFO:colcon.colcon_core.shell:Creating package script '/home/p3zz/Documents/uni/robot-planning-project/install/map/share/map/package.zsh'
[6.713s] Level 1:colcon.colcon_core.environment:create_file_with_runtime_dependencies(/home/p3zz/Documents/uni/robot-planning-project/install/map/share/colcon-core/packages/map)
[6.745s] Level 1:colcon.colcon_core.environment:create_environment_scripts_only(map)
[6.747s] Level 1:colcon.colcon_core.environment:checking '/home/p3zz/Documents/uni/robot-planning-project/install/map' for CMake module files
[6.747s] Level 1:colcon.colcon_core.environment:checking '/home/p3zz/Documents/uni/robot-planning-project/install/map' for CMake config files
[6.747s] Level 1:colcon.colcon_core.shell:create_environment_hook('map', 'cmake_prefix_path')
[6.748s] INFO:colcon.colcon_core.shell:Creating environment hook '/home/p3zz/Documents/uni/robot-planning-project/install/map/share/map/hook/cmake_prefix_path.ps1'
[6.749s] INFO:colcon.colcon_core.shell:Creating environment descriptor '/home/p3zz/Documents/uni/robot-planning-project/install/map/share/map/hook/cmake_prefix_path.dsv'
[6.749s] INFO:colcon.colcon_core.shell:Creating environment hook '/home/p3zz/Documents/uni/robot-planning-project/install/map/share/map/hook/cmake_prefix_path.sh'
[6.749s] Level 1:colcon.colcon_core.environment:checking '/home/p3zz/Documents/uni/robot-planning-project/install/map/lib'
[6.750s] Level 1:colcon.colcon_core.environment:checking '/home/p3zz/Documents/uni/robot-planning-project/install/map/bin'
[6.750s] Level 1:colcon.colcon_core.environment:checking '/home/p3zz/Documents/uni/robot-planning-project/install/map/lib/pkgconfig/map.pc'
[6.750s] Level 1:colcon.colcon_core.environment:checking '/home/p3zz/Documents/uni/robot-planning-project/install/map/lib/python3.10/site-packages'
[6.750s] Level 1:colcon.colcon_core.environment:checking '/home/p3zz/Documents/uni/robot-planning-project/install/map/bin'
[6.751s] INFO:colcon.colcon_core.shell:Creating package script '/home/p3zz/Documents/uni/robot-planning-project/install/map/share/map/package.ps1'
[6.752s] INFO:colcon.colcon_core.shell:Creating package descriptor '/home/p3zz/Documents/uni/robot-planning-project/install/map/share/map/package.dsv'
[6.752s] INFO:colcon.colcon_core.shell:Creating package script '/home/p3zz/Documents/uni/robot-planning-project/install/map/share/map/package.sh'
[6.753s] INFO:colcon.colcon_core.shell:Creating package script '/home/p3zz/Documents/uni/robot-planning-project/install/map/share/map/package.bash'
[6.753s] INFO:colcon.colcon_core.shell:Creating package script '/home/p3zz/Documents/uni/robot-planning-project/install/map/share/map/package.zsh'
[6.753s] Level 1:colcon.colcon_core.environment:create_file_with_runtime_dependencies(/home/p3zz/Documents/uni/robot-planning-project/install/map/share/colcon-core/packages/map)
[6.753s] DEBUG:colcon.colcon_parallel_executor.executor.parallel:closing loop
[6.754s] DEBUG:colcon.colcon_parallel_executor.executor.parallel:loop closed
[6.754s] DEBUG:colcon.colcon_parallel_executor.executor.parallel:run_until_complete finished with '0'
[6.754s] DEBUG:colcon.colcon_core.event_reactor:joining thread
[6.762s] INFO:colcon.colcon_core.plugin_system:Skipping extension 'colcon_notification.desktop_notification.terminal_notifier': Not used on non-Darwin systems
[6.762s] INFO:colcon.colcon_core.plugin_system:Skipping extension 'colcon_notification.desktop_notification.win32': Not used on non-Windows systems
[6.762s] INFO:colcon.colcon_notification.desktop_notification:Sending desktop notification using 'notify2'
[6.772s] DEBUG:colcon.colcon_core.event_reactor:joined thread
[6.773s] INFO:colcon.colcon_core.shell:Creating prefix script '/home/p3zz/Documents/uni/robot-planning-project/install/local_setup.ps1'
[6.774s] INFO:colcon.colcon_core.shell:Creating prefix util module '/home/p3zz/Documents/uni/robot-planning-project/install/_local_setup_util_ps1.py'
[6.776s] INFO:colcon.colcon_core.shell:Creating prefix chain script '/home/p3zz/Documents/uni/robot-planning-project/install/setup.ps1'
[6.777s] INFO:colcon.colcon_core.shell:Creating prefix script '/home/p3zz/Documents/uni/robot-planning-project/install/local_setup.sh'
[6.778s] INFO:colcon.colcon_core.shell:Creating prefix util module '/home/p3zz/Documents/uni/robot-planning-project/install/_local_setup_util_sh.py'
[6.778s] INFO:colcon.colcon_core.shell:Creating prefix chain script '/home/p3zz/Documents/uni/robot-planning-project/install/setup.sh'
[6.780s] INFO:colcon.colcon_core.shell:Creating prefix script '/home/p3zz/Documents/uni/robot-planning-project/install/local_setup.bash'
[6.781s] INFO:colcon.colcon_core.shell:Creating prefix chain script '/home/p3zz/Documents/uni/robot-planning-project/install/setup.bash'
[6.782s] INFO:colcon.colcon_core.shell:Creating prefix script '/home/p3zz/Documents/uni/robot-planning-project/install/local_setup.zsh'
[6.783s] INFO:colcon.colcon_core.shell:Creating prefix chain script '/home/p3zz/Documents/uni/robot-planning-project/install/setup.zsh'
