[0.030s] Invoking command in '/home/p3zz/Documents/uni/robot-planning-project/build/utils': /usr/bin/cmake /home/p3zz/Documents/uni/robot-planning-project/utils -DCMAKE_INSTALL_PREFIX=/home/p3zz/Documents/uni/robot-planning-project/install/utils
[0.902s] -- The C compiler identification is GNU 11.3.0
[0.903s] -- The CXX compiler identification is GNU 11.3.0
[0.903s] -- Detecting C compiler ABI info
[0.903s] -- Detecting C compiler ABI info - done
[0.903s] -- Check for working C compiler: /usr/bin/cc - skipped
[0.904s] -- Detecting C compile features
[0.905s] -- Detecting C compile features - done
[0.906s] -- Detecting CXX compiler ABI info
[0.906s] -- Detecting CXX compiler ABI info - done
[0.907s] -- Check for working CXX compiler: /usr/bin/c++ - skipped
[0.907s] -- Detecting CXX compile features
[0.908s] -- Detecting CXX compile features - done
[0.909s] -- Configuring incomplete, errors occurred!
[0.912s] See also "/home/p3zz/Documents/uni/robot-planning-project/build/utils/CMakeFiles/CMakeOutput.log".
[0.912s] [31mCMake Error at CMakeLists.txt:8 (find_package):
[0.912s]   By not providing "Findament_cmake.cmake" in CMAKE_MODULE_PATH this project
[0.913s]   has asked CMake to find a package configuration file provided by
[0.913s]   "ament_cmake", but CMake did not find one.
[0.914s] 
[0.914s]   Could not find a package configuration file provided by "ament_cmake" with
[0.914s]   any of the following names:
[0.915s] 
[0.915s]     ament_cmakeConfig.cmake
[0.915s]     ament_cmake-config.cmake
[0.916s] 
[0.917s]   Add the installation prefix of "ament_cmake" to CMAKE_PREFIX_PATH or set
[0.917s]   "ament_cmake_DIR" to a directory containing one of the above files.  If
[0.917s]   "ament_cmake" provides a separate development package or SDK, be sure it
[0.917s]   has been installed.
[0.919s] 
[0.919s] [0m
[0.924s] Invoked command in '/home/p3zz/Documents/uni/robot-planning-project/build/utils' returned '1': /usr/bin/cmake /home/p3zz/Documents/uni/robot-planning-project/utils -DCMAKE_INSTALL_PREFIX=/home/p3zz/Documents/uni/robot-planning-project/install/utils
