[0.078s] Invoking command in '/home/p3zz/Documents/uni/robot-planning-project/build/shelfino': CMAKE_PREFIX_PATH=/home/p3zz/Documents/uni/robot-planning-project/install/shapes:/home/p3zz/Documents/uni/robot-planning-project/install/custom_msgs:/home/p3zz/Documents/uni/robot-planning-project/install/shelfino:/home/p3zz/Documents/uni/robot-planning-project/install/decisions:/home/p3zz/Documents/uni/robot-planning-project/install/map:/home/p3zz/Documents/uni/robot-planning-project/install/dubins:/home/p3zz/Documents/uni/robot-planning-project/install/utils:/opt/ros/humble /usr/bin/cmake --build /home/p3zz/Documents/uni/robot-planning-project/build/shelfino -- -j8 -l8
[0.183s] -- Found ament_cmake: 1.3.3 (/opt/ros/humble/share/ament_cmake/cmake)
[0.819s] -- Found rclcpp: 16.0.2 (/opt/ros/humble/share/rclcpp/cmake)
[0.976s] -- Found rosidl_generator_c: 3.1.4 (/opt/ros/humble/share/rosidl_generator_c/cmake)
[0.988s] -- Found rosidl_adapter: 3.1.4 (/opt/ros/humble/share/rosidl_adapter/cmake)
[1.020s] -- Found rosidl_generator_cpp: 3.1.4 (/opt/ros/humble/share/rosidl_generator_cpp/cmake)
[1.077s] -- Using all available rosidl_typesupport_c: rosidl_typesupport_fastrtps_c;rosidl_typesupport_introspection_c
[1.155s] -- Using all available rosidl_typesupport_cpp: rosidl_typesupport_fastrtps_cpp;rosidl_typesupport_introspection_cpp
[1.474s] -- Found rmw_implementation_cmake: 6.1.1 (/opt/ros/humble/share/rmw_implementation_cmake/cmake)
[1.480s] -- Found rmw_fastrtps_cpp: 6.2.2 (/opt/ros/humble/share/rmw_fastrtps_cpp/cmake)
[2.054s] -- Using RMW implementation 'rmw_fastrtps_cpp' as default
[2.868s] -- Found rclcpp_action: 16.0.2 (/opt/ros/humble/share/rclcpp_action/cmake)
[3.351s] -- Found geometry_msgs: 4.2.2 (/opt/ros/humble/share/geometry_msgs/cmake)
[3.683s] -- Found custom_msgs: 0.1.2 (/home/p3zz/Documents/uni/robot-planning-project/install/custom_msgs/share/custom_msgs/cmake)
[4.216s] -- Found shapes: 0.0.0 (/home/p3zz/Documents/uni/robot-planning-project/install/shapes/share/shapes/cmake)
[4.219s] -- Found dubins: 0.0.0 (/home/p3zz/Documents/uni/robot-planning-project/install/dubins/share/dubins/cmake)
[4.222s] -- Found map: 0.0.0 (/home/p3zz/Documents/uni/robot-planning-project/install/map/share/map/cmake)
[4.225s] -- Found utils: 0.0.0 (/home/p3zz/Documents/uni/robot-planning-project/install/utils/share/utils/cmake)
[4.228s] -- Found decisions: 0.0.0 (/home/p3zz/Documents/uni/robot-planning-project/install/decisions/share/decisions/cmake)
[4.231s] -- Found tf2: 0.25.1 (/opt/ros/humble/share/tf2/cmake)
[4.277s] -- Found tf2_ros: 0.25.1 (/opt/ros/humble/share/tf2_ros/cmake)
[5.544s] -- Found nav2_msgs: 1.1.3 (/opt/ros/humble/share/nav2_msgs/cmake)
[7.236s] [31mCMake Error at /opt/ros/humble/share/rclcpp_components/cmake/rclcpp_components_register_node.cmake:40 (message):
[7.237s]   rclcpp_components_register_node macro requires a EXECUTABLE argument for
[7.237s]   target shelfino
[7.238s] Call Stack (most recent call first):
[7.239s]   CMakeLists.txt:29 (rclcpp_components_register_node)
[7.240s] 
[7.240s] [0m
[7.240s] -- Configuring incomplete, errors occurred!
[7.241s] See also "/home/p3zz/Documents/uni/robot-planning-project/build/shelfino/CMakeFiles/CMakeOutput.log".
[7.266s] gmake: *** [Makefile:267: cmake_check_build_system] Error 1
[7.275s] Invoked command in '/home/p3zz/Documents/uni/robot-planning-project/build/shelfino' returned '2': CMAKE_PREFIX_PATH=/home/p3zz/Documents/uni/robot-planning-project/install/shapes:/home/p3zz/Documents/uni/robot-planning-project/install/custom_msgs:/home/p3zz/Documents/uni/robot-planning-project/install/shelfino:/home/p3zz/Documents/uni/robot-planning-project/install/decisions:/home/p3zz/Documents/uni/robot-planning-project/install/map:/home/p3zz/Documents/uni/robot-planning-project/install/dubins:/home/p3zz/Documents/uni/robot-planning-project/install/utils:/opt/ros/humble /usr/bin/cmake --build /home/p3zz/Documents/uni/robot-planning-project/build/shelfino -- -j8 -l8
