In file included from [01m[K/home/p3zz/Documents/uni/robot-planning-project/communication/shelfino/src/main.cpp:1[m[K:
[01m[K/home/p3zz/Documents/uni/robot-planning-project/communication/shelfino/include/shelfino/shelfino.hpp:[m[K In constructor ‘[01m[KFollowPathClient::FollowPathClient(std::optional<RoadMap>&, std::optional<DubinCurve>&, std::optional<DubinPoint>&, std::optional<DubinPoint>&)[m[K’:
[01m[K/home/p3zz/Documents/uni/robot-planning-project/communication/shelfino/include/shelfino/shelfino.hpp:298:37:[m[K [01;31m[Kerror: [m[Kclass ‘[01m[KFollowPathClient[m[K’ does not have any field named ‘[01m[Kmap[m[K’
  298 |       : Node("follow_path_client"), [01;31m[Kmap[m[K{map}, path{path}, evader_pose{evader_pose}, pursuer_pose{pursuer_pose}{
      |                                     [01;31m[K^~~[m[K
[01m[K/home/p3zz/Documents/uni/robot-planning-project/communication/shelfino/include/shelfino/shelfino.hpp:298:47:[m[K [01;31m[Kerror: [m[Kclass ‘[01m[KFollowPathClient[m[K’ does not have any field named ‘[01m[Kpath[m[K’
  298 |       : Node("follow_path_client"), map{map}, [01;31m[Kpath[m[K{path}, evader_pose{evader_pose}, pursuer_pose{pursuer_pose}{
      |                                               [01;31m[K^~~~[m[K
[01m[K/home/p3zz/Documents/uni/robot-planning-project/communication/shelfino/include/shelfino/shelfino.hpp:298:59:[m[K [01;31m[Kerror: [m[Kclass ‘[01m[KFollowPathClient[m[K’ does not have any field named ‘[01m[Kevader_pose[m[K’
  298 |    : Node("follow_path_client"), map{map}, path{path}, [01;31m[Kevader_pose[m[K{evader_pose}, pursuer_pose{pursuer_pose}{
      |                                                        [01;31m[K^~~~~~~~~~~[m[K

[01m[K/home/p3zz/Documents/uni/robot-planning-project/communication/shelfino/include/shelfino/shelfino.hpp:298:85:[m[K [01;31m[Kerror: [m[Kclass ‘[01m[KFollowPathClient[m[K’ does not have any field named ‘[01m[Kpursuer_pose[m[K’
  298 | ent"), map{map}, path{path}, evader_pose{evader_pose}, [01;31m[Kpursuer_pose[m[K{pursuer_pose}{
      |                                                        [01;31m[K^~~~~~~~~~~~[m[K

[01m[K/home/p3zz/Documents/uni/robot-planning-project/communication/shelfino/src/main.cpp:[m[K In function ‘[01m[Kvoid service_body(ShelfinoDto&)[m[K’:
[01m[K/home/p3zz/Documents/uni/robot-planning-project/communication/shelfino/src/main.cpp:27:32:[m[K [01;35m[Kwarning: [m[Kunused parameter ‘[01m[Kdto[m[K’ [[01;35m[K]8;;https://gcc.gnu.org/onlinedocs/gcc/Warning-Options.html#index-Wunused-parameter-Wunused-parameter]8;;[m[K]
   27 | void service_body([01;35m[KShelfinoDto& dto[m[K){
      |                   [01;35m[K~~~~~~~~~~~~~^~~[m[K
gmake[2]: *** [CMakeFiles/shelfino.dir/build.make:76: CMakeFiles/shelfino.dir/src/main.cpp.o] Error 1
gmake[1]: *** [CMakeFiles/Makefile2:137: CMakeFiles/shelfino.dir/all] Error 2
gmake: *** [Makefile:146: all] Error 2
