[0.017s] Invoking command in '/home/p3zz/Documents/uni/robot-planning-project/build/shelfino': CMAKE_PREFIX_PATH=/home/p3zz/Documents/uni/robot-planning-project/install/shapes:/home/p3zz/Documents/uni/robot-planning-project/install/custom_msgs:/home/p3zz/Documents/uni/robot-planning-project/install/utils:/home/p3zz/Documents/uni/robot-planning-project/install/shelfino:/home/p3zz/Documents/uni/robot-planning-project/install/map:/home/p3zz/Documents/uni/robot-planning-project/install/dubins:/home/p3zz/Documents/uni/robot-planning-project/install/decisions:/opt/ros/humble LD_LIBRARY_PATH=/home/p3zz/Documents/uni/robot-planning-project/install/custom_msgs/lib:/usr/lib/x86_64-linux-gnu/gazebo-11/plugins:/opt/ros/humble/opt/rviz_ogre_vendor/lib:/opt/ros/humble/lib/x86_64-linux-gnu:/opt/ros/humble/lib:/home/p3zz/Documents/uni/robot-planning-project/install/utils/lib:/home/p3zz/Documents/uni/robot-planning-project/install/shapes/lib:/home/p3zz/Documents/uni/robot-planning-project/install/map/lib:/home/p3zz/Documents/uni/robot-planning-project/install/dubins/lib:/home/p3zz/Documents/uni/robot-planning-project/install/decisions/lib /usr/bin/cmake --build /home/p3zz/Documents/uni/robot-planning-project/build/shelfino -- -j8 -l8
[0.081s] [ 50%] [32mBuilding CXX object CMakeFiles/shelfino.dir/src/main.cpp.o[0m
[4.163s] In file included from [01m[K/home/p3zz/Documents/uni/robot-planning-project/communication/shelfino/src/main.cpp:1[m[K:
[4.163s] [01m[K/home/p3zz/Documents/uni/robot-planning-project/communication/shelfino/include/shelfino/shelfino.hpp:[m[K In constructor ‘[01m[KFollowPathClient::FollowPathClient(std::optional<RoadMap>&, std::optional<DubinCurve>&, std::optional<DubinPoint>&, std::optional<DubinPoint>&)[m[K’:
[4.163s] [01m[K/home/p3zz/Documents/uni/robot-planning-project/communication/shelfino/include/shelfino/shelfino.hpp:298:37:[m[K [01;31m[Kerror: [m[Kclass ‘[01m[KFollowPathClient[m[K’ does not have any field named ‘[01m[Kmap[m[K’
[4.163s]   298 |       : Node("follow_path_client"), [01;31m[Kmap[m[K{map}, path{path}, evader_pose{evader_pose}, pursuer_pose{pursuer_pose}{
[4.163s]       |                                     [01;31m[K^~~[m[K
[4.163s] [01m[K/home/p3zz/Documents/uni/robot-planning-project/communication/shelfino/include/shelfino/shelfino.hpp:298:47:[m[K [01;31m[Kerror: [m[Kclass ‘[01m[KFollowPathClient[m[K’ does not have any field named ‘[01m[Kpath[m[K’
[4.163s]   298 |       : Node("follow_path_client"), map{map}, [01;31m[Kpath[m[K{path}, evader_pose{evader_pose}, pursuer_pose{pursuer_pose}{
[4.163s]       |                                               [01;31m[K^~~~[m[K
[4.164s] [01m[K/home/p3zz/Documents/uni/robot-planning-project/communication/shelfino/include/shelfino/shelfino.hpp:298:59:[m[K [01;31m[Kerror: [m[Kclass ‘[01m[KFollowPathClient[m[K’ does not have any field named ‘[01m[Kevader_pose[m[K’
[4.164s]   298 |    : Node("follow_path_client"), map{map}, path{path}, [01;31m[Kevader_pose[m[K{evader_pose}, pursuer_pose{pursuer_pose}{
[4.164s]       |                                                        [01;31m[K^~~~~~~~~~~[m[K
[4.164s] 
[4.164s] [01m[K/home/p3zz/Documents/uni/robot-planning-project/communication/shelfino/include/shelfino/shelfino.hpp:298:85:[m[K [01;31m[Kerror: [m[Kclass ‘[01m[KFollowPathClient[m[K’ does not have any field named ‘[01m[Kpursuer_pose[m[K’
[4.164s]   298 | ent"), map{map}, path{path}, evader_pose{evader_pose}, [01;31m[Kpursuer_pose[m[K{pursuer_pose}{
[4.164s]       |                                                        [01;31m[K^~~~~~~~~~~~[m[K
[4.165s] 
[4.183s] [01m[K/home/p3zz/Documents/uni/robot-planning-project/communication/shelfino/src/main.cpp:[m[K In function ‘[01m[Kvoid service_body(ShelfinoDto&)[m[K’:
[4.183s] [01m[K/home/p3zz/Documents/uni/robot-planning-project/communication/shelfino/src/main.cpp:27:32:[m[K [01;35m[Kwarning: [m[Kunused parameter ‘[01m[Kdto[m[K’ [[01;35m[K]8;;https://gcc.gnu.org/onlinedocs/gcc/Warning-Options.html#index-Wunused-parameter-Wunused-parameter]8;;[m[K]
[4.183s]    27 | void service_body([01;35m[KShelfinoDto& dto[m[K){
[4.183s]       |                   [01;35m[K~~~~~~~~~~~~~^~~[m[K
[11.381s] gmake[2]: *** [CMakeFiles/shelfino.dir/build.make:76: CMakeFiles/shelfino.dir/src/main.cpp.o] Error 1
[11.382s] gmake[1]: *** [CMakeFiles/Makefile2:137: CMakeFiles/shelfino.dir/all] Error 2
[11.382s] gmake: *** [Makefile:146: all] Error 2
[11.384s] Invoked command in '/home/p3zz/Documents/uni/robot-planning-project/build/shelfino' returned '2': CMAKE_PREFIX_PATH=/home/p3zz/Documents/uni/robot-planning-project/install/shapes:/home/p3zz/Documents/uni/robot-planning-project/install/custom_msgs:/home/p3zz/Documents/uni/robot-planning-project/install/utils:/home/p3zz/Documents/uni/robot-planning-project/install/shelfino:/home/p3zz/Documents/uni/robot-planning-project/install/map:/home/p3zz/Documents/uni/robot-planning-project/install/dubins:/home/p3zz/Documents/uni/robot-planning-project/install/decisions:/opt/ros/humble LD_LIBRARY_PATH=/home/p3zz/Documents/uni/robot-planning-project/install/custom_msgs/lib:/usr/lib/x86_64-linux-gnu/gazebo-11/plugins:/opt/ros/humble/opt/rviz_ogre_vendor/lib:/opt/ros/humble/lib/x86_64-linux-gnu:/opt/ros/humble/lib:/home/p3zz/Documents/uni/robot-planning-project/install/utils/lib:/home/p3zz/Documents/uni/robot-planning-project/install/shapes/lib:/home/p3zz/Documents/uni/robot-planning-project/install/map/lib:/home/p3zz/Documents/uni/robot-planning-project/install/dubins/lib:/home/p3zz/Documents/uni/robot-planning-project/install/decisions/lib /usr/bin/cmake --build /home/p3zz/Documents/uni/robot-planning-project/build/shelfino -- -j8 -l8
