[0.015s] Invoking command in '/home/p3zz/Documents/uni/robot-planning-project/build/dubins': CMAKE_PREFIX_PATH=${CMAKE_PREFIX_PATH}:/opt/ros/humble /usr/bin/cmake /home/p3zz/Documents/uni/robot-planning-project/dubins -DCMAKE_INSTALL_PREFIX=/home/p3zz/Documents/uni/robot-planning-project/install/dubins
[0.031s] -- Found ament_cmake: 1.3.3 (/opt/ros/humble/share/ament_cmake/cmake)
[0.212s] -- Found utils: 0.0.0 (/home/p3zz/Documents/uni/robot-planning-project/install/utils/share/utils/cmake)
[0.213s] -- Found shapes: 0.0.0 (/home/p3zz/Documents/uni/robot-planning-project/install/shapes/share/shapes/cmake)
[0.218s] -- Found ament_cmake_gtest: 1.3.3 (/opt/ros/humble/share/ament_cmake_gtest/cmake)
[0.221s] -- Found gtest sources under '/opt/ros/humble/src/gtest_vendor': C++ tests using 'Google Test' will be built
[0.223s] -- Looking for pthread.h
[0.301s] -- Looking for pthread.h - found
[0.302s] -- Performing Test CMAKE_HAVE_LIBC_PTHREAD
[0.382s] -- Performing Test CMAKE_HAVE_LIBC_PTHREAD - Success
[0.383s] -- Found Threads: TRUE  
[0.458s] -- Configuring done
[0.471s] -- Generating done
[0.472s] -- Build files have been written to: /home/p3zz/Documents/uni/robot-planning-project/build/dubins
[0.475s] Invoked command in '/home/p3zz/Documents/uni/robot-planning-project/build/dubins' returned '0': CMAKE_PREFIX_PATH=${CMAKE_PREFIX_PATH}:/opt/ros/humble /usr/bin/cmake /home/p3zz/Documents/uni/robot-planning-project/dubins -DCMAKE_INSTALL_PREFIX=/home/p3zz/Documents/uni/robot-planning-project/install/dubins
[0.477s] Invoking command in '/home/p3zz/Documents/uni/robot-planning-project/build/dubins': CMAKE_PREFIX_PATH=${CMAKE_PREFIX_PATH}:/opt/ros/humble /usr/bin/cmake --build /home/p3zz/Documents/uni/robot-planning-project/build/dubins -- -j8 -l8
[0.534s] [ 10%] [32mBuilding CXX object gtest/CMakeFiles/gtest.dir/src/gtest-all.cc.o[0m
[0.536s] [ 20%] [32mBuilding CXX object CMakeFiles/dubins.dir/src/dubins.cpp.o[0m
[0.538s] [ 30%] [32mBuilding CXX object gtest/CMakeFiles/gtest_main.dir/src/gtest_main.cc.o[0m
[1.650s] [ 40%] [32m[1mLinking CXX static library libgtest_main.a[0m
[1.686s] [ 40%] Built target gtest_main
[2.537s] [ 50%] [32m[1mLinking CXX static library libdubins.a[0m
[2.581s] [ 50%] Built target dubins
[4.370s] [ 60%] [32m[1mLinking CXX static library libgtest.a[0m
[4.441s] [ 60%] Built target gtest
[4.463s] [ 70%] [32mBuilding CXX object CMakeFiles/test_dubins.dir/test/performance.cpp.o[0m
[4.463s] [ 80%] [32mBuilding CXX object CMakeFiles/test_dubins.dir/test/main.cpp.o[0m
[4.463s] [ 90%] [32mBuilding CXX object CMakeFiles/test_dubins.dir/test/collisions.cpp.o[0m
[6.937s] [100%] [32m[1mLinking CXX executable test_dubins[0m
[7.142s] [100%] Built target test_dubins
[7.155s] Invoked command in '/home/p3zz/Documents/uni/robot-planning-project/build/dubins' returned '0': CMAKE_PREFIX_PATH=${CMAKE_PREFIX_PATH}:/opt/ros/humble /usr/bin/cmake --build /home/p3zz/Documents/uni/robot-planning-project/build/dubins -- -j8 -l8
[7.203s] Invoking command in '/home/p3zz/Documents/uni/robot-planning-project/build/dubins': CMAKE_PREFIX_PATH=${CMAKE_PREFIX_PATH}:/opt/ros/humble /usr/bin/cmake --install /home/p3zz/Documents/uni/robot-planning-project/build/dubins
[7.212s] -- Install configuration: ""
[7.212s] -- Installing: /home/p3zz/Documents/uni/robot-planning-project/install/dubins/share/dubins/environment/library_path.sh
[7.213s] -- Installing: /home/p3zz/Documents/uni/robot-planning-project/install/dubins/share/dubins/environment/library_path.dsv
[7.213s] -- Installing: /home/p3zz/Documents/uni/robot-planning-project/install/dubins/include/dubins
[7.213s] -- Installing: /home/p3zz/Documents/uni/robot-planning-project/install/dubins/include/dubins/dubins.hpp
[7.213s] -- Installing: /home/p3zz/Documents/uni/robot-planning-project/install/dubins/lib/libdubins.a
[7.214s] -- Installing: /home/p3zz/Documents/uni/robot-planning-project/install/dubins/lib/dubins/test_dubins
[7.216s] -- Installing: /home/p3zz/Documents/uni/robot-planning-project/install/dubins/share/ament_index/resource_index/package_run_dependencies/dubins
[7.216s] -- Installing: /home/p3zz/Documents/uni/robot-planning-project/install/dubins/share/ament_index/resource_index/parent_prefix_path/dubins
[7.217s] -- Installing: /home/p3zz/Documents/uni/robot-planning-project/install/dubins/share/dubins/environment/ament_prefix_path.sh
[7.217s] -- Installing: /home/p3zz/Documents/uni/robot-planning-project/install/dubins/share/dubins/environment/ament_prefix_path.dsv
[7.217s] -- Installing: /home/p3zz/Documents/uni/robot-planning-project/install/dubins/share/dubins/environment/path.sh
[7.217s] -- Installing: /home/p3zz/Documents/uni/robot-planning-project/install/dubins/share/dubins/environment/path.dsv
[7.217s] -- Installing: /home/p3zz/Documents/uni/robot-planning-project/install/dubins/share/dubins/local_setup.bash
[7.217s] -- Installing: /home/p3zz/Documents/uni/robot-planning-project/install/dubins/share/dubins/local_setup.sh
[7.218s] -- Installing: /home/p3zz/Documents/uni/robot-planning-project/install/dubins/share/dubins/local_setup.zsh
[7.218s] -- Installing: /home/p3zz/Documents/uni/robot-planning-project/install/dubins/share/dubins/local_setup.dsv
[7.218s] -- Installing: /home/p3zz/Documents/uni/robot-planning-project/install/dubins/share/dubins/package.dsv
[7.218s] -- Installing: /home/p3zz/Documents/uni/robot-planning-project/install/dubins/share/ament_index/resource_index/packages/dubins
[7.218s] -- Installing: /home/p3zz/Documents/uni/robot-planning-project/install/dubins/share/dubins/cmake/dubinsExport.cmake
[7.219s] -- Installing: /home/p3zz/Documents/uni/robot-planning-project/install/dubins/share/dubins/cmake/dubinsExport-noconfig.cmake
[7.219s] -- Installing: /home/p3zz/Documents/uni/robot-planning-project/install/dubins/share/dubins/cmake/ament_cmake_export_targets-extras.cmake
[7.219s] -- Installing: /home/p3zz/Documents/uni/robot-planning-project/install/dubins/share/dubins/cmake/dubinsConfig.cmake
[7.219s] -- Installing: /home/p3zz/Documents/uni/robot-planning-project/install/dubins/share/dubins/cmake/dubinsConfig-version.cmake
[7.219s] -- Installing: /home/p3zz/Documents/uni/robot-planning-project/install/dubins/share/dubins/package.xml
[7.224s] Invoked command in '/home/p3zz/Documents/uni/robot-planning-project/build/dubins' returned '0': CMAKE_PREFIX_PATH=${CMAKE_PREFIX_PATH}:/opt/ros/humble /usr/bin/cmake --install /home/p3zz/Documents/uni/robot-planning-project/build/dubins
