[0.020s] Invoking command in '/home/p3zz/Documents/uni/robot-planning-project/build/shelfino': CMAKE_PREFIX_PATH=/home/p3zz/Documents/uni/robot-planning-project/install/shapes:/home/p3zz/Documents/uni/robot-planning-project/install/custom_msgs:/home/p3zz/Documents/uni/robot-planning-project/install/shelfino:/home/p3zz/Documents/uni/robot-planning-project/install/decisions:/home/p3zz/Documents/uni/robot-planning-project/install/map:/home/p3zz/Documents/uni/robot-planning-project/install/dubins:/home/p3zz/Documents/uni/robot-planning-project/install/utils:/opt/ros/humble /usr/bin/cmake --build /home/p3zz/Documents/uni/robot-planning-project/build/shelfino -- -j8 -l8
[0.072s] [35m[1mConsolidate compiler generated dependencies of target shelfino[0m
[0.104s] [ 50%] [32mBuilding CXX object CMakeFiles/shelfino.dir/src/main.cpp.o[0m
[4.638s] In file included from [01m[K/home/p3zz/Documents/uni/robot-planning-project/communication/shelfino/src/main.cpp:1[m[K:
[4.638s] [01m[K/home/p3zz/Documents/uni/robot-planning-project/communication/shelfino/include/shelfino/shelfino.hpp:299:6:[m[K [01;31m[Kerror: [m[Kexpected ‘[01m[K;[m[K’ after class definition
[4.638s]   299 |     }
[4.639s]       |      [01;31m[K^[m[K
[4.639s]       |      [32m[K;[m[K
[4.639s] [01m[K/home/p3zz/Documents/uni/robot-planning-project/communication/shelfino/include/shelfino/shelfino.hpp:[m[K In constructor ‘[01m[KFollowPathClient::FollowPathClient(std::optional<RoadMap>&, std::optional<DubinCurve>&, std::optional<DubinPoint>&, std::optional<DubinPoint>&)[m[K’:
[4.639s] [01m[K/home/p3zz/Documents/uni/robot-planning-project/communication/shelfino/include/shelfino/shelfino.hpp:296:37:[m[K [01;31m[Kerror: [m[Kclass ‘[01m[KFollowPathClient[m[K’ does not have any field named ‘[01m[Kmap[m[K’
[4.639s]   296 |       : Node("follow_path_client"), [01;31m[Kmap[m[K{map}, path{path}, evader_pose{evader_pose}, pursuer_pose{pursuer_pose}{
[4.639s]       |                                     [01;31m[K^~~[m[K
[4.639s] [01m[K/home/p3zz/Documents/uni/robot-planning-project/communication/shelfino/include/shelfino/shelfino.hpp:296:47:[m[K [01;31m[Kerror: [m[Kclass ‘[01m[KFollowPathClient[m[K’ does not have any field named ‘[01m[Kpath[m[K’
[4.639s]   296 |       : Node("follow_path_client"), map{map}, [01;31m[Kpath[m[K{path}, evader_pose{evader_pose}, pursuer_pose{pursuer_pose}{
[4.640s]       |                                               [01;31m[K^~~~[m[K
[4.640s] [01m[K/home/p3zz/Documents/uni/robot-planning-project/communication/shelfino/include/shelfino/shelfino.hpp:296:59:[m[K [01;31m[Kerror: [m[Kclass ‘[01m[KFollowPathClient[m[K’ does not have any field named ‘[01m[Kevader_pose[m[K’
[4.640s]   296 |       : Node("follow_path_client"), map{map}, path{path}, [01;31m[Kevader_pose[m[K{evader_pose}, pursuer_pose{pursuer_pose}{
[4.640s]       |                                                           [01;31m[K^~~~~~~~~~~[m[K
[4.640s] [01m[K/home/p3zz/Documents/uni/robot-planning-project/communication/shelfino/include/shelfino/shelfino.hpp:296:85:[m[K [01;31m[Kerror: [m[Kclass ‘[01m[KFollowPathClient[m[K’ does not have any field named ‘[01m[Kpursuer_pose[m[K’
[4.640s]   296 |    : Node("follow_path_client"), map{map}, path{path}, evader_pose{evader_pose}, [01;31m[Kpursuer_pose[m[K{pursuer_pose}{
[4.641s]       |                                                                                  [01;31m[K^~~~~~~~~~~~[m[K
[4.641s] 
[4.641s] [01m[K/home/p3zz/Documents/uni/robot-planning-project/communication/shelfino/include/shelfino/shelfino.hpp:297:15:[m[K [01;31m[Kerror: [m[K‘[01m[Kclass FollowPathClient[m[K’ has no member named ‘[01m[Kclient_ptr_[m[K’
[4.641s]   297 |         this->[01;31m[Kclient_ptr_[m[K = rclcpp_action::create_client<FollowPath>(this,"follow_path");
[4.641s]       |               [01;31m[K^~~~~~~~~~~[m[K
[4.665s] [01m[K/home/p3zz/Documents/uni/robot-planning-project/communication/shelfino/include/shelfino/shelfino.hpp:[m[K At global scope:
[4.665s] [01m[K/home/p3zz/Documents/uni/robot-planning-project/communication/shelfino/include/shelfino/shelfino.hpp:301:3:[m[K [01;31m[Kerror: [m[Kexpected unqualified-id before ‘[01m[Kprivate[m[K’
[4.666s]   301 |   [01;31m[Kprivate[m[K:
[4.666s]       |   [01;31m[K^~~~~~~[m[K
[4.666s] [01m[K/home/p3zz/Documents/uni/robot-planning-project/communication/shelfino/include/shelfino/shelfino.hpp:303:32:[m[K [01;31m[Kerror: [m[K‘[01m[Kpath[m[K’ declared as reference but not initialized
[4.666s]   303 |     std::optional<DubinCurve>& [01;31m[Kpath[m[K;
[4.666s]       |                                [01;31m[K^~~~[m[K
[4.666s] [01m[K/home/p3zz/Documents/uni/robot-planning-project/communication/shelfino/include/shelfino/shelfino.hpp:304:29:[m[K [01;31m[Kerror: [m[K‘[01m[Kmap[m[K’ declared as reference but not initialized
[4.666s]   304 |     std::optional<RoadMap>& [01;31m[Kmap[m[K;
[4.666s]       |                             [01;31m[K^~~[m[K
[4.666s] [01m[K/home/p3zz/Documents/uni/robot-planning-project/communication/shelfino/include/shelfino/shelfino.hpp:305:32:[m[K [01;31m[Kerror: [m[K‘[01m[Kevader_pose[m[K’ declared as reference but not initialized
[4.666s]   305 |     std::optional<DubinPoint>& [01;31m[Kevader_pose[m[K;
[4.666s]       |                                [01;31m[K^~~~~~~~~~~[m[K
[4.667s] [01m[K/home/p3zz/Documents/uni/robot-planning-project/communication/shelfino/include/shelfino/shelfino.hpp:306:32:[m[K [01;31m[Kerror: [m[K‘[01m[Kpursuer_pose[m[K’ declared as reference but not initialized
[4.667s]   306 |     std::optional<DubinPoint>& [01;31m[Kpursuer_pose[m[K;
[4.667s]       |                                [01;31m[K^~~~~~~~~~~~[m[K
[4.667s] [01m[K/home/p3zz/Documents/uni/robot-planning-project/communication/shelfino/include/shelfino/shelfino.hpp:362:1:[m[K [01;31m[Kerror: [m[Kexpected declaration before ‘[01m[K}[m[K’ token
[4.667s]   362 | [01;31m[K}[m[K;
[4.667s]       | [01;31m[K^[m[K
[12.444s] gmake[2]: *** [CMakeFiles/shelfino.dir/build.make:76: CMakeFiles/shelfino.dir/src/main.cpp.o] Error 1
[12.444s] gmake[1]: *** [CMakeFiles/Makefile2:137: CMakeFiles/shelfino.dir/all] Error 2
[12.444s] gmake: *** [Makefile:146: all] Error 2
[12.446s] Invoked command in '/home/p3zz/Documents/uni/robot-planning-project/build/shelfino' returned '2': CMAKE_PREFIX_PATH=/home/p3zz/Documents/uni/robot-planning-project/install/shapes:/home/p3zz/Documents/uni/robot-planning-project/install/custom_msgs:/home/p3zz/Documents/uni/robot-planning-project/install/shelfino:/home/p3zz/Documents/uni/robot-planning-project/install/decisions:/home/p3zz/Documents/uni/robot-planning-project/install/map:/home/p3zz/Documents/uni/robot-planning-project/install/dubins:/home/p3zz/Documents/uni/robot-planning-project/install/utils:/opt/ros/humble /usr/bin/cmake --build /home/p3zz/Documents/uni/robot-planning-project/build/shelfino -- -j8 -l8
