[0.047s] Invoking command in '/home/p3zz/Documents/uni/robot-planning-project/build/shapes': CMAKE_PREFIX_PATH=/opt/ros/humble /usr/bin/cmake /home/p3zz/Documents/uni/robot-planning-project/shapes -DCMAKE_INSTALL_PREFIX=/home/p3zz/Documents/uni/robot-planning-project/install/shapes
[0.083s] -- Found ament_cmake: 1.3.3 (/opt/ros/humble/share/ament_cmake/cmake)
[0.448s] [31mCMake Error at CMakeLists.txt:10 (find_package):
[0.448s]   By not providing "Findutils.cmake" in CMAKE_MODULE_PATH this project has
[0.448s]   asked CMake to find a package configuration file provided by "utils", but
[0.448s]   CMake did not find one.
[0.449s] 
[0.449s]   Could not find a package configuration file provided by "utils" with any of
[0.450s]   the following names:
[0.450s] 
[0.454s]     utilsConfig.cmake
[0.454s]     utils-config.cmake
[0.454s] 
[0.455s]   Add the installation prefix of "utils" to CMAKE_PREFIX_PATH or set
[0.455s]   "utils_DIR" to a directory containing one of the above files.  If "utils"
[0.455s]   provides a separate development package or SDK, be sure it has been
[0.455s]   installed.
[0.455s] 
[0.455s] [0m
[0.455s] -- Configuring incomplete, errors occurred!
[0.456s] See also "/home/p3zz/Documents/uni/robot-planning-project/build/shapes/CMakeFiles/CMakeOutput.log".
