[0.016s] Invoking command in '/home/p3zz/Documents/uni/robot-planning-project/build/dubins': CMAKE_PREFIX_PATH=${CMAKE_PREFIX_PATH}:/opt/ros/humble /usr/bin/cmake /home/p3zz/Documents/uni/robot-planning-project/dubins -DCMAKE_INSTALL_PREFIX=/home/p3zz/Documents/uni/robot-planning-project/install/dubins
[0.076s] -- The C compiler identification is GNU 11.3.0
[0.141s] -- The CXX compiler identification is GNU 11.3.0
[0.149s] -- Detecting C compiler ABI info
[0.226s] -- Detecting C compiler ABI info - done
[0.236s] -- Check for working C compiler: /usr/bin/cc - skipped
[0.236s] -- Detecting C compile features
[0.237s] -- Detecting C compile features - done
[0.241s] -- Detecting CXX compiler ABI info
[0.330s] -- Detecting CXX compiler ABI info - done
[0.346s] -- Check for working CXX compiler: /usr/bin/c++ - skipped
[0.346s] -- Detecting CXX compile features
[0.347s] -- Detecting CXX compile features - done
[0.350s] -- Found ament_cmake: 1.3.3 (/opt/ros/humble/share/ament_cmake/cmake)
[0.536s] -- Found Python3: /usr/bin/python3.10 (found version "3.10.6") found components: Interpreter 
[0.639s] -- Found utils: 0.0.0 (/home/p3zz/Documents/uni/robot-planning-project/install/utils/share/utils/cmake)
[0.640s] -- Found shapes: 0.0.0 (/home/p3zz/Documents/uni/robot-planning-project/install/shapes/share/shapes/cmake)
[0.645s] -- Found ament_cmake_gtest: 1.3.3 (/opt/ros/humble/share/ament_cmake_gtest/cmake)
[0.647s] -- Found gtest sources under '/opt/ros/humble/src/gtest_vendor': C++ tests using 'Google Test' will be built
[0.649s] -- Looking for pthread.h
[0.727s] -- Looking for pthread.h - found
[0.727s] -- Performing Test CMAKE_HAVE_LIBC_PTHREAD
[0.808s] -- Performing Test CMAKE_HAVE_LIBC_PTHREAD - Success
[0.809s] -- Found Threads: TRUE  
[0.888s] -- Configuring done
[0.902s] -- Generating done
[0.904s] -- Build files have been written to: /home/p3zz/Documents/uni/robot-planning-project/build/dubins
[0.911s] Invoked command in '/home/p3zz/Documents/uni/robot-planning-project/build/dubins' returned '0': CMAKE_PREFIX_PATH=${CMAKE_PREFIX_PATH}:/opt/ros/humble /usr/bin/cmake /home/p3zz/Documents/uni/robot-planning-project/dubins -DCMAKE_INSTALL_PREFIX=/home/p3zz/Documents/uni/robot-planning-project/install/dubins
[0.913s] Invoking command in '/home/p3zz/Documents/uni/robot-planning-project/build/dubins': CMAKE_PREFIX_PATH=${CMAKE_PREFIX_PATH}:/opt/ros/humble /usr/bin/cmake --build /home/p3zz/Documents/uni/robot-planning-project/build/dubins -- -j8 -l8
[0.966s] [ 10%] [32mBuilding CXX object CMakeFiles/dubins.dir/src/dubins.cpp.o[0m
[0.966s] [ 20%] [32mBuilding CXX object gtest/CMakeFiles/gtest_main.dir/src/gtest_main.cc.o[0m
[0.967s] [ 30%] [32mBuilding CXX object gtest/CMakeFiles/gtest.dir/src/gtest-all.cc.o[0m
[2.232s] [ 40%] [32m[1mLinking CXX static library libgtest_main.a[0m
[2.270s] [ 40%] Built target gtest_main
[3.118s] [ 50%] [32m[1mLinking CXX static library libdubins.a[0m
[3.165s] [ 50%] Built target dubins
[4.824s] [ 60%] [32m[1mLinking CXX static library libgtest.a[0m
[4.895s] [ 60%] Built target gtest
[4.916s] [ 80%] [32mBuilding CXX object CMakeFiles/test_dubins.dir/test/main.cpp.o[0m
[4.917s] [ 80%] [32mBuilding CXX object CMakeFiles/test_dubins.dir/test/collisions.cpp.o[0m
[4.917s] [ 90%] [32mBuilding CXX object CMakeFiles/test_dubins.dir/test/performance.cpp.o[0m
[7.559s] [100%] [32m[1mLinking CXX executable test_dubins[0m
[7.756s] [100%] Built target test_dubins
[7.769s] Invoked command in '/home/p3zz/Documents/uni/robot-planning-project/build/dubins' returned '0': CMAKE_PREFIX_PATH=${CMAKE_PREFIX_PATH}:/opt/ros/humble /usr/bin/cmake --build /home/p3zz/Documents/uni/robot-planning-project/build/dubins -- -j8 -l8
[7.823s] Invoking command in '/home/p3zz/Documents/uni/robot-planning-project/build/dubins': CMAKE_PREFIX_PATH=${CMAKE_PREFIX_PATH}:/opt/ros/humble /usr/bin/cmake --install /home/p3zz/Documents/uni/robot-planning-project/build/dubins
[7.832s] -- Install configuration: ""
[7.832s] -- Installing: /home/p3zz/Documents/uni/robot-planning-project/install/dubins/share/dubins/environment/library_path.sh
[7.832s] -- Installing: /home/p3zz/Documents/uni/robot-planning-project/install/dubins/share/dubins/environment/library_path.dsv
[7.833s] -- Installing: /home/p3zz/Documents/uni/robot-planning-project/install/dubins/include/dubins
[7.833s] -- Installing: /home/p3zz/Documents/uni/robot-planning-project/install/dubins/include/dubins/dubins.hpp
[7.833s] -- Installing: /home/p3zz/Documents/uni/robot-planning-project/install/dubins/lib/libdubins.a
[7.834s] -- Installing: /home/p3zz/Documents/uni/robot-planning-project/install/dubins/lib/dubins/test_dubins
[7.836s] -- Installing: /home/p3zz/Documents/uni/robot-planning-project/install/dubins/share/ament_index/resource_index/package_run_dependencies/dubins
[7.836s] -- Installing: /home/p3zz/Documents/uni/robot-planning-project/install/dubins/share/ament_index/resource_index/parent_prefix_path/dubins
[7.836s] -- Installing: /home/p3zz/Documents/uni/robot-planning-project/install/dubins/share/dubins/environment/ament_prefix_path.sh
[7.836s] -- Installing: /home/p3zz/Documents/uni/robot-planning-project/install/dubins/share/dubins/environment/ament_prefix_path.dsv
[7.837s] -- Installing: /home/p3zz/Documents/uni/robot-planning-project/install/dubins/share/dubins/environment/path.sh
[7.837s] -- Installing: /home/p3zz/Documents/uni/robot-planning-project/install/dubins/share/dubins/environment/path.dsv
[7.837s] -- Installing: /home/p3zz/Documents/uni/robot-planning-project/install/dubins/share/dubins/local_setup.bash
[7.837s] -- Installing: /home/p3zz/Documents/uni/robot-planning-project/install/dubins/share/dubins/local_setup.sh
[7.837s] -- Installing: /home/p3zz/Documents/uni/robot-planning-project/install/dubins/share/dubins/local_setup.zsh
[7.838s] -- Installing: /home/p3zz/Documents/uni/robot-planning-project/install/dubins/share/dubins/local_setup.dsv
[7.838s] -- Installing: /home/p3zz/Documents/uni/robot-planning-project/install/dubins/share/dubins/package.dsv
[7.838s] -- Installing: /home/p3zz/Documents/uni/robot-planning-project/install/dubins/share/ament_index/resource_index/packages/dubins
[7.838s] -- Installing: /home/p3zz/Documents/uni/robot-planning-project/install/dubins/share/dubins/cmake/dubinsExport.cmake
[7.838s] -- Installing: /home/p3zz/Documents/uni/robot-planning-project/install/dubins/share/dubins/cmake/dubinsExport-noconfig.cmake
[7.839s] -- Installing: /home/p3zz/Documents/uni/robot-planning-project/install/dubins/share/dubins/cmake/ament_cmake_export_targets-extras.cmake
[7.839s] -- Installing: /home/p3zz/Documents/uni/robot-planning-project/install/dubins/share/dubins/cmake/dubinsConfig.cmake
[7.839s] -- Installing: /home/p3zz/Documents/uni/robot-planning-project/install/dubins/share/dubins/cmake/dubinsConfig-version.cmake
[7.839s] -- Installing: /home/p3zz/Documents/uni/robot-planning-project/install/dubins/share/dubins/package.xml
[7.843s] Invoked command in '/home/p3zz/Documents/uni/robot-planning-project/build/dubins' returned '0': CMAKE_PREFIX_PATH=${CMAKE_PREFIX_PATH}:/opt/ros/humble /usr/bin/cmake --install /home/p3zz/Documents/uni/robot-planning-project/build/dubins
