[0.016s] Invoking command in '/home/p3zz/Documents/uni/robot-planning-project/build/utils': CMAKE_PREFIX_PATH=/opt/ros/humble /usr/bin/cmake --build /home/p3zz/Documents/uni/robot-planning-project/build/utils -- -j8 -l8
[0.067s] [100%] Built target utils
[0.079s] Invoked command in '/home/p3zz/Documents/uni/robot-planning-project/build/utils' returned '0': CMAKE_PREFIX_PATH=/opt/ros/humble /usr/bin/cmake --build /home/p3zz/Documents/uni/robot-planning-project/build/utils -- -j8 -l8
[0.117s] Invoking command in '/home/p3zz/Documents/uni/robot-planning-project/build/utils': CMAKE_PREFIX_PATH=/opt/ros/humble /usr/bin/cmake --install /home/p3zz/Documents/uni/robot-planning-project/build/utils
[0.123s] -- Install configuration: ""
[0.124s] -- Installing: /home/p3zz/Documents/uni/robot-planning-project/install/utils/share/utils/environment/library_path.sh
[0.124s] -- Installing: /home/p3zz/Documents/uni/robot-planning-project/install/utils/share/utils/environment/library_path.dsv
[0.124s] -- Installing: /home/p3zz/Documents/uni/robot-planning-project/install/utils/include/utils
[0.125s] -- Installing: /home/p3zz/Documents/uni/robot-planning-project/install/utils/include/utils/utils.h
[0.125s] -- Installing: /home/p3zz/Documents/uni/robot-planning-project/install/utils/lib/libutils.a
[0.125s] -- Installing: /home/p3zz/Documents/uni/robot-planning-project/install/utils/share/ament_index/resource_index/package_run_dependencies/utils
[0.125s] -- Installing: /home/p3zz/Documents/uni/robot-planning-project/install/utils/share/ament_index/resource_index/parent_prefix_path/utils
[0.125s] -- Installing: /home/p3zz/Documents/uni/robot-planning-project/install/utils/share/utils/environment/ament_prefix_path.sh
[0.126s] -- Installing: /home/p3zz/Documents/uni/robot-planning-project/install/utils/share/utils/environment/ament_prefix_path.dsv
[0.126s] -- Installing: /home/p3zz/Documents/uni/robot-planning-project/install/utils/share/utils/environment/path.sh
[0.126s] -- Installing: /home/p3zz/Documents/uni/robot-planning-project/install/utils/share/utils/environment/path.dsv
[0.126s] -- Installing: /home/p3zz/Documents/uni/robot-planning-project/install/utils/share/utils/local_setup.bash
[0.126s] -- Installing: /home/p3zz/Documents/uni/robot-planning-project/install/utils/share/utils/local_setup.sh
[0.127s] -- Installing: /home/p3zz/Documents/uni/robot-planning-project/install/utils/share/utils/local_setup.zsh
[0.127s] -- Installing: /home/p3zz/Documents/uni/robot-planning-project/install/utils/share/utils/local_setup.dsv
[0.127s] -- Installing: /home/p3zz/Documents/uni/robot-planning-project/install/utils/share/utils/package.dsv
[0.127s] -- Installing: /home/p3zz/Documents/uni/robot-planning-project/install/utils/share/ament_index/resource_index/packages/utils
[0.128s] -- Installing: /home/p3zz/Documents/uni/robot-planning-project/install/utils/share/utils/cmake/utilsExport.cmake
[0.128s] -- Installing: /home/p3zz/Documents/uni/robot-planning-project/install/utils/share/utils/cmake/utilsExport-noconfig.cmake
[0.128s] -- Installing: /home/p3zz/Documents/uni/robot-planning-project/install/utils/share/utils/cmake/ament_cmake_export_targets-extras.cmake
[0.128s] -- Installing: /home/p3zz/Documents/uni/robot-planning-project/install/utils/share/utils/cmake/utilsConfig.cmake
[0.129s] -- Installing: /home/p3zz/Documents/uni/robot-planning-project/install/utils/share/utils/cmake/utilsConfig-version.cmake
[0.129s] -- Installing: /home/p3zz/Documents/uni/robot-planning-project/install/utils/share/utils/package.xml
[0.132s] Invoked command in '/home/p3zz/Documents/uni/robot-planning-project/build/utils' returned '0': CMAKE_PREFIX_PATH=/opt/ros/humble /usr/bin/cmake --install /home/p3zz/Documents/uni/robot-planning-project/build/utils
