[0.043s] Invoking command in '/home/p3zz/Documents/uni/robot-planning-project/build/map': CMAKE_PREFIX_PATH=/opt/ros/humble /usr/bin/cmake /home/p3zz/Documents/uni/robot-planning-project/map -DCMAKE_INSTALL_PREFIX=/home/p3zz/Documents/uni/robot-planning-project/install/map
[0.063s] -- Found ament_cmake: 1.3.3 (/opt/ros/humble/share/ament_cmake/cmake)
[0.432s] -- Configuring incomplete, errors occurred!
[0.432s] See also "/home/p3zz/Documents/uni/robot-planning-project/build/map/CMakeFiles/CMakeOutput.log".
[0.432s] [31mCMake Error at CMakeLists.txt:9 (find_package):
[0.432s]   By not providing "Findutils.cmake" in CMAKE_MODULE_PATH this project has
[0.432s]   asked CMake to find a package configuration file provided by "utils", but
[0.433s]   CMake did not find one.
[0.433s] 
[0.433s]   Could not find a package configuration file provided by "utils" with any of
[0.433s]   the following names:
[0.433s] 
[0.433s]     utilsConfig.cmake
[0.433s]     utils-config.cmake
[0.434s] 
[0.434s]   Add the installation prefix of "utils" to CMAKE_PREFIX_PATH or set
[0.434s]   "utils_DIR" to a directory containing one of the above files.  If "utils"
[0.434s]   provides a separate development package or SDK, be sure it has been
[0.434s]   installed.
[0.434s] 
[0.434s] [0m
