[0.019s] Invoking command in '/home/p3zz/Documents/uni/robot-planning-project/build/shelfino': CMAKE_PREFIX_PATH=/home/p3zz/Documents/uni/robot-planning-project/install/shapes:/home/p3zz/Documents/uni/robot-planning-project/install/custom_msgs:/home/p3zz/Documents/uni/robot-planning-project/install/decisions:/home/p3zz/Documents/uni/robot-planning-project/install/map:/home/p3zz/Documents/uni/robot-planning-project/install/dubins:/home/p3zz/Documents/uni/robot-planning-project/install/utils:/opt/ros/humble /usr/bin/cmake --build /home/p3zz/Documents/uni/robot-planning-project/build/shelfino -- -j8 -l8
[0.070s] [35m[1mConsolidate compiler generated dependencies of target shelfino[0m
[0.096s] [ 50%] [32mBuilding CXX object CMakeFiles/shelfino.dir/src/main.cpp.o[0m
[3.981s] In file included from [01m[K/home/p3zz/Documents/uni/robot-planning-project/communication/shelfino/src/main.cpp:1[m[K:
[3.981s] [01m[K/home/p3zz/Documents/uni/robot-planning-project/communication/shelfino/include/shelfino/shelfino.hpp:[m[K In constructor ‘[01m[KShelfinoDto::ShelfinoDto()[m[K’:
[3.981s] [01m[K/home/p3zz/Documents/uni/robot-planning-project/communication/shelfino/include/shelfino/shelfino.hpp:156:22:[m[K [01;31m[Kerror: [m[Kno matching function for call to ‘[01m[KSafeValue<std::vector<Point2D> >::SafeValue()[m[K’
[3.981s]   156 |         ShelfinoDto()[01;31m[K{[m[K
[3.982s]       |                      [01;31m[K^[m[K
[3.982s] [01m[K/home/p3zz/Documents/uni/robot-planning-project/communication/shelfino/include/shelfino/shelfino.hpp:137:9:[m[K [01;36m[Knote: [m[Kcandidate: ‘[01m[KSafeValue<T>::SafeValue(T) [with T = std::vector<Point2D>][m[K’
[3.982s]   137 |         [01;36m[KSafeValue[m[K(T value):value{value}, valid{false}{}
[3.982s]       |         [01;36m[K^~~~~~~~~[m[K
[3.982s] [01m[K/home/p3zz/Documents/uni/robot-planning-project/communication/shelfino/include/shelfino/shelfino.hpp:137:9:[m[K [01;36m[Knote: [m[K  candidate expects 1 argument, 0 provided
[3.983s] [01m[K/home/p3zz/Documents/uni/robot-planning-project/communication/shelfino/include/shelfino/shelfino.hpp:131:7:[m[K [01;36m[Knote: [m[Kcandidate: ‘[01m[KSafeValue<std::vector<Point2D> >::SafeValue(const SafeValue<std::vector<Point2D> >&)[m[K’
[3.983s]   131 | class [01;36m[KSafeValue[m[K{
[3.983s]       |       [01;36m[K^~~~~~~~~[m[K
[3.983s] [01m[K/home/p3zz/Documents/uni/robot-planning-project/communication/shelfino/include/shelfino/shelfino.hpp:131:7:[m[K [01;36m[Knote: [m[K  candidate expects 1 argument, 0 provided
[3.983s] [01m[K/home/p3zz/Documents/uni/robot-planning-project/communication/shelfino/include/shelfino/shelfino.hpp:131:7:[m[K [01;36m[Knote: [m[Kcandidate: ‘[01m[KSafeValue<std::vector<Point2D> >::SafeValue(SafeValue<std::vector<Point2D> >&&)[m[K’
[3.983s] [01m[K/home/p3zz/Documents/uni/robot-planning-project/communication/shelfino/include/shelfino/shelfino.hpp:131:7:[m[K [01;36m[Knote: [m[K  candidate expects 1 argument, 0 provided
[3.984s] [01m[K/home/p3zz/Documents/uni/robot-planning-project/communication/shelfino/include/shelfino/shelfino.hpp:156:22:[m[K [01;31m[Kerror: [m[Kno matching function for call to ‘[01m[KSafeValue<Polygon>::SafeValue()[m[K’
[3.984s]   156 |         ShelfinoDto()[01;31m[K{[m[K
[3.984s]       |                      [01;31m[K^[m[K
[3.984s] [01m[K/home/p3zz/Documents/uni/robot-planning-project/communication/shelfino/include/shelfino/shelfino.hpp:137:9:[m[K [01;36m[Knote: [m[Kcandidate: ‘[01m[KSafeValue<T>::SafeValue(T) [with T = Polygon][m[K’
[3.984s]   137 |         [01;36m[KSafeValue[m[K(T value):value{value}, valid{false}{}
[3.984s]       |         [01;36m[K^~~~~~~~~[m[K
[3.984s] [01m[K/home/p3zz/Documents/uni/robot-planning-project/communication/shelfino/include/shelfino/shelfino.hpp:137:9:[m[K [01;36m[Knote: [m[K  candidate expects 1 argument, 0 provided
[3.985s] [01m[K/home/p3zz/Documents/uni/robot-planning-project/communication/shelfino/include/shelfino/shelfino.hpp:131:7:[m[K [01;36m[Knote: [m[Kcandidate: ‘[01m[KSafeValue<Polygon>::SafeValue(const SafeValue<Polygon>&)[m[K’
[3.985s]   131 | class [01;36m[KSafeValue[m[K{
[3.985s]       |       [01;36m[K^~~~~~~~~[m[K
[3.985s] [01m[K/home/p3zz/Documents/uni/robot-planning-project/communication/shelfino/include/shelfino/shelfino.hpp:131:7:[m[K [01;36m[Knote: [m[K  candidate expects 1 argument, 0 provided
[3.985s] [01m[K/home/p3zz/Documents/uni/robot-planning-project/communication/shelfino/include/shelfino/shelfino.hpp:131:7:[m[K [01;36m[Knote: [m[Kcandidate: ‘[01m[KSafeValue<Polygon>::SafeValue(SafeValue<Polygon>&&)[m[K’
[3.985s] [01m[K/home/p3zz/Documents/uni/robot-planning-project/communication/shelfino/include/shelfino/shelfino.hpp:131:7:[m[K [01;36m[Knote: [m[K  candidate expects 1 argument, 0 provided
[3.985s] [01m[K/home/p3zz/Documents/uni/robot-planning-project/communication/shelfino/include/shelfino/shelfino.hpp:156:22:[m[K [01;31m[Kerror: [m[Kno matching function for call to ‘[01m[KSafeValue<std::vector<Polygon> >::SafeValue()[m[K’
[3.986s]   156 |         ShelfinoDto()[01;31m[K{[m[K
[3.986s]       |                      [01;31m[K^[m[K
[3.986s] [01m[K/home/p3zz/Documents/uni/robot-planning-project/communication/shelfino/include/shelfino/shelfino.hpp:137:9:[m[K [01;36m[Knote: [m[Kcandidate: ‘[01m[KSafeValue<T>::SafeValue(T) [with T = std::vector<Polygon>][m[K’
[3.986s]   137 |         [01;36m[KSafeValue[m[K(T value):value{value}, valid{false}{}
[3.986s]       |         [01;36m[K^~~~~~~~~[m[K
[3.986s] [01m[K/home/p3zz/Documents/uni/robot-planning-project/communication/shelfino/include/shelfino/shelfino.hpp:137:9:[m[K [01;36m[Knote: [m[K  candidate expects 1 argument, 0 provided
[3.986s] [01m[K/home/p3zz/Documents/uni/robot-planning-project/communication/shelfino/include/shelfino/shelfino.hpp:131:7:[m[K [01;36m[Knote: [m[Kcandidate: ‘[01m[KSafeValue<std::vector<Polygon> >::SafeValue(const SafeValue<std::vector<Polygon> >&)[m[K’
[3.986s]   131 | class [01;36m[KSafeValue[m[K{
[3.987s]       |       [01;36m[K^~~~~~~~~[m[K
[3.987s] [01m[K/home/p3zz/Documents/uni/robot-planning-project/communication/shelfino/include/shelfino/shelfino.hpp:131:7:[m[K [01;36m[Knote: [m[K  candidate expects 1 argument, 0 provided
[3.987s] [01m[K/home/p3zz/Documents/uni/robot-planning-project/communication/shelfino/include/shelfino/shelfino.hpp:131:7:[m[K [01;36m[Knote: [m[Kcandidate: ‘[01m[KSafeValue<std::vector<Polygon> >::SafeValue(SafeValue<std::vector<Polygon> >&&)[m[K’
[3.987s] [01m[K/home/p3zz/Documents/uni/robot-planning-project/communication/shelfino/include/shelfino/shelfino.hpp:131:7:[m[K [01;36m[Knote: [m[K  candidate expects 1 argument, 0 provided
[3.987s] [01m[K/home/p3zz/Documents/uni/robot-planning-project/communication/shelfino/include/shelfino/shelfino.hpp:156:22:[m[K [01;31m[Kerror: [m[Kno matching function for call to ‘[01m[KSafeValue<DubinPoint>::SafeValue()[m[K’
[3.987s]   156 |         ShelfinoDto()[01;31m[K{[m[K
[3.987s]       |                      [01;31m[K^[m[K
[3.987s] [01m[K/home/p3zz/Documents/uni/robot-planning-project/communication/shelfino/include/shelfino/shelfino.hpp:137:9:[m[K [01;36m[Knote: [m[Kcandidate: ‘[01m[KSafeValue<T>::SafeValue(T) [with T = DubinPoint][m[K’
[3.988s]   137 |         [01;36m[KSafeValue[m[K(T value):value{value}, valid{false}{}
[3.988s]       |         [01;36m[K^~~~~~~~~[m[K
[3.988s] [01m[K/home/p3zz/Documents/uni/robot-planning-project/communication/shelfino/include/shelfino/shelfino.hpp:137:9:[m[K [01;36m[Knote: [m[K  candidate expects 1 argument, 0 provided
[3.988s] [01m[K/home/p3zz/Documents/uni/robot-planning-project/communication/shelfino/include/shelfino/shelfino.hpp:131:7:[m[K [01;36m[Knote: [m[Kcandidate: ‘[01m[Kconstexpr SafeValue<DubinPoint>::SafeValue(const SafeValue<DubinPoint>&)[m[K’
[3.988s]   131 | class [01;36m[KSafeValue[m[K{
[3.988s]       |       [01;36m[K^~~~~~~~~[m[K
[3.988s] [01m[K/home/p3zz/Documents/uni/robot-planning-project/communication/shelfino/include/shelfino/shelfino.hpp:131:7:[m[K [01;36m[Knote: [m[K  candidate expects 1 argument, 0 provided
[3.989s] [01m[K/home/p3zz/Documents/uni/robot-planning-project/communication/shelfino/include/shelfino/shelfino.hpp:131:7:[m[K [01;36m[Knote: [m[Kcandidate: ‘[01m[Kconstexpr SafeValue<DubinPoint>::SafeValue(SafeValue<DubinPoint>&&)[m[K’
[3.989s] [01m[K/home/p3zz/Documents/uni/robot-planning-project/communication/shelfino/include/shelfino/shelfino.hpp:131:7:[m[K [01;36m[Knote: [m[K  candidate expects 1 argument, 0 provided
[3.989s] [01m[K/home/p3zz/Documents/uni/robot-planning-project/communication/shelfino/include/shelfino/shelfino.hpp:156:22:[m[K [01;31m[Kerror: [m[Kno matching function for call to ‘[01m[KSafeValue<DubinPoint>::SafeValue()[m[K’
[3.989s]   156 |         ShelfinoDto()[01;31m[K{[m[K
[3.989s]       |                      [01;31m[K^[m[K
[3.989s] [01m[K/home/p3zz/Documents/uni/robot-planning-project/communication/shelfino/include/shelfino/shelfino.hpp:137:9:[m[K [01;36m[Knote: [m[Kcandidate: ‘[01m[KSafeValue<T>::SafeValue(T) [with T = DubinPoint][m[K’
[3.989s]   137 |         [01;36m[KSafeValue[m[K(T value):value{value}, valid{false}{}
[3.990s]       |         [01;36m[K^~~~~~~~~[m[K
[3.990s] [01m[K/home/p3zz/Documents/uni/robot-planning-project/communication/shelfino/include/shelfino/shelfino.hpp:137:9:[m[K [01;36m[Knote: [m[K  candidate expects 1 argument, 0 provided
[3.990s] [01m[K/home/p3zz/Documents/uni/robot-planning-project/communication/shelfino/include/shelfino/shelfino.hpp:131:7:[m[K [01;36m[Knote: [m[Kcandidate: ‘[01m[Kconstexpr SafeValue<DubinPoint>::SafeValue(const SafeValue<DubinPoint>&)[m[K’
[3.990s]   131 | class [01;36m[KSafeValue[m[K{
[3.990s]       |       [01;36m[K^~~~~~~~~[m[K
[3.990s] [01m[K/home/p3zz/Documents/uni/robot-planning-project/communication/shelfino/include/shelfino/shelfino.hpp:131:7:[m[K [01;36m[Knote: [m[K  candidate expects 1 argument, 0 provided
[3.990s] [01m[K/home/p3zz/Documents/uni/robot-planning-project/communication/shelfino/include/shelfino/shelfino.hpp:131:7:[m[K [01;36m[Knote: [m[Kcandidate: ‘[01m[Kconstexpr SafeValue<DubinPoint>::SafeValue(SafeValue<DubinPoint>&&)[m[K’
[3.990s] [01m[K/home/p3zz/Documents/uni/robot-planning-project/communication/shelfino/include/shelfino/shelfino.hpp:131:7:[m[K [01;36m[Knote: [m[K  candidate expects 1 argument, 0 provided
[3.991s] [01m[K/home/p3zz/Documents/uni/robot-planning-project/communication/shelfino/include/shelfino/shelfino.hpp:156:22:[m[K [01;31m[Kerror: [m[Kno matching function for call to ‘[01m[KSafeValue<RoadMap>::SafeValue()[m[K’
[3.991s]   156 |         ShelfinoDto()[01;31m[K{[m[K
[3.991s]       |                      [01;31m[K^[m[K
[3.991s] [01m[K/home/p3zz/Documents/uni/robot-planning-project/communication/shelfino/include/shelfino/shelfino.hpp:137:9:[m[K [01;36m[Knote: [m[Kcandidate: ‘[01m[KSafeValue<T>::SafeValue(T) [with T = RoadMap][m[K’
[3.991s]   137 |         [01;36m[KSafeValue[m[K(T value):value{value}, valid{false}{}
[3.991s]       |         [01;36m[K^~~~~~~~~[m[K
[3.991s] [01m[K/home/p3zz/Documents/uni/robot-planning-project/communication/shelfino/include/shelfino/shelfino.hpp:137:9:[m[K [01;36m[Knote: [m[K  candidate expects 1 argument, 0 provided
[3.991s] [01m[K/home/p3zz/Documents/uni/robot-planning-project/communication/shelfino/include/shelfino/shelfino.hpp:131:7:[m[K [01;36m[Knote: [m[Kcandidate: ‘[01m[KSafeValue<RoadMap>::SafeValue(const SafeValue<RoadMap>&)[m[K’
[3.992s]   131 | class [01;36m[KSafeValue[m[K{
[3.992s]       |       [01;36m[K^~~~~~~~~[m[K
[3.992s] [01m[K/home/p3zz/Documents/uni/robot-planning-project/communication/shelfino/include/shelfino/shelfino.hpp:131:7:[m[K [01;36m[Knote: [m[K  candidate expects 1 argument, 0 provided
[3.992s] [01m[K/home/p3zz/Documents/uni/robot-planning-project/communication/shelfino/include/shelfino/shelfino.hpp:131:7:[m[K [01;36m[Knote: [m[Kcandidate: ‘[01m[KSafeValue<RoadMap>::SafeValue(SafeValue<RoadMap>&&)[m[K’
[3.992s] [01m[K/home/p3zz/Documents/uni/robot-planning-project/communication/shelfino/include/shelfino/shelfino.hpp:131:7:[m[K [01;36m[Knote: [m[K  candidate expects 1 argument, 0 provided
[3.992s] [01m[K/home/p3zz/Documents/uni/robot-planning-project/communication/shelfino/include/shelfino/shelfino.hpp:156:22:[m[K [01;31m[Kerror: [m[Kno matching function for call to ‘[01m[KSafeValue<DubinCurve>::SafeValue()[m[K’
[3.992s]   156 |         ShelfinoDto()[01;31m[K{[m[K
[3.992s]       |                      [01;31m[K^[m[K
[3.993s] [01m[K/home/p3zz/Documents/uni/robot-planning-project/communication/shelfino/include/shelfino/shelfino.hpp:137:9:[m[K [01;36m[Knote: [m[Kcandidate: ‘[01m[KSafeValue<T>::SafeValue(T) [with T = DubinCurve][m[K’
[3.993s]   137 |         [01;36m[KSafeValue[m[K(T value):value{value}, valid{false}{}
[3.993s]       |         [01;36m[K^~~~~~~~~[m[K
[3.993s] [01m[K/home/p3zz/Documents/uni/robot-planning-project/communication/shelfino/include/shelfino/shelfino.hpp:137:9:[m[K [01;36m[Knote: [m[K  candidate expects 1 argument, 0 provided
[3.993s] [01m[K/home/p3zz/Documents/uni/robot-planning-project/communication/shelfino/include/shelfino/shelfino.hpp:131:7:[m[K [01;36m[Knote: [m[Kcandidate: ‘[01m[KSafeValue<DubinCurve>::SafeValue(const SafeValue<DubinCurve>&)[m[K’
[3.993s]   131 | class [01;36m[KSafeValue[m[K{
[3.993s]       |       [01;36m[K^~~~~~~~~[m[K
[3.993s] [01m[K/home/p3zz/Documents/uni/robot-planning-project/communication/shelfino/include/shelfino/shelfino.hpp:131:7:[m[K [01;36m[Knote: [m[K  candidate expects 1 argument, 0 provided
[3.993s] [01m[K/home/p3zz/Documents/uni/robot-planning-project/communication/shelfino/include/shelfino/shelfino.hpp:131:7:[m[K [01;36m[Knote: [m[Kcandidate: ‘[01m[KSafeValue<DubinCurve>::SafeValue(SafeValue<DubinCurve>&&)[m[K’
[3.993s] [01m[K/home/p3zz/Documents/uni/robot-planning-project/communication/shelfino/include/shelfino/shelfino.hpp:131:7:[m[K [01;36m[Knote: [m[K  candidate expects 1 argument, 0 provided
[3.993s] [01m[K/home/p3zz/Documents/uni/robot-planning-project/communication/shelfino/include/shelfino/shelfino.hpp:157:62:[m[K [01;31m[Kerror: [m[Kno matching function for call to ‘[01m[KSafeValue<std::vector<Point2D> >::SafeValue()[m[K’
[3.993s]   157 |             gates_position = SafeValue<std::vector<Point2D>>([01;31m[K)[m[K;
[3.993s]       |                                                              [01;31m[K^[m[K
[3.994s] [01m[K/home/p3zz/Documents/uni/robot-planning-project/communication/shelfino/include/shelfino/shelfino.hpp:137:9:[m[K [01;36m[Knote: [m[Kcandidate: ‘[01m[KSafeValue<T>::SafeValue(T) [with T = std::vector<Point2D>][m[K’
[3.994s]   137 |         [01;36m[KSafeValue[m[K(T value):value{value}, valid{false}{}
[3.994s]       |         [01;36m[K^~~~~~~~~[m[K
[3.994s] [01m[K/home/p3zz/Documents/uni/robot-planning-project/communication/shelfino/include/shelfino/shelfino.hpp:137:9:[m[K [01;36m[Knote: [m[K  candidate expects 1 argument, 0 provided
[3.994s] [01m[K/home/p3zz/Documents/uni/robot-planning-project/communication/shelfino/include/shelfino/shelfino.hpp:131:7:[m[K [01;36m[Knote: [m[Kcandidate: ‘[01m[KSafeValue<std::vector<Point2D> >::SafeValue(const SafeValue<std::vector<Point2D> >&)[m[K’
[3.994s]   131 | class [01;36m[KSafeValue[m[K{
[3.994s]       |       [01;36m[K^~~~~~~~~[m[K
[3.994s] [01m[K/home/p3zz/Documents/uni/robot-planning-project/communication/shelfino/include/shelfino/shelfino.hpp:131:7:[m[K [01;36m[Knote: [m[K  candidate expects 1 argument, 0 provided
[3.994s] [01m[K/home/p3zz/Documents/uni/robot-planning-project/communication/shelfino/include/shelfino/shelfino.hpp:131:7:[m[K [01;36m[Knote: [m[Kcandidate: ‘[01m[KSafeValue<std::vector<Point2D> >::SafeValue(SafeValue<std::vector<Point2D> >&&)[m[K’
[3.994s] [01m[K/home/p3zz/Documents/uni/robot-planning-project/communication/shelfino/include/shelfino/shelfino.hpp:131:7:[m[K [01;36m[Knote: [m[K  candidate expects 1 argument, 0 provided
[3.995s] [01m[K/home/p3zz/Documents/uni/robot-planning-project/communication/shelfino/include/shelfino/shelfino.hpp:159:57:[m[K [01;31m[Kerror: [m[Kno matching function for call to ‘[01m[KSafeValue<std::vector<Polygon> >::SafeValue()[m[K’
[3.995s]   159 |             obstacles = SafeValue<std::vector<Polygon>>([01;31m[K)[m[K;
[3.995s]       |                                                         [01;31m[K^[m[K
[3.995s] [01m[K/home/p3zz/Documents/uni/robot-planning-project/communication/shelfino/include/shelfino/shelfino.hpp:137:9:[m[K [01;36m[Knote: [m[Kcandidate: ‘[01m[KSafeValue<T>::SafeValue(T) [with T = std::vector<Polygon>][m[K’
[3.995s]   137 |         [01;36m[KSafeValue[m[K(T value):value{value}, valid{false}{}
[3.995s]       |         [01;36m[K^~~~~~~~~[m[K
[3.995s] [01m[K/home/p3zz/Documents/uni/robot-planning-project/communication/shelfino/include/shelfino/shelfino.hpp:137:9:[m[K [01;36m[Knote: [m[K  candidate expects 1 argument, 0 provided
[3.995s] [01m[K/home/p3zz/Documents/uni/robot-planning-project/communication/shelfino/include/shelfino/shelfino.hpp:131:7:[m[K [01;36m[Knote: [m[Kcandidate: ‘[01m[KSafeValue<std::vector<Polygon> >::SafeValue(const SafeValue<std::vector<Polygon> >&)[m[K’
[3.996s]   131 | class [01;36m[KSafeValue[m[K{
[3.996s]       |       [01;36m[K^~~~~~~~~[m[K
[3.996s] [01m[K/home/p3zz/Documents/uni/robot-planning-project/communication/shelfino/include/shelfino/shelfino.hpp:131:7:[m[K [01;36m[Knote: [m[K  candidate expects 1 argument, 0 provided
[3.996s] [01m[K/home/p3zz/Documents/uni/robot-planning-project/communication/shelfino/include/shelfino/shelfino.hpp:131:7:[m[K [01;36m[Knote: [m[Kcandidate: ‘[01m[KSafeValue<std::vector<Polygon> >::SafeValue(SafeValue<std::vector<Polygon> >&&)[m[K’
[3.996s] [01m[K/home/p3zz/Documents/uni/robot-planning-project/communication/shelfino/include/shelfino/shelfino.hpp:131:7:[m[K [01;36m[Knote: [m[K  candidate expects 1 argument, 0 provided
[3.996s] [01m[K/home/p3zz/Documents/uni/robot-planning-project/communication/shelfino/include/shelfino/shelfino.hpp:162:50:[m[K [01;31m[Kerror: [m[Kno matching function for call to ‘[01m[KRoadMap::RoadMap()[m[K’
[3.996s]   162 |             roadmap = SafeValue<RoadMap>(RoadMap([01;31m[K)[m[K);
[3.997s]       |                                                  [01;31m[K^[m[K
[3.997s] In file included from [01m[K/home/p3zz/Documents/uni/robot-planning-project/communication/shelfino/include/shelfino/shelfino.hpp:28[m[K,
[3.997s]                  from [01m[K/home/p3zz/Documents/uni/robot-planning-project/communication/shelfino/src/main.cpp:1[m[K:
[3.997s] [01m[K/home/p3zz/Documents/uni/robot-planning-project/install/map/include/map/map.hpp:74:9:[m[K [01;36m[Knote: [m[Kcandidate: ‘[01m[KRoadMap::RoadMap(Room)[m[K’
[3.997s]    74 |         [01;36m[KRoadMap[m[K(Room r):r{r}{}
[3.997s]       |         [01;36m[K^~~~~~~[m[K
[3.997s] [01m[K/home/p3zz/Documents/uni/robot-planning-project/install/map/include/map/map.hpp:74:9:[m[K [01;36m[Knote: [m[K  candidate expects 1 argument, 0 provided
[3.997s] [01m[K/home/p3zz/Documents/uni/robot-planning-project/install/map/include/map/map.hpp:66:7:[m[K [01;36m[Knote: [m[Kcandidate: ‘[01m[KRoadMap::RoadMap(const RoadMap&)[m[K’
[3.998s]    66 | class [01;36m[KRoadMap[m[K
[3.998s]       |       [01;36m[K^~~~~~~[m[K
[3.998s] [01m[K/home/p3zz/Documents/uni/robot-planning-project/install/map/include/map/map.hpp:66:7:[m[K [01;36m[Knote: [m[K  candidate expects 1 argument, 0 provided
[3.998s] [01m[K/home/p3zz/Documents/uni/robot-planning-project/install/map/include/map/map.hpp:66:7:[m[K [01;36m[Knote: [m[Kcandidate: ‘[01m[KRoadMap::RoadMap(RoadMap&&)[m[K’
[3.998s] [01m[K/home/p3zz/Documents/uni/robot-planning-project/install/map/include/map/map.hpp:66:7:[m[K [01;36m[Knote: [m[K  candidate expects 1 argument, 0 provided
[6.800s] In file included from [01m[K/usr/include/x86_64-linux-gnu/c++/11/bits/c++allocator.h:33[m[K,
[6.800s]                  from [01m[K/usr/include/c++/11/bits/allocator.h:46[m[K,
[6.801s]                  from [01m[K/usr/include/c++/11/unordered_map:40[m[K,
[6.801s]                  from [01m[K/usr/include/c++/11/functional:61[m[K,
[6.801s]                  from [01m[K/home/p3zz/Documents/uni/robot-planning-project/communication/shelfino/include/shelfino/shelfino.hpp:1[m[K,
[6.801s]                  from [01m[K/home/p3zz/Documents/uni/robot-planning-project/communication/shelfino/src/main.cpp:1[m[K:
[6.801s] /usr/include/c++/11/ext/new_allocator.h: In instantiation of ‘[01m[Kvoid __gnu_cxx::new_allocator<_Tp>::construct(_Up*, _Args&& ...) [with _Up = FollowPathClient; _Args = {SafeValue<RoadMap>&}; _Tp = FollowPathClient][m[K’:
[6.801s] [01m[K/usr/include/c++/11/bits/alloc_traits.h:516:17:[m[K   required from ‘[01m[Kstatic void std::allocator_traits<std::allocator<_Tp1> >::construct(std::allocator_traits<std::allocator<_Tp1> >::allocator_type&, _Up*, _Args&& ...) [with _Up = FollowPathClient; _Args = {SafeValue<RoadMap>&}; _Tp = FollowPathClient; std::allocator_traits<std::allocator<_Tp1> >::allocator_type = std::allocator<FollowPathClient>][m[K’
[6.802s] [01m[K/usr/include/c++/11/bits/shared_ptr_base.h:519:39:[m[K   required from ‘[01m[Kstd::_Sp_counted_ptr_inplace<_Tp, _Alloc, _Lp>::_Sp_counted_ptr_inplace(_Alloc, _Args&& ...) [with _Args = {SafeValue<RoadMap>&}; _Tp = FollowPathClient; _Alloc = std::allocator<FollowPathClient>; __gnu_cxx::_Lock_policy _Lp = __gnu_cxx::_S_atomic][m[K’
[6.802s] [01m[K/usr/include/c++/11/bits/shared_ptr_base.h:650:16:[m[K   required from ‘[01m[Kstd::__shared_count<_Lp>::__shared_count(_Tp*&, std::_Sp_alloc_shared_tag<_Alloc>, _Args&& ...) [with _Tp = FollowPathClient; _Alloc = std::allocator<FollowPathClient>; _Args = {SafeValue<RoadMap>&}; __gnu_cxx::_Lock_policy _Lp = __gnu_cxx::_S_atomic][m[K’
[6.802s] [01m[K/usr/include/c++/11/bits/shared_ptr_base.h:1342:14:[m[K   required from ‘[01m[Kstd::__shared_ptr<_Tp, _Lp>::__shared_ptr(std::_Sp_alloc_shared_tag<_Tp>, _Args&& ...) [with _Alloc = std::allocator<FollowPathClient>; _Args = {SafeValue<RoadMap>&}; _Tp = FollowPathClient; __gnu_cxx::_Lock_policy _Lp = __gnu_cxx::_S_atomic][m[K’
[6.802s] [01m[K/usr/include/c++/11/bits/shared_ptr.h:409:59:[m[K   required from ‘[01m[Kstd::shared_ptr<_Tp>::shared_ptr(std::_Sp_alloc_shared_tag<_Tp>, _Args&& ...) [with _Alloc = std::allocator<FollowPathClient>; _Args = {SafeValue<RoadMap>&}; _Tp = FollowPathClient][m[K’
[6.802s] [01m[K/usr/include/c++/11/bits/shared_ptr.h:862:14:[m[K   required from ‘[01m[Kstd::shared_ptr<_Tp> std::allocate_shared(const _Alloc&, _Args&& ...) [with _Tp = FollowPathClient; _Alloc = std::allocator<FollowPathClient>; _Args = {SafeValue<RoadMap>&}][m[K’
[6.802s] [01m[K/usr/include/c++/11/bits/shared_ptr.h:878:39:[m[K   required from ‘[01m[Kstd::shared_ptr<_Tp> std::make_shared(_Args&& ...) [with _Tp = FollowPathClient; _Args = {SafeValue<RoadMap>&}][m[K’
[6.802s] [01m[K/home/p3zz/Documents/uni/robot-planning-project/communication/shelfino/src/main.cpp:29:65:[m[K   required from here
[6.803s] [01m[K/usr/include/c++/11/ext/new_allocator.h:162:11:[m[K [01;31m[Kerror: [m[Kno matching function for call to ‘[01m[KFollowPathClient::FollowPathClient(SafeValue<RoadMap>&)[m[K’
[6.803s]   162 |         { [01;31m[K::new((void *)__p) _Up(std::forward<_Args>(__args)...)[m[K; }
[6.803s]       |           [01;31m[K^~~~~~~~~~~~~~~~~~~~~~~~~~~~~~~~~~~~~~~~~~~~~~~~~~~~~~[m[K
[6.803s] In file included from [01m[K/home/p3zz/Documents/uni/robot-planning-project/communication/shelfino/src/main.cpp:1[m[K:
[6.803s] [01m[K/home/p3zz/Documents/uni/robot-planning-project/communication/shelfino/include/shelfino/shelfino.hpp:319:5:[m[K [01;36m[Knote: [m[Kcandidate: ‘[01m[KFollowPathClient::FollowPathClient(SafeValue<DubinCurve>&)[m[K’
[6.803s]   319 |     [01;36m[KFollowPathClient[m[K(SafeValue<DubinCurve>& curve) : Node("follow_path_client"), curve{curve} {
[6.804s]       |     [01;36m[K^~~~~~~~~~~~~~~~[m[K
[6.804s] [01m[K/home/p3zz/Documents/uni/robot-planning-project/communication/shelfino/include/shelfino/shelfino.hpp:319:45:[m[K [01;36m[Knote: [m[K  no known conversion for argument 1 from ‘[01m[KSafeValue<RoadMap>[m[K’ to ‘[01m[KSafeValue<DubinCurve>&[m[K’
[6.804s]   319 |     FollowPathClient([01;36m[KSafeValue<DubinCurve>& curve[m[K) : Node("follow_path_client"), curve{curve} {
[6.804s]       |                      [01;36m[K~~~~~~~~~~~~~~~~~~~~~~~^~~~~[m[K
[11.799s] gmake[2]: *** [CMakeFiles/shelfino.dir/build.make:76: CMakeFiles/shelfino.dir/src/main.cpp.o] Error 1
[11.800s] gmake[1]: *** [CMakeFiles/Makefile2:137: CMakeFiles/shelfino.dir/all] Error 2
[11.800s] gmake: *** [Makefile:146: all] Error 2
[11.802s] Invoked command in '/home/p3zz/Documents/uni/robot-planning-project/build/shelfino' returned '2': CMAKE_PREFIX_PATH=/home/p3zz/Documents/uni/robot-planning-project/install/shapes:/home/p3zz/Documents/uni/robot-planning-project/install/custom_msgs:/home/p3zz/Documents/uni/robot-planning-project/install/decisions:/home/p3zz/Documents/uni/robot-planning-project/install/map:/home/p3zz/Documents/uni/robot-planning-project/install/dubins:/home/p3zz/Documents/uni/robot-planning-project/install/utils:/opt/ros/humble /usr/bin/cmake --build /home/p3zz/Documents/uni/robot-planning-project/build/shelfino -- -j8 -l8
