[0.019s] Invoking command in '/home/p3zz/Documents/uni/robot-planning-project/build/custom_msgs': CMAKE_PREFIX_PATH=${CMAKE_PREFIX_PATH}:/opt/ros/humble /usr/bin/cmake /home/p3zz/Documents/uni/robot-planning-project/communication/custom_msgs -DCMAKE_INSTALL_PREFIX=/home/p3zz/Documents/uni/robot-planning-project/install/custom_msgs
[0.089s] -- The C compiler identification is GNU 11.3.0
[0.156s] -- The CXX compiler identification is GNU 11.3.0
[0.164s] -- Detecting C compiler ABI info
[0.238s] -- Detecting C compiler ABI info - done
[0.248s] -- Check for working C compiler: /usr/bin/cc - skipped
[0.249s] -- Detecting C compile features
[0.249s] -- Detecting C compile features - done
[0.253s] -- Detecting CXX compiler ABI info
[0.338s] -- Detecting CXX compiler ABI info - done
[0.347s] -- Check for working CXX compiler: /usr/bin/c++ - skipped
[0.347s] -- Detecting CXX compile features
[0.348s] -- Detecting CXX compile features - done
[0.351s] -- Found ament_cmake: 1.3.3 (/opt/ros/humble/share/ament_cmake/cmake)
[0.564s] -- Found Python3: /usr/bin/python3.10 (found version "3.10.6") found components: Interpreter 
[0.691s] -- Found builtin_interfaces: 1.2.1 (/opt/ros/humble/share/builtin_interfaces/cmake)
[0.751s] -- Found rosidl_generator_c: 3.1.4 (/opt/ros/humble/share/rosidl_generator_c/cmake)
[0.760s] -- Found rosidl_adapter: 3.1.4 (/opt/ros/humble/share/rosidl_adapter/cmake)
[0.776s] -- Found rosidl_generator_cpp: 3.1.4 (/opt/ros/humble/share/rosidl_generator_cpp/cmake)
[0.800s] -- Using all available rosidl_typesupport_c: rosidl_typesupport_fastrtps_c;rosidl_typesupport_introspection_c
[0.832s] -- Using all available rosidl_typesupport_cpp: rosidl_typesupport_fastrtps_cpp;rosidl_typesupport_introspection_cpp
[0.861s] -- Found geometry_msgs: 4.2.2 (/opt/ros/humble/share/geometry_msgs/cmake)
[0.983s] -- Found rosidl_default_generators: 1.2.0 (/opt/ros/humble/share/rosidl_default_generators/cmake)
[1.352s] -- Found ament_cmake_ros: 0.10.0 (/opt/ros/humble/share/ament_cmake_ros/cmake)
[1.831s] -- Using all available rosidl_typesupport_c: rosidl_typesupport_fastrtps_c;rosidl_typesupport_introspection_c
[2.017s] -- Using all available rosidl_typesupport_cpp: rosidl_typesupport_fastrtps_cpp;rosidl_typesupport_introspection_cpp
[2.045s] -- Found PythonInterp: /usr/bin/python3 (found suitable version "3.10.6", minimum required is "3.6") 
[2.048s] -- Found python_cmake_module: 0.10.0 (/opt/ros/humble/share/python_cmake_module/cmake)
[2.079s] -- Found PythonLibs: /usr/lib/x86_64-linux-gnu/libpython3.10.so (found suitable version "3.10.6", minimum required is "3.5") 
[2.079s] -- Using PYTHON_EXECUTABLE: /usr/bin/python3
[2.079s] -- Using PYTHON_INCLUDE_DIRS: /usr/include/python3.10
[2.079s] -- Using PYTHON_LIBRARIES: /usr/lib/x86_64-linux-gnu/libpython3.10.so
[2.101s] -- Found PythonExtra: .so  
[2.184s] -- Configuring done
[2.242s] -- Generating done
[2.247s] -- Build files have been written to: /home/p3zz/Documents/uni/robot-planning-project/build/custom_msgs
[2.256s] Invoked command in '/home/p3zz/Documents/uni/robot-planning-project/build/custom_msgs' returned '0': CMAKE_PREFIX_PATH=${CMAKE_PREFIX_PATH}:/opt/ros/humble /usr/bin/cmake /home/p3zz/Documents/uni/robot-planning-project/communication/custom_msgs -DCMAKE_INSTALL_PREFIX=/home/p3zz/Documents/uni/robot-planning-project/install/custom_msgs
[2.258s] Invoking command in '/home/p3zz/Documents/uni/robot-planning-project/build/custom_msgs': CMAKE_PREFIX_PATH=${CMAKE_PREFIX_PATH}:/opt/ros/humble /usr/bin/cmake --build /home/p3zz/Documents/uni/robot-planning-project/build/custom_msgs -- -j8 -l8
[2.301s] [  1%] [34m[1mGenerating C code for ROS interfaces[0m
[2.312s] [  3%] [34m[1mGenerating C++ code for ROS interfaces[0m
[2.320s] [  3%] Built target ament_cmake_python_copy_custom_msgs
[2.673s] running egg_info
[2.674s] creating custom_msgs.egg-info
[2.674s] writing custom_msgs.egg-info/PKG-INFO
[2.675s] writing dependency_links to custom_msgs.egg-info/dependency_links.txt
[2.675s] writing top-level names to custom_msgs.egg-info/top_level.txt
[2.675s] writing manifest file 'custom_msgs.egg-info/SOURCES.txt'
[2.678s] reading manifest file 'custom_msgs.egg-info/SOURCES.txt'
[2.679s] writing manifest file 'custom_msgs.egg-info/SOURCES.txt'
[2.708s] [  3%] Built target ament_cmake_python_build_custom_msgs_egg
[2.933s] [  3%] Built target custom_msgs__cpp
[2.952s] [  5%] [34m[1mGenerating C++ type support dispatch for ROS interfaces[0m
[2.953s] [  7%] [34m[1mGenerating C++ type support for eProsima Fast-RTPS[0m
[2.962s] [  9%] [34m[1mGenerating C++ introspection for ROS interfaces[0m
[3.030s] [ 14%] [32mBuilding C object CMakeFiles/custom_msgs__rosidl_generator_c.dir/rosidl_generator_c/custom_msgs/msg/detail/obstacle_msg__functions.c.o[0m
[3.031s] [ 14%] [32mBuilding C object CMakeFiles/custom_msgs__rosidl_generator_c.dir/rosidl_generator_c/custom_msgs/msg/detail/obstacle_array_msg__functions.c.o[0m
[3.031s] [ 16%] [32mBuilding C object CMakeFiles/custom_msgs__rosidl_generator_c.dir/rosidl_generator_c/custom_msgs/msg/detail/geometry_graph__functions.c.o[0m
[3.032s] [ 14%] [32mBuilding C object CMakeFiles/custom_msgs__rosidl_generator_c.dir/rosidl_generator_c/custom_msgs/msg/detail/edges__functions.c.o[0m
[3.121s] [ 18%] [32m[1mLinking C shared library libcustom_msgs__rosidl_generator_c.so[0m
[3.169s] [ 18%] Built target custom_msgs__rosidl_generator_c
[3.183s] [ 20%] [34m[1mGenerating C type support dispatch for ROS interfaces[0m
[3.184s] [ 21%] [34m[1mGenerating C introspection for ROS interfaces[0m
[3.185s] [ 23%] [34m[1mGenerating C type support for eProsima Fast-RTPS[0m
[3.685s] [ 25%] [32mBuilding CXX object CMakeFiles/custom_msgs__rosidl_typesupport_cpp.dir/rosidl_typesupport_cpp/custom_msgs/msg/obstacle_array_msg__type_support.cpp.o[0m
[3.696s] [ 27%] [32mBuilding CXX object CMakeFiles/custom_msgs__rosidl_typesupport_cpp.dir/rosidl_typesupport_cpp/custom_msgs/msg/edges__type_support.cpp.o[0m
[3.700s] [ 29%] [32mBuilding CXX object CMakeFiles/custom_msgs__rosidl_typesupport_cpp.dir/rosidl_typesupport_cpp/custom_msgs/msg/obstacle_msg__type_support.cpp.o[0m
[3.886s] [ 30%] [32mBuilding CXX object CMakeFiles/custom_msgs__rosidl_typesupport_introspection_cpp.dir/rosidl_typesupport_introspection_cpp/custom_msgs/msg/detail/obstacle_msg__type_support.cpp.o[0m
[4.057s] [ 32%] [32mBuilding CXX object CMakeFiles/custom_msgs__rosidl_typesupport_c.dir/rosidl_typesupport_c/custom_msgs/msg/obstacle_msg__type_support.cpp.o[0m
[4.134s] [ 34%] [32mBuilding CXX object CMakeFiles/custom_msgs__rosidl_typesupport_fastrtps_cpp.dir/rosidl_typesupport_fastrtps_cpp/custom_msgs/msg/detail/dds_fastrtps/obstacle_msg__type_support.cpp.o[0m
[4.140s] [ 36%] [32mBuilding CXX object CMakeFiles/custom_msgs__rosidl_typesupport_c.dir/rosidl_typesupport_c/custom_msgs/msg/obstacle_array_msg__type_support.cpp.o[0m
[4.240s] [ 38%] [32mBuilding CXX object CMakeFiles/custom_msgs__rosidl_typesupport_c.dir/rosidl_typesupport_c/custom_msgs/msg/edges__type_support.cpp.o[0m
[4.304s] [ 40%] [32mBuilding CXX object CMakeFiles/custom_msgs__rosidl_typesupport_c.dir/rosidl_typesupport_c/custom_msgs/msg/geometry_graph__type_support.cpp.o[0m
[4.337s] [ 41%] [32mBuilding C object CMakeFiles/custom_msgs__rosidl_typesupport_introspection_c.dir/rosidl_typesupport_introspection_c/custom_msgs/msg/detail/obstacle_msg__type_support.c.o[0m
[4.351s] [ 43%] [32mBuilding CXX object CMakeFiles/custom_msgs__rosidl_typesupport_fastrtps_cpp.dir/rosidl_typesupport_fastrtps_cpp/custom_msgs/msg/detail/dds_fastrtps/obstacle_array_msg__type_support.cpp.o[0m
[4.354s] [ 45%] [32mBuilding CXX object CMakeFiles/custom_msgs__rosidl_typesupport_cpp.dir/rosidl_typesupport_cpp/custom_msgs/msg/geometry_graph__type_support.cpp.o[0m
[4.359s] [ 47%] [32mBuilding C object CMakeFiles/custom_msgs__rosidl_typesupport_introspection_c.dir/rosidl_typesupport_introspection_c/custom_msgs/msg/detail/obstacle_array_msg__type_support.c.o[0m
[4.395s] [ 49%] [32m[1mLinking CXX shared library libcustom_msgs__rosidl_typesupport_c.so[0m
[4.415s] [ 50%] [32mBuilding CXX object CMakeFiles/custom_msgs__rosidl_typesupport_fastrtps_c.dir/rosidl_typesupport_fastrtps_c/custom_msgs/msg/detail/obstacle_msg__type_support_c.cpp.o[0m
[4.445s] [ 52%] [32mBuilding CXX object CMakeFiles/custom_msgs__rosidl_typesupport_fastrtps_cpp.dir/rosidl_typesupport_fastrtps_cpp/custom_msgs/msg/detail/dds_fastrtps/edges__type_support.cpp.o[0m
[4.474s] [ 54%] [32mBuilding C object CMakeFiles/custom_msgs__rosidl_typesupport_introspection_c.dir/rosidl_typesupport_introspection_c/custom_msgs/msg/detail/edges__type_support.c.o[0m
[4.486s] [ 54%] Built target custom_msgs__rosidl_typesupport_c
[4.502s] [ 56%] [32mBuilding C object CMakeFiles/custom_msgs__rosidl_typesupport_introspection_c.dir/rosidl_typesupport_introspection_c/custom_msgs/msg/detail/geometry_graph__type_support.c.o[0m
[4.585s] [ 58%] [32m[1mLinking C shared library libcustom_msgs__rosidl_typesupport_introspection_c.so[0m
[4.597s] [ 60%] [32mBuilding CXX object CMakeFiles/custom_msgs__rosidl_typesupport_fastrtps_cpp.dir/rosidl_typesupport_fastrtps_cpp/custom_msgs/msg/detail/dds_fastrtps/geometry_graph__type_support.cpp.o[0m
[4.765s] [ 60%] Built target custom_msgs__rosidl_typesupport_introspection_c
[4.822s] [ 61%] [32mBuilding CXX object CMakeFiles/custom_msgs__rosidl_typesupport_fastrtps_c.dir/rosidl_typesupport_fastrtps_c/custom_msgs/msg/detail/obstacle_array_msg__type_support_c.cpp.o[0m
[4.933s] [ 63%] [32mBuilding CXX object CMakeFiles/custom_msgs__rosidl_typesupport_introspection_cpp.dir/rosidl_typesupport_introspection_cpp/custom_msgs/msg/detail/obstacle_array_msg__type_support.cpp.o[0m
[4.975s] [ 65%] [32m[1mLinking CXX shared library libcustom_msgs__rosidl_typesupport_cpp.so[0m
[5.128s] [ 65%] Built target custom_msgs__rosidl_typesupport_cpp
[5.142s] [ 67%] [32mBuilding CXX object CMakeFiles/custom_msgs__rosidl_typesupport_fastrtps_c.dir/rosidl_typesupport_fastrtps_c/custom_msgs/msg/detail/edges__type_support_c.cpp.o[0m
[5.165s] [ 69%] [32mBuilding CXX object CMakeFiles/custom_msgs__rosidl_typesupport_fastrtps_c.dir/rosidl_typesupport_fastrtps_c/custom_msgs/msg/detail/geometry_graph__type_support_c.cpp.o[0m
[5.261s] [ 70%] [32mBuilding CXX object CMakeFiles/custom_msgs__rosidl_typesupport_introspection_cpp.dir/rosidl_typesupport_introspection_cpp/custom_msgs/msg/detail/edges__type_support.cpp.o[0m
[5.377s] [ 72%] [32mBuilding CXX object CMakeFiles/custom_msgs__rosidl_typesupport_introspection_cpp.dir/rosidl_typesupport_introspection_cpp/custom_msgs/msg/detail/geometry_graph__type_support.cpp.o[0m
[5.744s] [ 74%] [32m[1mLinking CXX shared library libcustom_msgs__rosidl_typesupport_fastrtps_cpp.so[0m
[5.911s] [ 74%] Built target custom_msgs__rosidl_typesupport_fastrtps_cpp
[5.997s] [ 76%] [32m[1mLinking CXX shared library libcustom_msgs__rosidl_typesupport_fastrtps_c.so[0m
[6.103s] [ 76%] Built target custom_msgs__rosidl_typesupport_fastrtps_c
[6.268s] [ 78%] [32m[1mLinking CXX shared library libcustom_msgs__rosidl_typesupport_introspection_cpp.so[0m
[6.363s] [ 78%] Built target custom_msgs__rosidl_typesupport_introspection_cpp
[6.387s] [ 78%] Built target custom_msgs
[6.409s] [ 80%] [34m[1mGenerating Python code for ROS interfaces[0m
[7.208s] [ 80%] Built target custom_msgs__py
[7.229s] [ 81%] [32mBuilding C object CMakeFiles/custom_msgs__rosidl_generator_py.dir/rosidl_generator_py/custom_msgs/msg/_obstacle_msg_s.c.o[0m
[7.230s] [ 83%] [32mBuilding C object CMakeFiles/custom_msgs__rosidl_generator_py.dir/rosidl_generator_py/custom_msgs/msg/_geometry_graph_s.c.o[0m
[7.232s] [ 87%] [32mBuilding C object CMakeFiles/custom_msgs__rosidl_generator_py.dir/rosidl_generator_py/custom_msgs/msg/_obstacle_array_msg_s.c.o[0m
[7.232s] [ 87%] [32mBuilding C object CMakeFiles/custom_msgs__rosidl_generator_py.dir/rosidl_generator_py/custom_msgs/msg/_edges_s.c.o[0m
[7.398s] [ 89%] [32m[1mLinking C shared library rosidl_generator_py/custom_msgs/libcustom_msgs__rosidl_generator_py.so[0m
[7.442s] [ 89%] Built target custom_msgs__rosidl_generator_py
[7.463s] [ 90%] [32mBuilding C object CMakeFiles/custom_msgs__rosidl_typesupport_fastrtps_c__pyext.dir/rosidl_generator_py/custom_msgs/_custom_msgs_s.ep.rosidl_typesupport_fastrtps_c.c.o[0m
[7.463s] [ 92%] [32mBuilding C object CMakeFiles/custom_msgs__rosidl_typesupport_introspection_c__pyext.dir/rosidl_generator_py/custom_msgs/_custom_msgs_s.ep.rosidl_typesupport_introspection_c.c.o[0m
[7.466s] [ 94%] [32mBuilding C object CMakeFiles/custom_msgs__rosidl_typesupport_c__pyext.dir/rosidl_generator_py/custom_msgs/_custom_msgs_s.ep.rosidl_typesupport_c.c.o[0m
[7.594s] [ 96%] [32m[1mLinking C shared library rosidl_generator_py/custom_msgs/custom_msgs_s__rosidl_typesupport_fastrtps_c.cpython-310-x86_64-linux-gnu.so[0m
[7.595s] [ 98%] [32m[1mLinking C shared library rosidl_generator_py/custom_msgs/custom_msgs_s__rosidl_typesupport_introspection_c.cpython-310-x86_64-linux-gnu.so[0m
[7.597s] [100%] [32m[1mLinking C shared library rosidl_generator_py/custom_msgs/custom_msgs_s__rosidl_typesupport_c.cpython-310-x86_64-linux-gnu.so[0m
[7.641s] [100%] Built target custom_msgs__rosidl_typesupport_fastrtps_c__pyext
[7.641s] [100%] Built target custom_msgs__rosidl_typesupport_introspection_c__pyext
[7.642s] [100%] Built target custom_msgs__rosidl_typesupport_c__pyext
[7.654s] Invoked command in '/home/p3zz/Documents/uni/robot-planning-project/build/custom_msgs' returned '0': CMAKE_PREFIX_PATH=${CMAKE_PREFIX_PATH}:/opt/ros/humble /usr/bin/cmake --build /home/p3zz/Documents/uni/robot-planning-project/build/custom_msgs -- -j8 -l8
[7.787s] Invoking command in '/home/p3zz/Documents/uni/robot-planning-project/build/custom_msgs': CMAKE_PREFIX_PATH=${CMAKE_PREFIX_PATH}:/opt/ros/humble /usr/bin/cmake --install /home/p3zz/Documents/uni/robot-planning-project/build/custom_msgs
[7.795s] -- Install configuration: ""
[7.795s] -- Installing: /home/p3zz/Documents/uni/robot-planning-project/install/custom_msgs/share/ament_index/resource_index/rosidl_interfaces/custom_msgs
[7.795s] -- Installing: /home/p3zz/Documents/uni/robot-planning-project/install/custom_msgs/include/custom_msgs/custom_msgs
[7.795s] -- Installing: /home/p3zz/Documents/uni/robot-planning-project/install/custom_msgs/include/custom_msgs/custom_msgs/msg
[7.796s] -- Installing: /home/p3zz/Documents/uni/robot-planning-project/install/custom_msgs/include/custom_msgs/custom_msgs/msg/obstacle_array_msg.h
[7.796s] -- Installing: /home/p3zz/Documents/uni/robot-planning-project/install/custom_msgs/include/custom_msgs/custom_msgs/msg/geometry_graph.h
[7.796s] -- Installing: /home/p3zz/Documents/uni/robot-planning-project/install/custom_msgs/include/custom_msgs/custom_msgs/msg/obstacle_msg.h
[7.796s] -- Installing: /home/p3zz/Documents/uni/robot-planning-project/install/custom_msgs/include/custom_msgs/custom_msgs/msg/edges.h
[7.796s] -- Installing: /home/p3zz/Documents/uni/robot-planning-project/install/custom_msgs/include/custom_msgs/custom_msgs/msg/detail
[7.796s] -- Installing: /home/p3zz/Documents/uni/robot-planning-project/install/custom_msgs/include/custom_msgs/custom_msgs/msg/detail/edges__struct.h
[7.797s] -- Installing: /home/p3zz/Documents/uni/robot-planning-project/install/custom_msgs/include/custom_msgs/custom_msgs/msg/detail/obstacle_msg__type_support.h
[7.797s] -- Installing: /home/p3zz/Documents/uni/robot-planning-project/install/custom_msgs/include/custom_msgs/custom_msgs/msg/detail/obstacle_msg__functions.c
[7.797s] -- Installing: /home/p3zz/Documents/uni/robot-planning-project/install/custom_msgs/include/custom_msgs/custom_msgs/msg/detail/obstacle_msg__functions.h
[7.797s] -- Installing: /home/p3zz/Documents/uni/robot-planning-project/install/custom_msgs/include/custom_msgs/custom_msgs/msg/detail/edges__functions.h
[7.797s] -- Installing: /home/p3zz/Documents/uni/robot-planning-project/install/custom_msgs/include/custom_msgs/custom_msgs/msg/detail/obstacle_array_msg__functions.h
[7.797s] -- Installing: /home/p3zz/Documents/uni/robot-planning-project/install/custom_msgs/include/custom_msgs/custom_msgs/msg/detail/geometry_graph__type_support.h
[7.797s] -- Installing: /home/p3zz/Documents/uni/robot-planning-project/install/custom_msgs/include/custom_msgs/custom_msgs/msg/detail/obstacle_array_msg__functions.c
[7.798s] -- Installing: /home/p3zz/Documents/uni/robot-planning-project/install/custom_msgs/include/custom_msgs/custom_msgs/msg/detail/geometry_graph__functions.c
[7.798s] -- Installing: /home/p3zz/Documents/uni/robot-planning-project/install/custom_msgs/include/custom_msgs/custom_msgs/msg/detail/obstacle_array_msg__type_support.h
[7.798s] -- Installing: /home/p3zz/Documents/uni/robot-planning-project/install/custom_msgs/include/custom_msgs/custom_msgs/msg/detail/geometry_graph__functions.h
[7.798s] -- Installing: /home/p3zz/Documents/uni/robot-planning-project/install/custom_msgs/include/custom_msgs/custom_msgs/msg/detail/obstacle_array_msg__struct.h
[7.798s] -- Installing: /home/p3zz/Documents/uni/robot-planning-project/install/custom_msgs/include/custom_msgs/custom_msgs/msg/detail/edges__type_support.h
[7.798s] -- Installing: /home/p3zz/Documents/uni/robot-planning-project/install/custom_msgs/include/custom_msgs/custom_msgs/msg/detail/edges__functions.c
[7.798s] -- Installing: /home/p3zz/Documents/uni/robot-planning-project/install/custom_msgs/include/custom_msgs/custom_msgs/msg/detail/geometry_graph__struct.h
[7.798s] -- Installing: /home/p3zz/Documents/uni/robot-planning-project/install/custom_msgs/include/custom_msgs/custom_msgs/msg/detail/obstacle_msg__struct.h
[7.799s] -- Installing: /home/p3zz/Documents/uni/robot-planning-project/install/custom_msgs/include/custom_msgs/custom_msgs/msg/rosidl_generator_c__visibility_control.h
[7.799s] -- Installing: /home/p3zz/Documents/uni/robot-planning-project/install/custom_msgs/share/custom_msgs/environment/library_path.sh
[7.799s] -- Installing: /home/p3zz/Documents/uni/robot-planning-project/install/custom_msgs/share/custom_msgs/environment/library_path.dsv
[7.799s] -- Installing: /home/p3zz/Documents/uni/robot-planning-project/install/custom_msgs/lib/libcustom_msgs__rosidl_generator_c.so
[7.800s] -- Set runtime path of "/home/p3zz/Documents/uni/robot-planning-project/install/custom_msgs/lib/libcustom_msgs__rosidl_generator_c.so" to ""
[7.800s] -- Up-to-date: /home/p3zz/Documents/uni/robot-planning-project/install/custom_msgs/include/custom_msgs/custom_msgs
[7.800s] -- Up-to-date: /home/p3zz/Documents/uni/robot-planning-project/install/custom_msgs/include/custom_msgs/custom_msgs/msg
[7.800s] -- Installing: /home/p3zz/Documents/uni/robot-planning-project/install/custom_msgs/include/custom_msgs/custom_msgs/msg/rosidl_typesupport_fastrtps_c__visibility_control.h
[7.800s] -- Up-to-date: /home/p3zz/Documents/uni/robot-planning-project/install/custom_msgs/include/custom_msgs/custom_msgs/msg/detail
[7.801s] -- Installing: /home/p3zz/Documents/uni/robot-planning-project/install/custom_msgs/include/custom_msgs/custom_msgs/msg/detail/obstacle_array_msg__rosidl_typesupport_fastrtps_c.h
[7.801s] -- Installing: /home/p3zz/Documents/uni/robot-planning-project/install/custom_msgs/include/custom_msgs/custom_msgs/msg/detail/obstacle_msg__rosidl_typesupport_fastrtps_c.h
[7.801s] -- Installing: /home/p3zz/Documents/uni/robot-planning-project/install/custom_msgs/include/custom_msgs/custom_msgs/msg/detail/geometry_graph__rosidl_typesupport_fastrtps_c.h
[7.801s] -- Installing: /home/p3zz/Documents/uni/robot-planning-project/install/custom_msgs/include/custom_msgs/custom_msgs/msg/detail/edges__rosidl_typesupport_fastrtps_c.h
[7.801s] -- Installing: /home/p3zz/Documents/uni/robot-planning-project/install/custom_msgs/lib/libcustom_msgs__rosidl_typesupport_fastrtps_c.so
[7.802s] -- Set runtime path of "/home/p3zz/Documents/uni/robot-planning-project/install/custom_msgs/lib/libcustom_msgs__rosidl_typesupport_fastrtps_c.so" to ""
[7.802s] -- Up-to-date: /home/p3zz/Documents/uni/robot-planning-project/install/custom_msgs/include/custom_msgs/custom_msgs
[7.802s] -- Up-to-date: /home/p3zz/Documents/uni/robot-planning-project/install/custom_msgs/include/custom_msgs/custom_msgs/msg
[7.802s] -- Installing: /home/p3zz/Documents/uni/robot-planning-project/install/custom_msgs/include/custom_msgs/custom_msgs/msg/obstacle_msg.hpp
[7.802s] -- Installing: /home/p3zz/Documents/uni/robot-planning-project/install/custom_msgs/include/custom_msgs/custom_msgs/msg/edges.hpp
[7.802s] -- Installing: /home/p3zz/Documents/uni/robot-planning-project/install/custom_msgs/include/custom_msgs/custom_msgs/msg/geometry_graph.hpp
[7.803s] -- Installing: /home/p3zz/Documents/uni/robot-planning-project/install/custom_msgs/include/custom_msgs/custom_msgs/msg/obstacle_array_msg.hpp
[7.803s] -- Up-to-date: /home/p3zz/Documents/uni/robot-planning-project/install/custom_msgs/include/custom_msgs/custom_msgs/msg/detail
[7.803s] -- Installing: /home/p3zz/Documents/uni/robot-planning-project/install/custom_msgs/include/custom_msgs/custom_msgs/msg/detail/obstacle_array_msg__builder.hpp
[7.803s] -- Installing: /home/p3zz/Documents/uni/robot-planning-project/install/custom_msgs/include/custom_msgs/custom_msgs/msg/detail/obstacle_array_msg__struct.hpp
[7.803s] -- Installing: /home/p3zz/Documents/uni/robot-planning-project/install/custom_msgs/include/custom_msgs/custom_msgs/msg/detail/obstacle_msg__builder.hpp
[7.803s] -- Installing: /home/p3zz/Documents/uni/robot-planning-project/install/custom_msgs/include/custom_msgs/custom_msgs/msg/detail/obstacle_msg__struct.hpp
[7.803s] -- Installing: /home/p3zz/Documents/uni/robot-planning-project/install/custom_msgs/include/custom_msgs/custom_msgs/msg/detail/geometry_graph__traits.hpp
[7.804s] -- Installing: /home/p3zz/Documents/uni/robot-planning-project/install/custom_msgs/include/custom_msgs/custom_msgs/msg/detail/obstacle_msg__traits.hpp
[7.804s] -- Installing: /home/p3zz/Documents/uni/robot-planning-project/install/custom_msgs/include/custom_msgs/custom_msgs/msg/detail/edges__traits.hpp
[7.804s] -- Installing: /home/p3zz/Documents/uni/robot-planning-project/install/custom_msgs/include/custom_msgs/custom_msgs/msg/detail/geometry_graph__struct.hpp
[7.804s] -- Installing: /home/p3zz/Documents/uni/robot-planning-project/install/custom_msgs/include/custom_msgs/custom_msgs/msg/detail/obstacle_array_msg__traits.hpp
[7.804s] -- Installing: /home/p3zz/Documents/uni/robot-planning-project/install/custom_msgs/include/custom_msgs/custom_msgs/msg/detail/edges__struct.hpp
[7.804s] -- Installing: /home/p3zz/Documents/uni/robot-planning-project/install/custom_msgs/include/custom_msgs/custom_msgs/msg/detail/geometry_graph__builder.hpp
[7.804s] -- Installing: /home/p3zz/Documents/uni/robot-planning-project/install/custom_msgs/include/custom_msgs/custom_msgs/msg/detail/edges__builder.hpp
[7.805s] -- Up-to-date: /home/p3zz/Documents/uni/robot-planning-project/install/custom_msgs/include/custom_msgs/custom_msgs
[7.805s] -- Up-to-date: /home/p3zz/Documents/uni/robot-planning-project/install/custom_msgs/include/custom_msgs/custom_msgs/msg
[7.805s] -- Installing: /home/p3zz/Documents/uni/robot-planning-project/install/custom_msgs/include/custom_msgs/custom_msgs/msg/rosidl_typesupport_fastrtps_cpp__visibility_control.h
[7.805s] -- Up-to-date: /home/p3zz/Documents/uni/robot-planning-project/install/custom_msgs/include/custom_msgs/custom_msgs/msg/detail
[7.805s] -- Installing: /home/p3zz/Documents/uni/robot-planning-project/install/custom_msgs/include/custom_msgs/custom_msgs/msg/detail/obstacle_msg__rosidl_typesupport_fastrtps_cpp.hpp
[7.805s] -- Installing: /home/p3zz/Documents/uni/robot-planning-project/install/custom_msgs/include/custom_msgs/custom_msgs/msg/detail/geometry_graph__rosidl_typesupport_fastrtps_cpp.hpp
[7.805s] -- Installing: /home/p3zz/Documents/uni/robot-planning-project/install/custom_msgs/include/custom_msgs/custom_msgs/msg/detail/edges__rosidl_typesupport_fastrtps_cpp.hpp
[7.806s] -- Installing: /home/p3zz/Documents/uni/robot-planning-project/install/custom_msgs/include/custom_msgs/custom_msgs/msg/detail/dds_fastrtps
[7.806s] -- Installing: /home/p3zz/Documents/uni/robot-planning-project/install/custom_msgs/include/custom_msgs/custom_msgs/msg/detail/obstacle_array_msg__rosidl_typesupport_fastrtps_cpp.hpp
[7.806s] -- Installing: /home/p3zz/Documents/uni/robot-planning-project/install/custom_msgs/lib/libcustom_msgs__rosidl_typesupport_fastrtps_cpp.so
[7.806s] -- Set runtime path of "/home/p3zz/Documents/uni/robot-planning-project/install/custom_msgs/lib/libcustom_msgs__rosidl_typesupport_fastrtps_cpp.so" to ""
[7.806s] -- Up-to-date: /home/p3zz/Documents/uni/robot-planning-project/install/custom_msgs/include/custom_msgs/custom_msgs
[7.806s] -- Up-to-date: /home/p3zz/Documents/uni/robot-planning-project/install/custom_msgs/include/custom_msgs/custom_msgs/msg
[7.807s] -- Installing: /home/p3zz/Documents/uni/robot-planning-project/install/custom_msgs/include/custom_msgs/custom_msgs/msg/rosidl_typesupport_introspection_c__visibility_control.h
[7.807s] -- Up-to-date: /home/p3zz/Documents/uni/robot-planning-project/install/custom_msgs/include/custom_msgs/custom_msgs/msg/detail
[7.807s] -- Installing: /home/p3zz/Documents/uni/robot-planning-project/install/custom_msgs/include/custom_msgs/custom_msgs/msg/detail/obstacle_array_msg__rosidl_typesupport_introspection_c.h
[7.807s] -- Installing: /home/p3zz/Documents/uni/robot-planning-project/install/custom_msgs/include/custom_msgs/custom_msgs/msg/detail/geometry_graph__type_support.c
[7.807s] -- Installing: /home/p3zz/Documents/uni/robot-planning-project/install/custom_msgs/include/custom_msgs/custom_msgs/msg/detail/edges__type_support.c
[7.807s] -- Installing: /home/p3zz/Documents/uni/robot-planning-project/install/custom_msgs/include/custom_msgs/custom_msgs/msg/detail/obstacle_msg__type_support.c
[7.807s] -- Installing: /home/p3zz/Documents/uni/robot-planning-project/install/custom_msgs/include/custom_msgs/custom_msgs/msg/detail/geometry_graph__rosidl_typesupport_introspection_c.h
[7.807s] -- Installing: /home/p3zz/Documents/uni/robot-planning-project/install/custom_msgs/include/custom_msgs/custom_msgs/msg/detail/edges__rosidl_typesupport_introspection_c.h
[7.808s] -- Installing: /home/p3zz/Documents/uni/robot-planning-project/install/custom_msgs/include/custom_msgs/custom_msgs/msg/detail/obstacle_array_msg__type_support.c
[7.808s] -- Installing: /home/p3zz/Documents/uni/robot-planning-project/install/custom_msgs/include/custom_msgs/custom_msgs/msg/detail/obstacle_msg__rosidl_typesupport_introspection_c.h
[7.808s] -- Installing: /home/p3zz/Documents/uni/robot-planning-project/install/custom_msgs/lib/libcustom_msgs__rosidl_typesupport_introspection_c.so
[7.808s] -- Set runtime path of "/home/p3zz/Documents/uni/robot-planning-project/install/custom_msgs/lib/libcustom_msgs__rosidl_typesupport_introspection_c.so" to ""
[7.808s] -- Installing: /home/p3zz/Documents/uni/robot-planning-project/install/custom_msgs/lib/libcustom_msgs__rosidl_typesupport_c.so
[7.808s] -- Set runtime path of "/home/p3zz/Documents/uni/robot-planning-project/install/custom_msgs/lib/libcustom_msgs__rosidl_typesupport_c.so" to ""
[7.808s] -- Up-to-date: /home/p3zz/Documents/uni/robot-planning-project/install/custom_msgs/include/custom_msgs/custom_msgs
[7.809s] -- Up-to-date: /home/p3zz/Documents/uni/robot-planning-project/install/custom_msgs/include/custom_msgs/custom_msgs/msg
[7.809s] -- Up-to-date: /home/p3zz/Documents/uni/robot-planning-project/install/custom_msgs/include/custom_msgs/custom_msgs/msg/detail
[7.809s] -- Installing: /home/p3zz/Documents/uni/robot-planning-project/install/custom_msgs/include/custom_msgs/custom_msgs/msg/detail/edges__type_support.cpp
[7.809s] -- Installing: /home/p3zz/Documents/uni/robot-planning-project/install/custom_msgs/include/custom_msgs/custom_msgs/msg/detail/edges__rosidl_typesupport_introspection_cpp.hpp
[7.809s] -- Installing: /home/p3zz/Documents/uni/robot-planning-project/install/custom_msgs/include/custom_msgs/custom_msgs/msg/detail/geometry_graph__rosidl_typesupport_introspection_cpp.hpp
[7.809s] -- Installing: /home/p3zz/Documents/uni/robot-planning-project/install/custom_msgs/include/custom_msgs/custom_msgs/msg/detail/obstacle_array_msg__rosidl_typesupport_introspection_cpp.hpp
[7.809s] -- Installing: /home/p3zz/Documents/uni/robot-planning-project/install/custom_msgs/include/custom_msgs/custom_msgs/msg/detail/obstacle_array_msg__type_support.cpp
[7.809s] -- Installing: /home/p3zz/Documents/uni/robot-planning-project/install/custom_msgs/include/custom_msgs/custom_msgs/msg/detail/obstacle_msg__type_support.cpp
[7.809s] -- Installing: /home/p3zz/Documents/uni/robot-planning-project/install/custom_msgs/include/custom_msgs/custom_msgs/msg/detail/obstacle_msg__rosidl_typesupport_introspection_cpp.hpp
[7.810s] -- Installing: /home/p3zz/Documents/uni/robot-planning-project/install/custom_msgs/include/custom_msgs/custom_msgs/msg/detail/geometry_graph__type_support.cpp
[7.810s] -- Installing: /home/p3zz/Documents/uni/robot-planning-project/install/custom_msgs/lib/libcustom_msgs__rosidl_typesupport_introspection_cpp.so
[7.810s] -- Set runtime path of "/home/p3zz/Documents/uni/robot-planning-project/install/custom_msgs/lib/libcustom_msgs__rosidl_typesupport_introspection_cpp.so" to ""
[7.810s] -- Installing: /home/p3zz/Documents/uni/robot-planning-project/install/custom_msgs/lib/libcustom_msgs__rosidl_typesupport_cpp.so
[7.810s] -- Set runtime path of "/home/p3zz/Documents/uni/robot-planning-project/install/custom_msgs/lib/libcustom_msgs__rosidl_typesupport_cpp.so" to ""
[7.810s] -- Installing: /home/p3zz/Documents/uni/robot-planning-project/install/custom_msgs/share/custom_msgs/environment/pythonpath.sh
[7.810s] -- Installing: /home/p3zz/Documents/uni/robot-planning-project/install/custom_msgs/share/custom_msgs/environment/pythonpath.dsv
[7.811s] -- Installing: /home/p3zz/Documents/uni/robot-planning-project/install/custom_msgs/local/lib/python3.10/dist-packages/custom_msgs-0.1.2-py3.10.egg-info
[7.811s] -- Installing: /home/p3zz/Documents/uni/robot-planning-project/install/custom_msgs/local/lib/python3.10/dist-packages/custom_msgs-0.1.2-py3.10.egg-info/dependency_links.txt
[7.811s] -- Installing: /home/p3zz/Documents/uni/robot-planning-project/install/custom_msgs/local/lib/python3.10/dist-packages/custom_msgs-0.1.2-py3.10.egg-info/PKG-INFO
[7.811s] -- Installing: /home/p3zz/Documents/uni/robot-planning-project/install/custom_msgs/local/lib/python3.10/dist-packages/custom_msgs-0.1.2-py3.10.egg-info/SOURCES.txt
[7.811s] -- Installing: /home/p3zz/Documents/uni/robot-planning-project/install/custom_msgs/local/lib/python3.10/dist-packages/custom_msgs-0.1.2-py3.10.egg-info/top_level.txt
[7.811s] -- Installing: /home/p3zz/Documents/uni/robot-planning-project/install/custom_msgs/local/lib/python3.10/dist-packages/custom_msgs
[7.812s] -- Installing: /home/p3zz/Documents/uni/robot-planning-project/install/custom_msgs/local/lib/python3.10/dist-packages/custom_msgs/custom_msgs_s__rosidl_typesupport_fastrtps_c.cpython-310-x86_64-linux-gnu.so
[7.812s] -- Installing: /home/p3zz/Documents/uni/robot-planning-project/install/custom_msgs/local/lib/python3.10/dist-packages/custom_msgs/_custom_msgs_s.ep.rosidl_typesupport_c.c
[7.812s] -- Installing: /home/p3zz/Documents/uni/robot-planning-project/install/custom_msgs/local/lib/python3.10/dist-packages/custom_msgs/libcustom_msgs__rosidl_generator_py.so
[7.812s] -- Installing: /home/p3zz/Documents/uni/robot-planning-project/install/custom_msgs/local/lib/python3.10/dist-packages/custom_msgs/msg
[7.812s] -- Installing: /home/p3zz/Documents/uni/robot-planning-project/install/custom_msgs/local/lib/python3.10/dist-packages/custom_msgs/msg/_edges.py
[7.812s] -- Installing: /home/p3zz/Documents/uni/robot-planning-project/install/custom_msgs/local/lib/python3.10/dist-packages/custom_msgs/msg/_obstacle_array_msg.py
[7.812s] -- Installing: /home/p3zz/Documents/uni/robot-planning-project/install/custom_msgs/local/lib/python3.10/dist-packages/custom_msgs/msg/_geometry_graph.py
[7.813s] -- Installing: /home/p3zz/Documents/uni/robot-planning-project/install/custom_msgs/local/lib/python3.10/dist-packages/custom_msgs/msg/_obstacle_msg.py
[7.813s] -- Installing: /home/p3zz/Documents/uni/robot-planning-project/install/custom_msgs/local/lib/python3.10/dist-packages/custom_msgs/msg/_obstacle_array_msg_s.c
[7.813s] -- Installing: /home/p3zz/Documents/uni/robot-planning-project/install/custom_msgs/local/lib/python3.10/dist-packages/custom_msgs/msg/_edges_s.c
[7.813s] -- Installing: /home/p3zz/Documents/uni/robot-planning-project/install/custom_msgs/local/lib/python3.10/dist-packages/custom_msgs/msg/__init__.py
[7.813s] -- Installing: /home/p3zz/Documents/uni/robot-planning-project/install/custom_msgs/local/lib/python3.10/dist-packages/custom_msgs/msg/_geometry_graph_s.c
[7.813s] -- Installing: /home/p3zz/Documents/uni/robot-planning-project/install/custom_msgs/local/lib/python3.10/dist-packages/custom_msgs/msg/_obstacle_msg_s.c
[7.813s] -- Installing: /home/p3zz/Documents/uni/robot-planning-project/install/custom_msgs/local/lib/python3.10/dist-packages/custom_msgs/_custom_msgs_s.ep.rosidl_typesupport_fastrtps_c.c
[7.814s] -- Installing: /home/p3zz/Documents/uni/robot-planning-project/install/custom_msgs/local/lib/python3.10/dist-packages/custom_msgs/_custom_msgs_s.ep.rosidl_typesupport_introspection_c.c
[7.814s] -- Installing: /home/p3zz/Documents/uni/robot-planning-project/install/custom_msgs/local/lib/python3.10/dist-packages/custom_msgs/custom_msgs_s__rosidl_typesupport_c.cpython-310-x86_64-linux-gnu.so
[7.814s] -- Installing: /home/p3zz/Documents/uni/robot-planning-project/install/custom_msgs/local/lib/python3.10/dist-packages/custom_msgs/__init__.py
[7.814s] -- Installing: /home/p3zz/Documents/uni/robot-planning-project/install/custom_msgs/local/lib/python3.10/dist-packages/custom_msgs/custom_msgs_s__rosidl_typesupport_introspection_c.cpython-310-x86_64-linux-gnu.so
[7.850s] Listing '/home/p3zz/Documents/uni/robot-planning-project/install/custom_msgs/local/lib/python3.10/dist-packages/custom_msgs'...
[7.850s] Compiling '/home/p3zz/Documents/uni/robot-planning-project/install/custom_msgs/local/lib/python3.10/dist-packages/custom_msgs/__init__.py'...
[7.850s] Listing '/home/p3zz/Documents/uni/robot-planning-project/install/custom_msgs/local/lib/python3.10/dist-packages/custom_msgs/msg'...
[7.850s] Compiling '/home/p3zz/Documents/uni/robot-planning-project/install/custom_msgs/local/lib/python3.10/dist-packages/custom_msgs/msg/__init__.py'...
[7.850s] Compiling '/home/p3zz/Documents/uni/robot-planning-project/install/custom_msgs/local/lib/python3.10/dist-packages/custom_msgs/msg/_edges.py'...
[7.850s] Compiling '/home/p3zz/Documents/uni/robot-planning-project/install/custom_msgs/local/lib/python3.10/dist-packages/custom_msgs/msg/_geometry_graph.py'...
[7.850s] Compiling '/home/p3zz/Documents/uni/robot-planning-project/install/custom_msgs/local/lib/python3.10/dist-packages/custom_msgs/msg/_obstacle_array_msg.py'...
[7.851s] Compiling '/home/p3zz/Documents/uni/robot-planning-project/install/custom_msgs/local/lib/python3.10/dist-packages/custom_msgs/msg/_obstacle_msg.py'...
[7.855s] -- Installing: /home/p3zz/Documents/uni/robot-planning-project/install/custom_msgs/local/lib/python3.10/dist-packages/custom_msgs/custom_msgs_s__rosidl_typesupport_fastrtps_c.cpython-310-x86_64-linux-gnu.so
[7.856s] -- Set runtime path of "/home/p3zz/Documents/uni/robot-planning-project/install/custom_msgs/local/lib/python3.10/dist-packages/custom_msgs/custom_msgs_s__rosidl_typesupport_fastrtps_c.cpython-310-x86_64-linux-gnu.so" to ""
[7.856s] -- Installing: /home/p3zz/Documents/uni/robot-planning-project/install/custom_msgs/local/lib/python3.10/dist-packages/custom_msgs/custom_msgs_s__rosidl_typesupport_introspection_c.cpython-310-x86_64-linux-gnu.so
[7.856s] -- Set runtime path of "/home/p3zz/Documents/uni/robot-planning-project/install/custom_msgs/local/lib/python3.10/dist-packages/custom_msgs/custom_msgs_s__rosidl_typesupport_introspection_c.cpython-310-x86_64-linux-gnu.so" to ""
[7.857s] -- Installing: /home/p3zz/Documents/uni/robot-planning-project/install/custom_msgs/local/lib/python3.10/dist-packages/custom_msgs/custom_msgs_s__rosidl_typesupport_c.cpython-310-x86_64-linux-gnu.so
[7.857s] -- Set runtime path of "/home/p3zz/Documents/uni/robot-planning-project/install/custom_msgs/local/lib/python3.10/dist-packages/custom_msgs/custom_msgs_s__rosidl_typesupport_c.cpython-310-x86_64-linux-gnu.so" to ""
[7.857s] -- Installing: /home/p3zz/Documents/uni/robot-planning-project/install/custom_msgs/lib/libcustom_msgs__rosidl_generator_py.so
[7.858s] -- Set runtime path of "/home/p3zz/Documents/uni/robot-planning-project/install/custom_msgs/lib/libcustom_msgs__rosidl_generator_py.so" to ""
[7.858s] -- Installing: /home/p3zz/Documents/uni/robot-planning-project/install/custom_msgs/share/custom_msgs/msg/ObstacleMsg.idl
[7.858s] -- Installing: /home/p3zz/Documents/uni/robot-planning-project/install/custom_msgs/share/custom_msgs/msg/ObstacleArrayMsg.idl
[7.858s] -- Installing: /home/p3zz/Documents/uni/robot-planning-project/install/custom_msgs/share/custom_msgs/msg/Edges.idl
[7.858s] -- Installing: /home/p3zz/Documents/uni/robot-planning-project/install/custom_msgs/share/custom_msgs/msg/GeometryGraph.idl
[7.859s] -- Installing: /home/p3zz/Documents/uni/robot-planning-project/install/custom_msgs/share/custom_msgs/msg/ObstacleMsg.msg
[7.859s] -- Installing: /home/p3zz/Documents/uni/robot-planning-project/install/custom_msgs/share/custom_msgs/msg/ObstacleArrayMsg.msg
[7.859s] -- Installing: /home/p3zz/Documents/uni/robot-planning-project/install/custom_msgs/share/custom_msgs/msg/Edges.msg
[7.859s] -- Installing: /home/p3zz/Documents/uni/robot-planning-project/install/custom_msgs/share/custom_msgs/msg/GeometryGraph.msg
[7.859s] -- Installing: /home/p3zz/Documents/uni/robot-planning-project/install/custom_msgs/share/ament_index/resource_index/package_run_dependencies/custom_msgs
[7.860s] -- Installing: /home/p3zz/Documents/uni/robot-planning-project/install/custom_msgs/share/ament_index/resource_index/parent_prefix_path/custom_msgs
[7.860s] -- Installing: /home/p3zz/Documents/uni/robot-planning-project/install/custom_msgs/share/custom_msgs/environment/ament_prefix_path.sh
[7.860s] -- Installing: /home/p3zz/Documents/uni/robot-planning-project/install/custom_msgs/share/custom_msgs/environment/ament_prefix_path.dsv
[7.860s] -- Installing: /home/p3zz/Documents/uni/robot-planning-project/install/custom_msgs/share/custom_msgs/environment/path.sh
[7.860s] -- Installing: /home/p3zz/Documents/uni/robot-planning-project/install/custom_msgs/share/custom_msgs/environment/path.dsv
[7.860s] -- Installing: /home/p3zz/Documents/uni/robot-planning-project/install/custom_msgs/share/custom_msgs/local_setup.bash
[7.861s] -- Installing: /home/p3zz/Documents/uni/robot-planning-project/install/custom_msgs/share/custom_msgs/local_setup.sh
[7.861s] -- Installing: /home/p3zz/Documents/uni/robot-planning-project/install/custom_msgs/share/custom_msgs/local_setup.zsh
[7.861s] -- Installing: /home/p3zz/Documents/uni/robot-planning-project/install/custom_msgs/share/custom_msgs/local_setup.dsv
[7.861s] -- Installing: /home/p3zz/Documents/uni/robot-planning-project/install/custom_msgs/share/custom_msgs/package.dsv
[7.861s] -- Installing: /home/p3zz/Documents/uni/robot-planning-project/install/custom_msgs/share/ament_index/resource_index/packages/custom_msgs
[7.862s] -- Installing: /home/p3zz/Documents/uni/robot-planning-project/install/custom_msgs/share/custom_msgs/cmake/export_custom_msgs__rosidl_generator_cExport.cmake
[7.862s] -- Installing: /home/p3zz/Documents/uni/robot-planning-project/install/custom_msgs/share/custom_msgs/cmake/export_custom_msgs__rosidl_generator_cExport-noconfig.cmake
[7.862s] -- Installing: /home/p3zz/Documents/uni/robot-planning-project/install/custom_msgs/share/custom_msgs/cmake/export_custom_msgs__rosidl_typesupport_fastrtps_cExport.cmake
[7.862s] -- Installing: /home/p3zz/Documents/uni/robot-planning-project/install/custom_msgs/share/custom_msgs/cmake/export_custom_msgs__rosidl_typesupport_fastrtps_cExport-noconfig.cmake
[7.862s] -- Installing: /home/p3zz/Documents/uni/robot-planning-project/install/custom_msgs/share/custom_msgs/cmake/export_custom_msgs__rosidl_generator_cppExport.cmake
[7.863s] -- Installing: /home/p3zz/Documents/uni/robot-planning-project/install/custom_msgs/share/custom_msgs/cmake/export_custom_msgs__rosidl_typesupport_fastrtps_cppExport.cmake
[7.863s] -- Installing: /home/p3zz/Documents/uni/robot-planning-project/install/custom_msgs/share/custom_msgs/cmake/export_custom_msgs__rosidl_typesupport_fastrtps_cppExport-noconfig.cmake
[7.863s] -- Installing: /home/p3zz/Documents/uni/robot-planning-project/install/custom_msgs/share/custom_msgs/cmake/custom_msgs__rosidl_typesupport_introspection_cExport.cmake
[7.863s] -- Installing: /home/p3zz/Documents/uni/robot-planning-project/install/custom_msgs/share/custom_msgs/cmake/custom_msgs__rosidl_typesupport_introspection_cExport-noconfig.cmake
[7.863s] -- Installing: /home/p3zz/Documents/uni/robot-planning-project/install/custom_msgs/share/custom_msgs/cmake/custom_msgs__rosidl_typesupport_cExport.cmake
[7.863s] -- Installing: /home/p3zz/Documents/uni/robot-planning-project/install/custom_msgs/share/custom_msgs/cmake/custom_msgs__rosidl_typesupport_cExport-noconfig.cmake
[7.864s] -- Installing: /home/p3zz/Documents/uni/robot-planning-project/install/custom_msgs/share/custom_msgs/cmake/custom_msgs__rosidl_typesupport_introspection_cppExport.cmake
[7.864s] -- Installing: /home/p3zz/Documents/uni/robot-planning-project/install/custom_msgs/share/custom_msgs/cmake/custom_msgs__rosidl_typesupport_introspection_cppExport-noconfig.cmake
[7.864s] -- Installing: /home/p3zz/Documents/uni/robot-planning-project/install/custom_msgs/share/custom_msgs/cmake/custom_msgs__rosidl_typesupport_cppExport.cmake
[7.864s] -- Installing: /home/p3zz/Documents/uni/robot-planning-project/install/custom_msgs/share/custom_msgs/cmake/custom_msgs__rosidl_typesupport_cppExport-noconfig.cmake
[7.864s] -- Installing: /home/p3zz/Documents/uni/robot-planning-project/install/custom_msgs/share/custom_msgs/cmake/export_custom_msgs__rosidl_generator_pyExport.cmake
[7.864s] -- Installing: /home/p3zz/Documents/uni/robot-planning-project/install/custom_msgs/share/custom_msgs/cmake/export_custom_msgs__rosidl_generator_pyExport-noconfig.cmake
[7.865s] -- Installing: /home/p3zz/Documents/uni/robot-planning-project/install/custom_msgs/share/custom_msgs/cmake/rosidl_cmake-extras.cmake
[7.865s] -- Installing: /home/p3zz/Documents/uni/robot-planning-project/install/custom_msgs/share/custom_msgs/cmake/ament_cmake_export_dependencies-extras.cmake
[7.865s] -- Installing: /home/p3zz/Documents/uni/robot-planning-project/install/custom_msgs/share/custom_msgs/cmake/ament_cmake_export_include_directories-extras.cmake
[7.865s] -- Installing: /home/p3zz/Documents/uni/robot-planning-project/install/custom_msgs/share/custom_msgs/cmake/ament_cmake_export_libraries-extras.cmake
[7.865s] -- Installing: /home/p3zz/Documents/uni/robot-planning-project/install/custom_msgs/share/custom_msgs/cmake/ament_cmake_export_targets-extras.cmake
[7.866s] -- Installing: /home/p3zz/Documents/uni/robot-planning-project/install/custom_msgs/share/custom_msgs/cmake/rosidl_cmake_export_typesupport_targets-extras.cmake
[7.866s] -- Installing: /home/p3zz/Documents/uni/robot-planning-project/install/custom_msgs/share/custom_msgs/cmake/rosidl_cmake_export_typesupport_libraries-extras.cmake
[7.866s] -- Installing: /home/p3zz/Documents/uni/robot-planning-project/install/custom_msgs/share/custom_msgs/cmake/custom_msgsConfig.cmake
[7.866s] -- Installing: /home/p3zz/Documents/uni/robot-planning-project/install/custom_msgs/share/custom_msgs/cmake/custom_msgsConfig-version.cmake
[7.866s] -- Installing: /home/p3zz/Documents/uni/robot-planning-project/install/custom_msgs/share/custom_msgs/package.xml
[7.869s] Invoked command in '/home/p3zz/Documents/uni/robot-planning-project/build/custom_msgs' returned '0': CMAKE_PREFIX_PATH=${CMAKE_PREFIX_PATH}:/opt/ros/humble /usr/bin/cmake --install /home/p3zz/Documents/uni/robot-planning-project/build/custom_msgs
