[0.053s] Invoking command in '/home/p3zz/Documents/uni/robot-planning-project/build/decisions': CMAKE_PREFIX_PATH=/opt/ros/humble /usr/bin/cmake /home/p3zz/Documents/uni/robot-planning-project/decisions -DCMAKE_INSTALL_PREFIX=/home/p3zz/Documents/uni/robot-planning-project/install/decisions
[0.074s] -- Found ament_cmake: 1.3.3 (/opt/ros/humble/share/ament_cmake/cmake)
[0.421s] -- Found Python3: /usr/bin/python3.10 (found version "3.10.6") found components: Interpreter 
[0.707s] [31mCMake Error at CMakeLists.txt:10 (find_package):
[0.707s]   By not providing "Findutils.cmake" in CMAKE_MODULE_PATH this project has
[0.707s]   asked CMake to find a package configuration file provided by "utils", but
[0.707s]   CMake did not find one.
[0.708s] 
[0.708s]   Could not find a package configuration file provided by "utils" with any of
[0.708s]   the following names:
[0.708s] 
[0.708s]     utilsConfig.cmake
[0.709s]     utils-config.cmake
[0.709s] 
[0.709s]   Add the installation prefix of "utils" to CMAKE_PREFIX_PATH or set
[0.709s]   "utils_DIR" to a directory containing one of the above files.  If "utils"
[0.709s]   provides a separate development package or SDK, be sure it has been
[0.709s]   installed.
[0.710s] 
[0.710s] [0m
[0.710s] -- Configuring incomplete, errors occurred!
[0.710s] See also "/home/p3zz/Documents/uni/robot-planning-project/build/decisions/CMakeFiles/CMakeOutput.log".
[0.712s] Invoked command in '/home/p3zz/Documents/uni/robot-planning-project/build/decisions' returned '1': CMAKE_PREFIX_PATH=/opt/ros/humble /usr/bin/cmake /home/p3zz/Documents/uni/robot-planning-project/decisions -DCMAKE_INSTALL_PREFIX=/home/p3zz/Documents/uni/robot-planning-project/install/decisions
