[35m[1mConsolidate compiler generated dependencies of target shelfino[0m
[ 50%] [32mBuilding CXX object CMakeFiles/shelfino.dir/src/main.cpp.o[0m
In file included from [01m[K/home/p3zz/Documents/uni/robot-planning-project/communication/shelfino/src/main.cpp:1[m[K:
/home/p3zz/Documents/uni/robot-planning-project/communication/shelfino/include/shelfino/shelfino.hpp: In instantiation of ‘[01m[KSafeValue<T>::SafeValue() [with T = RoadMap][m[K’:
[01m[K/home/p3zz/Documents/uni/robot-planning-project/communication/shelfino/include/shelfino/shelfino.hpp:157:22:[m[K   required from here
[01m[K/home/p3zz/Documents/uni/robot-planning-project/communication/shelfino/include/shelfino/shelfino.hpp:137:20:[m[K [01;31m[Kerror: [m[Kno matching function for call to ‘[01m[KRoadMap::RoadMap()[m[K’
  137 |         SafeValue()[01;31m[K{[m[K}
      |                    [01;31m[K^[m[K
In file included from [01m[K/home/p3zz/Documents/uni/robot-planning-project/communication/shelfino/include/shelfino/shelfino.hpp:28[m[K,
                 from [01m[K/home/p3zz/Documents/uni/robot-planning-project/communication/shelfino/src/main.cpp:1[m[K:
[01m[K/home/p3zz/Documents/uni/robot-planning-project/install/map/include/map/map.hpp:74:9:[m[K [01;36m[Knote: [m[Kcandidate: ‘[01m[KRoadMap::RoadMap(Room)[m[K’
   74 |         [01;36m[KRoadMap[m[K(Room r):r{r}{}
      |         [01;36m[K^~~~~~~[m[K
[01m[K/home/p3zz/Documents/uni/robot-planning-project/install/map/include/map/map.hpp:74:9:[m[K [01;36m[Knote: [m[K  candidate expects 1 argument, 0 provided
[01m[K/home/p3zz/Documents/uni/robot-planning-project/install/map/include/map/map.hpp:66:7:[m[K [01;36m[Knote: [m[Kcandidate: ‘[01m[KRoadMap::RoadMap(const RoadMap&)[m[K’
   66 | class [01;36m[KRoadMap[m[K
      |       [01;36m[K^~~~~~~[m[K
[01m[K/home/p3zz/Documents/uni/robot-planning-project/install/map/include/map/map.hpp:66:7:[m[K [01;36m[Knote: [m[K  candidate expects 1 argument, 0 provided
[01m[K/home/p3zz/Documents/uni/robot-planning-project/install/map/include/map/map.hpp:66:7:[m[K [01;36m[Knote: [m[Kcandidate: ‘[01m[KRoadMap::RoadMap(RoadMap&&)[m[K’
[01m[K/home/p3zz/Documents/uni/robot-planning-project/install/map/include/map/map.hpp:66:7:[m[K [01;36m[Knote: [m[K  candidate expects 1 argument, 0 provided
gmake[2]: *** [CMakeFiles/shelfino.dir/build.make:76: CMakeFiles/shelfino.dir/src/main.cpp.o] Error 1
gmake[1]: *** [CMakeFiles/Makefile2:137: CMakeFiles/shelfino.dir/all] Error 2
gmake: *** [Makefile:146: all] Error 2
