[0.013s] Invoking command in '/home/p3zz/Documents/uni/robot-planning-project/build/map': CMAKE_PREFIX_PATH=${CMAKE_PREFIX_PATH}:/opt/ros/humble /usr/bin/cmake /home/p3zz/Documents/uni/robot-planning-project/map -DCMAKE_INSTALL_PREFIX=/home/p3zz/Documents/uni/robot-planning-project/install/map
[0.027s] -- Found ament_cmake: 1.3.3 (/opt/ros/humble/share/ament_cmake/cmake)
[0.173s] -- Found utils: 0.0.0 (/home/p3zz/Documents/uni/robot-planning-project/install/utils/share/utils/cmake)
[0.174s] -- Found shapes: 0.0.0 (/home/p3zz/Documents/uni/robot-planning-project/install/shapes/share/shapes/cmake)
[0.175s] -- Found dubins: 0.0.0 (/home/p3zz/Documents/uni/robot-planning-project/install/dubins/share/dubins/cmake)
[0.179s] -- Found ament_cmake_gtest: 1.3.3 (/opt/ros/humble/share/ament_cmake_gtest/cmake)
[0.182s] -- Found gtest sources under '/opt/ros/humble/src/gtest_vendor': C++ tests using 'Google Test' will be built
[0.183s] -- Looking for pthread.h
[0.256s] -- Looking for pthread.h - found
[0.257s] -- Performing Test CMAKE_HAVE_LIBC_PTHREAD
[0.330s] -- Performing Test CMAKE_HAVE_LIBC_PTHREAD - Success
[0.331s] -- Found Threads: TRUE  
[0.396s] -- Configuring done
[0.405s] -- Generating done
[0.406s] -- Build files have been written to: /home/p3zz/Documents/uni/robot-planning-project/build/map
[0.409s] Invoked command in '/home/p3zz/Documents/uni/robot-planning-project/build/map' returned '0': CMAKE_PREFIX_PATH=${CMAKE_PREFIX_PATH}:/opt/ros/humble /usr/bin/cmake /home/p3zz/Documents/uni/robot-planning-project/map -DCMAKE_INSTALL_PREFIX=/home/p3zz/Documents/uni/robot-planning-project/install/map
[0.411s] Invoking command in '/home/p3zz/Documents/uni/robot-planning-project/build/map': CMAKE_PREFIX_PATH=${CMAKE_PREFIX_PATH}:/opt/ros/humble /usr/bin/cmake --build /home/p3zz/Documents/uni/robot-planning-project/build/map -- -j8 -l8
[0.460s] [ 33%] [32mBuilding CXX object gtest/CMakeFiles/gtest_main.dir/src/gtest_main.cc.o[0m
[0.460s] [ 33%] [32mBuilding CXX object gtest/CMakeFiles/gtest.dir/src/gtest-all.cc.o[0m
[0.460s] [ 33%] [32mBuilding CXX object CMakeFiles/map.dir/src/map.cpp.o[0m
[1.477s] [ 44%] [32m[1mLinking CXX static library libgtest_main.a[0m
[1.512s] [ 44%] Built target gtest_main
[2.131s] [ 55%] [32m[1mLinking CXX static library libmap.a[0m
[2.170s] [ 55%] Built target map
[3.732s] [ 66%] [32m[1mLinking CXX static library libgtest.a[0m
[3.800s] [ 66%] Built target gtest
[3.820s] [ 88%] [32mBuilding CXX object CMakeFiles/test_map.dir/test/main.cpp.o[0m
[3.820s] [ 88%] [32mBuilding CXX object CMakeFiles/test_map.dir/test/performance.cpp.o[0m
[6.003s] [100%] [32m[1mLinking CXX executable test_map[0m
[6.186s] [100%] Built target test_map
[6.198s] Invoked command in '/home/p3zz/Documents/uni/robot-planning-project/build/map' returned '0': CMAKE_PREFIX_PATH=${CMAKE_PREFIX_PATH}:/opt/ros/humble /usr/bin/cmake --build /home/p3zz/Documents/uni/robot-planning-project/build/map -- -j8 -l8
[6.246s] Invoking command in '/home/p3zz/Documents/uni/robot-planning-project/build/map': CMAKE_PREFIX_PATH=${CMAKE_PREFIX_PATH}:/opt/ros/humble /usr/bin/cmake --install /home/p3zz/Documents/uni/robot-planning-project/build/map
[6.253s] -- Install configuration: ""
[6.254s] -- Installing: /home/p3zz/Documents/uni/robot-planning-project/install/map/share/map/environment/library_path.sh
[6.254s] -- Installing: /home/p3zz/Documents/uni/robot-planning-project/install/map/share/map/environment/library_path.dsv
[6.254s] -- Installing: /home/p3zz/Documents/uni/robot-planning-project/install/map/include/map
[6.254s] -- Installing: /home/p3zz/Documents/uni/robot-planning-project/install/map/include/map/map.hpp
[6.255s] -- Installing: /home/p3zz/Documents/uni/robot-planning-project/install/map/lib/libmap.a
[6.255s] -- Installing: /home/p3zz/Documents/uni/robot-planning-project/install/map/lib/map/test_map
[6.257s] -- Installing: /home/p3zz/Documents/uni/robot-planning-project/install/map/share/ament_index/resource_index/package_run_dependencies/map
[6.258s] -- Installing: /home/p3zz/Documents/uni/robot-planning-project/install/map/share/ament_index/resource_index/parent_prefix_path/map
[6.258s] -- Installing: /home/p3zz/Documents/uni/robot-planning-project/install/map/share/map/environment/ament_prefix_path.sh
[6.258s] -- Installing: /home/p3zz/Documents/uni/robot-planning-project/install/map/share/map/environment/ament_prefix_path.dsv
[6.258s] -- Installing: /home/p3zz/Documents/uni/robot-planning-project/install/map/share/map/environment/path.sh
[6.258s] -- Installing: /home/p3zz/Documents/uni/robot-planning-project/install/map/share/map/environment/path.dsv
[6.259s] -- Installing: /home/p3zz/Documents/uni/robot-planning-project/install/map/share/map/local_setup.bash
[6.259s] -- Installing: /home/p3zz/Documents/uni/robot-planning-project/install/map/share/map/local_setup.sh
[6.259s] -- Installing: /home/p3zz/Documents/uni/robot-planning-project/install/map/share/map/local_setup.zsh
[6.259s] -- Installing: /home/p3zz/Documents/uni/robot-planning-project/install/map/share/map/local_setup.dsv
[6.259s] -- Installing: /home/p3zz/Documents/uni/robot-planning-project/install/map/share/map/package.dsv
[6.259s] -- Installing: /home/p3zz/Documents/uni/robot-planning-project/install/map/share/ament_index/resource_index/packages/map
[6.260s] -- Installing: /home/p3zz/Documents/uni/robot-planning-project/install/map/share/map/cmake/mapExport.cmake
[6.260s] -- Installing: /home/p3zz/Documents/uni/robot-planning-project/install/map/share/map/cmake/mapExport-noconfig.cmake
[6.260s] -- Installing: /home/p3zz/Documents/uni/robot-planning-project/install/map/share/map/cmake/ament_cmake_export_targets-extras.cmake
[6.260s] -- Installing: /home/p3zz/Documents/uni/robot-planning-project/install/map/share/map/cmake/mapConfig.cmake
[6.260s] -- Installing: /home/p3zz/Documents/uni/robot-planning-project/install/map/share/map/cmake/mapConfig-version.cmake
[6.260s] -- Installing: /home/p3zz/Documents/uni/robot-planning-project/install/map/share/map/package.xml
[6.263s] Invoked command in '/home/p3zz/Documents/uni/robot-planning-project/build/map' returned '0': CMAKE_PREFIX_PATH=${CMAKE_PREFIX_PATH}:/opt/ros/humble /usr/bin/cmake --install /home/p3zz/Documents/uni/robot-planning-project/build/map
