[0.046s] Invoking command in '/home/p3zz/Documents/uni/robot-planning-project/build/dubins': CMAKE_PREFIX_PATH=/opt/ros/humble /usr/bin/cmake /home/p3zz/Documents/uni/robot-planning-project/dubins -DCMAKE_INSTALL_PREFIX=/home/p3zz/Documents/uni/robot-planning-project/install/dubins
[0.075s] -- Found ament_cmake: 1.3.3 (/opt/ros/humble/share/ament_cmake/cmake)
[0.396s] [31mCMake Error at CMakeLists.txt:9 (find_package):
[0.396s]   By not providing "Findutils.cmake" in CMAKE_MODULE_PATH this project has
[0.396s]   asked CMake to find a package configuration file provided by "utils", but
[0.397s]   CMake did not find one.
[0.397s] 
[0.397s]   Could not find a package configuration file provided by "utils" with any of
[0.397s]   the following names:
[0.397s] 
[0.398s]     utilsConfig.cmake
[0.398s]     utils-config.cmake
[0.399s] 
[0.399s]   Add the installation prefix of "utils" to CMAKE_PREFIX_PATH or set
[0.399s]   "utils_DIR" to a directory containing one of the above files.  If "utils"
[0.399s]   provides a separate development package or SDK, be sure it has been
[0.400s]   installed.
[0.400s] 
[0.402s] [0m
[0.402s] -- Configuring incomplete, errors occurred!
[0.402s] See also "/home/p3zz/Documents/uni/robot-planning-project/build/dubins/CMakeFiles/CMakeOutput.log".
[0.419s] Invoked command in '/home/p3zz/Documents/uni/robot-planning-project/build/dubins' returned '1': CMAKE_PREFIX_PATH=/opt/ros/humble /usr/bin/cmake /home/p3zz/Documents/uni/robot-planning-project/dubins -DCMAKE_INSTALL_PREFIX=/home/p3zz/Documents/uni/robot-planning-project/install/dubins
