-- The C compiler identification is GNU 11.3.0
-- The CXX compiler identification is GNU 11.3.0
-- Detecting C compiler ABI info
-- Detecting C compiler ABI info - done
-- Check for working C compiler: /usr/bin/cc - skipped
-- Detecting C compile features
-- Detecting C compile features - done
-- Detecting CXX compiler ABI info
-- Detecting CXX compiler ABI info - done
-- Check for working CXX compiler: /usr/bin/c++ - skipped
-- Detecting CXX compile features
-- Detecting CXX compile features - done
-- Found ament_cmake: 1.3.3 (/opt/ros/humble/share/ament_cmake/cmake)
-- Found Python3: /usr/bin/python3.10 (found version "3.10.6") found components: Interpreter 
-- Found ament_cmake_gtest: 1.3.3 (/opt/ros/humble/share/ament_cmake_gtest/cmake)
-- Found gtest sources under '/opt/ros/humble/src/gtest_vendor': C++ tests using 'Google Test' will be built
-- Looking for pthread.h
-- Looking for pthread.h - found
-- Performing Test CMAKE_HAVE_LIBC_PTHREAD
-- Performing Test CMAKE_HAVE_LIBC_PTHREAD - Success
-- Found Threads: TRUE  
-- Configuring done
-- Generating done
-- Build files have been written to: /root/ros2_ws/src/robot-planning-project/build/shapes
[ 27%] [32mBuilding CXX object gtest/CMakeFiles/gtest.dir/src/gtest-all.cc.o[0m
[ 27%] [32mBuilding CXX object gtest/CMakeFiles/gtest_main.dir/src/gtest_main.cc.o[0m
[ 27%] [32mBuilding CXX object CMakeFiles/shapes.dir/src/shapes.cpp.o[0m
[ 36%] [32m[1mLinking CXX static library libshapes.a[0m
[ 36%] Built target shapes
[ 45%] [32m[1mLinking CXX static library libgtest_main.a[0m
[ 45%] Built target gtest_main
[ 54%] [32m[1mLinking CXX static library libgtest.a[0m
[ 54%] Built target gtest
[ 90%] [32mBuilding CXX object CMakeFiles/test_shapes.dir/test/segment.cpp.o[0m
[ 90%] [32mBuilding CXX object CMakeFiles/test_shapes.dir/test/polygon.cpp.o[0m
[ 90%] [32mBuilding CXX object CMakeFiles/test_shapes.dir/test/circle.cpp.o[0m
[ 90%] [32mBuilding CXX object CMakeFiles/test_shapes.dir/test/main.cpp.o[0m
[100%] [32m[1mLinking CXX executable test_shapes[0m
[100%] Built target test_shapes
-- Install configuration: ""
-- Installing: /root/ros2_ws/src/robot-planning-project/install/shapes/share/shapes/environment/library_path.sh
-- Installing: /root/ros2_ws/src/robot-planning-project/install/shapes/share/shapes/environment/library_path.dsv
-- Installing: /root/ros2_ws/src/robot-planning-project/install/shapes/include/shapes
-- Installing: /root/ros2_ws/src/robot-planning-project/install/shapes/include/shapes/shapes.hpp
-- Installing: /root/ros2_ws/src/robot-planning-project/install/shapes/lib/libshapes.a
-- Installing: /root/ros2_ws/src/robot-planning-project/install/shapes/lib/shapes/test_shapes
-- Installing: /root/ros2_ws/src/robot-planning-project/install/shapes/share/ament_index/resource_index/package_run_dependencies/shapes
-- Installing: /root/ros2_ws/src/robot-planning-project/install/shapes/share/ament_index/resource_index/parent_prefix_path/shapes
-- Installing: /root/ros2_ws/src/robot-planning-project/install/shapes/share/shapes/environment/ament_prefix_path.sh
-- Installing: /root/ros2_ws/src/robot-planning-project/install/shapes/share/shapes/environment/ament_prefix_path.dsv
-- Installing: /root/ros2_ws/src/robot-planning-project/install/shapes/share/shapes/environment/path.sh
-- Installing: /root/ros2_ws/src/robot-planning-project/install/shapes/share/shapes/environment/path.dsv
-- Installing: /root/ros2_ws/src/robot-planning-project/install/shapes/share/shapes/local_setup.bash
-- Installing: /root/ros2_ws/src/robot-planning-project/install/shapes/share/shapes/local_setup.sh
-- Installing: /root/ros2_ws/src/robot-planning-project/install/shapes/share/shapes/local_setup.zsh
-- Installing: /root/ros2_ws/src/robot-planning-project/install/shapes/share/shapes/local_setup.dsv
-- Installing: /root/ros2_ws/src/robot-planning-project/install/shapes/share/shapes/package.dsv
-- Installing: /root/ros2_ws/src/robot-planning-project/install/shapes/share/ament_index/resource_index/packages/shapes
-- Installing: /root/ros2_ws/src/robot-planning-project/install/shapes/share/shapes/cmake/shapesExport.cmake
-- Installing: /root/ros2_ws/src/robot-planning-project/install/shapes/share/shapes/cmake/shapesExport-noconfig.cmake
-- Installing: /root/ros2_ws/src/robot-planning-project/install/shapes/share/shapes/cmake/ament_cmake_export_targets-extras.cmake
-- Installing: /root/ros2_ws/src/robot-planning-project/install/shapes/share/shapes/cmake/shapesConfig.cmake
-- Installing: /root/ros2_ws/src/robot-planning-project/install/shapes/share/shapes/cmake/shapesConfig-version.cmake
-- Installing: /root/ros2_ws/src/robot-planning-project/install/shapes/share/shapes/package.xml
