[0.009s] Invoking command in '/root/ros2_ws/src/robot-planning-project/build/shapes': CMAKE_PREFIX_PATH=${CMAKE_PREFIX_PATH}:/opt/ros/humble /usr/bin/cmake /root/ros2_ws/src/robot-planning-project/shapes -DCMAKE_INSTALL_PREFIX=/root/ros2_ws/src/robot-planning-project/install/shapes
[0.058s] -- The C compiler identification is GNU 11.3.0
[0.109s] -- The CXX compiler identification is GNU 11.3.0
[0.117s] -- Detecting C compiler ABI info
[0.180s] -- Detecting C compiler ABI info - done
[0.189s] -- Check for working C compiler: /usr/bin/cc - skipped
[0.189s] -- Detecting C compile features
[0.189s] -- Detecting C compile features - done
[0.193s] -- Detecting CXX compiler ABI info
[0.270s] -- Detecting CXX compiler ABI info - done
[0.278s] -- Check for working CXX compiler: /usr/bin/c++ - skipped
[0.279s] -- Detecting CXX compile features
[0.279s] -- Detecting CXX compile features - done
[0.282s] -- Found ament_cmake: 1.3.3 (/opt/ros/humble/share/ament_cmake/cmake)
[0.431s] -- Found Python3: /usr/bin/python3.10 (found version "3.10.6") found components: Interpreter 
[0.510s] -- Found ament_cmake_gtest: 1.3.3 (/opt/ros/humble/share/ament_cmake_gtest/cmake)
[0.512s] -- Found gtest sources under '/opt/ros/humble/src/gtest_vendor': C++ tests using 'Google Test' will be built
[0.514s] -- Looking for pthread.h
[0.577s] -- Looking for pthread.h - found
[0.578s] -- Performing Test CMAKE_HAVE_LIBC_PTHREAD
[0.647s] -- Performing Test CMAKE_HAVE_LIBC_PTHREAD - Success
[0.648s] -- Found Threads: TRUE  
[0.710s] -- Configuring done
[0.719s] -- Generating done
[0.720s] -- Build files have been written to: /root/ros2_ws/src/robot-planning-project/build/shapes
[0.724s] Invoked command in '/root/ros2_ws/src/robot-planning-project/build/shapes' returned '0': CMAKE_PREFIX_PATH=${CMAKE_PREFIX_PATH}:/opt/ros/humble /usr/bin/cmake /root/ros2_ws/src/robot-planning-project/shapes -DCMAKE_INSTALL_PREFIX=/root/ros2_ws/src/robot-planning-project/install/shapes
[0.726s] Invoking command in '/root/ros2_ws/src/robot-planning-project/build/shapes': CMAKE_PREFIX_PATH=${CMAKE_PREFIX_PATH}:/opt/ros/humble /usr/bin/cmake --build /root/ros2_ws/src/robot-planning-project/build/shapes -- -j8 -l8
[0.772s] [ 27%] [32mBuilding CXX object gtest/CMakeFiles/gtest.dir/src/gtest-all.cc.o[0m
[0.772s] [ 27%] [32mBuilding CXX object gtest/CMakeFiles/gtest_main.dir/src/gtest_main.cc.o[0m
[0.772s] [ 27%] [32mBuilding CXX object CMakeFiles/shapes.dir/src/shapes.cpp.o[0m
[1.038s] [ 36%] [32m[1mLinking CXX static library libshapes.a[0m
[1.068s] [ 36%] Built target shapes
[1.648s] [ 45%] [32m[1mLinking CXX static library libgtest_main.a[0m
[1.678s] [ 45%] Built target gtest_main
[3.778s] [ 54%] [32m[1mLinking CXX static library libgtest.a[0m
[3.834s] [ 54%] Built target gtest
[3.854s] [ 90%] [32mBuilding CXX object CMakeFiles/test_shapes.dir/test/segment.cpp.o[0m
[3.855s] [ 90%] [32mBuilding CXX object CMakeFiles/test_shapes.dir/test/polygon.cpp.o[0m
[3.855s] [ 90%] [32mBuilding CXX object CMakeFiles/test_shapes.dir/test/circle.cpp.o[0m
[3.855s] [ 90%] [32mBuilding CXX object CMakeFiles/test_shapes.dir/test/main.cpp.o[0m
[5.106s] [100%] [32m[1mLinking CXX executable test_shapes[0m
[5.257s] [100%] Built target test_shapes
[5.268s] Invoked command in '/root/ros2_ws/src/robot-planning-project/build/shapes' returned '0': CMAKE_PREFIX_PATH=${CMAKE_PREFIX_PATH}:/opt/ros/humble /usr/bin/cmake --build /root/ros2_ws/src/robot-planning-project/build/shapes -- -j8 -l8
[5.312s] Invoking command in '/root/ros2_ws/src/robot-planning-project/build/shapes': CMAKE_PREFIX_PATH=${CMAKE_PREFIX_PATH}:/opt/ros/humble /usr/bin/cmake --install /root/ros2_ws/src/robot-planning-project/build/shapes
[5.319s] -- Install configuration: ""
[5.319s] -- Installing: /root/ros2_ws/src/robot-planning-project/install/shapes/share/shapes/environment/library_path.sh
[5.319s] -- Installing: /root/ros2_ws/src/robot-planning-project/install/shapes/share/shapes/environment/library_path.dsv
[5.319s] -- Installing: /root/ros2_ws/src/robot-planning-project/install/shapes/include/shapes
[5.319s] -- Installing: /root/ros2_ws/src/robot-planning-project/install/shapes/include/shapes/shapes.hpp
[5.320s] -- Installing: /root/ros2_ws/src/robot-planning-project/install/shapes/lib/libshapes.a
[5.320s] -- Installing: /root/ros2_ws/src/robot-planning-project/install/shapes/lib/shapes/test_shapes
[5.322s] -- Installing: /root/ros2_ws/src/robot-planning-project/install/shapes/share/ament_index/resource_index/package_run_dependencies/shapes
[5.322s] -- Installing: /root/ros2_ws/src/robot-planning-project/install/shapes/share/ament_index/resource_index/parent_prefix_path/shapes
[5.322s] -- Installing: /root/ros2_ws/src/robot-planning-project/install/shapes/share/shapes/environment/ament_prefix_path.sh
[5.322s] -- Installing: /root/ros2_ws/src/robot-planning-project/install/shapes/share/shapes/environment/ament_prefix_path.dsv
[5.323s] -- Installing: /root/ros2_ws/src/robot-planning-project/install/shapes/share/shapes/environment/path.sh
[5.323s] -- Installing: /root/ros2_ws/src/robot-planning-project/install/shapes/share/shapes/environment/path.dsv
[5.323s] -- Installing: /root/ros2_ws/src/robot-planning-project/install/shapes/share/shapes/local_setup.bash
[5.323s] -- Installing: /root/ros2_ws/src/robot-planning-project/install/shapes/share/shapes/local_setup.sh
[5.323s] -- Installing: /root/ros2_ws/src/robot-planning-project/install/shapes/share/shapes/local_setup.zsh
[5.324s] -- Installing: /root/ros2_ws/src/robot-planning-project/install/shapes/share/shapes/local_setup.dsv
[5.324s] -- Installing: /root/ros2_ws/src/robot-planning-project/install/shapes/share/shapes/package.dsv
[5.324s] -- Installing: /root/ros2_ws/src/robot-planning-project/install/shapes/share/ament_index/resource_index/packages/shapes
[5.324s] -- Installing: /root/ros2_ws/src/robot-planning-project/install/shapes/share/shapes/cmake/shapesExport.cmake
[5.325s] -- Installing: /root/ros2_ws/src/robot-planning-project/install/shapes/share/shapes/cmake/shapesExport-noconfig.cmake
[5.325s] -- Installing: /root/ros2_ws/src/robot-planning-project/install/shapes/share/shapes/cmake/ament_cmake_export_targets-extras.cmake
[5.325s] -- Installing: /root/ros2_ws/src/robot-planning-project/install/shapes/share/shapes/cmake/shapesConfig.cmake
[5.325s] -- Installing: /root/ros2_ws/src/robot-planning-project/install/shapes/share/shapes/cmake/shapesConfig-version.cmake
[5.325s] -- Installing: /root/ros2_ws/src/robot-planning-project/install/shapes/share/shapes/package.xml
[5.328s] Invoked command in '/root/ros2_ws/src/robot-planning-project/build/shapes' returned '0': CMAKE_PREFIX_PATH=${CMAKE_PREFIX_PATH}:/opt/ros/humble /usr/bin/cmake --install /root/ros2_ws/src/robot-planning-project/build/shapes
