[0.015s] Invoking command in '/home/p3zz/Documents/uni/robot-planning-project/build/dubins': CMAKE_PREFIX_PATH=${CMAKE_PREFIX_PATH}:/opt/ros/humble /usr/bin/cmake /home/p3zz/Documents/uni/robot-planning-project/dubins -DCMAKE_INSTALL_PREFIX=/home/p3zz/Documents/uni/robot-planning-project/install/dubins
[0.080s] -- The C compiler identification is GNU 11.3.0
[0.142s] -- The CXX compiler identification is GNU 11.3.0
[0.149s] -- Detecting C compiler ABI info
[0.217s] -- Detecting C compiler ABI info - done
[0.226s] -- Check for working C compiler: /usr/bin/cc - skipped
[0.226s] -- Detecting C compile features
[0.227s] -- Detecting C compile features - done
[0.230s] -- Detecting CXX compiler ABI info
[0.314s] -- Detecting CXX compiler ABI info - done
[0.323s] -- Check for working CXX compiler: /usr/bin/c++ - skipped
[0.323s] -- Detecting CXX compile features
[0.324s] -- Detecting CXX compile features - done
[0.327s] -- Found ament_cmake: 1.3.3 (/opt/ros/humble/share/ament_cmake/cmake)
[0.524s] -- Found Python3: /usr/bin/python3.10 (found version "3.10.6") found components: Interpreter 
[0.623s] -- Found utils: 0.0.0 (/home/p3zz/Documents/uni/robot-planning-project/install/utils/share/utils/cmake)
[0.624s] -- Found shapes: 0.0.0 (/home/p3zz/Documents/uni/robot-planning-project/install/shapes/share/shapes/cmake)
[0.628s] -- Found ament_cmake_gtest: 1.3.3 (/opt/ros/humble/share/ament_cmake_gtest/cmake)
[0.631s] -- Found gtest sources under '/opt/ros/humble/src/gtest_vendor': C++ tests using 'Google Test' will be built
[0.634s] -- Looking for pthread.h
[0.710s] -- Looking for pthread.h - found
[0.710s] -- Performing Test CMAKE_HAVE_LIBC_PTHREAD
[0.784s] -- Performing Test CMAKE_HAVE_LIBC_PTHREAD - Success
[0.786s] -- Found Threads: TRUE  
[0.853s] -- Configuring done
[0.864s] -- Generating done
[0.865s] -- Build files have been written to: /home/p3zz/Documents/uni/robot-planning-project/build/dubins
[0.870s] Invoked command in '/home/p3zz/Documents/uni/robot-planning-project/build/dubins' returned '0': CMAKE_PREFIX_PATH=${CMAKE_PREFIX_PATH}:/opt/ros/humble /usr/bin/cmake /home/p3zz/Documents/uni/robot-planning-project/dubins -DCMAKE_INSTALL_PREFIX=/home/p3zz/Documents/uni/robot-planning-project/install/dubins
[0.871s] Invoking command in '/home/p3zz/Documents/uni/robot-planning-project/build/dubins': CMAKE_PREFIX_PATH=${CMAKE_PREFIX_PATH}:/opt/ros/humble /usr/bin/cmake --build /home/p3zz/Documents/uni/robot-planning-project/build/dubins -- -j8 -l8
[0.923s] [ 20%] [32mBuilding CXX object gtest/CMakeFiles/gtest_main.dir/src/gtest_main.cc.o[0m
[0.923s] [ 30%] [32mBuilding CXX object CMakeFiles/dubins.dir/src/dubins.cpp.o[0m
[0.924s] [ 30%] [32mBuilding CXX object gtest/CMakeFiles/gtest.dir/src/gtest-all.cc.o[0m
[2.066s] [ 40%] [32m[1mLinking CXX static library libgtest_main.a[0m
[2.101s] [ 40%] Built target gtest_main
[2.890s] [ 50%] [32m[1mLinking CXX static library libdubins.a[0m
[2.932s] [ 50%] Built target dubins
[4.590s] [ 60%] [32m[1mLinking CXX static library libgtest.a[0m
[4.657s] [ 60%] Built target gtest
[4.678s] [ 80%] [32mBuilding CXX object CMakeFiles/test_dubins.dir/test/performance.cpp.o[0m
[4.678s] [ 80%] [32mBuilding CXX object CMakeFiles/test_dubins.dir/test/collisions.cpp.o[0m
[4.679s] [ 90%] [32mBuilding CXX object CMakeFiles/test_dubins.dir/test/main.cpp.o[0m
[7.136s] [100%] [32m[1mLinking CXX executable test_dubins[0m
[7.341s] [100%] Built target test_dubins
[7.352s] Invoked command in '/home/p3zz/Documents/uni/robot-planning-project/build/dubins' returned '0': CMAKE_PREFIX_PATH=${CMAKE_PREFIX_PATH}:/opt/ros/humble /usr/bin/cmake --build /home/p3zz/Documents/uni/robot-planning-project/build/dubins -- -j8 -l8
[7.398s] Invoking command in '/home/p3zz/Documents/uni/robot-planning-project/build/dubins': CMAKE_PREFIX_PATH=${CMAKE_PREFIX_PATH}:/opt/ros/humble /usr/bin/cmake --install /home/p3zz/Documents/uni/robot-planning-project/build/dubins
[7.404s] -- Install configuration: ""
[7.404s] -- Installing: /home/p3zz/Documents/uni/robot-planning-project/install/dubins/share/dubins/environment/library_path.sh
[7.405s] -- Installing: /home/p3zz/Documents/uni/robot-planning-project/install/dubins/share/dubins/environment/library_path.dsv
[7.405s] -- Installing: /home/p3zz/Documents/uni/robot-planning-project/install/dubins/include/dubins
[7.405s] -- Installing: /home/p3zz/Documents/uni/robot-planning-project/install/dubins/include/dubins/dubins.hpp
[7.405s] -- Installing: /home/p3zz/Documents/uni/robot-planning-project/install/dubins/lib/libdubins.a
[7.406s] -- Installing: /home/p3zz/Documents/uni/robot-planning-project/install/dubins/lib/dubins/test_dubins
[7.408s] -- Installing: /home/p3zz/Documents/uni/robot-planning-project/install/dubins/share/ament_index/resource_index/package_run_dependencies/dubins
[7.408s] -- Installing: /home/p3zz/Documents/uni/robot-planning-project/install/dubins/share/ament_index/resource_index/parent_prefix_path/dubins
[7.408s] -- Installing: /home/p3zz/Documents/uni/robot-planning-project/install/dubins/share/dubins/environment/ament_prefix_path.sh
[7.408s] -- Installing: /home/p3zz/Documents/uni/robot-planning-project/install/dubins/share/dubins/environment/ament_prefix_path.dsv
[7.408s] -- Installing: /home/p3zz/Documents/uni/robot-planning-project/install/dubins/share/dubins/environment/path.sh
[7.408s] -- Installing: /home/p3zz/Documents/uni/robot-planning-project/install/dubins/share/dubins/environment/path.dsv
[7.408s] -- Installing: /home/p3zz/Documents/uni/robot-planning-project/install/dubins/share/dubins/local_setup.bash
[7.409s] -- Installing: /home/p3zz/Documents/uni/robot-planning-project/install/dubins/share/dubins/local_setup.sh
[7.409s] -- Installing: /home/p3zz/Documents/uni/robot-planning-project/install/dubins/share/dubins/local_setup.zsh
[7.409s] -- Installing: /home/p3zz/Documents/uni/robot-planning-project/install/dubins/share/dubins/local_setup.dsv
[7.409s] -- Installing: /home/p3zz/Documents/uni/robot-planning-project/install/dubins/share/dubins/package.dsv
[7.409s] -- Installing: /home/p3zz/Documents/uni/robot-planning-project/install/dubins/share/ament_index/resource_index/packages/dubins
[7.409s] -- Installing: /home/p3zz/Documents/uni/robot-planning-project/install/dubins/share/dubins/cmake/dubinsExport.cmake
[7.410s] -- Installing: /home/p3zz/Documents/uni/robot-planning-project/install/dubins/share/dubins/cmake/dubinsExport-noconfig.cmake
[7.410s] -- Installing: /home/p3zz/Documents/uni/robot-planning-project/install/dubins/share/dubins/cmake/ament_cmake_export_targets-extras.cmake
[7.410s] -- Installing: /home/p3zz/Documents/uni/robot-planning-project/install/dubins/share/dubins/cmake/dubinsConfig.cmake
[7.410s] -- Installing: /home/p3zz/Documents/uni/robot-planning-project/install/dubins/share/dubins/cmake/dubinsConfig-version.cmake
[7.410s] -- Installing: /home/p3zz/Documents/uni/robot-planning-project/install/dubins/share/dubins/package.xml
[7.413s] Invoked command in '/home/p3zz/Documents/uni/robot-planning-project/build/dubins' returned '0': CMAKE_PREFIX_PATH=${CMAKE_PREFIX_PATH}:/opt/ros/humble /usr/bin/cmake --install /home/p3zz/Documents/uni/robot-planning-project/build/dubins
