[0.050s] Invoking command in '/home/p3zz/Documents/uni/robot-planning-project/build/dubins': CMAKE_PREFIX_PATH=/opt/ros/humble /usr/bin/cmake /home/p3zz/Documents/uni/robot-planning-project/dubins -DCMAKE_INSTALL_PREFIX=/home/p3zz/Documents/uni/robot-planning-project/install/dubins
[0.090s] -- Found ament_cmake: 1.3.3 (/opt/ros/humble/share/ament_cmake/cmake)
[0.387s] [31mCMake Error at CMakeLists.txt:9 (find_package):
[0.387s]   By not providing "Findutils.cmake" in CMAKE_MODULE_PATH this project has
[0.388s]   asked CMake to find a package configuration file provided by "utils", but
[0.388s]   CMake did not find one.
[0.388s] 
[0.388s]   Could not find a package configuration file provided by "utils" with any of
[0.389s]   the following names:
[0.389s] 
[0.389s]     utilsConfig.cmake
[0.390s]     utils-config.cmake
[0.390s] 
[0.390s]   Add the installation prefix of "utils" to CMAKE_PREFIX_PATH or set
[0.391s]   "utils_DIR" to a directory containing one of the above files.  If "utils"
[0.392s]   provides a separate development package or SDK, be sure it has been
[0.392s]   installed.
[0.392s] 
[0.392s] [0m
[0.393s] -- Configuring incomplete, errors occurred!
[0.393s] See also "/home/p3zz/Documents/uni/robot-planning-project/build/dubins/CMakeFiles/CMakeOutput.log".
[0.400s] Invoked command in '/home/p3zz/Documents/uni/robot-planning-project/build/dubins' returned '1': CMAKE_PREFIX_PATH=/opt/ros/humble /usr/bin/cmake /home/p3zz/Documents/uni/robot-planning-project/dubins -DCMAKE_INSTALL_PREFIX=/home/p3zz/Documents/uni/robot-planning-project/install/dubins
