[35m[1mConsolidate compiler generated dependencies of target shelfino[0m
[ 50%] [32mBuilding CXX object CMakeFiles/shelfino.dir/src/main.cpp.o[0m
[01m[K/home/p3zz/Documents/uni/robot-planning-project/communication/shelfino/src/main.cpp:[m[K In function ‘[01m[Kvoid service_body(ShelfinoDto&)[m[K’:
[01m[K/home/p3zz/Documents/uni/robot-planning-project/communication/shelfino/src/main.cpp:27:32:[m[K [01;35m[Kwarning: [m[Kunused parameter ‘[01m[Kdto[m[K’ [[01;35m[K]8;;https://gcc.gnu.org/onlinedocs/gcc/Warning-Options.html#index-Wunused-parameter-Wunused-parameter]8;;[m[K]
   27 | void service_body([01;35m[KShelfinoDto& dto[m[K){
      |                   [01;35m[K~~~~~~~~~~~~~^~~[m[K
[100%] [32m[1mLinking CXX executable shelfino[0m
[100%] Built target shelfino
-- Install configuration: ""
-- Installing: /home/p3zz/Documents/uni/robot-planning-project/install/shelfino/lib/shelfino/shelfino
-- Set runtime path of "/home/p3zz/Documents/uni/robot-planning-project/install/shelfino/lib/shelfino/shelfino" to ""
-- Up-to-date: /home/p3zz/Documents/uni/robot-planning-project/install/shelfino/share/ament_index/resource_index/package_run_dependencies/shelfino
-- Up-to-date: /home/p3zz/Documents/uni/robot-planning-project/install/shelfino/share/ament_index/resource_index/parent_prefix_path/shelfino
-- Up-to-date: /home/p3zz/Documents/uni/robot-planning-project/install/shelfino/share/shelfino/environment/ament_prefix_path.sh
-- Up-to-date: /home/p3zz/Documents/uni/robot-planning-project/install/shelfino/share/shelfino/environment/ament_prefix_path.dsv
-- Up-to-date: /home/p3zz/Documents/uni/robot-planning-project/install/shelfino/share/shelfino/environment/path.sh
-- Up-to-date: /home/p3zz/Documents/uni/robot-planning-project/install/shelfino/share/shelfino/environment/path.dsv
-- Up-to-date: /home/p3zz/Documents/uni/robot-planning-project/install/shelfino/share/shelfino/local_setup.bash
-- Up-to-date: /home/p3zz/Documents/uni/robot-planning-project/install/shelfino/share/shelfino/local_setup.sh
-- Up-to-date: /home/p3zz/Documents/uni/robot-planning-project/install/shelfino/share/shelfino/local_setup.zsh
-- Up-to-date: /home/p3zz/Documents/uni/robot-planning-project/install/shelfino/share/shelfino/local_setup.dsv
-- Installing: /home/p3zz/Documents/uni/robot-planning-project/install/shelfino/share/shelfino/package.dsv
-- Up-to-date: /home/p3zz/Documents/uni/robot-planning-project/install/shelfino/share/ament_index/resource_index/packages/shelfino
-- Up-to-date: /home/p3zz/Documents/uni/robot-planning-project/install/shelfino/share/shelfino/cmake/shelfinoConfig.cmake
-- Up-to-date: /home/p3zz/Documents/uni/robot-planning-project/install/shelfino/share/shelfino/cmake/shelfinoConfig-version.cmake
-- Up-to-date: /home/p3zz/Documents/uni/robot-planning-project/install/shelfino/share/shelfino/package.xml
