[0.020s] Invoking command in '/home/p3zz/Documents/uni/robot-planning-project/build/shelfino': CMAKE_PREFIX_PATH=/home/p3zz/Documents/uni/robot-planning-project/install/shapes:/home/p3zz/Documents/uni/robot-planning-project/install/custom_msgs:/home/p3zz/Documents/uni/robot-planning-project/install/utils:/home/p3zz/Documents/uni/robot-planning-project/install/shelfino:/home/p3zz/Documents/uni/robot-planning-project/install/map:/home/p3zz/Documents/uni/robot-planning-project/install/dubins:/home/p3zz/Documents/uni/robot-planning-project/install/decisions:/opt/ros/humble LD_LIBRARY_PATH=/home/p3zz/Documents/uni/robot-planning-project/install/custom_msgs/lib:/usr/lib/x86_64-linux-gnu/gazebo-11/plugins:/opt/ros/humble/opt/rviz_ogre_vendor/lib:/opt/ros/humble/lib/x86_64-linux-gnu:/opt/ros/humble/lib:/home/p3zz/Documents/uni/robot-planning-project/install/utils/lib:/home/p3zz/Documents/uni/robot-planning-project/install/shapes/lib:/home/p3zz/Documents/uni/robot-planning-project/install/map/lib:/home/p3zz/Documents/uni/robot-planning-project/install/dubins/lib:/home/p3zz/Documents/uni/robot-planning-project/install/decisions/lib /usr/bin/cmake --build /home/p3zz/Documents/uni/robot-planning-project/build/shelfino -- -j8 -l8
[0.068s] [35m[1mConsolidate compiler generated dependencies of target shelfino[0m
[0.093s] [ 50%] [32mBuilding CXX object CMakeFiles/shelfino.dir/src/main.cpp.o[0m
[4.210s] [01m[K/home/p3zz/Documents/uni/robot-planning-project/communication/shelfino/src/main.cpp:[m[K In function ‘[01m[Kvoid service_body(ShelfinoDto&)[m[K’:
[4.210s] [01m[K/home/p3zz/Documents/uni/robot-planning-project/communication/shelfino/src/main.cpp:27:32:[m[K [01;35m[Kwarning: [m[Kunused parameter ‘[01m[Kdto[m[K’ [[01;35m[K]8;;https://gcc.gnu.org/onlinedocs/gcc/Warning-Options.html#index-Wunused-parameter-Wunused-parameter]8;;[m[K]
[4.210s]    27 | void service_body([01;35m[KShelfinoDto& dto[m[K){
[4.210s]       |                   [01;35m[K~~~~~~~~~~~~~^~~[m[K
[20.300s] [100%] [32m[1mLinking CXX executable shelfino[0m
[21.658s] [100%] Built target shelfino
[21.670s] Invoked command in '/home/p3zz/Documents/uni/robot-planning-project/build/shelfino' returned '0': CMAKE_PREFIX_PATH=/home/p3zz/Documents/uni/robot-planning-project/install/shapes:/home/p3zz/Documents/uni/robot-planning-project/install/custom_msgs:/home/p3zz/Documents/uni/robot-planning-project/install/utils:/home/p3zz/Documents/uni/robot-planning-project/install/shelfino:/home/p3zz/Documents/uni/robot-planning-project/install/map:/home/p3zz/Documents/uni/robot-planning-project/install/dubins:/home/p3zz/Documents/uni/robot-planning-project/install/decisions:/opt/ros/humble LD_LIBRARY_PATH=/home/p3zz/Documents/uni/robot-planning-project/install/custom_msgs/lib:/usr/lib/x86_64-linux-gnu/gazebo-11/plugins:/opt/ros/humble/opt/rviz_ogre_vendor/lib:/opt/ros/humble/lib/x86_64-linux-gnu:/opt/ros/humble/lib:/home/p3zz/Documents/uni/robot-planning-project/install/utils/lib:/home/p3zz/Documents/uni/robot-planning-project/install/shapes/lib:/home/p3zz/Documents/uni/robot-planning-project/install/map/lib:/home/p3zz/Documents/uni/robot-planning-project/install/dubins/lib:/home/p3zz/Documents/uni/robot-planning-project/install/decisions/lib /usr/bin/cmake --build /home/p3zz/Documents/uni/robot-planning-project/build/shelfino -- -j8 -l8
[21.712s] Invoking command in '/home/p3zz/Documents/uni/robot-planning-project/build/shelfino': CMAKE_PREFIX_PATH=/home/p3zz/Documents/uni/robot-planning-project/install/shapes:/home/p3zz/Documents/uni/robot-planning-project/install/custom_msgs:/home/p3zz/Documents/uni/robot-planning-project/install/utils:/home/p3zz/Documents/uni/robot-planning-project/install/shelfino:/home/p3zz/Documents/uni/robot-planning-project/install/map:/home/p3zz/Documents/uni/robot-planning-project/install/dubins:/home/p3zz/Documents/uni/robot-planning-project/install/decisions:/opt/ros/humble LD_LIBRARY_PATH=/home/p3zz/Documents/uni/robot-planning-project/install/custom_msgs/lib:/usr/lib/x86_64-linux-gnu/gazebo-11/plugins:/opt/ros/humble/opt/rviz_ogre_vendor/lib:/opt/ros/humble/lib/x86_64-linux-gnu:/opt/ros/humble/lib:/home/p3zz/Documents/uni/robot-planning-project/install/utils/lib:/home/p3zz/Documents/uni/robot-planning-project/install/shapes/lib:/home/p3zz/Documents/uni/robot-planning-project/install/map/lib:/home/p3zz/Documents/uni/robot-planning-project/install/dubins/lib:/home/p3zz/Documents/uni/robot-planning-project/install/decisions/lib /usr/bin/cmake --install /home/p3zz/Documents/uni/robot-planning-project/build/shelfino
[21.720s] -- Install configuration: ""
[21.721s] -- Installing: /home/p3zz/Documents/uni/robot-planning-project/install/shelfino/lib/shelfino/shelfino
[21.733s] -- Set runtime path of "/home/p3zz/Documents/uni/robot-planning-project/install/shelfino/lib/shelfino/shelfino" to ""
[21.733s] -- Up-to-date: /home/p3zz/Documents/uni/robot-planning-project/install/shelfino/share/ament_index/resource_index/package_run_dependencies/shelfino
[21.734s] -- Up-to-date: /home/p3zz/Documents/uni/robot-planning-project/install/shelfino/share/ament_index/resource_index/parent_prefix_path/shelfino
[21.734s] -- Up-to-date: /home/p3zz/Documents/uni/robot-planning-project/install/shelfino/share/shelfino/environment/ament_prefix_path.sh
[21.734s] -- Up-to-date: /home/p3zz/Documents/uni/robot-planning-project/install/shelfino/share/shelfino/environment/ament_prefix_path.dsv
[21.734s] -- Up-to-date: /home/p3zz/Documents/uni/robot-planning-project/install/shelfino/share/shelfino/environment/path.sh
[21.734s] -- Up-to-date: /home/p3zz/Documents/uni/robot-planning-project/install/shelfino/share/shelfino/environment/path.dsv
[21.734s] -- Up-to-date: /home/p3zz/Documents/uni/robot-planning-project/install/shelfino/share/shelfino/local_setup.bash
[21.734s] -- Up-to-date: /home/p3zz/Documents/uni/robot-planning-project/install/shelfino/share/shelfino/local_setup.sh
[21.734s] -- Up-to-date: /home/p3zz/Documents/uni/robot-planning-project/install/shelfino/share/shelfino/local_setup.zsh
[21.734s] -- Up-to-date: /home/p3zz/Documents/uni/robot-planning-project/install/shelfino/share/shelfino/local_setup.dsv
[21.735s] -- Installing: /home/p3zz/Documents/uni/robot-planning-project/install/shelfino/share/shelfino/package.dsv
[21.735s] -- Up-to-date: /home/p3zz/Documents/uni/robot-planning-project/install/shelfino/share/ament_index/resource_index/packages/shelfino
[21.735s] -- Up-to-date: /home/p3zz/Documents/uni/robot-planning-project/install/shelfino/share/shelfino/cmake/shelfinoConfig.cmake
[21.735s] -- Up-to-date: /home/p3zz/Documents/uni/robot-planning-project/install/shelfino/share/shelfino/cmake/shelfinoConfig-version.cmake
[21.735s] -- Up-to-date: /home/p3zz/Documents/uni/robot-planning-project/install/shelfino/share/shelfino/package.xml
[21.737s] Invoked command in '/home/p3zz/Documents/uni/robot-planning-project/build/shelfino' returned '0': CMAKE_PREFIX_PATH=/home/p3zz/Documents/uni/robot-planning-project/install/shapes:/home/p3zz/Documents/uni/robot-planning-project/install/custom_msgs:/home/p3zz/Documents/uni/robot-planning-project/install/utils:/home/p3zz/Documents/uni/robot-planning-project/install/shelfino:/home/p3zz/Documents/uni/robot-planning-project/install/map:/home/p3zz/Documents/uni/robot-planning-project/install/dubins:/home/p3zz/Documents/uni/robot-planning-project/install/decisions:/opt/ros/humble LD_LIBRARY_PATH=/home/p3zz/Documents/uni/robot-planning-project/install/custom_msgs/lib:/usr/lib/x86_64-linux-gnu/gazebo-11/plugins:/opt/ros/humble/opt/rviz_ogre_vendor/lib:/opt/ros/humble/lib/x86_64-linux-gnu:/opt/ros/humble/lib:/home/p3zz/Documents/uni/robot-planning-project/install/utils/lib:/home/p3zz/Documents/uni/robot-planning-project/install/shapes/lib:/home/p3zz/Documents/uni/robot-planning-project/install/map/lib:/home/p3zz/Documents/uni/robot-planning-project/install/dubins/lib:/home/p3zz/Documents/uni/robot-planning-project/install/decisions/lib /usr/bin/cmake --install /home/p3zz/Documents/uni/robot-planning-project/build/shelfino
