[0.015s] Invoking command in '/home/p3zz/Documents/uni/robot-planning-project/build/utils': CMAKE_PREFIX_PATH=${CMAKE_PREFIX_PATH}:/opt/ros/humble /usr/bin/cmake /home/p3zz/Documents/uni/robot-planning-project/utils -DCMAKE_INSTALL_PREFIX=/home/p3zz/Documents/uni/robot-planning-project/install/utils
[0.079s] -- The C compiler identification is GNU 11.3.0
[0.145s] -- The CXX compiler identification is GNU 11.3.0
[0.155s] -- Detecting C compiler ABI info
[0.235s] -- Detecting C compiler ABI info - done
[0.245s] -- Check for working C compiler: /usr/bin/cc - skipped
[0.246s] -- Detecting C compile features
[0.246s] -- Detecting C compile features - done
[0.251s] -- Detecting CXX compiler ABI info
[0.342s] -- Detecting CXX compiler ABI info - done
[0.355s] -- Check for working CXX compiler: /usr/bin/c++ - skipped
[0.356s] -- Detecting CXX compile features
[0.356s] -- Detecting CXX compile features - done
[0.359s] -- Found ament_cmake: 1.3.3 (/opt/ros/humble/share/ament_cmake/cmake)
[0.561s] -- Found Python3: /usr/bin/python3.10 (found version "3.10.6") found components: Interpreter 
[0.664s] -- Found ament_lint_auto: 0.12.4 (/opt/ros/humble/share/ament_lint_auto/cmake)
[0.757s] -- Added test 'cppcheck' to perform static code analysis on C / C++ code
[0.757s] -- Configured cppcheck include dirs: /home/p3zz/Documents/uni/robot-planning-project/utils/include
[0.757s] -- Configured cppcheck exclude dirs and/or files: 
[0.758s] -- Added test 'lint_cmake' to check CMake code style
[0.760s] -- Added test 'uncrustify' to check C / C++ code style
[0.760s] -- Configured uncrustify additional arguments: 
[0.760s] -- Added test 'xmllint' to check XML markup files
[0.763s] -- Configuring done
[0.768s] -- Generating done
[0.769s] -- Build files have been written to: /home/p3zz/Documents/uni/robot-planning-project/build/utils
[0.776s] Invoked command in '/home/p3zz/Documents/uni/robot-planning-project/build/utils' returned '0': CMAKE_PREFIX_PATH=${CMAKE_PREFIX_PATH}:/opt/ros/humble /usr/bin/cmake /home/p3zz/Documents/uni/robot-planning-project/utils -DCMAKE_INSTALL_PREFIX=/home/p3zz/Documents/uni/robot-planning-project/install/utils
[0.779s] Invoking command in '/home/p3zz/Documents/uni/robot-planning-project/build/utils': CMAKE_PREFIX_PATH=${CMAKE_PREFIX_PATH}:/opt/ros/humble /usr/bin/cmake --build /home/p3zz/Documents/uni/robot-planning-project/build/utils -- -j8 -l8
[0.829s] [ 50%] [32mBuilding CXX object CMakeFiles/utils.dir/src/utils.cpp.o[0m
[1.208s] [100%] [32m[1mLinking CXX static library libutils.a[0m
[1.243s] [100%] Built target utils
[1.255s] Invoked command in '/home/p3zz/Documents/uni/robot-planning-project/build/utils' returned '0': CMAKE_PREFIX_PATH=${CMAKE_PREFIX_PATH}:/opt/ros/humble /usr/bin/cmake --build /home/p3zz/Documents/uni/robot-planning-project/build/utils -- -j8 -l8
[1.295s] Invoking command in '/home/p3zz/Documents/uni/robot-planning-project/build/utils': CMAKE_PREFIX_PATH=${CMAKE_PREFIX_PATH}:/opt/ros/humble /usr/bin/cmake --install /home/p3zz/Documents/uni/robot-planning-project/build/utils
[1.304s] -- Install configuration: ""
[1.304s] -- Installing: /home/p3zz/Documents/uni/robot-planning-project/install/utils/share/utils/environment/library_path.sh
[1.304s] -- Installing: /home/p3zz/Documents/uni/robot-planning-project/install/utils/share/utils/environment/library_path.dsv
[1.304s] -- Installing: /home/p3zz/Documents/uni/robot-planning-project/install/utils/include/utils
[1.304s] -- Installing: /home/p3zz/Documents/uni/robot-planning-project/install/utils/include/utils/utils.h
[1.305s] -- Installing: /home/p3zz/Documents/uni/robot-planning-project/install/utils/lib/libutils.a
[1.305s] -- Installing: /home/p3zz/Documents/uni/robot-planning-project/install/utils/share/ament_index/resource_index/package_run_dependencies/utils
[1.305s] -- Installing: /home/p3zz/Documents/uni/robot-planning-project/install/utils/share/ament_index/resource_index/parent_prefix_path/utils
[1.305s] -- Installing: /home/p3zz/Documents/uni/robot-planning-project/install/utils/share/utils/environment/ament_prefix_path.sh
[1.306s] -- Installing: /home/p3zz/Documents/uni/robot-planning-project/install/utils/share/utils/environment/ament_prefix_path.dsv
[1.306s] -- Installing: /home/p3zz/Documents/uni/robot-planning-project/install/utils/share/utils/environment/path.sh
[1.306s] -- Installing: /home/p3zz/Documents/uni/robot-planning-project/install/utils/share/utils/environment/path.dsv
[1.306s] -- Installing: /home/p3zz/Documents/uni/robot-planning-project/install/utils/share/utils/local_setup.bash
[1.306s] -- Installing: /home/p3zz/Documents/uni/robot-planning-project/install/utils/share/utils/local_setup.sh
[1.307s] -- Installing: /home/p3zz/Documents/uni/robot-planning-project/install/utils/share/utils/local_setup.zsh
[1.307s] -- Installing: /home/p3zz/Documents/uni/robot-planning-project/install/utils/share/utils/local_setup.dsv
[1.307s] -- Installing: /home/p3zz/Documents/uni/robot-planning-project/install/utils/share/utils/package.dsv
[1.307s] -- Installing: /home/p3zz/Documents/uni/robot-planning-project/install/utils/share/ament_index/resource_index/packages/utils
[1.308s] -- Installing: /home/p3zz/Documents/uni/robot-planning-project/install/utils/share/utils/cmake/utilsExport.cmake
[1.308s] -- Installing: /home/p3zz/Documents/uni/robot-planning-project/install/utils/share/utils/cmake/utilsExport-noconfig.cmake
[1.308s] -- Installing: /home/p3zz/Documents/uni/robot-planning-project/install/utils/share/utils/cmake/ament_cmake_export_targets-extras.cmake
[1.308s] -- Installing: /home/p3zz/Documents/uni/robot-planning-project/install/utils/share/utils/cmake/utilsConfig.cmake
[1.308s] -- Installing: /home/p3zz/Documents/uni/robot-planning-project/install/utils/share/utils/cmake/utilsConfig-version.cmake
[1.308s] -- Installing: /home/p3zz/Documents/uni/robot-planning-project/install/utils/share/utils/package.xml
[1.312s] Invoked command in '/home/p3zz/Documents/uni/robot-planning-project/build/utils' returned '0': CMAKE_PREFIX_PATH=${CMAKE_PREFIX_PATH}:/opt/ros/humble /usr/bin/cmake --install /home/p3zz/Documents/uni/robot-planning-project/build/utils
