[0.027s] Invoking command in '/home/p3zz/Documents/uni/robot-planning-project/build/decisions': /usr/bin/cmake /home/p3zz/Documents/uni/robot-planning-project/decisions -DCMAKE_INSTALL_PREFIX=/home/p3zz/Documents/uni/robot-planning-project/install/decisions
[0.224s] -- The C compiler identification is GNU 11.3.0
[0.399s] -- The CXX compiler identification is GNU 11.3.0
[0.429s] -- Detecting C compiler ABI info
[0.624s] -- Detecting C compiler ABI info - done
[0.644s] -- Check for working C compiler: /usr/bin/cc - skipped
[0.645s] -- Detecting C compile features
[0.645s] -- Detecting C compile features - done
[0.651s] -- Detecting CXX compiler ABI info
[0.814s] -- Detecting CXX compiler ABI info - done
[0.887s] -- Check for working CXX compiler: /usr/bin/c++ - skipped
[0.905s] -- Detecting CXX compile features
[0.905s] -- Detecting CXX compile features - done
[0.905s] [31mCMake Error at CMakeLists.txt:9 (find_package):
[0.906s]   By not providing "Findament_cmake.cmake" in CMAKE_MODULE_PATH this project
[0.906s]   has asked CMake to find a package configuration file provided by
[0.906s]   "ament_cmake", but CMake did not find one.
[0.906s] 
[0.907s]   Could not find a package configuration file provided by "ament_cmake" with
[0.907s]   any of the following names:
[0.907s] 
[0.907s]     ament_cmakeConfig.cmake
[0.908s]     ament_cmake-config.cmake
[0.909s] 
[0.909s]   Add the installation prefix of "ament_cmake" to CMAKE_PREFIX_PATH or set
[0.909s]   "ament_cmake_DIR" to a directory containing one of the above files.  If
[0.909s]   "ament_cmake" provides a separate development package or SDK, be sure it
[0.909s]   has been installed.
[0.910s] 
[0.910s] [0m
[0.910s] -- Configuring incomplete, errors occurred!
[0.910s] See also "/home/p3zz/Documents/uni/robot-planning-project/build/decisions/CMakeFiles/CMakeOutput.log".
[0.931s] Invoked command in '/home/p3zz/Documents/uni/robot-planning-project/build/decisions' returned '1': /usr/bin/cmake /home/p3zz/Documents/uni/robot-planning-project/decisions -DCMAKE_INSTALL_PREFIX=/home/p3zz/Documents/uni/robot-planning-project/install/decisions
