[35m[1mConsolidate compiler generated dependencies of target custom_msgs__rosidl_generator_c[0m
[ 10%] Built target custom_msgs__rosidl_generator_c
[ 10%] Built target ament_cmake_python_copy_custom_msgs
[35m[1mConsolidate compiler generated dependencies of target custom_msgs__rosidl_typesupport_fastrtps_c[0m
[35m[1mConsolidate compiler generated dependencies of target custom_msgs__rosidl_typesupport_introspection_c[0m
[ 12%] Built target custom_msgs__cpp
[35m[1mConsolidate compiler generated dependencies of target custom_msgs__rosidl_typesupport_c[0m
[ 23%] Built target custom_msgs__rosidl_typesupport_introspection_c
[ 34%] Built target custom_msgs__rosidl_typesupport_c
[35m[1mConsolidate compiler generated dependencies of target custom_msgs__rosidl_typesupport_cpp[0m
[35m[1mConsolidate compiler generated dependencies of target custom_msgs__rosidl_typesupport_fastrtps_cpp[0m
[35m[1mConsolidate compiler generated dependencies of target custom_msgs__rosidl_typesupport_introspection_cpp[0m
[ 45%] Built target custom_msgs__rosidl_typesupport_fastrtps_c
[ 56%] Built target custom_msgs__rosidl_typesupport_cpp
[ 67%] Built target custom_msgs__rosidl_typesupport_introspection_cpp
[ 78%] Built target custom_msgs__rosidl_typesupport_fastrtps_cpp
[ 78%] Built target custom_msgs
[ 80%] Built target custom_msgs__py
[35m[1mConsolidate compiler generated dependencies of target custom_msgs__rosidl_generator_py[0m
[ 89%] Built target custom_msgs__rosidl_generator_py
[35m[1mConsolidate compiler generated dependencies of target custom_msgs__rosidl_typesupport_introspection_c__pyext[0m
[35m[1mConsolidate compiler generated dependencies of target custom_msgs__rosidl_typesupport_c__pyext[0m
[35m[1mConsolidate compiler generated dependencies of target custom_msgs__rosidl_typesupport_fastrtps_c__pyext[0m
[ 92%] Built target custom_msgs__rosidl_typesupport_introspection_c__pyext
[ 96%] Built target custom_msgs__rosidl_typesupport_fastrtps_c__pyext
[100%] Built target custom_msgs__rosidl_typesupport_c__pyext
running egg_info
writing custom_msgs.egg-info/PKG-INFO
writing dependency_links to custom_msgs.egg-info/dependency_links.txt
writing top-level names to custom_msgs.egg-info/top_level.txt
reading manifest file 'custom_msgs.egg-info/SOURCES.txt'
writing manifest file 'custom_msgs.egg-info/SOURCES.txt'
[100%] Built target ament_cmake_python_build_custom_msgs_egg
