[0.053s] Invoking command in '/home/p3zz/Documents/uni/robot-planning-project/build/custom_msgs': CMAKE_PREFIX_PATH=/opt/ros/humble /usr/bin/cmake --build /home/p3zz/Documents/uni/robot-planning-project/build/custom_msgs -- -j8 -l8
[0.117s] [35m[1mConsolidate compiler generated dependencies of target custom_msgs__rosidl_generator_c[0m
[0.157s] [ 10%] Built target custom_msgs__rosidl_generator_c
[0.177s] [ 10%] Built target ament_cmake_python_copy_custom_msgs
[0.190s] [35m[1mConsolidate compiler generated dependencies of target custom_msgs__rosidl_typesupport_fastrtps_c[0m
[0.194s] [35m[1mConsolidate compiler generated dependencies of target custom_msgs__rosidl_typesupport_introspection_c[0m
[0.206s] [ 12%] Built target custom_msgs__cpp
[0.208s] [35m[1mConsolidate compiler generated dependencies of target custom_msgs__rosidl_typesupport_c[0m
[0.243s] [ 23%] Built target custom_msgs__rosidl_typesupport_introspection_c
[0.264s] [ 34%] Built target custom_msgs__rosidl_typesupport_c
[0.264s] [35m[1mConsolidate compiler generated dependencies of target custom_msgs__rosidl_typesupport_cpp[0m
[0.280s] [35m[1mConsolidate compiler generated dependencies of target custom_msgs__rosidl_typesupport_fastrtps_cpp[0m
[0.287s] [35m[1mConsolidate compiler generated dependencies of target custom_msgs__rosidl_typesupport_introspection_cpp[0m
[0.287s] [ 45%] Built target custom_msgs__rosidl_typesupport_fastrtps_c
[0.315s] [ 56%] Built target custom_msgs__rosidl_typesupport_cpp
[0.335s] [ 67%] Built target custom_msgs__rosidl_typesupport_introspection_cpp
[0.343s] [ 78%] Built target custom_msgs__rosidl_typesupport_fastrtps_cpp
[0.399s] [ 78%] Built target custom_msgs
[0.472s] [ 80%] Built target custom_msgs__py
[0.493s] [35m[1mConsolidate compiler generated dependencies of target custom_msgs__rosidl_generator_py[0m
[0.525s] [ 89%] Built target custom_msgs__rosidl_generator_py
[0.540s] [35m[1mConsolidate compiler generated dependencies of target custom_msgs__rosidl_typesupport_introspection_c__pyext[0m
[0.540s] [35m[1mConsolidate compiler generated dependencies of target custom_msgs__rosidl_typesupport_c__pyext[0m
[0.541s] [35m[1mConsolidate compiler generated dependencies of target custom_msgs__rosidl_typesupport_fastrtps_c__pyext[0m
[0.563s] [ 92%] Built target custom_msgs__rosidl_typesupport_introspection_c__pyext
[0.566s] [ 96%] Built target custom_msgs__rosidl_typesupport_fastrtps_c__pyext
[0.566s] [100%] Built target custom_msgs__rosidl_typesupport_c__pyext
[0.683s] running egg_info
[0.684s] writing custom_msgs.egg-info/PKG-INFO
[0.684s] writing dependency_links to custom_msgs.egg-info/dependency_links.txt
[0.685s] writing top-level names to custom_msgs.egg-info/top_level.txt
[0.688s] reading manifest file 'custom_msgs.egg-info/SOURCES.txt'
[0.689s] writing manifest file 'custom_msgs.egg-info/SOURCES.txt'
[0.726s] [100%] Built target ament_cmake_python_build_custom_msgs_egg
