In file included from [01m[K/home/p3zz/Documents/uni/robot-planning-project/communication/shelfino/src/main.cpp:1[m[K:
[01m[K/home/p3zz/Documents/uni/robot-planning-project/communication/shelfino/include/shelfino/shelfino.hpp:[m[K In constructor ‘[01m[KEvaderPoseSubscriber::EvaderPoseSubscriber(SafeValue<DubinPoint>&)[m[K’:
[01m[K/home/p3zz/Documents/uni/robot-planning-project/communication/shelfino/include/shelfino/shelfino.hpp:243:80:[m[K [01;31m[Kerror: [m[Kclass ‘[01m[KEvaderPoseSubscriber[m[K’ does not have any field named ‘[01m[Kpose[m[K’
  243 |       EvaderPoseSubscriber(SafeValue<DubinPoint>& pose) : Node("evader_pose"), [01;31m[Kpose[m[K{pose} {
      |                                                                                [01;31m[K^~~~[m[K
[01m[K/home/p3zz/Documents/uni/robot-planning-project/communication/shelfino/include/shelfino/shelfino.hpp:243:7:[m[K [01;31m[Kerror: [m[Kuninitialized reference member in ‘[01m[Kclass SafeValue<DubinPoint>&[m[K’ [[01;31m[K]8;;https://gcc.gnu.org/onlinedocs/gcc/Warning-Options.html#index-fpermissive-fpermissive]8;;[m[K]
  243 |       [01;31m[KEvaderPoseSubscriber[m[K(SafeValue<DubinPoint>& pose) : Node("evader_pose"), pose{pose} {
      |       [01;31m[K^~~~~~~~~~~~~~~~~~~~[m[K
In file included from [01m[K/home/p3zz/Documents/uni/robot-planning-project/communication/shelfino/src/main.cpp:1[m[K:
[01m[K/home/p3zz/Documents/uni/robot-planning-project/communication/shelfino/include/shelfino/shelfino.hpp:257:30:[m[K [01;36m[Knote: [m[K‘[01m[KSafeValue<DubinPoint>& EvaderPoseSubscriber::evader_pose[m[K’ should be initialized
  257 |       SafeValue<DubinPoint>& [01;36m[Kevader_pose[m[K;
      |                              [01;36m[K^~~~~~~~~~~[m[K
[01m[K/home/p3zz/Documents/uni/robot-planning-project/communication/shelfino/include/shelfino/shelfino.hpp:[m[K In constructor ‘[01m[KPursuerPoseSubscriber::PursuerPoseSubscriber(SafeValue<DubinPoint>&)[m[K’:
[01m[K/home/p3zz/Documents/uni/robot-planning-project/communication/shelfino/include/shelfino/shelfino.hpp:262:81:[m[K [01;31m[Kerror: [m[Kclass ‘[01m[KPursuerPoseSubscriber[m[K’ does not have any field named ‘[01m[Kpose[m[K’
  262 |       PursuerPoseSubscriber(SafeValue<DubinPoint>& pose) : Node("evader_pose"), [01;31m[Kpose[m[K{pose} {
      |                                                                                 [01;31m[K^~~~[m[K
[01m[K/home/p3zz/Documents/uni/robot-planning-project/communication/shelfino/include/shelfino/shelfino.hpp:262:7:[m[K [01;31m[Kerror: [m[Kuninitialized reference member in ‘[01m[Kclass SafeValue<DubinPoint>&[m[K’ [[01;31m[K]8;;https://gcc.gnu.org/onlinedocs/gcc/Warning-Options.html#index-fpermissive-fpermissive]8;;[m[K]
  262 |       [01;31m[KPursuerPoseSubscriber[m[K(SafeValue<DubinPoint>& pose) : Node("evader_pose"), pose{pose} {
      |       [01;31m[K^~~~~~~~~~~~~~~~~~~~~[m[K
[01m[K/home/p3zz/Documents/uni/robot-planning-project/communication/shelfino/include/shelfino/shelfino.hpp:276:30:[m[K [01;36m[Knote: [m[K‘[01m[KSafeValue<DubinPoint>& PursuerPoseSubscriber::pursuer_pose[m[K’ should be initialized
  276 |       SafeValue<DubinPoint>& [01;36m[Kpursuer_pose[m[K;
      |                              [01;36m[K^~~~~~~~~~~~[m[K
[01m[K/home/p3zz/Documents/uni/robot-planning-project/communication/shelfino/include/shelfino/shelfino.hpp:[m[K In constructor ‘[01m[KRoadmapPublisher::RoadmapPublisher(SafeValue<RoadMap>&)[m[K’:
[01m[K/home/p3zz/Documents/uni/robot-planning-project/communication/shelfino/include/shelfino/shelfino.hpp:320:79:[m[K [01;31m[Kerror: [m[Kclass ‘[01m[KRoadmapPublisher[m[K’ does not have any field named ‘[01m[Kroadmap[m[K’
  320 |     RoadmapPublisher(SafeValue<RoadMap>& roadmap): Node("roadmap_publisher"), [01;31m[Kroadmap[m[K{roadmap}, count_(0) {
      |                                                                               [01;31m[K^~~~~~~[m[K
In file included from [01m[K/home/p3zz/Documents/uni/robot-planning-project/communication/shelfino/src/main.cpp:1[m[K:
/home/p3zz/Documents/uni/robot-planning-project/communication/shelfino/include/shelfino/shelfino.hpp: In instantiation of ‘[01m[KSafeValue<T>::SafeValue() [with T = RoadMap][m[K’:
[01m[K/home/p3zz/Documents/uni/robot-planning-project/communication/shelfino/include/shelfino/shelfino.hpp:157:22:[m[K   required from here
[01m[K/home/p3zz/Documents/uni/robot-planning-project/communication/shelfino/include/shelfino/shelfino.hpp:137:20:[m[K [01;31m[Kerror: [m[Kno matching function for call to ‘[01m[KRoadMap::RoadMap()[m[K’
  137 |         SafeValue()[01;31m[K{[m[K}
      |                    [01;31m[K^[m[K
In file included from [01m[K/home/p3zz/Documents/uni/robot-planning-project/communication/shelfino/include/shelfino/shelfino.hpp:28[m[K,
                 from [01m[K/home/p3zz/Documents/uni/robot-planning-project/communication/shelfino/src/main.cpp:1[m[K:
[01m[K/home/p3zz/Documents/uni/robot-planning-project/install/map/include/map/map.hpp:74:9:[m[K [01;36m[Knote: [m[Kcandidate: ‘[01m[KRoadMap::RoadMap(Room)[m[K’
   74 |         [01;36m[KRoadMap[m[K(Room r):r{r}{}
      |         [01;36m[K^~~~~~~[m[K
[01m[K/home/p3zz/Documents/uni/robot-planning-project/install/map/include/map/map.hpp:74:9:[m[K [01;36m[Knote: [m[K  candidate expects 1 argument, 0 provided
[01m[K/home/p3zz/Documents/uni/robot-planning-project/install/map/include/map/map.hpp:66:7:[m[K [01;36m[Knote: [m[Kcandidate: ‘[01m[KRoadMap::RoadMap(const RoadMap&)[m[K’
   66 | class [01;36m[KRoadMap[m[K
      |       [01;36m[K^~~~~~~[m[K
[01m[K/home/p3zz/Documents/uni/robot-planning-project/install/map/include/map/map.hpp:66:7:[m[K [01;36m[Knote: [m[K  candidate expects 1 argument, 0 provided
[01m[K/home/p3zz/Documents/uni/robot-planning-project/install/map/include/map/map.hpp:66:7:[m[K [01;36m[Knote: [m[Kcandidate: ‘[01m[KRoadMap::RoadMap(RoadMap&&)[m[K’
[01m[K/home/p3zz/Documents/uni/robot-planning-project/install/map/include/map/map.hpp:66:7:[m[K [01;36m[Knote: [m[K  candidate expects 1 argument, 0 provided
In file included from [01m[K/usr/include/x86_64-linux-gnu/c++/11/bits/c++allocator.h:33[m[K,
                 from [01m[K/usr/include/c++/11/bits/allocator.h:46[m[K,
                 from [01m[K/usr/include/c++/11/unordered_map:40[m[K,
                 from [01m[K/usr/include/c++/11/functional:61[m[K,
                 from [01m[K/home/p3zz/Documents/uni/robot-planning-project/communication/shelfino/include/shelfino/shelfino.hpp:1[m[K,
                 from [01m[K/home/p3zz/Documents/uni/robot-planning-project/communication/shelfino/src/main.cpp:1[m[K:
/usr/include/c++/11/ext/new_allocator.h: In instantiation of ‘[01m[Kvoid __gnu_cxx::new_allocator<_Tp>::construct(_Up*, _Args&& ...) [with _Up = FollowPathClient; _Args = {SafeValue<RoadMap>&}; _Tp = FollowPathClient][m[K’:
[01m[K/usr/include/c++/11/bits/alloc_traits.h:516:17:[m[K   required from ‘[01m[Kstatic void std::allocator_traits<std::allocator<_Tp1> >::construct(std::allocator_traits<std::allocator<_Tp1> >::allocator_type&, _Up*, _Args&& ...) [with _Up = FollowPathClient; _Args = {SafeValue<RoadMap>&}; _Tp = FollowPathClient; std::allocator_traits<std::allocator<_Tp1> >::allocator_type = std::allocator<FollowPathClient>][m[K’
[01m[K/usr/include/c++/11/bits/shared_ptr_base.h:519:39:[m[K   required from ‘[01m[Kstd::_Sp_counted_ptr_inplace<_Tp, _Alloc, _Lp>::_Sp_counted_ptr_inplace(_Alloc, _Args&& ...) [with _Args = {SafeValue<RoadMap>&}; _Tp = FollowPathClient; _Alloc = std::allocator<FollowPathClient>; __gnu_cxx::_Lock_policy _Lp = __gnu_cxx::_S_atomic][m[K’
[01m[K/usr/include/c++/11/bits/shared_ptr_base.h:650:16:[m[K   required from ‘[01m[Kstd::__shared_count<_Lp>::__shared_count(_Tp*&, std::_Sp_alloc_shared_tag<_Alloc>, _Args&& ...) [with _Tp = FollowPathClient; _Alloc = std::allocator<FollowPathClient>; _Args = {SafeValue<RoadMap>&}; __gnu_cxx::_Lock_policy _Lp = __gnu_cxx::_S_atomic][m[K’
[01m[K/usr/include/c++/11/bits/shared_ptr_base.h:1342:14:[m[K   required from ‘[01m[Kstd::__shared_ptr<_Tp, _Lp>::__shared_ptr(std::_Sp_alloc_shared_tag<_Tp>, _Args&& ...) [with _Alloc = std::allocator<FollowPathClient>; _Args = {SafeValue<RoadMap>&}; _Tp = FollowPathClient; __gnu_cxx::_Lock_policy _Lp = __gnu_cxx::_S_atomic][m[K’
[01m[K/usr/include/c++/11/bits/shared_ptr.h:409:59:[m[K   required from ‘[01m[Kstd::shared_ptr<_Tp>::shared_ptr(std::_Sp_alloc_shared_tag<_Tp>, _Args&& ...) [with _Alloc = std::allocator<FollowPathClient>; _Args = {SafeValue<RoadMap>&}; _Tp = FollowPathClient][m[K’
[01m[K/usr/include/c++/11/bits/shared_ptr.h:862:14:[m[K   required from ‘[01m[Kstd::shared_ptr<_Tp> std::allocate_shared(const _Alloc&, _Args&& ...) [with _Tp = FollowPathClient; _Alloc = std::allocator<FollowPathClient>; _Args = {SafeValue<RoadMap>&}][m[K’
[01m[K/usr/include/c++/11/bits/shared_ptr.h:878:39:[m[K   required from ‘[01m[Kstd::shared_ptr<_Tp> std::make_shared(_Args&& ...) [with _Tp = FollowPathClient; _Args = {SafeValue<RoadMap>&}][m[K’
[01m[K/home/p3zz/Documents/uni/robot-planning-project/communication/shelfino/src/main.cpp:29:65:[m[K   required from here
[01m[K/usr/include/c++/11/ext/new_allocator.h:162:11:[m[K [01;31m[Kerror: [m[Kno matching function for call to ‘[01m[KFollowPathClient::FollowPathClient(SafeValue<RoadMap>&)[m[K’
  162 |         { [01;31m[K::new((void *)__p) _Up(std::forward<_Args>(__args)...)[m[K; }
      |           [01;31m[K^~~~~~~~~~~~~~~~~~~~~~~~~~~~~~~~~~~~~~~~~~~~~~~~~~~~~~[m[K
In file included from [01m[K/home/p3zz/Documents/uni/robot-planning-project/communication/shelfino/src/main.cpp:1[m[K:
[01m[K/home/p3zz/Documents/uni/robot-planning-project/communication/shelfino/include/shelfino/shelfino.hpp:339:5:[m[K [01;36m[Knote: [m[Kcandidate: ‘[01m[KFollowPathClient::FollowPathClient(SafeValue<DubinCurve>&)[m[K’
  339 |     [01;36m[KFollowPathClient[m[K(SafeValue<DubinCurve>& curve) : Node("follow_path_client"), curve{curve} {
      |     [01;36m[K^~~~~~~~~~~~~~~~[m[K
[01m[K/home/p3zz/Documents/uni/robot-planning-project/communication/shelfino/include/shelfino/shelfino.hpp:339:45:[m[K [01;36m[Knote: [m[K  no known conversion for argument 1 from ‘[01m[KSafeValue<RoadMap>[m[K’ to ‘[01m[KSafeValue<DubinCurve>&[m[K’
  339 |     FollowPathClient([01;36m[KSafeValue<DubinCurve>& curve[m[K) : Node("follow_path_client"), curve{curve} {
      |                      [01;36m[K~~~~~~~~~~~~~~~~~~~~~~~^~~~~[m[K
gmake[2]: *** [CMakeFiles/shelfino.dir/build.make:76: CMakeFiles/shelfino.dir/src/main.cpp.o] Error 1
gmake[1]: *** [CMakeFiles/Makefile2:137: CMakeFiles/shelfino.dir/all] Error 2
gmake: *** [Makefile:146: all] Error 2
