[0.381s] DEBUG:colcon:Command line arguments: ['/usr/bin/colcon', 'build', '--packages-select', 'shelfino']
[0.381s] DEBUG:colcon:Parsed command line arguments: Namespace(log_base=None, log_level=None, verb_name='build', build_base='build', install_base='install', merge_install=False, symlink_install=False, test_result_base=None, continue_on_error=False, executor='parallel', parallel_workers=8, event_handlers=None, ignore_user_meta=False, metas=['./colcon.meta'], base_paths=['.'], packages_ignore=None, packages_ignore_regex=None, paths=None, packages_up_to=None, packages_up_to_regex=None, packages_above=None, packages_above_and_dependencies=None, packages_above_depth=None, packages_select_by_dep=None, packages_skip_by_dep=None, packages_skip_up_to=None, packages_select_build_failed=False, packages_skip_build_finished=False, packages_select_test_failures=False, packages_skip_test_passed=False, packages_select=['shelfino'], packages_skip=None, packages_select_regex=None, packages_skip_regex=None, packages_start=None, packages_end=None, allow_overriding=[], cmake_args=None, cmake_target=None, cmake_target_skip_unavailable=False, cmake_clean_cache=False, cmake_clean_first=False, cmake_force_configure=False, ament_cmake_args=None, catkin_cmake_args=None, catkin_skip_building_tests=False, verb_parser=<colcon_defaults.argument_parser.defaults.DefaultArgumentsDecorator object at 0x7ff11b4bfa90>, verb_extension=<colcon_core.verb.build.BuildVerb object at 0x7ff11be57370>, main=<bound method BuildVerb.main of <colcon_core.verb.build.BuildVerb object at 0x7ff11be57370>>)
[0.400s] Level 1:colcon.colcon_core.package_discovery:discover_packages(colcon_meta) check parameters
[0.400s] Level 1:colcon.colcon_core.package_discovery:discover_packages(recursive) check parameters
[0.400s] Level 1:colcon.colcon_core.package_discovery:discover_packages(ignore) check parameters
[0.400s] Level 1:colcon.colcon_core.package_discovery:discover_packages(path) check parameters
[0.400s] Level 1:colcon.colcon_core.package_discovery:discover_packages(colcon_meta) discover
[0.400s] Level 1:colcon.colcon_core.package_discovery:discover_packages(recursive) discover
[0.400s] INFO:colcon.colcon_core.package_discovery:Crawling recursively for packages in '/home/p3zz/Documents/uni/robot-planning-project'
[0.400s] Level 1:colcon.colcon_core.package_identification:_identify(.) by extensions ['ignore', 'ignore_ament_install']
[0.400s] Level 1:colcon.colcon_core.package_identification:_identify(.) by extension 'ignore'
[0.400s] Level 1:colcon.colcon_core.package_identification:_identify(.) by extension 'ignore_ament_install'
[0.400s] Level 1:colcon.colcon_core.package_identification:_identify(.) by extensions ['colcon_pkg']
[0.400s] Level 1:colcon.colcon_core.package_identification:_identify(.) by extension 'colcon_pkg'
[0.400s] Level 1:colcon.colcon_core.package_identification:_identify(.) by extensions ['colcon_meta']
[0.400s] Level 1:colcon.colcon_core.package_identification:_identify(.) by extension 'colcon_meta'
[0.400s] Level 1:colcon.colcon_core.package_identification:_identify(.) by extensions ['ros']
[0.400s] Level 1:colcon.colcon_core.package_identification:_identify(.) by extension 'ros'
[0.419s] Level 1:colcon.colcon_core.package_identification:_identify(.) by extensions ['cmake', 'python']
[0.419s] Level 1:colcon.colcon_core.package_identification:_identify(.) by extension 'cmake'
[0.419s] Level 1:colcon.colcon_core.package_identification:_identify(.) by extension 'python'
[0.419s] Level 1:colcon.colcon_core.package_identification:_identify(.) by extensions ['python_setup_py']
[0.419s] Level 1:colcon.colcon_core.package_identification:_identify(.) by extension 'python_setup_py'
[0.419s] Level 1:colcon.colcon_core.package_identification:_identify(build) by extensions ['ignore', 'ignore_ament_install']
[0.419s] Level 1:colcon.colcon_core.package_identification:_identify(build) by extension 'ignore'
[0.419s] Level 1:colcon.colcon_core.package_identification:_identify(build) ignored
[0.419s] Level 1:colcon.colcon_core.package_identification:_identify(communication) by extensions ['ignore', 'ignore_ament_install']
[0.419s] Level 1:colcon.colcon_core.package_identification:_identify(communication) by extension 'ignore'
[0.419s] Level 1:colcon.colcon_core.package_identification:_identify(communication) by extension 'ignore_ament_install'
[0.419s] Level 1:colcon.colcon_core.package_identification:_identify(communication) by extensions ['colcon_pkg']
[0.420s] Level 1:colcon.colcon_core.package_identification:_identify(communication) by extension 'colcon_pkg'
[0.420s] Level 1:colcon.colcon_core.package_identification:_identify(communication) by extensions ['colcon_meta']
[0.420s] Level 1:colcon.colcon_core.package_identification:_identify(communication) by extension 'colcon_meta'
[0.420s] Level 1:colcon.colcon_core.package_identification:_identify(communication) by extensions ['ros']
[0.420s] Level 1:colcon.colcon_core.package_identification:_identify(communication) by extension 'ros'
[0.420s] Level 1:colcon.colcon_core.package_identification:_identify(communication) by extensions ['cmake', 'python']
[0.420s] Level 1:colcon.colcon_core.package_identification:_identify(communication) by extension 'cmake'
[0.420s] Level 1:colcon.colcon_core.package_identification:_identify(communication) by extension 'python'
[0.420s] Level 1:colcon.colcon_core.package_identification:_identify(communication) by extensions ['python_setup_py']
[0.420s] Level 1:colcon.colcon_core.package_identification:_identify(communication) by extension 'python_setup_py'
[0.420s] Level 1:colcon.colcon_core.package_identification:_identify(communication/custom_msgs) by extensions ['ignore', 'ignore_ament_install']
[0.420s] Level 1:colcon.colcon_core.package_identification:_identify(communication/custom_msgs) by extension 'ignore'
[0.420s] Level 1:colcon.colcon_core.package_identification:_identify(communication/custom_msgs) by extension 'ignore_ament_install'
[0.420s] Level 1:colcon.colcon_core.package_identification:_identify(communication/custom_msgs) by extensions ['colcon_pkg']
[0.420s] Level 1:colcon.colcon_core.package_identification:_identify(communication/custom_msgs) by extension 'colcon_pkg'
[0.420s] Level 1:colcon.colcon_core.package_identification:_identify(communication/custom_msgs) by extensions ['colcon_meta']
[0.420s] Level 1:colcon.colcon_core.package_identification:_identify(communication/custom_msgs) by extension 'colcon_meta'
[0.420s] Level 1:colcon.colcon_core.package_identification:_identify(communication/custom_msgs) by extensions ['ros']
[0.421s] Level 1:colcon.colcon_core.package_identification:_identify(communication/custom_msgs) by extension 'ros'
[0.423s] DEBUG:colcon.colcon_core.package_identification:Package 'communication/custom_msgs' with type 'ros.ament_cmake' and name 'custom_msgs'
[0.423s] Level 1:colcon.colcon_core.package_identification:_identify(communication/shelfino) by extensions ['ignore', 'ignore_ament_install']
[0.423s] Level 1:colcon.colcon_core.package_identification:_identify(communication/shelfino) by extension 'ignore'
[0.423s] Level 1:colcon.colcon_core.package_identification:_identify(communication/shelfino) by extension 'ignore_ament_install'
[0.423s] Level 1:colcon.colcon_core.package_identification:_identify(communication/shelfino) by extensions ['colcon_pkg']
[0.423s] Level 1:colcon.colcon_core.package_identification:_identify(communication/shelfino) by extension 'colcon_pkg'
[0.423s] Level 1:colcon.colcon_core.package_identification:_identify(communication/shelfino) by extensions ['colcon_meta']
[0.423s] Level 1:colcon.colcon_core.package_identification:_identify(communication/shelfino) by extension 'colcon_meta'
[0.424s] Level 1:colcon.colcon_core.package_identification:_identify(communication/shelfino) by extensions ['ros']
[0.424s] Level 1:colcon.colcon_core.package_identification:_identify(communication/shelfino) by extension 'ros'
[0.424s] DEBUG:colcon.colcon_core.package_identification:Package 'communication/shelfino' with type 'ros.ament_cmake' and name 'shelfino'
[0.424s] Level 1:colcon.colcon_core.package_identification:_identify(cpp_pubsub) by extensions ['ignore', 'ignore_ament_install']
[0.424s] Level 1:colcon.colcon_core.package_identification:_identify(cpp_pubsub) by extension 'ignore'
[0.424s] Level 1:colcon.colcon_core.package_identification:_identify(cpp_pubsub) by extension 'ignore_ament_install'
[0.424s] Level 1:colcon.colcon_core.package_identification:_identify(cpp_pubsub) by extensions ['colcon_pkg']
[0.425s] Level 1:colcon.colcon_core.package_identification:_identify(cpp_pubsub) by extension 'colcon_pkg'
[0.425s] Level 1:colcon.colcon_core.package_identification:_identify(cpp_pubsub) by extensions ['colcon_meta']
[0.425s] Level 1:colcon.colcon_core.package_identification:_identify(cpp_pubsub) by extension 'colcon_meta'
[0.425s] Level 1:colcon.colcon_core.package_identification:_identify(cpp_pubsub) by extensions ['ros']
[0.425s] Level 1:colcon.colcon_core.package_identification:_identify(cpp_pubsub) by extension 'ros'
[0.425s] DEBUG:colcon.colcon_core.package_identification:Package 'cpp_pubsub' with type 'ros.ament_cmake' and name 'cpp_pubsub'
[0.425s] Level 1:colcon.colcon_core.package_identification:_identify(decisions) by extensions ['ignore', 'ignore_ament_install']
[0.426s] Level 1:colcon.colcon_core.package_identification:_identify(decisions) by extension 'ignore'
[0.426s] Level 1:colcon.colcon_core.package_identification:_identify(decisions) by extension 'ignore_ament_install'
[0.426s] Level 1:colcon.colcon_core.package_identification:_identify(decisions) by extensions ['colcon_pkg']
[0.426s] Level 1:colcon.colcon_core.package_identification:_identify(decisions) by extension 'colcon_pkg'
[0.426s] Level 1:colcon.colcon_core.package_identification:_identify(decisions) by extensions ['colcon_meta']
[0.426s] Level 1:colcon.colcon_core.package_identification:_identify(decisions) by extension 'colcon_meta'
[0.426s] Level 1:colcon.colcon_core.package_identification:_identify(decisions) by extensions ['ros']
[0.426s] Level 1:colcon.colcon_core.package_identification:_identify(decisions) by extension 'ros'
[0.426s] DEBUG:colcon.colcon_core.package_identification:Package 'decisions' with type 'ros.ament_cmake' and name 'decisions'
[0.426s] Level 1:colcon.colcon_core.package_identification:_identify(disegnino) by extensions ['ignore', 'ignore_ament_install']
[0.426s] Level 1:colcon.colcon_core.package_identification:_identify(disegnino) by extension 'ignore'
[0.427s] Level 1:colcon.colcon_core.package_identification:_identify(disegnino) by extension 'ignore_ament_install'
[0.427s] Level 1:colcon.colcon_core.package_identification:_identify(disegnino) by extensions ['colcon_pkg']
[0.427s] Level 1:colcon.colcon_core.package_identification:_identify(disegnino) by extension 'colcon_pkg'
[0.427s] Level 1:colcon.colcon_core.package_identification:_identify(disegnino) by extensions ['colcon_meta']
[0.427s] Level 1:colcon.colcon_core.package_identification:_identify(disegnino) by extension 'colcon_meta'
[0.427s] Level 1:colcon.colcon_core.package_identification:_identify(disegnino) by extensions ['ros']
[0.427s] Level 1:colcon.colcon_core.package_identification:_identify(disegnino) by extension 'ros'
[0.427s] Level 1:colcon.colcon_core.package_identification:_identify(disegnino) by extensions ['cmake', 'python']
[0.427s] Level 1:colcon.colcon_core.package_identification:_identify(disegnino) by extension 'cmake'
[0.427s] Level 1:colcon.colcon_core.package_identification:_identify(disegnino) by extension 'python'
[0.427s] Level 1:colcon.colcon_core.package_identification:_identify(disegnino) by extensions ['python_setup_py']
[0.427s] Level 1:colcon.colcon_core.package_identification:_identify(disegnino) by extension 'python_setup_py'
[0.427s] Level 1:colcon.colcon_core.package_identification:_identify(dubins) by extensions ['ignore', 'ignore_ament_install']
[0.427s] Level 1:colcon.colcon_core.package_identification:_identify(dubins) by extension 'ignore'
[0.427s] Level 1:colcon.colcon_core.package_identification:_identify(dubins) by extension 'ignore_ament_install'
[0.427s] Level 1:colcon.colcon_core.package_identification:_identify(dubins) by extensions ['colcon_pkg']
[0.427s] Level 1:colcon.colcon_core.package_identification:_identify(dubins) by extension 'colcon_pkg'
[0.427s] Level 1:colcon.colcon_core.package_identification:_identify(dubins) by extensions ['colcon_meta']
[0.427s] Level 1:colcon.colcon_core.package_identification:_identify(dubins) by extension 'colcon_meta'
[0.428s] Level 1:colcon.colcon_core.package_identification:_identify(dubins) by extensions ['ros']
[0.428s] Level 1:colcon.colcon_core.package_identification:_identify(dubins) by extension 'ros'
[0.428s] DEBUG:colcon.colcon_core.package_identification:Package 'dubins' with type 'ros.ament_cmake' and name 'dubins'
[0.428s] Level 1:colcon.colcon_core.package_identification:_identify(install) by extensions ['ignore', 'ignore_ament_install']
[0.428s] Level 1:colcon.colcon_core.package_identification:_identify(install) by extension 'ignore'
[0.428s] Level 1:colcon.colcon_core.package_identification:_identify(install) ignored
[0.428s] Level 1:colcon.colcon_core.package_identification:_identify(log) by extensions ['ignore', 'ignore_ament_install']
[0.429s] Level 1:colcon.colcon_core.package_identification:_identify(log) by extension 'ignore'
[0.429s] Level 1:colcon.colcon_core.package_identification:_identify(log) ignored
[0.429s] Level 1:colcon.colcon_core.package_identification:_identify(map) by extensions ['ignore', 'ignore_ament_install']
[0.429s] Level 1:colcon.colcon_core.package_identification:_identify(map) by extension 'ignore'
[0.429s] Level 1:colcon.colcon_core.package_identification:_identify(map) by extension 'ignore_ament_install'
[0.429s] Level 1:colcon.colcon_core.package_identification:_identify(map) by extensions ['colcon_pkg']
[0.429s] Level 1:colcon.colcon_core.package_identification:_identify(map) by extension 'colcon_pkg'
[0.429s] Level 1:colcon.colcon_core.package_identification:_identify(map) by extensions ['colcon_meta']
[0.429s] Level 1:colcon.colcon_core.package_identification:_identify(map) by extension 'colcon_meta'
[0.429s] Level 1:colcon.colcon_core.package_identification:_identify(map) by extensions ['ros']
[0.429s] Level 1:colcon.colcon_core.package_identification:_identify(map) by extension 'ros'
[0.429s] DEBUG:colcon.colcon_core.package_identification:Package 'map' with type 'ros.ament_cmake' and name 'map'
[0.430s] Level 1:colcon.colcon_core.package_identification:_identify(shapes) by extensions ['ignore', 'ignore_ament_install']
[0.430s] Level 1:colcon.colcon_core.package_identification:_identify(shapes) by extension 'ignore'
[0.430s] Level 1:colcon.colcon_core.package_identification:_identify(shapes) by extension 'ignore_ament_install'
[0.430s] Level 1:colcon.colcon_core.package_identification:_identify(shapes) by extensions ['colcon_pkg']
[0.430s] Level 1:colcon.colcon_core.package_identification:_identify(shapes) by extension 'colcon_pkg'
[0.430s] Level 1:colcon.colcon_core.package_identification:_identify(shapes) by extensions ['colcon_meta']
[0.430s] Level 1:colcon.colcon_core.package_identification:_identify(shapes) by extension 'colcon_meta'
[0.430s] Level 1:colcon.colcon_core.package_identification:_identify(shapes) by extensions ['ros']
[0.430s] Level 1:colcon.colcon_core.package_identification:_identify(shapes) by extension 'ros'
[0.430s] DEBUG:colcon.colcon_core.package_identification:Package 'shapes' with type 'ros.ament_cmake' and name 'shapes'
[0.430s] Level 1:colcon.colcon_core.package_identification:_identify(utils) by extensions ['ignore', 'ignore_ament_install']
[0.431s] Level 1:colcon.colcon_core.package_identification:_identify(utils) by extension 'ignore'
[0.431s] Level 1:colcon.colcon_core.package_identification:_identify(utils) by extension 'ignore_ament_install'
[0.431s] Level 1:colcon.colcon_core.package_identification:_identify(utils) by extensions ['colcon_pkg']
[0.431s] Level 1:colcon.colcon_core.package_identification:_identify(utils) by extension 'colcon_pkg'
[0.431s] Level 1:colcon.colcon_core.package_identification:_identify(utils) by extensions ['colcon_meta']
[0.431s] Level 1:colcon.colcon_core.package_identification:_identify(utils) by extension 'colcon_meta'
[0.431s] Level 1:colcon.colcon_core.package_identification:_identify(utils) by extensions ['ros']
[0.431s] Level 1:colcon.colcon_core.package_identification:_identify(utils) by extension 'ros'
[0.431s] DEBUG:colcon.colcon_core.package_identification:Package 'utils' with type 'ros.ament_cmake' and name 'utils'
[0.431s] Level 1:colcon.colcon_core.package_discovery:discover_packages(recursive) using defaults
[0.431s] Level 1:colcon.colcon_core.package_discovery:discover_packages(ignore) discover
[0.431s] Level 1:colcon.colcon_core.package_discovery:discover_packages(ignore) using defaults
[0.431s] Level 1:colcon.colcon_core.package_discovery:discover_packages(path) discover
[0.431s] Level 1:colcon.colcon_core.package_discovery:discover_packages(path) using defaults
[0.454s] INFO:colcon.colcon_core.package_selection:Skipping not selected package 'cpp_pubsub' in 'cpp_pubsub'
[0.454s] INFO:colcon.colcon_core.package_selection:Skipping not selected package 'custom_msgs' in 'communication/custom_msgs'
[0.454s] INFO:colcon.colcon_core.package_selection:Skipping not selected package 'decisions' in 'decisions'
[0.454s] INFO:colcon.colcon_core.package_selection:Skipping not selected package 'dubins' in 'dubins'
[0.454s] INFO:colcon.colcon_core.package_selection:Skipping not selected package 'map' in 'map'
[0.454s] INFO:colcon.colcon_core.package_selection:Skipping not selected package 'shapes' in 'shapes'
[0.454s] INFO:colcon.colcon_core.package_selection:Skipping not selected package 'utils' in 'utils'
[0.454s] Level 1:colcon.colcon_core.package_discovery:discover_packages(prefix_path) check parameters
[0.455s] Level 1:colcon.colcon_core.package_discovery:discover_packages(prefix_path) discover
[0.461s] DEBUG:colcon.colcon_installed_package_information.package_discovery:Found 7 installed packages in /home/p3zz/Documents/uni/robot-planning-project/install
[0.463s] DEBUG:colcon.colcon_installed_package_information.package_discovery:Found 322 installed packages in /opt/ros/humble
[0.465s] Level 1:colcon.colcon_core.package_discovery:discover_packages(prefix_path) using defaults
[0.528s] Level 5:colcon.colcon_core.verb:set package 'shelfino' build argument 'cmake_args' from command line to 'None'
[0.528s] Level 5:colcon.colcon_core.verb:set package 'shelfino' build argument 'cmake_target' from command line to 'None'
[0.528s] Level 5:colcon.colcon_core.verb:set package 'shelfino' build argument 'cmake_target_skip_unavailable' from command line to 'False'
[0.528s] Level 5:colcon.colcon_core.verb:set package 'shelfino' build argument 'cmake_clean_cache' from command line to 'False'
[0.528s] Level 5:colcon.colcon_core.verb:set package 'shelfino' build argument 'cmake_clean_first' from command line to 'False'
[0.528s] Level 5:colcon.colcon_core.verb:set package 'shelfino' build argument 'cmake_force_configure' from command line to 'False'
[0.528s] Level 5:colcon.colcon_core.verb:set package 'shelfino' build argument 'ament_cmake_args' from command line to 'None'
[0.528s] Level 5:colcon.colcon_core.verb:set package 'shelfino' build argument 'catkin_cmake_args' from command line to 'None'
[0.528s] Level 5:colcon.colcon_core.verb:set package 'shelfino' build argument 'catkin_skip_building_tests' from command line to 'False'
[0.528s] DEBUG:colcon.colcon_core.verb:Building package 'shelfino' with the following arguments: {'ament_cmake_args': None, 'build_base': '/home/p3zz/Documents/uni/robot-planning-project/build/shelfino', 'catkin_cmake_args': None, 'catkin_skip_building_tests': False, 'cmake_args': None, 'cmake_clean_cache': False, 'cmake_clean_first': False, 'cmake_force_configure': False, 'cmake_target': None, 'cmake_target_skip_unavailable': False, 'install_base': '/home/p3zz/Documents/uni/robot-planning-project/install/shelfino', 'merge_install': False, 'path': '/home/p3zz/Documents/uni/robot-planning-project/communication/shelfino', 'symlink_install': False, 'test_result_base': None}
[0.528s] INFO:colcon.colcon_core.executor:Executing jobs using 'parallel' executor
[0.532s] DEBUG:colcon.colcon_parallel_executor.executor.parallel:run_until_complete
[0.532s] INFO:colcon.colcon_ros.task.ament_cmake.build:Building ROS package in '/home/p3zz/Documents/uni/robot-planning-project/communication/shelfino' with build type 'ament_cmake'
[0.532s] INFO:colcon.colcon_cmake.task.cmake.build:Building CMake package in '/home/p3zz/Documents/uni/robot-planning-project/communication/shelfino'
[0.536s] INFO:colcon.colcon_core.plugin_system:Skipping extension 'colcon_core.shell.bat': Not used on non-Windows systems
[0.537s] INFO:colcon.colcon_core.shell:Skip shell extension 'powershell' for command environment: Not usable outside of PowerShell
[0.537s] DEBUG:colcon.colcon_core.shell:Skip shell extension 'dsv' for command environment
[0.550s] DEBUG:colcon.colcon_core.event_handler.log_command:Invoking command in '/home/p3zz/Documents/uni/robot-planning-project/build/shelfino': CMAKE_PREFIX_PATH=/home/p3zz/Documents/uni/robot-planning-project/install/shapes:/home/p3zz/Documents/uni/robot-planning-project/install/custom_msgs:/home/p3zz/Documents/uni/robot-planning-project/install/utils:/home/p3zz/Documents/uni/robot-planning-project/install/shelfino:/home/p3zz/Documents/uni/robot-planning-project/install/map:/home/p3zz/Documents/uni/robot-planning-project/install/dubins:/home/p3zz/Documents/uni/robot-planning-project/install/decisions:/opt/ros/humble LD_LIBRARY_PATH=/home/p3zz/Documents/uni/robot-planning-project/install/custom_msgs/lib:/usr/lib/x86_64-linux-gnu/gazebo-11/plugins:/opt/ros/humble/opt/rviz_ogre_vendor/lib:/opt/ros/humble/lib/x86_64-linux-gnu:/opt/ros/humble/lib:/home/p3zz/Documents/uni/robot-planning-project/install/utils/lib:/home/p3zz/Documents/uni/robot-planning-project/install/shapes/lib:/home/p3zz/Documents/uni/robot-planning-project/install/map/lib:/home/p3zz/Documents/uni/robot-planning-project/install/dubins/lib:/home/p3zz/Documents/uni/robot-planning-project/install/decisions/lib /usr/bin/cmake --build /home/p3zz/Documents/uni/robot-planning-project/build/shelfino -- -j8 -l8
[14.333s] DEBUG:colcon.colcon_core.event_handler.log_command:Invoked command in '/home/p3zz/Documents/uni/robot-planning-project/build/shelfino' returned '2': CMAKE_PREFIX_PATH=/home/p3zz/Documents/uni/robot-planning-project/install/shapes:/home/p3zz/Documents/uni/robot-planning-project/install/custom_msgs:/home/p3zz/Documents/uni/robot-planning-project/install/utils:/home/p3zz/Documents/uni/robot-planning-project/install/shelfino:/home/p3zz/Documents/uni/robot-planning-project/install/map:/home/p3zz/Documents/uni/robot-planning-project/install/dubins:/home/p3zz/Documents/uni/robot-planning-project/install/decisions:/opt/ros/humble LD_LIBRARY_PATH=/home/p3zz/Documents/uni/robot-planning-project/install/custom_msgs/lib:/usr/lib/x86_64-linux-gnu/gazebo-11/plugins:/opt/ros/humble/opt/rviz_ogre_vendor/lib:/opt/ros/humble/lib/x86_64-linux-gnu:/opt/ros/humble/lib:/home/p3zz/Documents/uni/robot-planning-project/install/utils/lib:/home/p3zz/Documents/uni/robot-planning-project/install/shapes/lib:/home/p3zz/Documents/uni/robot-planning-project/install/map/lib:/home/p3zz/Documents/uni/robot-planning-project/install/dubins/lib:/home/p3zz/Documents/uni/robot-planning-project/install/decisions/lib /usr/bin/cmake --build /home/p3zz/Documents/uni/robot-planning-project/build/shelfino -- -j8 -l8
[14.364s] Level 1:colcon.colcon_core.environment:create_environment_scripts_only(shelfino)
[14.369s] Level 1:colcon.colcon_core.environment:checking '/home/p3zz/Documents/uni/robot-planning-project/install/shelfino' for CMake module files
[14.370s] Level 1:colcon.colcon_core.environment:checking '/home/p3zz/Documents/uni/robot-planning-project/install/shelfino' for CMake config files
[14.370s] Level 1:colcon.colcon_core.shell:create_environment_hook('shelfino', 'cmake_prefix_path')
[14.372s] INFO:colcon.colcon_core.shell:Creating environment hook '/home/p3zz/Documents/uni/robot-planning-project/install/shelfino/share/shelfino/hook/cmake_prefix_path.ps1'
[14.372s] INFO:colcon.colcon_core.shell:Creating environment descriptor '/home/p3zz/Documents/uni/robot-planning-project/install/shelfino/share/shelfino/hook/cmake_prefix_path.dsv'
[14.373s] INFO:colcon.colcon_core.shell:Creating environment hook '/home/p3zz/Documents/uni/robot-planning-project/install/shelfino/share/shelfino/hook/cmake_prefix_path.sh'
[14.374s] Level 1:colcon.colcon_core.environment:checking '/home/p3zz/Documents/uni/robot-planning-project/install/shelfino/lib'
[14.374s] Level 1:colcon.colcon_core.environment:checking '/home/p3zz/Documents/uni/robot-planning-project/install/shelfino/bin'
[14.374s] Level 1:colcon.colcon_core.environment:checking '/home/p3zz/Documents/uni/robot-planning-project/install/shelfino/lib/pkgconfig/shelfino.pc'
[14.374s] Level 1:colcon.colcon_core.environment:checking '/home/p3zz/Documents/uni/robot-planning-project/install/shelfino/lib/python3.10/site-packages'
[14.374s] Level 1:colcon.colcon_core.environment:checking '/home/p3zz/Documents/uni/robot-planning-project/install/shelfino/bin'
[14.376s] INFO:colcon.colcon_core.shell:Creating package script '/home/p3zz/Documents/uni/robot-planning-project/install/shelfino/share/shelfino/package.ps1'
[14.377s] INFO:colcon.colcon_core.shell:Creating package descriptor '/home/p3zz/Documents/uni/robot-planning-project/install/shelfino/share/shelfino/package.dsv'
[14.377s] INFO:colcon.colcon_core.shell:Creating package script '/home/p3zz/Documents/uni/robot-planning-project/install/shelfino/share/shelfino/package.sh'
[14.378s] INFO:colcon.colcon_core.shell:Creating package script '/home/p3zz/Documents/uni/robot-planning-project/install/shelfino/share/shelfino/package.bash'
[14.379s] INFO:colcon.colcon_core.shell:Creating package script '/home/p3zz/Documents/uni/robot-planning-project/install/shelfino/share/shelfino/package.zsh'
[14.380s] Level 1:colcon.colcon_core.environment:create_file_with_runtime_dependencies(/home/p3zz/Documents/uni/robot-planning-project/install/shelfino/share/colcon-core/packages/shelfino)
[14.390s] DEBUG:colcon.colcon_parallel_executor.executor.parallel:closing loop
[14.390s] DEBUG:colcon.colcon_parallel_executor.executor.parallel:loop closed
[14.390s] DEBUG:colcon.colcon_parallel_executor.executor.parallel:run_until_complete finished with '2'
[14.391s] DEBUG:colcon.colcon_core.event_reactor:joining thread
[14.397s] INFO:colcon.colcon_core.plugin_system:Skipping extension 'colcon_notification.desktop_notification.terminal_notifier': Not used on non-Darwin systems
[14.397s] INFO:colcon.colcon_core.plugin_system:Skipping extension 'colcon_notification.desktop_notification.win32': Not used on non-Windows systems
[14.397s] INFO:colcon.colcon_notification.desktop_notification:Sending desktop notification using 'notify2'
[14.410s] DEBUG:colcon.colcon_core.event_reactor:joined thread
[14.412s] INFO:colcon.colcon_core.shell:Creating prefix script '/home/p3zz/Documents/uni/robot-planning-project/install/local_setup.ps1'
[14.413s] INFO:colcon.colcon_core.shell:Creating prefix util module '/home/p3zz/Documents/uni/robot-planning-project/install/_local_setup_util_ps1.py'
[14.414s] INFO:colcon.colcon_core.shell:Creating prefix chain script '/home/p3zz/Documents/uni/robot-planning-project/install/setup.ps1'
[14.416s] INFO:colcon.colcon_core.shell:Creating prefix script '/home/p3zz/Documents/uni/robot-planning-project/install/local_setup.sh'
[14.416s] INFO:colcon.colcon_core.shell:Creating prefix util module '/home/p3zz/Documents/uni/robot-planning-project/install/_local_setup_util_sh.py'
[14.417s] INFO:colcon.colcon_core.shell:Creating prefix chain script '/home/p3zz/Documents/uni/robot-planning-project/install/setup.sh'
[14.419s] INFO:colcon.colcon_core.shell:Creating prefix script '/home/p3zz/Documents/uni/robot-planning-project/install/local_setup.bash'
[14.420s] INFO:colcon.colcon_core.shell:Creating prefix chain script '/home/p3zz/Documents/uni/robot-planning-project/install/setup.bash'
[14.421s] INFO:colcon.colcon_core.shell:Creating prefix script '/home/p3zz/Documents/uni/robot-planning-project/install/local_setup.zsh'
[14.422s] INFO:colcon.colcon_core.shell:Creating prefix chain script '/home/p3zz/Documents/uni/robot-planning-project/install/setup.zsh'
