[0.044s] Invoking command in '/home/p3zz/Documents/uni/robot-planning-project/build/decisions': CMAKE_PREFIX_PATH=/opt/ros/humble /usr/bin/cmake /home/p3zz/Documents/uni/robot-planning-project/decisions -DCMAKE_INSTALL_PREFIX=/home/p3zz/Documents/uni/robot-planning-project/install/decisions
[0.075s] -- Found ament_cmake: 1.3.3 (/opt/ros/humble/share/ament_cmake/cmake)
[0.380s] [31mCMake Error at CMakeLists.txt:10 (find_package):
[0.380s]   By not providing "Findutils.cmake" in CMAKE_MODULE_PATH this project has
[0.380s]   asked CMake to find a package configuration file provided by "utils", but
[0.380s]   CMake did not find one.
[0.381s] 
[0.381s]   Could not find a package configuration file provided by "utils" with any of
[0.381s]   the following names:
[0.381s] 
[0.381s]     utilsConfig.cmake
[0.382s]     utils-config.cmake
[0.382s] 
[0.382s]   Add the installation prefix of "utils" to CMAKE_PREFIX_PATH or set
[0.383s]   "utils_DIR" to a directory containing one of the above files.  If "utils"
[0.383s]   provides a separate development package or SDK, be sure it has been
[0.383s]   installed.
[0.383s] 
[0.383s] [0m
[0.383s] -- Configuring incomplete, errors occurred!
[0.384s] See also "/home/p3zz/Documents/uni/robot-planning-project/build/decisions/CMakeFiles/CMakeOutput.log".
[0.392s] Invoked command in '/home/p3zz/Documents/uni/robot-planning-project/build/decisions' returned '1': CMAKE_PREFIX_PATH=/opt/ros/humble /usr/bin/cmake /home/p3zz/Documents/uni/robot-planning-project/decisions -DCMAKE_INSTALL_PREFIX=/home/p3zz/Documents/uni/robot-planning-project/install/decisions
