[0.045s] Invoking command in '/home/p3zz/Documents/uni/robot-planning-project/build/dubins': CMAKE_PREFIX_PATH=/opt/ros/humble /usr/bin/cmake /home/p3zz/Documents/uni/robot-planning-project/dubins -DCMAKE_INSTALL_PREFIX=/home/p3zz/Documents/uni/robot-planning-project/install/dubins
[0.067s] -- Found ament_cmake: 1.3.3 (/opt/ros/humble/share/ament_cmake/cmake)
[0.417s] -- Found Python3: /usr/bin/python3.10 (found version "3.10.6") found components: Interpreter 
[0.675s] [31mCMake Error at CMakeLists.txt:9 (find_package):
[0.676s]   By not providing "Findutils.cmake" in CMAKE_MODULE_PATH this project has
[0.676s]   asked CMake to find a package configuration file provided by "utils", but
[0.677s]   CMake did not find one.
[0.677s] 
[0.677s]   Could not find a package configuration file provided by "utils" with any of
[0.677s]   the following names:
[0.678s] 
[0.678s]     utilsConfig.cmake
[0.678s]     utils-config.cmake
[0.678s] 
[0.679s]   Add the installation prefix of "utils" to CMAKE_PREFIX_PATH or set
[0.679s]   "utils_DIR" to a directory containing one of the above files.  If "utils"
[0.679s]   provides a separate development package or SDK, be sure it has been
[0.682s]   installed.
[0.683s] 
[0.683s] [0m
[0.683s] -- Configuring incomplete, errors occurred!
[0.683s] See also "/home/p3zz/Documents/uni/robot-planning-project/build/dubins/CMakeFiles/CMakeOutput.log".
[0.698s] Invoked command in '/home/p3zz/Documents/uni/robot-planning-project/build/dubins' returned '1': CMAKE_PREFIX_PATH=/opt/ros/humble /usr/bin/cmake /home/p3zz/Documents/uni/robot-planning-project/dubins -DCMAKE_INSTALL_PREFIX=/home/p3zz/Documents/uni/robot-planning-project/install/dubins
